
--- 2026-02-14T01:00:13.193Z debug
🪵  Writing logs to "C:\Users\under\OneDrive\Desktop\SITE AKGS\.config\.wrangler\logs\wrangler-2026-02-14_01-00-13_018.log"
---

--- 2026-02-14T01:00:13.193Z debug
.env file not found at "C:\Users\under\OneDrive\Desktop\SITE AKGS\.env.local". Continuing... For more details, refer to https://developers.cloudflare.com/workers/wrangler/system-environment-variables/
---

--- 2026-02-14T01:00:15.209Z log

 ⛅️ wrangler 4.65.0
───────────────────
---

--- 2026-02-14T01:00:15.213Z debug
Metrics dispatcher: Posting data {"deviceId":"672dd324-7ddc-4102-8d1e-2dabcfd6b5db","event":"wrangler command started","timestamp":1771030815213,"properties":{"amplitude_session_id":1771030815209,"amplitude_event_id":0,"wranglerVersion":"4.65.0","wranglerMajorVersion":4,"wranglerMinorVersion":65,"wranglerPatchVersion":0,"osPlatform":"Windows","osVersion":"Windows 11 Pro","nodeVersion":24,"isFirstUsage":false,"configFileType":"none","isCI":false,"isPagesCI":false,"isWorkersCI":false,"isInteractive":false,"hasAssets":false,"agent":null,"argsUsed":["projectName"],"argsCombination":"projectName","sanitizedCommand":"pages deploy","sanitizedArgs":{}}}
---

--- 2026-02-14T01:00:15.238Z debug
-- START CF API REQUEST: GET https://api.cloudflare.com/client/v4/accounts/f139034ef7924a1d387c88f394b535a2/pages/projects/akgsempire
---

--- 2026-02-14T01:00:15.238Z debug
QUERY STRING: omitted; set WRANGLER_LOG_SANITIZE=false to include sanitized data
---

--- 2026-02-14T01:00:15.238Z debug
HEADERS: omitted; set WRANGLER_LOG_SANITIZE=false to include sanitized data
---

--- 2026-02-14T01:00:15.238Z debug
INIT: omitted; set WRANGLER_LOG_SANITIZE=false to include sanitized data
---

--- 2026-02-14T01:00:15.239Z debug
-- END CF API REQUEST
---

--- 2026-02-14T01:00:16.181Z debug
-- START CF API RESPONSE: OK 200
---

--- 2026-02-14T01:00:16.181Z debug
HEADERS: omitted; set WRANGLER_LOG_SANITIZE=false to include sanitized data
---

--- 2026-02-14T01:00:16.181Z debug
RESPONSE: omitted; set WRANGLER_LOG_SANITIZE=false to include sanitized data
---

--- 2026-02-14T01:00:16.181Z debug
-- END CF API RESPONSE
---

--- 2026-02-14T01:00:16.184Z debug
pages deploy: Detecting git repository information...
---

--- 2026-02-14T01:00:16.293Z debug
pages deploy: Git repository detected
---

--- 2026-02-14T01:00:16.517Z debug
pages deploy: Working directory dirty status: true
---

--- 2026-02-14T01:00:16.632Z debug
pages deploy: Detected branch: "main"
---

--- 2026-02-14T01:00:16.738Z debug
pages deploy: Detected commit hash: "61cdee083fc3f41adde829daa1e3b84d9977420a"
---

--- 2026-02-14T01:00:16.830Z debug
pages deploy: Detected commit message: "Update_Kick_Client_Secret"
---

--- 2026-02-14T01:00:16.910Z warn
▲ [WARNING] Warning: Your working directory is a git repo and has uncommitted changes

  To silence this warning, pass in --commit-dirty=true


---

--- 2026-02-14T01:00:16.910Z debug
pages deploy: Git information summary - branch: main, commitHash: 61cdee083fc3f41adde829daa1e3b84d9977420a, commitDirty: true
---

--- 2026-02-14T01:00:16.912Z debug
-- START CF API REQUEST: GET https://api.cloudflare.com/client/v4/accounts/f139034ef7924a1d387c88f394b535a2/pages/projects/akgsempire
---

--- 2026-02-14T01:00:16.912Z debug
QUERY STRING: omitted; set WRANGLER_LOG_SANITIZE=false to include sanitized data
---

--- 2026-02-14T01:00:16.912Z debug
HEADERS: omitted; set WRANGLER_LOG_SANITIZE=false to include sanitized data
---

--- 2026-02-14T01:00:16.912Z debug
INIT: omitted; set WRANGLER_LOG_SANITIZE=false to include sanitized data
---

--- 2026-02-14T01:00:16.912Z debug
-- END CF API REQUEST
---

--- 2026-02-14T01:00:17.769Z debug
-- START CF API RESPONSE: OK 200
---

--- 2026-02-14T01:00:17.769Z debug
HEADERS: omitted; set WRANGLER_LOG_SANITIZE=false to include sanitized data
---

--- 2026-02-14T01:00:17.769Z debug
RESPONSE: omitted; set WRANGLER_LOG_SANITIZE=false to include sanitized data
---

--- 2026-02-14T01:00:17.769Z debug
-- END CF API RESPONSE
---

--- 2026-02-14T01:00:17.773Z debug
-- START CF API REQUEST: GET https://api.cloudflare.com/client/v4/accounts/f139034ef7924a1d387c88f394b535a2/pages/projects/akgsempire/upload-token
---

--- 2026-02-14T01:00:17.773Z debug
QUERY STRING: omitted; set WRANGLER_LOG_SANITIZE=false to include sanitized data
---

--- 2026-02-14T01:00:17.773Z debug
HEADERS: omitted; set WRANGLER_LOG_SANITIZE=false to include sanitized data
---

--- 2026-02-14T01:00:17.773Z debug
INIT: omitted; set WRANGLER_LOG_SANITIZE=false to include sanitized data
---

--- 2026-02-14T01:00:17.773Z debug
-- END CF API REQUEST
---

--- 2026-02-14T01:00:18.491Z debug
-- START CF API RESPONSE: OK 200
---

--- 2026-02-14T01:00:18.491Z debug
HEADERS: omitted; set WRANGLER_LOG_SANITIZE=false to include sanitized data
---

--- 2026-02-14T01:00:18.491Z debug
RESPONSE: omitted; set WRANGLER_LOG_SANITIZE=false to include sanitized data
---

--- 2026-02-14T01:00:18.491Z debug
-- END CF API RESPONSE
---

--- 2026-02-14T01:00:18.514Z debug
-- START CF API REQUEST: GET https://api.cloudflare.com/client/v4/accounts/f139034ef7924a1d387c88f394b535a2/pages/projects/akgsempire/upload-token
---

--- 2026-02-14T01:00:18.514Z debug
QUERY STRING: omitted; set WRANGLER_LOG_SANITIZE=false to include sanitized data
---

--- 2026-02-14T01:00:18.514Z debug
HEADERS: omitted; set WRANGLER_LOG_SANITIZE=false to include sanitized data
---

--- 2026-02-14T01:00:18.514Z debug
INIT: omitted; set WRANGLER_LOG_SANITIZE=false to include sanitized data
---

--- 2026-02-14T01:00:18.514Z debug
-- END CF API REQUEST
---

--- 2026-02-14T01:00:19.395Z debug
-- START CF API RESPONSE: OK 200
---

--- 2026-02-14T01:00:19.395Z debug
HEADERS: omitted; set WRANGLER_LOG_SANITIZE=false to include sanitized data
---

--- 2026-02-14T01:00:19.395Z debug
RESPONSE: omitted; set WRANGLER_LOG_SANITIZE=false to include sanitized data
---

--- 2026-02-14T01:00:19.395Z debug
-- END CF API RESPONSE
---

--- 2026-02-14T01:00:19.396Z debug
-- START CF API REQUEST: POST https://api.cloudflare.com/client/v4/pages/assets/check-missing
---

--- 2026-02-14T01:00:19.396Z debug
QUERY STRING: omitted; set WRANGLER_LOG_SANITIZE=false to include sanitized data
---

--- 2026-02-14T01:00:19.396Z debug
HEADERS: omitted; set WRANGLER_LOG_SANITIZE=false to include sanitized data
---

--- 2026-02-14T01:00:19.396Z debug
INIT: omitted; set WRANGLER_LOG_SANITIZE=false to include sanitized data
---

--- 2026-02-14T01:00:19.396Z debug
-- END CF API REQUEST
---

--- 2026-02-14T01:00:19.573Z debug
-- START CF API RESPONSE: OK 200
---

--- 2026-02-14T01:00:19.573Z debug
HEADERS: omitted; set WRANGLER_LOG_SANITIZE=false to include sanitized data
---

--- 2026-02-14T01:00:19.573Z debug
RESPONSE: omitted; set WRANGLER_LOG_SANITIZE=false to include sanitized data
---

--- 2026-02-14T01:00:19.573Z debug
-- END CF API RESPONSE
---

--- 2026-02-14T01:00:19.573Z log
Uploading... (12/13)
---

--- 2026-02-14T01:00:19.576Z debug
POST /pages/assets/upload
---

--- 2026-02-14T01:00:19.576Z debug
-- START CF API REQUEST: POST https://api.cloudflare.com/client/v4/pages/assets/upload
---

--- 2026-02-14T01:00:19.576Z debug
QUERY STRING: omitted; set WRANGLER_LOG_SANITIZE=false to include sanitized data
---

--- 2026-02-14T01:00:19.576Z debug
HEADERS: omitted; set WRANGLER_LOG_SANITIZE=false to include sanitized data
---

--- 2026-02-14T01:00:19.576Z debug
INIT: omitted; set WRANGLER_LOG_SANITIZE=false to include sanitized data
---

--- 2026-02-14T01:00:19.576Z debug
-- END CF API REQUEST
---

--- 2026-02-14T01:00:19.884Z debug
-- START CF API RESPONSE: OK 200
---

--- 2026-02-14T01:00:19.884Z debug
HEADERS: omitted; set WRANGLER_LOG_SANITIZE=false to include sanitized data
---

--- 2026-02-14T01:00:19.884Z debug
RESPONSE: omitted; set WRANGLER_LOG_SANITIZE=false to include sanitized data
---

--- 2026-02-14T01:00:19.884Z debug
-- END CF API RESPONSE
---

--- 2026-02-14T01:00:19.885Z debug
result: { successful_key_count: 1, unsuccessful_keys: [] }
---

--- 2026-02-14T01:00:19.885Z log
Uploading... (13/13)
---

--- 2026-02-14T01:00:19.885Z log
✨ Success! Uploaded 1 files (12 already uploaded) (0.49 sec)

---

--- 2026-02-14T01:00:19.885Z debug
-- START CF API REQUEST: POST https://api.cloudflare.com/client/v4/pages/assets/upsert-hashes
---

--- 2026-02-14T01:00:19.885Z debug
QUERY STRING: omitted; set WRANGLER_LOG_SANITIZE=false to include sanitized data
---

--- 2026-02-14T01:00:19.885Z debug
HEADERS: omitted; set WRANGLER_LOG_SANITIZE=false to include sanitized data
---

--- 2026-02-14T01:00:19.885Z debug
INIT: omitted; set WRANGLER_LOG_SANITIZE=false to include sanitized data
---

--- 2026-02-14T01:00:19.885Z debug
-- END CF API REQUEST
---

--- 2026-02-14T01:00:20.058Z debug
-- START CF API RESPONSE: OK 200
---

--- 2026-02-14T01:00:20.058Z debug
HEADERS: omitted; set WRANGLER_LOG_SANITIZE=false to include sanitized data
---

--- 2026-02-14T01:00:20.058Z debug
RESPONSE: omitted; set WRANGLER_LOG_SANITIZE=false to include sanitized data
---

--- 2026-02-14T01:00:20.058Z debug
-- END CF API RESPONSE
---

--- 2026-02-14T01:00:20.100Z log
✨ Compiled Worker successfully
---

--- 2026-02-14T01:00:20.104Z log
✨ Uploading Worker bundle
---

--- 2026-02-14T01:00:20.104Z debug
-- START CF API REQUEST: POST https://api.cloudflare.com/client/v4/accounts/f139034ef7924a1d387c88f394b535a2/pages/projects/akgsempire/deployments
---

--- 2026-02-14T01:00:20.104Z debug
QUERY STRING: omitted; set WRANGLER_LOG_SANITIZE=false to include sanitized data
---

--- 2026-02-14T01:00:20.104Z debug
HEADERS: omitted; set WRANGLER_LOG_SANITIZE=false to include sanitized data
---

--- 2026-02-14T01:00:20.104Z debug
INIT: omitted; set WRANGLER_LOG_SANITIZE=false to include sanitized data
---

--- 2026-02-14T01:00:20.105Z debug
BODY: omitted; set WRANGLER_LOG_SANITIZE=false to include sanitized data
---

--- 2026-02-14T01:00:20.105Z debug
-- END CF API REQUEST
---

--- 2026-02-14T01:00:22.126Z debug
-- START CF API RESPONSE: OK 200
---

--- 2026-02-14T01:00:22.127Z debug
HEADERS: omitted; set WRANGLER_LOG_SANITIZE=false to include sanitized data
---

--- 2026-02-14T01:00:22.127Z debug
RESPONSE: omitted; set WRANGLER_LOG_SANITIZE=false to include sanitized data
---

--- 2026-02-14T01:00:22.127Z debug
-- END CF API RESPONSE
---

--- 2026-02-14T01:00:22.127Z debug
Saving to cache: {"account_id":"f139034ef7924a1d387c88f394b535a2","project_name":"akgsempire"}
---

--- 2026-02-14T01:00:22.129Z log
🌎 Deploying...
---

--- 2026-02-14T01:00:23.140Z debug
attempt #1: Attempting to fetch status for deployment with id "f27dde7f-ced0-44b2-bdf5-1c8e00a9d744" ...
---

--- 2026-02-14T01:00:23.141Z debug
-- START CF API REQUEST: GET https://api.cloudflare.com/client/v4/accounts/f139034ef7924a1d387c88f394b535a2/pages/projects/akgsempire/deployments/f27dde7f-ced0-44b2-bdf5-1c8e00a9d744
---

--- 2026-02-14T01:00:23.141Z debug
QUERY STRING: omitted; set WRANGLER_LOG_SANITIZE=false to include sanitized data
---

--- 2026-02-14T01:00:23.141Z debug
HEADERS: omitted; set WRANGLER_LOG_SANITIZE=false to include sanitized data
---

--- 2026-02-14T01:00:23.141Z debug
INIT: omitted; set WRANGLER_LOG_SANITIZE=false to include sanitized data
---

--- 2026-02-14T01:00:23.141Z debug
-- END CF API REQUEST
---

--- 2026-02-14T01:00:23.973Z debug
-- START CF API RESPONSE: OK 200
---

--- 2026-02-14T01:00:23.973Z debug
HEADERS: omitted; set WRANGLER_LOG_SANITIZE=false to include sanitized data
---

--- 2026-02-14T01:00:23.973Z debug
RESPONSE: omitted; set WRANGLER_LOG_SANITIZE=false to include sanitized data
---

--- 2026-02-14T01:00:23.973Z debug
-- END CF API RESPONSE
---

--- 2026-02-14T01:00:25.983Z debug
attempt #2: Attempting to fetch status for deployment with id "f27dde7f-ced0-44b2-bdf5-1c8e00a9d744" ...
---

--- 2026-02-14T01:00:25.983Z debug
-- START CF API REQUEST: GET https://api.cloudflare.com/client/v4/accounts/f139034ef7924a1d387c88f394b535a2/pages/projects/akgsempire/deployments/f27dde7f-ced0-44b2-bdf5-1c8e00a9d744
---

--- 2026-02-14T01:00:25.983Z debug
QUERY STRING: omitted; set WRANGLER_LOG_SANITIZE=false to include sanitized data
---

--- 2026-02-14T01:00:25.983Z debug
HEADERS: omitted; set WRANGLER_LOG_SANITIZE=false to include sanitized data
---

--- 2026-02-14T01:00:25.983Z debug
INIT: omitted; set WRANGLER_LOG_SANITIZE=false to include sanitized data
---

--- 2026-02-14T01:00:25.983Z debug
-- END CF API REQUEST
---

--- 2026-02-14T01:00:26.892Z debug
-- START CF API RESPONSE: OK 200
---

--- 2026-02-14T01:00:26.892Z debug
HEADERS: omitted; set WRANGLER_LOG_SANITIZE=false to include sanitized data
---

--- 2026-02-14T01:00:26.892Z debug
RESPONSE: omitted; set WRANGLER_LOG_SANITIZE=false to include sanitized data
---

--- 2026-02-14T01:00:26.892Z debug
-- END CF API RESPONSE
---

--- 2026-02-14T01:00:26.893Z log
✨ Deployment complete! Take a peek over at https://f27dde7f.akgsempire.pages.dev
---

--- 2026-02-14T01:00:26.895Z debug
Metrics dispatcher: Posting data {"deviceId":"672dd324-7ddc-4102-8d1e-2dabcfd6b5db","event":"create pages deployment","timestamp":1771030826895,"properties":{"amplitude_session_id":1771030826893,"amplitude_event_id":0,"wranglerVersion":"4.65.0","wranglerMajorVersion":4,"wranglerMinorVersion":65,"wranglerPatchVersion":0,"osPlatform":"Windows","osVersion":"Windows 11 Pro","nodeVersion":24,"isFirstUsage":false,"configFileType":"none","isCI":false,"isPagesCI":false,"isWorkersCI":false,"isInteractive":false,"hasAssets":false,"agent":null,"category":"Workers","os":"win32:x64"}}
---

--- 2026-02-14T01:00:26.898Z debug
Metrics dispatcher: Posting data {"deviceId":"672dd324-7ddc-4102-8d1e-2dabcfd6b5db","event":"wrangler command completed","timestamp":1771030826898,"properties":{"amplitude_session_id":1771030815209,"amplitude_event_id":1,"wranglerVersion":"4.65.0","wranglerMajorVersion":4,"wranglerMinorVersion":65,"wranglerPatchVersion":0,"osPlatform":"Windows","osVersion":"Windows 11 Pro","nodeVersion":24,"isFirstUsage":false,"configFileType":"none","isCI":false,"isPagesCI":false,"isWorkersCI":false,"isInteractive":false,"hasAssets":false,"agent":null,"argsUsed":["projectName"],"argsCombination":"projectName","sanitizedCommand":"pages deploy","sanitizedArgs":{},"durationMs":13699}}
---
