
--- 2026-02-13T13:48:20.006Z debug
🪵  Writing logs to "C:\Users\under\OneDrive\Desktop\SITE AKGS\.config\.wrangler\logs\wrangler-2026-02-13_13-48-19_824.log"
---

--- 2026-02-13T13:48:20.006Z debug
.env file not found at "C:\Users\under\OneDrive\Desktop\SITE AKGS\.env.local". Continuing... For more details, refer to https://developers.cloudflare.com/workers/wrangler/system-environment-variables/
---

--- 2026-02-13T13:48:20.017Z log

 ⛅️ wrangler 4.65.0
───────────────────
---

--- 2026-02-13T13:48:20.021Z debug
Metrics dispatcher: Posting data {"deviceId":"672dd324-7ddc-4102-8d1e-2dabcfd6b5db","event":"wrangler command started","timestamp":1770990500021,"properties":{"amplitude_session_id":1770990500018,"amplitude_event_id":0,"wranglerVersion":"4.65.0","wranglerMajorVersion":4,"wranglerMinorVersion":65,"wranglerPatchVersion":0,"osPlatform":"Windows","osVersion":"Windows 11 Pro","nodeVersion":24,"isFirstUsage":false,"configFileType":"none","isCI":false,"isPagesCI":false,"isWorkersCI":false,"isInteractive":false,"hasAssets":false,"agent":null,"argsUsed":["projectName"],"argsCombination":"projectName","sanitizedCommand":"pages deploy","sanitizedArgs":{}}}
---

--- 2026-02-13T13:48:20.054Z debug
-- START CF API REQUEST: GET https://api.cloudflare.com/client/v4/accounts/f139034ef7924a1d387c88f394b535a2/pages/projects/akgsempire
---

--- 2026-02-13T13:48:20.054Z debug
QUERY STRING: omitted; set WRANGLER_LOG_SANITIZE=false to include sanitized data
---

--- 2026-02-13T13:48:20.055Z debug
HEADERS: omitted; set WRANGLER_LOG_SANITIZE=false to include sanitized data
---

--- 2026-02-13T13:48:20.055Z debug
INIT: omitted; set WRANGLER_LOG_SANITIZE=false to include sanitized data
---

--- 2026-02-13T13:48:20.055Z debug
-- END CF API REQUEST
---

--- 2026-02-13T13:48:21.045Z debug
-- START CF API RESPONSE: OK 200
---

--- 2026-02-13T13:48:21.045Z debug
HEADERS: omitted; set WRANGLER_LOG_SANITIZE=false to include sanitized data
---

--- 2026-02-13T13:48:21.046Z debug
RESPONSE: omitted; set WRANGLER_LOG_SANITIZE=false to include sanitized data
---

--- 2026-02-13T13:48:21.046Z debug
-- END CF API RESPONSE
---

--- 2026-02-13T13:48:21.047Z debug
pages deploy: Detecting git repository information...
---

--- 2026-02-13T13:48:21.152Z debug
pages deploy: Git repository detected
---

--- 2026-02-13T13:48:21.375Z debug
pages deploy: Working directory dirty status: true
---

--- 2026-02-13T13:48:21.483Z debug
pages deploy: Detected branch: "main"
---

--- 2026-02-13T13:48:21.612Z debug
pages deploy: Detected commit hash: "0d46a04ccc67ba01ceae5c1009b40f0216cd5b4c"
---

--- 2026-02-13T13:48:21.734Z debug
pages deploy: Detected commit message: "update"
---

--- 2026-02-13T13:48:21.808Z warn
▲ [WARNING] Warning: Your working directory is a git repo and has uncommitted changes

  To silence this warning, pass in --commit-dirty=true


---

--- 2026-02-13T13:48:21.808Z debug
pages deploy: Git information summary - branch: main, commitHash: 0d46a04ccc67ba01ceae5c1009b40f0216cd5b4c, commitDirty: true
---

--- 2026-02-13T13:48:21.809Z debug
-- START CF API REQUEST: GET https://api.cloudflare.com/client/v4/accounts/f139034ef7924a1d387c88f394b535a2/pages/projects/akgsempire
---

--- 2026-02-13T13:48:21.809Z debug
QUERY STRING: omitted; set WRANGLER_LOG_SANITIZE=false to include sanitized data
---

--- 2026-02-13T13:48:21.810Z debug
HEADERS: omitted; set WRANGLER_LOG_SANITIZE=false to include sanitized data
---

--- 2026-02-13T13:48:21.810Z debug
INIT: omitted; set WRANGLER_LOG_SANITIZE=false to include sanitized data
---

--- 2026-02-13T13:48:21.810Z debug
-- END CF API REQUEST
---

--- 2026-02-13T13:48:22.760Z debug
-- START CF API RESPONSE: OK 200
---

--- 2026-02-13T13:48:22.760Z debug
HEADERS: omitted; set WRANGLER_LOG_SANITIZE=false to include sanitized data
---

--- 2026-02-13T13:48:22.760Z debug
RESPONSE: omitted; set WRANGLER_LOG_SANITIZE=false to include sanitized data
---

--- 2026-02-13T13:48:22.760Z debug
-- END CF API RESPONSE
---

--- 2026-02-13T13:48:22.764Z debug
-- START CF API REQUEST: GET https://api.cloudflare.com/client/v4/accounts/f139034ef7924a1d387c88f394b535a2/pages/projects/akgsempire/upload-token
---

--- 2026-02-13T13:48:22.764Z debug
QUERY STRING: omitted; set WRANGLER_LOG_SANITIZE=false to include sanitized data
---

--- 2026-02-13T13:48:22.764Z debug
HEADERS: omitted; set WRANGLER_LOG_SANITIZE=false to include sanitized data
---

--- 2026-02-13T13:48:22.764Z debug
INIT: omitted; set WRANGLER_LOG_SANITIZE=false to include sanitized data
---

--- 2026-02-13T13:48:22.764Z debug
-- END CF API REQUEST
---

--- 2026-02-13T13:48:23.496Z debug
-- START CF API RESPONSE: OK 200
---

--- 2026-02-13T13:48:23.496Z debug
HEADERS: omitted; set WRANGLER_LOG_SANITIZE=false to include sanitized data
---

--- 2026-02-13T13:48:23.496Z debug
RESPONSE: omitted; set WRANGLER_LOG_SANITIZE=false to include sanitized data
---

--- 2026-02-13T13:48:23.496Z debug
-- END CF API RESPONSE
---

--- 2026-02-13T13:48:23.513Z debug
-- START CF API REQUEST: GET https://api.cloudflare.com/client/v4/accounts/f139034ef7924a1d387c88f394b535a2/pages/projects/akgsempire/upload-token
---

--- 2026-02-13T13:48:23.513Z debug
QUERY STRING: omitted; set WRANGLER_LOG_SANITIZE=false to include sanitized data
---

--- 2026-02-13T13:48:23.513Z debug
HEADERS: omitted; set WRANGLER_LOG_SANITIZE=false to include sanitized data
---

--- 2026-02-13T13:48:23.513Z debug
INIT: omitted; set WRANGLER_LOG_SANITIZE=false to include sanitized data
---

--- 2026-02-13T13:48:23.513Z debug
-- END CF API REQUEST
---

--- 2026-02-13T13:48:24.277Z debug
-- START CF API RESPONSE: OK 200
---

--- 2026-02-13T13:48:24.277Z debug
HEADERS: omitted; set WRANGLER_LOG_SANITIZE=false to include sanitized data
---

--- 2026-02-13T13:48:24.277Z debug
RESPONSE: omitted; set WRANGLER_LOG_SANITIZE=false to include sanitized data
---

--- 2026-02-13T13:48:24.277Z debug
-- END CF API RESPONSE
---

--- 2026-02-13T13:48:24.278Z debug
-- START CF API REQUEST: POST https://api.cloudflare.com/client/v4/pages/assets/check-missing
---

--- 2026-02-13T13:48:24.278Z debug
QUERY STRING: omitted; set WRANGLER_LOG_SANITIZE=false to include sanitized data
---

--- 2026-02-13T13:48:24.278Z debug
HEADERS: omitted; set WRANGLER_LOG_SANITIZE=false to include sanitized data
---

--- 2026-02-13T13:48:24.278Z debug
INIT: omitted; set WRANGLER_LOG_SANITIZE=false to include sanitized data
---

--- 2026-02-13T13:48:24.278Z debug
-- END CF API REQUEST
---

--- 2026-02-13T13:48:24.609Z debug
-- START CF API RESPONSE: OK 200
---

--- 2026-02-13T13:48:24.609Z debug
HEADERS: omitted; set WRANGLER_LOG_SANITIZE=false to include sanitized data
---

--- 2026-02-13T13:48:24.609Z debug
RESPONSE: omitted; set WRANGLER_LOG_SANITIZE=false to include sanitized data
---

--- 2026-02-13T13:48:24.609Z debug
-- END CF API RESPONSE
---

--- 2026-02-13T13:48:24.609Z log
Uploading... (18/18)
---

--- 2026-02-13T13:48:24.610Z log
✨ Success! Uploaded 0 files (18 already uploaded) (0.33 sec)

---

--- 2026-02-13T13:48:24.610Z debug
-- START CF API REQUEST: POST https://api.cloudflare.com/client/v4/pages/assets/upsert-hashes
---

--- 2026-02-13T13:48:24.610Z debug
QUERY STRING: omitted; set WRANGLER_LOG_SANITIZE=false to include sanitized data
---

--- 2026-02-13T13:48:24.610Z debug
HEADERS: omitted; set WRANGLER_LOG_SANITIZE=false to include sanitized data
---

--- 2026-02-13T13:48:24.610Z debug
INIT: omitted; set WRANGLER_LOG_SANITIZE=false to include sanitized data
---

--- 2026-02-13T13:48:24.610Z debug
-- END CF API REQUEST
---

--- 2026-02-13T13:48:24.925Z debug
-- START CF API RESPONSE: OK 200
---

--- 2026-02-13T13:48:24.926Z debug
HEADERS: omitted; set WRANGLER_LOG_SANITIZE=false to include sanitized data
---

--- 2026-02-13T13:48:24.926Z debug
RESPONSE: omitted; set WRANGLER_LOG_SANITIZE=false to include sanitized data
---

--- 2026-02-13T13:48:24.926Z debug
-- END CF API RESPONSE
---

--- 2026-02-13T13:48:24.965Z log
✨ Compiled Worker successfully
---

--- 2026-02-13T13:48:24.968Z log
✨ Uploading Worker bundle
---

--- 2026-02-13T13:48:24.968Z debug
-- START CF API REQUEST: POST https://api.cloudflare.com/client/v4/accounts/f139034ef7924a1d387c88f394b535a2/pages/projects/akgsempire/deployments
---

--- 2026-02-13T13:48:24.968Z debug
QUERY STRING: omitted; set WRANGLER_LOG_SANITIZE=false to include sanitized data
---

--- 2026-02-13T13:48:24.968Z debug
HEADERS: omitted; set WRANGLER_LOG_SANITIZE=false to include sanitized data
---

--- 2026-02-13T13:48:24.968Z debug
INIT: omitted; set WRANGLER_LOG_SANITIZE=false to include sanitized data
---

--- 2026-02-13T13:48:24.969Z debug
BODY: omitted; set WRANGLER_LOG_SANITIZE=false to include sanitized data
---

--- 2026-02-13T13:48:24.969Z debug
-- END CF API REQUEST
---

--- 2026-02-13T13:48:26.876Z debug
-- START CF API RESPONSE: OK 200
---

--- 2026-02-13T13:48:26.876Z debug
HEADERS: omitted; set WRANGLER_LOG_SANITIZE=false to include sanitized data
---

--- 2026-02-13T13:48:26.876Z debug
RESPONSE: omitted; set WRANGLER_LOG_SANITIZE=false to include sanitized data
---

--- 2026-02-13T13:48:26.876Z debug
-- END CF API RESPONSE
---

--- 2026-02-13T13:48:26.877Z debug
Saving to cache: {"account_id":"f139034ef7924a1d387c88f394b535a2","project_name":"akgsempire"}
---

--- 2026-02-13T13:48:26.878Z log
🌎 Deploying...
---

--- 2026-02-13T13:48:27.880Z debug
attempt #1: Attempting to fetch status for deployment with id "05c84949-08b1-48eb-a25e-dc46932df284" ...
---

--- 2026-02-13T13:48:27.880Z debug
-- START CF API REQUEST: GET https://api.cloudflare.com/client/v4/accounts/f139034ef7924a1d387c88f394b535a2/pages/projects/akgsempire/deployments/05c84949-08b1-48eb-a25e-dc46932df284
---

--- 2026-02-13T13:48:27.880Z debug
QUERY STRING: omitted; set WRANGLER_LOG_SANITIZE=false to include sanitized data
---

--- 2026-02-13T13:48:27.880Z debug
HEADERS: omitted; set WRANGLER_LOG_SANITIZE=false to include sanitized data
---

--- 2026-02-13T13:48:27.880Z debug
INIT: omitted; set WRANGLER_LOG_SANITIZE=false to include sanitized data
---

--- 2026-02-13T13:48:27.880Z debug
-- END CF API REQUEST
---

--- 2026-02-13T13:48:28.767Z debug
-- START CF API RESPONSE: OK 200
---

--- 2026-02-13T13:48:28.767Z debug
HEADERS: omitted; set WRANGLER_LOG_SANITIZE=false to include sanitized data
---

--- 2026-02-13T13:48:28.767Z debug
RESPONSE: omitted; set WRANGLER_LOG_SANITIZE=false to include sanitized data
---

--- 2026-02-13T13:48:28.767Z debug
-- END CF API RESPONSE
---

--- 2026-02-13T13:48:30.774Z debug
attempt #2: Attempting to fetch status for deployment with id "05c84949-08b1-48eb-a25e-dc46932df284" ...
---

--- 2026-02-13T13:48:30.775Z debug
-- START CF API REQUEST: GET https://api.cloudflare.com/client/v4/accounts/f139034ef7924a1d387c88f394b535a2/pages/projects/akgsempire/deployments/05c84949-08b1-48eb-a25e-dc46932df284
---

--- 2026-02-13T13:48:30.775Z debug
QUERY STRING: omitted; set WRANGLER_LOG_SANITIZE=false to include sanitized data
---

--- 2026-02-13T13:48:30.775Z debug
HEADERS: omitted; set WRANGLER_LOG_SANITIZE=false to include sanitized data
---

--- 2026-02-13T13:48:30.775Z debug
INIT: omitted; set WRANGLER_LOG_SANITIZE=false to include sanitized data
---

--- 2026-02-13T13:48:30.775Z debug
-- END CF API REQUEST
---

--- 2026-02-13T13:48:32.243Z debug
-- START CF API RESPONSE: OK 200
---

--- 2026-02-13T13:48:32.243Z debug
HEADERS: omitted; set WRANGLER_LOG_SANITIZE=false to include sanitized data
---

--- 2026-02-13T13:48:32.243Z debug
RESPONSE: omitted; set WRANGLER_LOG_SANITIZE=false to include sanitized data
---

--- 2026-02-13T13:48:32.243Z debug
-- END CF API RESPONSE
---

--- 2026-02-13T13:48:32.244Z log
✨ Deployment complete! Take a peek over at https://05c84949.akgsempire.pages.dev
---

--- 2026-02-13T13:48:32.245Z debug
Metrics dispatcher: Posting data {"deviceId":"672dd324-7ddc-4102-8d1e-2dabcfd6b5db","event":"create pages deployment","timestamp":1770990512245,"properties":{"amplitude_session_id":1770990512244,"amplitude_event_id":0,"wranglerVersion":"4.65.0","wranglerMajorVersion":4,"wranglerMinorVersion":65,"wranglerPatchVersion":0,"osPlatform":"Windows","osVersion":"Windows 11 Pro","nodeVersion":24,"isFirstUsage":false,"configFileType":"none","isCI":false,"isPagesCI":false,"isWorkersCI":false,"isInteractive":false,"hasAssets":false,"agent":null,"category":"Workers","os":"win32:x64"}}
---

--- 2026-02-13T13:48:32.247Z debug
Metrics dispatcher: Posting data {"deviceId":"672dd324-7ddc-4102-8d1e-2dabcfd6b5db","event":"wrangler command completed","timestamp":1770990512247,"properties":{"amplitude_session_id":1770990500018,"amplitude_event_id":1,"wranglerVersion":"4.65.0","wranglerMajorVersion":4,"wranglerMinorVersion":65,"wranglerPatchVersion":0,"osPlatform":"Windows","osVersion":"Windows 11 Pro","nodeVersion":24,"isFirstUsage":false,"configFileType":"none","isCI":false,"isPagesCI":false,"isWorkersCI":false,"isInteractive":false,"hasAssets":false,"agent":null,"argsUsed":["projectName"],"argsCombination":"projectName","sanitizedCommand":"pages deploy","sanitizedArgs":{},"durationMs":12236}}
---
