
--- 2026-02-13T19:56:58.385Z debug
🪵  Writing logs to "C:\Users\under\OneDrive\Desktop\SITE AKGS\.config\.wrangler\logs\wrangler-2026-02-13_19-56-58_194.log"
---

--- 2026-02-13T19:56:58.385Z debug
.env file not found at "C:\Users\under\OneDrive\Desktop\SITE AKGS\.env.local". Continuing... For more details, refer to https://developers.cloudflare.com/workers/wrangler/system-environment-variables/
---

--- 2026-02-13T19:56:58.393Z log

 ⛅️ wrangler 4.65.0
───────────────────
---

--- 2026-02-13T19:56:58.397Z debug
Metrics dispatcher: Posting data {"deviceId":"672dd324-7ddc-4102-8d1e-2dabcfd6b5db","event":"wrangler command started","timestamp":1771012618397,"properties":{"amplitude_session_id":1771012618394,"amplitude_event_id":0,"wranglerVersion":"4.65.0","wranglerMajorVersion":4,"wranglerMinorVersion":65,"wranglerPatchVersion":0,"osPlatform":"Windows","osVersion":"Windows 11 Pro","nodeVersion":24,"isFirstUsage":false,"configFileType":"none","isCI":false,"isPagesCI":false,"isWorkersCI":false,"isInteractive":false,"hasAssets":false,"agent":null,"argsUsed":["projectName"],"argsCombination":"projectName","sanitizedCommand":"pages deploy","sanitizedArgs":{}}}
---

--- 2026-02-13T19:56:58.431Z debug
-- START CF API REQUEST: GET https://api.cloudflare.com/client/v4/accounts/f139034ef7924a1d387c88f394b535a2/pages/projects/akgsempire
---

--- 2026-02-13T19:56:58.431Z debug
QUERY STRING: omitted; set WRANGLER_LOG_SANITIZE=false to include sanitized data
---

--- 2026-02-13T19:56:58.431Z debug
HEADERS: omitted; set WRANGLER_LOG_SANITIZE=false to include sanitized data
---

--- 2026-02-13T19:56:58.431Z debug
INIT: omitted; set WRANGLER_LOG_SANITIZE=false to include sanitized data
---

--- 2026-02-13T19:56:58.431Z debug
-- END CF API REQUEST
---

--- 2026-02-13T19:56:59.387Z debug
-- START CF API RESPONSE: OK 200
---

--- 2026-02-13T19:56:59.388Z debug
HEADERS: omitted; set WRANGLER_LOG_SANITIZE=false to include sanitized data
---

--- 2026-02-13T19:56:59.388Z debug
RESPONSE: omitted; set WRANGLER_LOG_SANITIZE=false to include sanitized data
---

--- 2026-02-13T19:56:59.388Z debug
-- END CF API RESPONSE
---

--- 2026-02-13T19:56:59.390Z debug
pages deploy: Detecting git repository information...
---

--- 2026-02-13T19:56:59.514Z debug
pages deploy: Git repository detected
---

--- 2026-02-13T19:56:59.736Z debug
pages deploy: Working directory dirty status: true
---

--- 2026-02-13T19:56:59.853Z debug
pages deploy: Detected branch: "main"
---

--- 2026-02-13T19:56:59.957Z debug
pages deploy: Detected commit hash: "dc2eb0c00efac30f3179ee0d67fe26476196d45c"
---

--- 2026-02-13T19:57:00.042Z debug
pages deploy: Detected commit message: "Fix_Syntax_Errors_And_Deploy"
---

--- 2026-02-13T19:57:00.120Z warn
▲ [WARNING] Warning: Your working directory is a git repo and has uncommitted changes

  To silence this warning, pass in --commit-dirty=true


---

--- 2026-02-13T19:57:00.120Z debug
pages deploy: Git information summary - branch: main, commitHash: dc2eb0c00efac30f3179ee0d67fe26476196d45c, commitDirty: true
---

--- 2026-02-13T19:57:00.122Z debug
-- START CF API REQUEST: GET https://api.cloudflare.com/client/v4/accounts/f139034ef7924a1d387c88f394b535a2/pages/projects/akgsempire
---

--- 2026-02-13T19:57:00.122Z debug
QUERY STRING: omitted; set WRANGLER_LOG_SANITIZE=false to include sanitized data
---

--- 2026-02-13T19:57:00.122Z debug
HEADERS: omitted; set WRANGLER_LOG_SANITIZE=false to include sanitized data
---

--- 2026-02-13T19:57:00.122Z debug
INIT: omitted; set WRANGLER_LOG_SANITIZE=false to include sanitized data
---

--- 2026-02-13T19:57:00.122Z debug
-- END CF API REQUEST
---

--- 2026-02-13T19:57:01.115Z debug
-- START CF API RESPONSE: OK 200
---

--- 2026-02-13T19:57:01.115Z debug
HEADERS: omitted; set WRANGLER_LOG_SANITIZE=false to include sanitized data
---

--- 2026-02-13T19:57:01.115Z debug
RESPONSE: omitted; set WRANGLER_LOG_SANITIZE=false to include sanitized data
---

--- 2026-02-13T19:57:01.115Z debug
-- END CF API RESPONSE
---

--- 2026-02-13T19:57:01.119Z debug
-- START CF API REQUEST: GET https://api.cloudflare.com/client/v4/accounts/f139034ef7924a1d387c88f394b535a2/pages/projects/akgsempire/upload-token
---

--- 2026-02-13T19:57:01.119Z debug
QUERY STRING: omitted; set WRANGLER_LOG_SANITIZE=false to include sanitized data
---

--- 2026-02-13T19:57:01.119Z debug
HEADERS: omitted; set WRANGLER_LOG_SANITIZE=false to include sanitized data
---

--- 2026-02-13T19:57:01.119Z debug
INIT: omitted; set WRANGLER_LOG_SANITIZE=false to include sanitized data
---

--- 2026-02-13T19:57:01.119Z debug
-- END CF API REQUEST
---

--- 2026-02-13T19:57:02.102Z debug
-- START CF API RESPONSE: OK 200
---

--- 2026-02-13T19:57:02.102Z debug
HEADERS: omitted; set WRANGLER_LOG_SANITIZE=false to include sanitized data
---

--- 2026-02-13T19:57:02.102Z debug
RESPONSE: omitted; set WRANGLER_LOG_SANITIZE=false to include sanitized data
---

--- 2026-02-13T19:57:02.102Z debug
-- END CF API RESPONSE
---

--- 2026-02-13T19:57:02.135Z debug
-- START CF API REQUEST: GET https://api.cloudflare.com/client/v4/accounts/f139034ef7924a1d387c88f394b535a2/pages/projects/akgsempire/upload-token
---

--- 2026-02-13T19:57:02.135Z debug
QUERY STRING: omitted; set WRANGLER_LOG_SANITIZE=false to include sanitized data
---

--- 2026-02-13T19:57:02.135Z debug
HEADERS: omitted; set WRANGLER_LOG_SANITIZE=false to include sanitized data
---

--- 2026-02-13T19:57:02.135Z debug
INIT: omitted; set WRANGLER_LOG_SANITIZE=false to include sanitized data
---

--- 2026-02-13T19:57:02.135Z debug
-- END CF API REQUEST
---

--- 2026-02-13T19:57:02.968Z debug
-- START CF API RESPONSE: OK 200
---

--- 2026-02-13T19:57:02.969Z debug
HEADERS: omitted; set WRANGLER_LOG_SANITIZE=false to include sanitized data
---

--- 2026-02-13T19:57:02.969Z debug
RESPONSE: omitted; set WRANGLER_LOG_SANITIZE=false to include sanitized data
---

--- 2026-02-13T19:57:02.969Z debug
-- END CF API RESPONSE
---

--- 2026-02-13T19:57:02.969Z debug
-- START CF API REQUEST: POST https://api.cloudflare.com/client/v4/pages/assets/check-missing
---

--- 2026-02-13T19:57:02.969Z debug
QUERY STRING: omitted; set WRANGLER_LOG_SANITIZE=false to include sanitized data
---

--- 2026-02-13T19:57:02.969Z debug
HEADERS: omitted; set WRANGLER_LOG_SANITIZE=false to include sanitized data
---

--- 2026-02-13T19:57:02.969Z debug
INIT: omitted; set WRANGLER_LOG_SANITIZE=false to include sanitized data
---

--- 2026-02-13T19:57:02.969Z debug
-- END CF API REQUEST
---

--- 2026-02-13T19:57:03.159Z debug
-- START CF API RESPONSE: OK 200
---

--- 2026-02-13T19:57:03.159Z debug
HEADERS: omitted; set WRANGLER_LOG_SANITIZE=false to include sanitized data
---

--- 2026-02-13T19:57:03.159Z debug
RESPONSE: omitted; set WRANGLER_LOG_SANITIZE=false to include sanitized data
---

--- 2026-02-13T19:57:03.159Z debug
-- END CF API RESPONSE
---

--- 2026-02-13T19:57:03.160Z log
Uploading... (13/13)
---

--- 2026-02-13T19:57:03.161Z log
✨ Success! Uploaded 0 files (13 already uploaded) (0.19 sec)

---

--- 2026-02-13T19:57:03.161Z debug
-- START CF API REQUEST: POST https://api.cloudflare.com/client/v4/pages/assets/upsert-hashes
---

--- 2026-02-13T19:57:03.161Z debug
QUERY STRING: omitted; set WRANGLER_LOG_SANITIZE=false to include sanitized data
---

--- 2026-02-13T19:57:03.161Z debug
HEADERS: omitted; set WRANGLER_LOG_SANITIZE=false to include sanitized data
---

--- 2026-02-13T19:57:03.161Z debug
INIT: omitted; set WRANGLER_LOG_SANITIZE=false to include sanitized data
---

--- 2026-02-13T19:57:03.161Z debug
-- END CF API REQUEST
---

--- 2026-02-13T19:57:03.441Z debug
-- START CF API RESPONSE: OK 200
---

--- 2026-02-13T19:57:03.441Z debug
HEADERS: omitted; set WRANGLER_LOG_SANITIZE=false to include sanitized data
---

--- 2026-02-13T19:57:03.441Z debug
RESPONSE: omitted; set WRANGLER_LOG_SANITIZE=false to include sanitized data
---

--- 2026-02-13T19:57:03.441Z debug
-- END CF API RESPONSE
---

--- 2026-02-13T19:57:03.487Z log
✨ Compiled Worker successfully
---

--- 2026-02-13T19:57:03.491Z log
✨ Uploading Worker bundle
---

--- 2026-02-13T19:57:03.491Z debug
-- START CF API REQUEST: POST https://api.cloudflare.com/client/v4/accounts/f139034ef7924a1d387c88f394b535a2/pages/projects/akgsempire/deployments
---

--- 2026-02-13T19:57:03.491Z debug
QUERY STRING: omitted; set WRANGLER_LOG_SANITIZE=false to include sanitized data
---

--- 2026-02-13T19:57:03.491Z debug
HEADERS: omitted; set WRANGLER_LOG_SANITIZE=false to include sanitized data
---

--- 2026-02-13T19:57:03.491Z debug
INIT: omitted; set WRANGLER_LOG_SANITIZE=false to include sanitized data
---

--- 2026-02-13T19:57:03.492Z debug
BODY: omitted; set WRANGLER_LOG_SANITIZE=false to include sanitized data
---

--- 2026-02-13T19:57:03.492Z debug
-- END CF API REQUEST
---

--- 2026-02-13T19:57:05.830Z debug
-- START CF API RESPONSE: OK 200
---

--- 2026-02-13T19:57:05.830Z debug
HEADERS: omitted; set WRANGLER_LOG_SANITIZE=false to include sanitized data
---

--- 2026-02-13T19:57:05.830Z debug
RESPONSE: omitted; set WRANGLER_LOG_SANITIZE=false to include sanitized data
---

--- 2026-02-13T19:57:05.830Z debug
-- END CF API RESPONSE
---

--- 2026-02-13T19:57:05.831Z debug
Saving to cache: {"account_id":"f139034ef7924a1d387c88f394b535a2","project_name":"akgsempire"}
---

--- 2026-02-13T19:57:05.832Z log
🌎 Deploying...
---

--- 2026-02-13T19:57:06.833Z debug
attempt #1: Attempting to fetch status for deployment with id "9f4474e6-249c-4bf5-9ae7-80b9f6a4c43a" ...
---

--- 2026-02-13T19:57:06.834Z debug
-- START CF API REQUEST: GET https://api.cloudflare.com/client/v4/accounts/f139034ef7924a1d387c88f394b535a2/pages/projects/akgsempire/deployments/9f4474e6-249c-4bf5-9ae7-80b9f6a4c43a
---

--- 2026-02-13T19:57:06.834Z debug
QUERY STRING: omitted; set WRANGLER_LOG_SANITIZE=false to include sanitized data
---

--- 2026-02-13T19:57:06.834Z debug
HEADERS: omitted; set WRANGLER_LOG_SANITIZE=false to include sanitized data
---

--- 2026-02-13T19:57:06.834Z debug
INIT: omitted; set WRANGLER_LOG_SANITIZE=false to include sanitized data
---

--- 2026-02-13T19:57:06.834Z debug
-- END CF API REQUEST
---

--- 2026-02-13T19:57:07.864Z debug
-- START CF API RESPONSE: OK 200
---

--- 2026-02-13T19:57:07.864Z debug
HEADERS: omitted; set WRANGLER_LOG_SANITIZE=false to include sanitized data
---

--- 2026-02-13T19:57:07.864Z debug
RESPONSE: omitted; set WRANGLER_LOG_SANITIZE=false to include sanitized data
---

--- 2026-02-13T19:57:07.864Z debug
-- END CF API RESPONSE
---

--- 2026-02-13T19:57:09.869Z debug
attempt #2: Attempting to fetch status for deployment with id "9f4474e6-249c-4bf5-9ae7-80b9f6a4c43a" ...
---

--- 2026-02-13T19:57:09.869Z debug
-- START CF API REQUEST: GET https://api.cloudflare.com/client/v4/accounts/f139034ef7924a1d387c88f394b535a2/pages/projects/akgsempire/deployments/9f4474e6-249c-4bf5-9ae7-80b9f6a4c43a
---

--- 2026-02-13T19:57:09.869Z debug
QUERY STRING: omitted; set WRANGLER_LOG_SANITIZE=false to include sanitized data
---

--- 2026-02-13T19:57:09.869Z debug
HEADERS: omitted; set WRANGLER_LOG_SANITIZE=false to include sanitized data
---

--- 2026-02-13T19:57:09.869Z debug
INIT: omitted; set WRANGLER_LOG_SANITIZE=false to include sanitized data
---

--- 2026-02-13T19:57:09.869Z debug
-- END CF API REQUEST
---

--- 2026-02-13T19:57:11.090Z debug
-- START CF API RESPONSE: OK 200
---

--- 2026-02-13T19:57:11.091Z debug
HEADERS: omitted; set WRANGLER_LOG_SANITIZE=false to include sanitized data
---

--- 2026-02-13T19:57:11.091Z debug
RESPONSE: omitted; set WRANGLER_LOG_SANITIZE=false to include sanitized data
---

--- 2026-02-13T19:57:11.091Z debug
-- END CF API RESPONSE
---

--- 2026-02-13T19:57:11.091Z log
✨ Deployment complete! Take a peek over at https://9f4474e6.akgsempire.pages.dev
---

--- 2026-02-13T19:57:11.093Z debug
Metrics dispatcher: Posting data {"deviceId":"672dd324-7ddc-4102-8d1e-2dabcfd6b5db","event":"create pages deployment","timestamp":1771012631093,"properties":{"amplitude_session_id":1771012631092,"amplitude_event_id":0,"wranglerVersion":"4.65.0","wranglerMajorVersion":4,"wranglerMinorVersion":65,"wranglerPatchVersion":0,"osPlatform":"Windows","osVersion":"Windows 11 Pro","nodeVersion":24,"isFirstUsage":false,"configFileType":"none","isCI":false,"isPagesCI":false,"isWorkersCI":false,"isInteractive":false,"hasAssets":false,"agent":null,"category":"Workers","os":"win32:x64"}}
---

--- 2026-02-13T19:57:11.096Z debug
Metrics dispatcher: Posting data {"deviceId":"672dd324-7ddc-4102-8d1e-2dabcfd6b5db","event":"wrangler command completed","timestamp":1771012631096,"properties":{"amplitude_session_id":1771012618394,"amplitude_event_id":1,"wranglerVersion":"4.65.0","wranglerMajorVersion":4,"wranglerMinorVersion":65,"wranglerPatchVersion":0,"osPlatform":"Windows","osVersion":"Windows 11 Pro","nodeVersion":24,"isFirstUsage":false,"configFileType":"none","isCI":false,"isPagesCI":false,"isWorkersCI":false,"isInteractive":false,"hasAssets":false,"agent":null,"argsUsed":["projectName"],"argsCombination":"projectName","sanitizedCommand":"pages deploy","sanitizedArgs":{},"durationMs":12706}}
---
