
--- 2026-02-13T19:34:51.487Z debug
🪵  Writing logs to "C:\Users\under\OneDrive\Desktop\SITE AKGS\.config\.wrangler\logs\wrangler-2026-02-13_19-34-51_301.log"
---

--- 2026-02-13T19:34:51.487Z debug
.env file not found at "C:\Users\under\OneDrive\Desktop\SITE AKGS\.env.local". Continuing... For more details, refer to https://developers.cloudflare.com/workers/wrangler/system-environment-variables/
---

--- 2026-02-13T19:34:51.497Z log

 ⛅️ wrangler 4.65.0
───────────────────
---

--- 2026-02-13T19:34:51.501Z debug
Metrics dispatcher: Posting data {"deviceId":"672dd324-7ddc-4102-8d1e-2dabcfd6b5db","event":"wrangler command started","timestamp":1771011291501,"properties":{"amplitude_session_id":1771011291498,"amplitude_event_id":0,"wranglerVersion":"4.65.0","wranglerMajorVersion":4,"wranglerMinorVersion":65,"wranglerPatchVersion":0,"osPlatform":"Windows","osVersion":"Windows 11 Pro","nodeVersion":24,"isFirstUsage":false,"configFileType":"none","isCI":false,"isPagesCI":false,"isWorkersCI":false,"isInteractive":false,"hasAssets":false,"agent":null,"argsUsed":["projectName"],"argsCombination":"projectName","sanitizedCommand":"pages deploy","sanitizedArgs":{}}}
---

--- 2026-02-13T19:34:51.539Z debug
-- START CF API REQUEST: GET https://api.cloudflare.com/client/v4/accounts/f139034ef7924a1d387c88f394b535a2/pages/projects/akgsempire
---

--- 2026-02-13T19:34:51.539Z debug
QUERY STRING: omitted; set WRANGLER_LOG_SANITIZE=false to include sanitized data
---

--- 2026-02-13T19:34:51.539Z debug
HEADERS: omitted; set WRANGLER_LOG_SANITIZE=false to include sanitized data
---

--- 2026-02-13T19:34:51.539Z debug
INIT: omitted; set WRANGLER_LOG_SANITIZE=false to include sanitized data
---

--- 2026-02-13T19:34:51.539Z debug
-- END CF API REQUEST
---

--- 2026-02-13T19:34:52.391Z debug
-- START CF API RESPONSE: OK 200
---

--- 2026-02-13T19:34:52.391Z debug
HEADERS: omitted; set WRANGLER_LOG_SANITIZE=false to include sanitized data
---

--- 2026-02-13T19:34:52.391Z debug
RESPONSE: omitted; set WRANGLER_LOG_SANITIZE=false to include sanitized data
---

--- 2026-02-13T19:34:52.391Z debug
-- END CF API RESPONSE
---

--- 2026-02-13T19:34:52.393Z debug
pages deploy: Detecting git repository information...
---

--- 2026-02-13T19:34:52.512Z debug
pages deploy: Git repository detected
---

--- 2026-02-13T19:34:52.763Z debug
pages deploy: Working directory dirty status: true
---

--- 2026-02-13T19:34:52.894Z debug
pages deploy: Detected branch: "main"
---

--- 2026-02-13T19:34:53.003Z debug
pages deploy: Detected commit hash: "e57b7b6fe217294c040db0214a12313f011777b8"
---

--- 2026-02-13T19:34:53.089Z debug
pages deploy: Detected commit message: "Implement_Kick_OAuth_and_Webhooks"
---

--- 2026-02-13T19:34:53.169Z warn
▲ [WARNING] Warning: Your working directory is a git repo and has uncommitted changes

  To silence this warning, pass in --commit-dirty=true


---

--- 2026-02-13T19:34:53.169Z debug
pages deploy: Git information summary - branch: main, commitHash: e57b7b6fe217294c040db0214a12313f011777b8, commitDirty: true
---

--- 2026-02-13T19:34:53.171Z debug
-- START CF API REQUEST: GET https://api.cloudflare.com/client/v4/accounts/f139034ef7924a1d387c88f394b535a2/pages/projects/akgsempire
---

--- 2026-02-13T19:34:53.171Z debug
QUERY STRING: omitted; set WRANGLER_LOG_SANITIZE=false to include sanitized data
---

--- 2026-02-13T19:34:53.171Z debug
HEADERS: omitted; set WRANGLER_LOG_SANITIZE=false to include sanitized data
---

--- 2026-02-13T19:34:53.171Z debug
INIT: omitted; set WRANGLER_LOG_SANITIZE=false to include sanitized data
---

--- 2026-02-13T19:34:53.171Z debug
-- END CF API REQUEST
---

--- 2026-02-13T19:34:54.065Z debug
-- START CF API RESPONSE: OK 200
---

--- 2026-02-13T19:34:54.066Z debug
HEADERS: omitted; set WRANGLER_LOG_SANITIZE=false to include sanitized data
---

--- 2026-02-13T19:34:54.066Z debug
RESPONSE: omitted; set WRANGLER_LOG_SANITIZE=false to include sanitized data
---

--- 2026-02-13T19:34:54.066Z debug
-- END CF API RESPONSE
---

--- 2026-02-13T19:34:54.070Z debug
-- START CF API REQUEST: GET https://api.cloudflare.com/client/v4/accounts/f139034ef7924a1d387c88f394b535a2/pages/projects/akgsempire/upload-token
---

--- 2026-02-13T19:34:54.071Z debug
QUERY STRING: omitted; set WRANGLER_LOG_SANITIZE=false to include sanitized data
---

--- 2026-02-13T19:34:54.071Z debug
HEADERS: omitted; set WRANGLER_LOG_SANITIZE=false to include sanitized data
---

--- 2026-02-13T19:34:54.071Z debug
INIT: omitted; set WRANGLER_LOG_SANITIZE=false to include sanitized data
---

--- 2026-02-13T19:34:54.071Z debug
-- END CF API REQUEST
---

--- 2026-02-13T19:34:54.725Z debug
-- START CF API RESPONSE: OK 200
---

--- 2026-02-13T19:34:54.725Z debug
HEADERS: omitted; set WRANGLER_LOG_SANITIZE=false to include sanitized data
---

--- 2026-02-13T19:34:54.725Z debug
RESPONSE: omitted; set WRANGLER_LOG_SANITIZE=false to include sanitized data
---

--- 2026-02-13T19:34:54.725Z debug
-- END CF API RESPONSE
---

--- 2026-02-13T19:34:54.765Z debug
-- START CF API REQUEST: GET https://api.cloudflare.com/client/v4/accounts/f139034ef7924a1d387c88f394b535a2/pages/projects/akgsempire/upload-token
---

--- 2026-02-13T19:34:54.765Z debug
QUERY STRING: omitted; set WRANGLER_LOG_SANITIZE=false to include sanitized data
---

--- 2026-02-13T19:34:54.765Z debug
HEADERS: omitted; set WRANGLER_LOG_SANITIZE=false to include sanitized data
---

--- 2026-02-13T19:34:54.765Z debug
INIT: omitted; set WRANGLER_LOG_SANITIZE=false to include sanitized data
---

--- 2026-02-13T19:34:54.765Z debug
-- END CF API REQUEST
---

--- 2026-02-13T19:34:55.472Z debug
-- START CF API RESPONSE: OK 200
---

--- 2026-02-13T19:34:55.473Z debug
HEADERS: omitted; set WRANGLER_LOG_SANITIZE=false to include sanitized data
---

--- 2026-02-13T19:34:55.473Z debug
RESPONSE: omitted; set WRANGLER_LOG_SANITIZE=false to include sanitized data
---

--- 2026-02-13T19:34:55.473Z debug
-- END CF API RESPONSE
---

--- 2026-02-13T19:34:55.473Z debug
-- START CF API REQUEST: POST https://api.cloudflare.com/client/v4/pages/assets/check-missing
---

--- 2026-02-13T19:34:55.473Z debug
QUERY STRING: omitted; set WRANGLER_LOG_SANITIZE=false to include sanitized data
---

--- 2026-02-13T19:34:55.473Z debug
HEADERS: omitted; set WRANGLER_LOG_SANITIZE=false to include sanitized data
---

--- 2026-02-13T19:34:55.473Z debug
INIT: omitted; set WRANGLER_LOG_SANITIZE=false to include sanitized data
---

--- 2026-02-13T19:34:55.473Z debug
-- END CF API REQUEST
---

--- 2026-02-13T19:34:55.646Z debug
-- START CF API RESPONSE: OK 200
---

--- 2026-02-13T19:34:55.647Z debug
HEADERS: omitted; set WRANGLER_LOG_SANITIZE=false to include sanitized data
---

--- 2026-02-13T19:34:55.647Z debug
RESPONSE: omitted; set WRANGLER_LOG_SANITIZE=false to include sanitized data
---

--- 2026-02-13T19:34:55.647Z debug
-- END CF API RESPONSE
---

--- 2026-02-13T19:34:55.647Z log
Uploading... (13/13)
---

--- 2026-02-13T19:34:55.648Z log
✨ Success! Uploaded 0 files (13 already uploaded) (0.17 sec)

---

--- 2026-02-13T19:34:55.648Z debug
-- START CF API REQUEST: POST https://api.cloudflare.com/client/v4/pages/assets/upsert-hashes
---

--- 2026-02-13T19:34:55.648Z debug
QUERY STRING: omitted; set WRANGLER_LOG_SANITIZE=false to include sanitized data
---

--- 2026-02-13T19:34:55.648Z debug
HEADERS: omitted; set WRANGLER_LOG_SANITIZE=false to include sanitized data
---

--- 2026-02-13T19:34:55.648Z debug
INIT: omitted; set WRANGLER_LOG_SANITIZE=false to include sanitized data
---

--- 2026-02-13T19:34:55.648Z debug
-- END CF API REQUEST
---

--- 2026-02-13T19:34:55.825Z debug
-- START CF API RESPONSE: OK 200
---

--- 2026-02-13T19:34:55.825Z debug
HEADERS: omitted; set WRANGLER_LOG_SANITIZE=false to include sanitized data
---

--- 2026-02-13T19:34:55.825Z debug
RESPONSE: omitted; set WRANGLER_LOG_SANITIZE=false to include sanitized data
---

--- 2026-02-13T19:34:55.825Z debug
-- END CF API RESPONSE
---

--- 2026-02-13T19:34:55.869Z log
✨ Compiled Worker successfully
---

--- 2026-02-13T19:34:55.874Z log
✨ Uploading Worker bundle
---

--- 2026-02-13T19:34:55.874Z debug
-- START CF API REQUEST: POST https://api.cloudflare.com/client/v4/accounts/f139034ef7924a1d387c88f394b535a2/pages/projects/akgsempire/deployments
---

--- 2026-02-13T19:34:55.874Z debug
QUERY STRING: omitted; set WRANGLER_LOG_SANITIZE=false to include sanitized data
---

--- 2026-02-13T19:34:55.874Z debug
HEADERS: omitted; set WRANGLER_LOG_SANITIZE=false to include sanitized data
---

--- 2026-02-13T19:34:55.874Z debug
INIT: omitted; set WRANGLER_LOG_SANITIZE=false to include sanitized data
---

--- 2026-02-13T19:34:55.875Z debug
BODY: omitted; set WRANGLER_LOG_SANITIZE=false to include sanitized data
---

--- 2026-02-13T19:34:55.875Z debug
-- END CF API REQUEST
---

--- 2026-02-13T19:34:57.793Z debug
-- START CF API RESPONSE: OK 200
---

--- 2026-02-13T19:34:57.793Z debug
HEADERS: omitted; set WRANGLER_LOG_SANITIZE=false to include sanitized data
---

--- 2026-02-13T19:34:57.793Z debug
RESPONSE: omitted; set WRANGLER_LOG_SANITIZE=false to include sanitized data
---

--- 2026-02-13T19:34:57.793Z debug
-- END CF API RESPONSE
---

--- 2026-02-13T19:34:57.794Z debug
Saving to cache: {"account_id":"f139034ef7924a1d387c88f394b535a2","project_name":"akgsempire"}
---

--- 2026-02-13T19:34:57.795Z log
🌎 Deploying...
---

--- 2026-02-13T19:34:58.798Z debug
attempt #1: Attempting to fetch status for deployment with id "2a00a8e5-6b29-4d3e-86ed-f3881b7989f1" ...
---

--- 2026-02-13T19:34:58.798Z debug
-- START CF API REQUEST: GET https://api.cloudflare.com/client/v4/accounts/f139034ef7924a1d387c88f394b535a2/pages/projects/akgsempire/deployments/2a00a8e5-6b29-4d3e-86ed-f3881b7989f1
---

--- 2026-02-13T19:34:58.798Z debug
QUERY STRING: omitted; set WRANGLER_LOG_SANITIZE=false to include sanitized data
---

--- 2026-02-13T19:34:58.798Z debug
HEADERS: omitted; set WRANGLER_LOG_SANITIZE=false to include sanitized data
---

--- 2026-02-13T19:34:58.798Z debug
INIT: omitted; set WRANGLER_LOG_SANITIZE=false to include sanitized data
---

--- 2026-02-13T19:34:58.798Z debug
-- END CF API REQUEST
---

--- 2026-02-13T19:34:59.725Z debug
-- START CF API RESPONSE: OK 200
---

--- 2026-02-13T19:34:59.725Z debug
HEADERS: omitted; set WRANGLER_LOG_SANITIZE=false to include sanitized data
---

--- 2026-02-13T19:34:59.725Z debug
RESPONSE: omitted; set WRANGLER_LOG_SANITIZE=false to include sanitized data
---

--- 2026-02-13T19:34:59.725Z debug
-- END CF API RESPONSE
---

--- 2026-02-13T19:35:01.734Z debug
attempt #2: Attempting to fetch status for deployment with id "2a00a8e5-6b29-4d3e-86ed-f3881b7989f1" ...
---

--- 2026-02-13T19:35:01.734Z debug
-- START CF API REQUEST: GET https://api.cloudflare.com/client/v4/accounts/f139034ef7924a1d387c88f394b535a2/pages/projects/akgsempire/deployments/2a00a8e5-6b29-4d3e-86ed-f3881b7989f1
---

--- 2026-02-13T19:35:01.735Z debug
QUERY STRING: omitted; set WRANGLER_LOG_SANITIZE=false to include sanitized data
---

--- 2026-02-13T19:35:01.735Z debug
HEADERS: omitted; set WRANGLER_LOG_SANITIZE=false to include sanitized data
---

--- 2026-02-13T19:35:01.735Z debug
INIT: omitted; set WRANGLER_LOG_SANITIZE=false to include sanitized data
---

--- 2026-02-13T19:35:01.735Z debug
-- END CF API REQUEST
---

--- 2026-02-13T19:35:06.698Z debug
-- START CF API RESPONSE: OK 200
---

--- 2026-02-13T19:35:06.698Z debug
HEADERS: omitted; set WRANGLER_LOG_SANITIZE=false to include sanitized data
---

--- 2026-02-13T19:35:06.698Z debug
RESPONSE: omitted; set WRANGLER_LOG_SANITIZE=false to include sanitized data
---

--- 2026-02-13T19:35:06.698Z debug
-- END CF API RESPONSE
---

--- 2026-02-13T19:35:06.699Z log
✨ Deployment complete! Take a peek over at https://2a00a8e5.akgsempire.pages.dev
---

--- 2026-02-13T19:35:06.701Z debug
Metrics dispatcher: Posting data {"deviceId":"672dd324-7ddc-4102-8d1e-2dabcfd6b5db","event":"create pages deployment","timestamp":1771011306701,"properties":{"amplitude_session_id":1771011306699,"amplitude_event_id":0,"wranglerVersion":"4.65.0","wranglerMajorVersion":4,"wranglerMinorVersion":65,"wranglerPatchVersion":0,"osPlatform":"Windows","osVersion":"Windows 11 Pro","nodeVersion":24,"isFirstUsage":false,"configFileType":"none","isCI":false,"isPagesCI":false,"isWorkersCI":false,"isInteractive":false,"hasAssets":false,"agent":null,"category":"Workers","os":"win32:x64"}}
---

--- 2026-02-13T19:35:06.704Z debug
Metrics dispatcher: Posting data {"deviceId":"672dd324-7ddc-4102-8d1e-2dabcfd6b5db","event":"wrangler command completed","timestamp":1771011306704,"properties":{"amplitude_session_id":1771011291498,"amplitude_event_id":1,"wranglerVersion":"4.65.0","wranglerMajorVersion":4,"wranglerMinorVersion":65,"wranglerPatchVersion":0,"osPlatform":"Windows","osVersion":"Windows 11 Pro","nodeVersion":24,"isFirstUsage":false,"configFileType":"none","isCI":false,"isPagesCI":false,"isWorkersCI":false,"isInteractive":false,"hasAssets":false,"agent":null,"argsUsed":["projectName"],"argsCombination":"projectName","sanitizedCommand":"pages deploy","sanitizedArgs":{},"durationMs":15212}}
---
