
--- 2026-02-13T13:36:01.814Z debug
🪵  Writing logs to "C:\Users\under\OneDrive\Desktop\SITE AKGS\.config\.wrangler\logs\wrangler-2026-02-13_13-36-01_646.log"
---

--- 2026-02-13T13:36:01.814Z debug
.env file not found at "C:\Users\under\OneDrive\Desktop\SITE AKGS\.env.local". Continuing... For more details, refer to https://developers.cloudflare.com/workers/wrangler/system-environment-variables/
---

--- 2026-02-13T13:36:01.825Z log

 ⛅️ wrangler 4.65.0
───────────────────
---

--- 2026-02-13T13:36:01.828Z debug
Metrics dispatcher: Posting data {"deviceId":"672dd324-7ddc-4102-8d1e-2dabcfd6b5db","event":"wrangler command started","timestamp":1770989761828,"properties":{"amplitude_session_id":1770989761826,"amplitude_event_id":0,"wranglerVersion":"4.65.0","wranglerMajorVersion":4,"wranglerMinorVersion":65,"wranglerPatchVersion":0,"osPlatform":"Windows","osVersion":"Windows 11 Pro","nodeVersion":24,"isFirstUsage":false,"configFileType":"none","isCI":false,"isPagesCI":false,"isWorkersCI":false,"isInteractive":false,"hasAssets":false,"agent":null,"argsUsed":["projectName"],"argsCombination":"projectName","sanitizedCommand":"pages deploy","sanitizedArgs":{}}}
---

--- 2026-02-13T13:36:01.861Z debug
-- START CF API REQUEST: GET https://api.cloudflare.com/client/v4/accounts/f139034ef7924a1d387c88f394b535a2/pages/projects/akgsempire
---

--- 2026-02-13T13:36:01.861Z debug
QUERY STRING: omitted; set WRANGLER_LOG_SANITIZE=false to include sanitized data
---

--- 2026-02-13T13:36:01.862Z debug
HEADERS: omitted; set WRANGLER_LOG_SANITIZE=false to include sanitized data
---

--- 2026-02-13T13:36:01.862Z debug
INIT: omitted; set WRANGLER_LOG_SANITIZE=false to include sanitized data
---

--- 2026-02-13T13:36:01.862Z debug
-- END CF API REQUEST
---

--- 2026-02-13T13:36:03.164Z debug
-- START CF API RESPONSE: OK 200
---

--- 2026-02-13T13:36:03.165Z debug
HEADERS: omitted; set WRANGLER_LOG_SANITIZE=false to include sanitized data
---

--- 2026-02-13T13:36:03.165Z debug
RESPONSE: omitted; set WRANGLER_LOG_SANITIZE=false to include sanitized data
---

--- 2026-02-13T13:36:03.165Z debug
-- END CF API RESPONSE
---

--- 2026-02-13T13:36:03.167Z debug
pages deploy: Detecting git repository information...
---

--- 2026-02-13T13:36:03.277Z debug
pages deploy: Git repository detected
---

--- 2026-02-13T13:36:03.488Z debug
pages deploy: Working directory dirty status: true
---

--- 2026-02-13T13:36:03.593Z debug
pages deploy: Detected branch: "main"
---

--- 2026-02-13T13:36:03.696Z debug
pages deploy: Detected commit hash: "0d46a04ccc67ba01ceae5c1009b40f0216cd5b4c"
---

--- 2026-02-13T13:36:03.812Z debug
pages deploy: Detected commit message: "update"
---

--- 2026-02-13T13:36:03.892Z warn
▲ [WARNING] Warning: Your working directory is a git repo and has uncommitted changes

  To silence this warning, pass in --commit-dirty=true


---

--- 2026-02-13T13:36:03.892Z debug
pages deploy: Git information summary - branch: main, commitHash: 0d46a04ccc67ba01ceae5c1009b40f0216cd5b4c, commitDirty: true
---

--- 2026-02-13T13:36:03.894Z debug
-- START CF API REQUEST: GET https://api.cloudflare.com/client/v4/accounts/f139034ef7924a1d387c88f394b535a2/pages/projects/akgsempire
---

--- 2026-02-13T13:36:03.894Z debug
QUERY STRING: omitted; set WRANGLER_LOG_SANITIZE=false to include sanitized data
---

--- 2026-02-13T13:36:03.894Z debug
HEADERS: omitted; set WRANGLER_LOG_SANITIZE=false to include sanitized data
---

--- 2026-02-13T13:36:03.894Z debug
INIT: omitted; set WRANGLER_LOG_SANITIZE=false to include sanitized data
---

--- 2026-02-13T13:36:03.894Z debug
-- END CF API REQUEST
---

--- 2026-02-13T13:36:05.230Z debug
-- START CF API RESPONSE: OK 200
---

--- 2026-02-13T13:36:05.230Z debug
HEADERS: omitted; set WRANGLER_LOG_SANITIZE=false to include sanitized data
---

--- 2026-02-13T13:36:05.230Z debug
RESPONSE: omitted; set WRANGLER_LOG_SANITIZE=false to include sanitized data
---

--- 2026-02-13T13:36:05.230Z debug
-- END CF API RESPONSE
---

--- 2026-02-13T13:36:05.234Z debug
-- START CF API REQUEST: GET https://api.cloudflare.com/client/v4/accounts/f139034ef7924a1d387c88f394b535a2/pages/projects/akgsempire/upload-token
---

--- 2026-02-13T13:36:05.234Z debug
QUERY STRING: omitted; set WRANGLER_LOG_SANITIZE=false to include sanitized data
---

--- 2026-02-13T13:36:05.234Z debug
HEADERS: omitted; set WRANGLER_LOG_SANITIZE=false to include sanitized data
---

--- 2026-02-13T13:36:05.234Z debug
INIT: omitted; set WRANGLER_LOG_SANITIZE=false to include sanitized data
---

--- 2026-02-13T13:36:05.234Z debug
-- END CF API REQUEST
---

--- 2026-02-13T13:36:05.933Z debug
-- START CF API RESPONSE: OK 200
---

--- 2026-02-13T13:36:05.933Z debug
HEADERS: omitted; set WRANGLER_LOG_SANITIZE=false to include sanitized data
---

--- 2026-02-13T13:36:05.933Z debug
RESPONSE: omitted; set WRANGLER_LOG_SANITIZE=false to include sanitized data
---

--- 2026-02-13T13:36:05.933Z debug
-- END CF API RESPONSE
---

--- 2026-02-13T13:36:05.950Z debug
-- START CF API REQUEST: GET https://api.cloudflare.com/client/v4/accounts/f139034ef7924a1d387c88f394b535a2/pages/projects/akgsempire/upload-token
---

--- 2026-02-13T13:36:05.950Z debug
QUERY STRING: omitted; set WRANGLER_LOG_SANITIZE=false to include sanitized data
---

--- 2026-02-13T13:36:05.950Z debug
HEADERS: omitted; set WRANGLER_LOG_SANITIZE=false to include sanitized data
---

--- 2026-02-13T13:36:05.950Z debug
INIT: omitted; set WRANGLER_LOG_SANITIZE=false to include sanitized data
---

--- 2026-02-13T13:36:05.950Z debug
-- END CF API REQUEST
---

--- 2026-02-13T13:36:06.936Z debug
-- START CF API RESPONSE: OK 200
---

--- 2026-02-13T13:36:06.936Z debug
HEADERS: omitted; set WRANGLER_LOG_SANITIZE=false to include sanitized data
---

--- 2026-02-13T13:36:06.936Z debug
RESPONSE: omitted; set WRANGLER_LOG_SANITIZE=false to include sanitized data
---

--- 2026-02-13T13:36:06.936Z debug
-- END CF API RESPONSE
---

--- 2026-02-13T13:36:06.936Z debug
-- START CF API REQUEST: POST https://api.cloudflare.com/client/v4/pages/assets/check-missing
---

--- 2026-02-13T13:36:06.936Z debug
QUERY STRING: omitted; set WRANGLER_LOG_SANITIZE=false to include sanitized data
---

--- 2026-02-13T13:36:06.936Z debug
HEADERS: omitted; set WRANGLER_LOG_SANITIZE=false to include sanitized data
---

--- 2026-02-13T13:36:06.936Z debug
INIT: omitted; set WRANGLER_LOG_SANITIZE=false to include sanitized data
---

--- 2026-02-13T13:36:06.936Z debug
-- END CF API REQUEST
---

--- 2026-02-13T13:36:07.079Z debug
-- START CF API RESPONSE: OK 200
---

--- 2026-02-13T13:36:07.079Z debug
HEADERS: omitted; set WRANGLER_LOG_SANITIZE=false to include sanitized data
---

--- 2026-02-13T13:36:07.079Z debug
RESPONSE: omitted; set WRANGLER_LOG_SANITIZE=false to include sanitized data
---

--- 2026-02-13T13:36:07.079Z debug
-- END CF API RESPONSE
---

--- 2026-02-13T13:36:07.079Z log
Uploading... (16/17)
---

--- 2026-02-13T13:36:07.082Z debug
POST /pages/assets/upload
---

--- 2026-02-13T13:36:07.082Z debug
-- START CF API REQUEST: POST https://api.cloudflare.com/client/v4/pages/assets/upload
---

--- 2026-02-13T13:36:07.082Z debug
QUERY STRING: omitted; set WRANGLER_LOG_SANITIZE=false to include sanitized data
---

--- 2026-02-13T13:36:07.082Z debug
HEADERS: omitted; set WRANGLER_LOG_SANITIZE=false to include sanitized data
---

--- 2026-02-13T13:36:07.082Z debug
INIT: omitted; set WRANGLER_LOG_SANITIZE=false to include sanitized data
---

--- 2026-02-13T13:36:07.082Z debug
-- END CF API REQUEST
---

--- 2026-02-13T13:36:07.389Z debug
-- START CF API RESPONSE: OK 200
---

--- 2026-02-13T13:36:07.389Z debug
HEADERS: omitted; set WRANGLER_LOG_SANITIZE=false to include sanitized data
---

--- 2026-02-13T13:36:07.389Z debug
RESPONSE: omitted; set WRANGLER_LOG_SANITIZE=false to include sanitized data
---

--- 2026-02-13T13:36:07.389Z debug
-- END CF API RESPONSE
---

--- 2026-02-13T13:36:07.389Z debug
result: { successful_key_count: 1, unsuccessful_keys: [] }
---

--- 2026-02-13T13:36:07.389Z log
Uploading... (17/17)
---

--- 2026-02-13T13:36:07.390Z log
✨ Success! Uploaded 1 files (16 already uploaded) (0.45 sec)

---

--- 2026-02-13T13:36:07.390Z debug
-- START CF API REQUEST: POST https://api.cloudflare.com/client/v4/pages/assets/upsert-hashes
---

--- 2026-02-13T13:36:07.390Z debug
QUERY STRING: omitted; set WRANGLER_LOG_SANITIZE=false to include sanitized data
---

--- 2026-02-13T13:36:07.390Z debug
HEADERS: omitted; set WRANGLER_LOG_SANITIZE=false to include sanitized data
---

--- 2026-02-13T13:36:07.390Z debug
INIT: omitted; set WRANGLER_LOG_SANITIZE=false to include sanitized data
---

--- 2026-02-13T13:36:07.390Z debug
-- END CF API REQUEST
---

--- 2026-02-13T13:36:07.589Z debug
-- START CF API RESPONSE: OK 200
---

--- 2026-02-13T13:36:07.589Z debug
HEADERS: omitted; set WRANGLER_LOG_SANITIZE=false to include sanitized data
---

--- 2026-02-13T13:36:07.589Z debug
RESPONSE: omitted; set WRANGLER_LOG_SANITIZE=false to include sanitized data
---

--- 2026-02-13T13:36:07.589Z debug
-- END CF API RESPONSE
---

--- 2026-02-13T13:36:07.627Z log
✨ Compiled Worker successfully
---

--- 2026-02-13T13:36:07.631Z log
✨ Uploading Worker bundle
---

--- 2026-02-13T13:36:07.631Z debug
-- START CF API REQUEST: POST https://api.cloudflare.com/client/v4/accounts/f139034ef7924a1d387c88f394b535a2/pages/projects/akgsempire/deployments
---

--- 2026-02-13T13:36:07.631Z debug
QUERY STRING: omitted; set WRANGLER_LOG_SANITIZE=false to include sanitized data
---

--- 2026-02-13T13:36:07.631Z debug
HEADERS: omitted; set WRANGLER_LOG_SANITIZE=false to include sanitized data
---

--- 2026-02-13T13:36:07.631Z debug
INIT: omitted; set WRANGLER_LOG_SANITIZE=false to include sanitized data
---

--- 2026-02-13T13:36:07.631Z debug
BODY: omitted; set WRANGLER_LOG_SANITIZE=false to include sanitized data
---

--- 2026-02-13T13:36:07.631Z debug
-- END CF API REQUEST
---

--- 2026-02-13T13:36:09.062Z debug
-- START CF API RESPONSE: OK 200
---

--- 2026-02-13T13:36:09.062Z debug
HEADERS: omitted; set WRANGLER_LOG_SANITIZE=false to include sanitized data
---

--- 2026-02-13T13:36:09.062Z debug
RESPONSE: omitted; set WRANGLER_LOG_SANITIZE=false to include sanitized data
---

--- 2026-02-13T13:36:09.062Z debug
-- END CF API RESPONSE
---

--- 2026-02-13T13:36:09.062Z debug
Saving to cache: {"account_id":"f139034ef7924a1d387c88f394b535a2","project_name":"akgsempire"}
---

--- 2026-02-13T13:36:09.064Z log
🌎 Deploying...
---

--- 2026-02-13T13:36:10.072Z debug
attempt #1: Attempting to fetch status for deployment with id "c4d183f3-5ce6-4a38-946e-b8dcd072ba0f" ...
---

--- 2026-02-13T13:36:10.072Z debug
-- START CF API REQUEST: GET https://api.cloudflare.com/client/v4/accounts/f139034ef7924a1d387c88f394b535a2/pages/projects/akgsempire/deployments/c4d183f3-5ce6-4a38-946e-b8dcd072ba0f
---

--- 2026-02-13T13:36:10.072Z debug
QUERY STRING: omitted; set WRANGLER_LOG_SANITIZE=false to include sanitized data
---

--- 2026-02-13T13:36:10.073Z debug
HEADERS: omitted; set WRANGLER_LOG_SANITIZE=false to include sanitized data
---

--- 2026-02-13T13:36:10.073Z debug
INIT: omitted; set WRANGLER_LOG_SANITIZE=false to include sanitized data
---

--- 2026-02-13T13:36:10.073Z debug
-- END CF API REQUEST
---

--- 2026-02-13T13:36:10.882Z debug
-- START CF API RESPONSE: OK 200
---

--- 2026-02-13T13:36:10.882Z debug
HEADERS: omitted; set WRANGLER_LOG_SANITIZE=false to include sanitized data
---

--- 2026-02-13T13:36:10.882Z debug
RESPONSE: omitted; set WRANGLER_LOG_SANITIZE=false to include sanitized data
---

--- 2026-02-13T13:36:10.882Z debug
-- END CF API RESPONSE
---

--- 2026-02-13T13:36:12.896Z debug
attempt #2: Attempting to fetch status for deployment with id "c4d183f3-5ce6-4a38-946e-b8dcd072ba0f" ...
---

--- 2026-02-13T13:36:12.897Z debug
-- START CF API REQUEST: GET https://api.cloudflare.com/client/v4/accounts/f139034ef7924a1d387c88f394b535a2/pages/projects/akgsempire/deployments/c4d183f3-5ce6-4a38-946e-b8dcd072ba0f
---

--- 2026-02-13T13:36:12.897Z debug
QUERY STRING: omitted; set WRANGLER_LOG_SANITIZE=false to include sanitized data
---

--- 2026-02-13T13:36:12.897Z debug
HEADERS: omitted; set WRANGLER_LOG_SANITIZE=false to include sanitized data
---

--- 2026-02-13T13:36:12.897Z debug
INIT: omitted; set WRANGLER_LOG_SANITIZE=false to include sanitized data
---

--- 2026-02-13T13:36:12.897Z debug
-- END CF API REQUEST
---

--- 2026-02-13T13:36:13.839Z debug
-- START CF API RESPONSE: OK 200
---

--- 2026-02-13T13:36:13.840Z debug
HEADERS: omitted; set WRANGLER_LOG_SANITIZE=false to include sanitized data
---

--- 2026-02-13T13:36:13.840Z debug
RESPONSE: omitted; set WRANGLER_LOG_SANITIZE=false to include sanitized data
---

--- 2026-02-13T13:36:13.840Z debug
-- END CF API RESPONSE
---

--- 2026-02-13T13:36:13.840Z log
✨ Deployment complete! Take a peek over at https://c4d183f3.akgsempire.pages.dev
---

--- 2026-02-13T13:36:13.842Z debug
Metrics dispatcher: Posting data {"deviceId":"672dd324-7ddc-4102-8d1e-2dabcfd6b5db","event":"create pages deployment","timestamp":1770989773842,"properties":{"amplitude_session_id":1770989773840,"amplitude_event_id":0,"wranglerVersion":"4.65.0","wranglerMajorVersion":4,"wranglerMinorVersion":65,"wranglerPatchVersion":0,"osPlatform":"Windows","osVersion":"Windows 11 Pro","nodeVersion":24,"isFirstUsage":false,"configFileType":"none","isCI":false,"isPagesCI":false,"isWorkersCI":false,"isInteractive":false,"hasAssets":false,"agent":null,"category":"Workers","os":"win32:x64"}}
---

--- 2026-02-13T13:36:13.844Z debug
Metrics dispatcher: Posting data {"deviceId":"672dd324-7ddc-4102-8d1e-2dabcfd6b5db","event":"wrangler command completed","timestamp":1770989773844,"properties":{"amplitude_session_id":1770989761826,"amplitude_event_id":1,"wranglerVersion":"4.65.0","wranglerMajorVersion":4,"wranglerMinorVersion":65,"wranglerPatchVersion":0,"osPlatform":"Windows","osVersion":"Windows 11 Pro","nodeVersion":24,"isFirstUsage":false,"configFileType":"none","isCI":false,"isPagesCI":false,"isWorkersCI":false,"isInteractive":false,"hasAssets":false,"agent":null,"argsUsed":["projectName"],"argsCombination":"projectName","sanitizedCommand":"pages deploy","sanitizedArgs":{},"durationMs":12024}}
---
