
--- 2026-02-13T20:27:52.370Z debug
🪵  Writing logs to "C:\Users\under\OneDrive\Desktop\SITE AKGS\.config\.wrangler\logs\wrangler-2026-02-13_20-27-52_113.log"
---

--- 2026-02-13T20:27:52.370Z debug
.env file not found at "C:\Users\under\OneDrive\Desktop\SITE AKGS\.env.local". Continuing... For more details, refer to https://developers.cloudflare.com/workers/wrangler/system-environment-variables/
---

--- 2026-02-13T20:27:52.381Z log

 ⛅️ wrangler 4.65.0
───────────────────
---

--- 2026-02-13T20:27:52.385Z debug
Metrics dispatcher: Posting data {"deviceId":"672dd324-7ddc-4102-8d1e-2dabcfd6b5db","event":"wrangler command started","timestamp":1771014472385,"properties":{"amplitude_session_id":1771014472382,"amplitude_event_id":0,"wranglerVersion":"4.65.0","wranglerMajorVersion":4,"wranglerMinorVersion":65,"wranglerPatchVersion":0,"osPlatform":"Windows","osVersion":"Windows 11 Pro","nodeVersion":24,"isFirstUsage":false,"configFileType":"none","isCI":false,"isPagesCI":false,"isWorkersCI":false,"isInteractive":false,"hasAssets":false,"agent":null,"argsUsed":["projectName"],"argsCombination":"projectName","sanitizedCommand":"pages deploy","sanitizedArgs":{}}}
---

--- 2026-02-13T20:27:52.419Z debug
-- START CF API REQUEST: GET https://api.cloudflare.com/client/v4/accounts/f139034ef7924a1d387c88f394b535a2/pages/projects/akgsempire
---

--- 2026-02-13T20:27:52.419Z debug
QUERY STRING: omitted; set WRANGLER_LOG_SANITIZE=false to include sanitized data
---

--- 2026-02-13T20:27:52.420Z debug
HEADERS: omitted; set WRANGLER_LOG_SANITIZE=false to include sanitized data
---

--- 2026-02-13T20:27:52.420Z debug
INIT: omitted; set WRANGLER_LOG_SANITIZE=false to include sanitized data
---

--- 2026-02-13T20:27:52.420Z debug
-- END CF API REQUEST
---

--- 2026-02-13T20:27:53.545Z debug
-- START CF API RESPONSE: OK 200
---

--- 2026-02-13T20:27:53.545Z debug
HEADERS: omitted; set WRANGLER_LOG_SANITIZE=false to include sanitized data
---

--- 2026-02-13T20:27:53.546Z debug
RESPONSE: omitted; set WRANGLER_LOG_SANITIZE=false to include sanitized data
---

--- 2026-02-13T20:27:53.546Z debug
-- END CF API RESPONSE
---

--- 2026-02-13T20:27:53.547Z debug
pages deploy: Detecting git repository information...
---

--- 2026-02-13T20:27:53.656Z debug
pages deploy: Git repository detected
---

--- 2026-02-13T20:27:53.868Z debug
pages deploy: Working directory dirty status: true
---

--- 2026-02-13T20:27:53.980Z debug
pages deploy: Detected branch: "main"
---

--- 2026-02-13T20:27:54.082Z debug
pages deploy: Detected commit hash: "6b7437165da1d1e7dd245f066933869a8ac8a7e7"
---

--- 2026-02-13T20:27:54.159Z debug
pages deploy: Detected commit message: "Archive_And_Wipe_User_Data_Local_Env_Update"
---

--- 2026-02-13T20:27:54.273Z warn
▲ [WARNING] Warning: Your working directory is a git repo and has uncommitted changes

  To silence this warning, pass in --commit-dirty=true


---

--- 2026-02-13T20:27:54.274Z debug
pages deploy: Git information summary - branch: main, commitHash: 6b7437165da1d1e7dd245f066933869a8ac8a7e7, commitDirty: true
---

--- 2026-02-13T20:27:54.275Z debug
-- START CF API REQUEST: GET https://api.cloudflare.com/client/v4/accounts/f139034ef7924a1d387c88f394b535a2/pages/projects/akgsempire
---

--- 2026-02-13T20:27:54.275Z debug
QUERY STRING: omitted; set WRANGLER_LOG_SANITIZE=false to include sanitized data
---

--- 2026-02-13T20:27:54.275Z debug
HEADERS: omitted; set WRANGLER_LOG_SANITIZE=false to include sanitized data
---

--- 2026-02-13T20:27:54.275Z debug
INIT: omitted; set WRANGLER_LOG_SANITIZE=false to include sanitized data
---

--- 2026-02-13T20:27:54.275Z debug
-- END CF API REQUEST
---

--- 2026-02-13T20:27:55.138Z debug
-- START CF API RESPONSE: OK 200
---

--- 2026-02-13T20:27:55.138Z debug
HEADERS: omitted; set WRANGLER_LOG_SANITIZE=false to include sanitized data
---

--- 2026-02-13T20:27:55.138Z debug
RESPONSE: omitted; set WRANGLER_LOG_SANITIZE=false to include sanitized data
---

--- 2026-02-13T20:27:55.138Z debug
-- END CF API RESPONSE
---

--- 2026-02-13T20:27:55.143Z debug
-- START CF API REQUEST: GET https://api.cloudflare.com/client/v4/accounts/f139034ef7924a1d387c88f394b535a2/pages/projects/akgsempire/upload-token
---

--- 2026-02-13T20:27:55.143Z debug
QUERY STRING: omitted; set WRANGLER_LOG_SANITIZE=false to include sanitized data
---

--- 2026-02-13T20:27:55.143Z debug
HEADERS: omitted; set WRANGLER_LOG_SANITIZE=false to include sanitized data
---

--- 2026-02-13T20:27:55.143Z debug
INIT: omitted; set WRANGLER_LOG_SANITIZE=false to include sanitized data
---

--- 2026-02-13T20:27:55.143Z debug
-- END CF API REQUEST
---

--- 2026-02-13T20:27:55.992Z debug
-- START CF API RESPONSE: OK 200
---

--- 2026-02-13T20:27:55.992Z debug
HEADERS: omitted; set WRANGLER_LOG_SANITIZE=false to include sanitized data
---

--- 2026-02-13T20:27:55.992Z debug
RESPONSE: omitted; set WRANGLER_LOG_SANITIZE=false to include sanitized data
---

--- 2026-02-13T20:27:55.992Z debug
-- END CF API RESPONSE
---

--- 2026-02-13T20:27:56.024Z debug
-- START CF API REQUEST: GET https://api.cloudflare.com/client/v4/accounts/f139034ef7924a1d387c88f394b535a2/pages/projects/akgsempire/upload-token
---

--- 2026-02-13T20:27:56.024Z debug
QUERY STRING: omitted; set WRANGLER_LOG_SANITIZE=false to include sanitized data
---

--- 2026-02-13T20:27:56.024Z debug
HEADERS: omitted; set WRANGLER_LOG_SANITIZE=false to include sanitized data
---

--- 2026-02-13T20:27:56.024Z debug
INIT: omitted; set WRANGLER_LOG_SANITIZE=false to include sanitized data
---

--- 2026-02-13T20:27:56.024Z debug
-- END CF API REQUEST
---

--- 2026-02-13T20:27:56.898Z debug
-- START CF API RESPONSE: OK 200
---

--- 2026-02-13T20:27:56.898Z debug
HEADERS: omitted; set WRANGLER_LOG_SANITIZE=false to include sanitized data
---

--- 2026-02-13T20:27:56.898Z debug
RESPONSE: omitted; set WRANGLER_LOG_SANITIZE=false to include sanitized data
---

--- 2026-02-13T20:27:56.898Z debug
-- END CF API RESPONSE
---

--- 2026-02-13T20:27:56.899Z debug
-- START CF API REQUEST: POST https://api.cloudflare.com/client/v4/pages/assets/check-missing
---

--- 2026-02-13T20:27:56.899Z debug
QUERY STRING: omitted; set WRANGLER_LOG_SANITIZE=false to include sanitized data
---

--- 2026-02-13T20:27:56.899Z debug
HEADERS: omitted; set WRANGLER_LOG_SANITIZE=false to include sanitized data
---

--- 2026-02-13T20:27:56.899Z debug
INIT: omitted; set WRANGLER_LOG_SANITIZE=false to include sanitized data
---

--- 2026-02-13T20:27:56.899Z debug
-- END CF API REQUEST
---

--- 2026-02-13T20:27:57.153Z debug
-- START CF API RESPONSE: OK 200
---

--- 2026-02-13T20:27:57.153Z debug
HEADERS: omitted; set WRANGLER_LOG_SANITIZE=false to include sanitized data
---

--- 2026-02-13T20:27:57.153Z debug
RESPONSE: omitted; set WRANGLER_LOG_SANITIZE=false to include sanitized data
---

--- 2026-02-13T20:27:57.153Z debug
-- END CF API RESPONSE
---

--- 2026-02-13T20:27:57.153Z log
Uploading... (13/13)
---

--- 2026-02-13T20:27:57.154Z log
✨ Success! Uploaded 0 files (13 already uploaded) (0.26 sec)

---

--- 2026-02-13T20:27:57.154Z debug
-- START CF API REQUEST: POST https://api.cloudflare.com/client/v4/pages/assets/upsert-hashes
---

--- 2026-02-13T20:27:57.154Z debug
QUERY STRING: omitted; set WRANGLER_LOG_SANITIZE=false to include sanitized data
---

--- 2026-02-13T20:27:57.154Z debug
HEADERS: omitted; set WRANGLER_LOG_SANITIZE=false to include sanitized data
---

--- 2026-02-13T20:27:57.154Z debug
INIT: omitted; set WRANGLER_LOG_SANITIZE=false to include sanitized data
---

--- 2026-02-13T20:27:57.154Z debug
-- END CF API REQUEST
---

--- 2026-02-13T20:27:57.389Z debug
-- START CF API RESPONSE: OK 200
---

--- 2026-02-13T20:27:57.389Z debug
HEADERS: omitted; set WRANGLER_LOG_SANITIZE=false to include sanitized data
---

--- 2026-02-13T20:27:57.390Z debug
RESPONSE: omitted; set WRANGLER_LOG_SANITIZE=false to include sanitized data
---

--- 2026-02-13T20:27:57.390Z debug
-- END CF API RESPONSE
---

--- 2026-02-13T20:27:57.433Z log
✨ Compiled Worker successfully
---

--- 2026-02-13T20:27:57.437Z log
✨ Uploading Worker bundle
---

--- 2026-02-13T20:27:57.437Z debug
-- START CF API REQUEST: POST https://api.cloudflare.com/client/v4/accounts/f139034ef7924a1d387c88f394b535a2/pages/projects/akgsempire/deployments
---

--- 2026-02-13T20:27:57.437Z debug
QUERY STRING: omitted; set WRANGLER_LOG_SANITIZE=false to include sanitized data
---

--- 2026-02-13T20:27:57.437Z debug
HEADERS: omitted; set WRANGLER_LOG_SANITIZE=false to include sanitized data
---

--- 2026-02-13T20:27:57.437Z debug
INIT: omitted; set WRANGLER_LOG_SANITIZE=false to include sanitized data
---

--- 2026-02-13T20:27:57.438Z debug
BODY: omitted; set WRANGLER_LOG_SANITIZE=false to include sanitized data
---

--- 2026-02-13T20:27:57.438Z debug
-- END CF API REQUEST
---

--- 2026-02-13T20:27:59.754Z debug
-- START CF API RESPONSE: OK 200
---

--- 2026-02-13T20:27:59.754Z debug
HEADERS: omitted; set WRANGLER_LOG_SANITIZE=false to include sanitized data
---

--- 2026-02-13T20:27:59.754Z debug
RESPONSE: omitted; set WRANGLER_LOG_SANITIZE=false to include sanitized data
---

--- 2026-02-13T20:27:59.754Z debug
-- END CF API RESPONSE
---

--- 2026-02-13T20:27:59.754Z debug
Saving to cache: {"account_id":"f139034ef7924a1d387c88f394b535a2","project_name":"akgsempire"}
---

--- 2026-02-13T20:27:59.756Z log
🌎 Deploying...
---

--- 2026-02-13T20:28:00.769Z debug
attempt #1: Attempting to fetch status for deployment with id "4620cba4-6e34-4aa3-a2be-1a73594090de" ...
---

--- 2026-02-13T20:28:00.769Z debug
-- START CF API REQUEST: GET https://api.cloudflare.com/client/v4/accounts/f139034ef7924a1d387c88f394b535a2/pages/projects/akgsempire/deployments/4620cba4-6e34-4aa3-a2be-1a73594090de
---

--- 2026-02-13T20:28:00.769Z debug
QUERY STRING: omitted; set WRANGLER_LOG_SANITIZE=false to include sanitized data
---

--- 2026-02-13T20:28:00.769Z debug
HEADERS: omitted; set WRANGLER_LOG_SANITIZE=false to include sanitized data
---

--- 2026-02-13T20:28:00.769Z debug
INIT: omitted; set WRANGLER_LOG_SANITIZE=false to include sanitized data
---

--- 2026-02-13T20:28:00.769Z debug
-- END CF API REQUEST
---

--- 2026-02-13T20:28:01.635Z debug
-- START CF API RESPONSE: OK 200
---

--- 2026-02-13T20:28:01.635Z debug
HEADERS: omitted; set WRANGLER_LOG_SANITIZE=false to include sanitized data
---

--- 2026-02-13T20:28:01.635Z debug
RESPONSE: omitted; set WRANGLER_LOG_SANITIZE=false to include sanitized data
---

--- 2026-02-13T20:28:01.635Z debug
-- END CF API RESPONSE
---

--- 2026-02-13T20:28:03.641Z debug
attempt #2: Attempting to fetch status for deployment with id "4620cba4-6e34-4aa3-a2be-1a73594090de" ...
---

--- 2026-02-13T20:28:03.641Z debug
-- START CF API REQUEST: GET https://api.cloudflare.com/client/v4/accounts/f139034ef7924a1d387c88f394b535a2/pages/projects/akgsempire/deployments/4620cba4-6e34-4aa3-a2be-1a73594090de
---

--- 2026-02-13T20:28:03.641Z debug
QUERY STRING: omitted; set WRANGLER_LOG_SANITIZE=false to include sanitized data
---

--- 2026-02-13T20:28:03.641Z debug
HEADERS: omitted; set WRANGLER_LOG_SANITIZE=false to include sanitized data
---

--- 2026-02-13T20:28:03.641Z debug
INIT: omitted; set WRANGLER_LOG_SANITIZE=false to include sanitized data
---

--- 2026-02-13T20:28:03.641Z debug
-- END CF API REQUEST
---

--- 2026-02-13T20:28:04.746Z debug
-- START CF API RESPONSE: OK 200
---

--- 2026-02-13T20:28:04.746Z debug
HEADERS: omitted; set WRANGLER_LOG_SANITIZE=false to include sanitized data
---

--- 2026-02-13T20:28:04.746Z debug
RESPONSE: omitted; set WRANGLER_LOG_SANITIZE=false to include sanitized data
---

--- 2026-02-13T20:28:04.746Z debug
-- END CF API RESPONSE
---

--- 2026-02-13T20:28:04.747Z log
✨ Deployment complete! Take a peek over at https://4620cba4.akgsempire.pages.dev
---

--- 2026-02-13T20:28:04.749Z debug
Metrics dispatcher: Posting data {"deviceId":"672dd324-7ddc-4102-8d1e-2dabcfd6b5db","event":"create pages deployment","timestamp":1771014484749,"properties":{"amplitude_session_id":1771014484747,"amplitude_event_id":0,"wranglerVersion":"4.65.0","wranglerMajorVersion":4,"wranglerMinorVersion":65,"wranglerPatchVersion":0,"osPlatform":"Windows","osVersion":"Windows 11 Pro","nodeVersion":24,"isFirstUsage":false,"configFileType":"none","isCI":false,"isPagesCI":false,"isWorkersCI":false,"isInteractive":false,"hasAssets":false,"agent":null,"category":"Workers","os":"win32:x64"}}
---

--- 2026-02-13T20:28:04.752Z debug
Metrics dispatcher: Posting data {"deviceId":"672dd324-7ddc-4102-8d1e-2dabcfd6b5db","event":"wrangler command completed","timestamp":1771014484752,"properties":{"amplitude_session_id":1771014472382,"amplitude_event_id":1,"wranglerVersion":"4.65.0","wranglerMajorVersion":4,"wranglerMinorVersion":65,"wranglerPatchVersion":0,"osPlatform":"Windows","osVersion":"Windows 11 Pro","nodeVersion":24,"isFirstUsage":false,"configFileType":"none","isCI":false,"isPagesCI":false,"isWorkersCI":false,"isInteractive":false,"hasAssets":false,"agent":null,"argsUsed":["projectName"],"argsCombination":"projectName","sanitizedCommand":"pages deploy","sanitizedArgs":{},"durationMs":12376}}
---
