
--- 2026-02-13T13:14:53.215Z debug
🪵  Writing logs to "C:\Users\under\OneDrive\Desktop\SITE AKGS\.config\.wrangler\logs\wrangler-2026-02-13_13-14-53_051.log"
---

--- 2026-02-13T13:14:53.215Z debug
.env file not found at "C:\Users\under\OneDrive\Desktop\SITE AKGS\.env.local". Continuing... For more details, refer to https://developers.cloudflare.com/workers/wrangler/system-environment-variables/
---

--- 2026-02-13T13:14:53.225Z log

 ⛅️ wrangler 4.65.0
───────────────────
---

--- 2026-02-13T13:14:53.228Z debug
Metrics dispatcher: Posting data {"deviceId":"672dd324-7ddc-4102-8d1e-2dabcfd6b5db","event":"wrangler command started","timestamp":1770988493228,"properties":{"amplitude_session_id":1770988493226,"amplitude_event_id":0,"wranglerVersion":"4.65.0","wranglerMajorVersion":4,"wranglerMinorVersion":65,"wranglerPatchVersion":0,"osPlatform":"Windows","osVersion":"Windows 11 Pro","nodeVersion":24,"isFirstUsage":false,"configFileType":"none","isCI":false,"isPagesCI":false,"isWorkersCI":false,"isInteractive":false,"hasAssets":false,"agent":null,"argsUsed":["projectName"],"argsCombination":"projectName","sanitizedCommand":"pages deploy","sanitizedArgs":{}}}
---

--- 2026-02-13T13:14:53.261Z debug
-- START CF API REQUEST: GET https://api.cloudflare.com/client/v4/accounts/f139034ef7924a1d387c88f394b535a2/pages/projects/akgsempire
---

--- 2026-02-13T13:14:53.261Z debug
QUERY STRING: omitted; set WRANGLER_LOG_SANITIZE=false to include sanitized data
---

--- 2026-02-13T13:14:53.261Z debug
HEADERS: omitted; set WRANGLER_LOG_SANITIZE=false to include sanitized data
---

--- 2026-02-13T13:14:53.261Z debug
INIT: omitted; set WRANGLER_LOG_SANITIZE=false to include sanitized data
---

--- 2026-02-13T13:14:53.261Z debug
-- END CF API REQUEST
---

--- 2026-02-13T13:14:54.128Z debug
-- START CF API RESPONSE: OK 200
---

--- 2026-02-13T13:14:54.128Z debug
HEADERS: omitted; set WRANGLER_LOG_SANITIZE=false to include sanitized data
---

--- 2026-02-13T13:14:54.128Z debug
RESPONSE: omitted; set WRANGLER_LOG_SANITIZE=false to include sanitized data
---

--- 2026-02-13T13:14:54.128Z debug
-- END CF API RESPONSE
---

--- 2026-02-13T13:14:54.130Z debug
pages deploy: Detecting git repository information...
---

--- 2026-02-13T13:14:54.238Z debug
pages deploy: Git repository detected
---

--- 2026-02-13T13:14:54.451Z debug
pages deploy: Working directory dirty status: true
---

--- 2026-02-13T13:14:54.559Z debug
pages deploy: Detected branch: "main"
---

--- 2026-02-13T13:14:54.660Z debug
pages deploy: Detected commit hash: "0d46a04ccc67ba01ceae5c1009b40f0216cd5b4c"
---

--- 2026-02-13T13:14:54.774Z debug
pages deploy: Detected commit message: "update"
---

--- 2026-02-13T13:14:54.847Z warn
▲ [WARNING] Warning: Your working directory is a git repo and has uncommitted changes

  To silence this warning, pass in --commit-dirty=true


---

--- 2026-02-13T13:14:54.847Z debug
pages deploy: Git information summary - branch: main, commitHash: 0d46a04ccc67ba01ceae5c1009b40f0216cd5b4c, commitDirty: true
---

--- 2026-02-13T13:14:54.848Z debug
-- START CF API REQUEST: GET https://api.cloudflare.com/client/v4/accounts/f139034ef7924a1d387c88f394b535a2/pages/projects/akgsempire
---

--- 2026-02-13T13:14:54.848Z debug
QUERY STRING: omitted; set WRANGLER_LOG_SANITIZE=false to include sanitized data
---

--- 2026-02-13T13:14:54.848Z debug
HEADERS: omitted; set WRANGLER_LOG_SANITIZE=false to include sanitized data
---

--- 2026-02-13T13:14:54.848Z debug
INIT: omitted; set WRANGLER_LOG_SANITIZE=false to include sanitized data
---

--- 2026-02-13T13:14:54.848Z debug
-- END CF API REQUEST
---

--- 2026-02-13T13:14:56.192Z debug
-- START CF API RESPONSE: OK 200
---

--- 2026-02-13T13:14:56.192Z debug
HEADERS: omitted; set WRANGLER_LOG_SANITIZE=false to include sanitized data
---

--- 2026-02-13T13:14:56.192Z debug
RESPONSE: omitted; set WRANGLER_LOG_SANITIZE=false to include sanitized data
---

--- 2026-02-13T13:14:56.192Z debug
-- END CF API RESPONSE
---

--- 2026-02-13T13:14:56.270Z log
✨ Compiled Worker successfully
---

--- 2026-02-13T13:14:56.278Z debug
-- START CF API REQUEST: GET https://api.cloudflare.com/client/v4/accounts/f139034ef7924a1d387c88f394b535a2/pages/projects/akgsempire/upload-token
---

--- 2026-02-13T13:14:56.279Z debug
QUERY STRING: omitted; set WRANGLER_LOG_SANITIZE=false to include sanitized data
---

--- 2026-02-13T13:14:56.279Z debug
HEADERS: omitted; set WRANGLER_LOG_SANITIZE=false to include sanitized data
---

--- 2026-02-13T13:14:56.279Z debug
INIT: omitted; set WRANGLER_LOG_SANITIZE=false to include sanitized data
---

--- 2026-02-13T13:14:56.279Z debug
-- END CF API REQUEST
---

--- 2026-02-13T13:14:56.949Z debug
-- START CF API RESPONSE: OK 200
---

--- 2026-02-13T13:14:56.949Z debug
HEADERS: omitted; set WRANGLER_LOG_SANITIZE=false to include sanitized data
---

--- 2026-02-13T13:14:56.949Z debug
RESPONSE: omitted; set WRANGLER_LOG_SANITIZE=false to include sanitized data
---

--- 2026-02-13T13:14:56.949Z debug
-- END CF API RESPONSE
---

--- 2026-02-13T13:14:56.969Z debug
-- START CF API REQUEST: GET https://api.cloudflare.com/client/v4/accounts/f139034ef7924a1d387c88f394b535a2/pages/projects/akgsempire/upload-token
---

--- 2026-02-13T13:14:56.969Z debug
QUERY STRING: omitted; set WRANGLER_LOG_SANITIZE=false to include sanitized data
---

--- 2026-02-13T13:14:56.969Z debug
HEADERS: omitted; set WRANGLER_LOG_SANITIZE=false to include sanitized data
---

--- 2026-02-13T13:14:56.969Z debug
INIT: omitted; set WRANGLER_LOG_SANITIZE=false to include sanitized data
---

--- 2026-02-13T13:14:56.969Z debug
-- END CF API REQUEST
---

--- 2026-02-13T13:14:57.638Z debug
-- START CF API RESPONSE: OK 200
---

--- 2026-02-13T13:14:57.638Z debug
HEADERS: omitted; set WRANGLER_LOG_SANITIZE=false to include sanitized data
---

--- 2026-02-13T13:14:57.638Z debug
RESPONSE: omitted; set WRANGLER_LOG_SANITIZE=false to include sanitized data
---

--- 2026-02-13T13:14:57.638Z debug
-- END CF API RESPONSE
---

--- 2026-02-13T13:14:57.639Z debug
-- START CF API REQUEST: POST https://api.cloudflare.com/client/v4/pages/assets/check-missing
---

--- 2026-02-13T13:14:57.639Z debug
QUERY STRING: omitted; set WRANGLER_LOG_SANITIZE=false to include sanitized data
---

--- 2026-02-13T13:14:57.639Z debug
HEADERS: omitted; set WRANGLER_LOG_SANITIZE=false to include sanitized data
---

--- 2026-02-13T13:14:57.639Z debug
INIT: omitted; set WRANGLER_LOG_SANITIZE=false to include sanitized data
---

--- 2026-02-13T13:14:57.639Z debug
-- END CF API REQUEST
---

--- 2026-02-13T13:14:57.840Z debug
-- START CF API RESPONSE: OK 200
---

--- 2026-02-13T13:14:57.840Z debug
HEADERS: omitted; set WRANGLER_LOG_SANITIZE=false to include sanitized data
---

--- 2026-02-13T13:14:57.840Z debug
RESPONSE: omitted; set WRANGLER_LOG_SANITIZE=false to include sanitized data
---

--- 2026-02-13T13:14:57.840Z debug
-- END CF API RESPONSE
---

--- 2026-02-13T13:14:57.840Z log
Uploading... (18/19)
---

--- 2026-02-13T13:14:57.842Z debug
POST /pages/assets/upload
---

--- 2026-02-13T13:14:57.842Z debug
-- START CF API REQUEST: POST https://api.cloudflare.com/client/v4/pages/assets/upload
---

--- 2026-02-13T13:14:57.842Z debug
QUERY STRING: omitted; set WRANGLER_LOG_SANITIZE=false to include sanitized data
---

--- 2026-02-13T13:14:57.842Z debug
HEADERS: omitted; set WRANGLER_LOG_SANITIZE=false to include sanitized data
---

--- 2026-02-13T13:14:57.842Z debug
INIT: omitted; set WRANGLER_LOG_SANITIZE=false to include sanitized data
---

--- 2026-02-13T13:14:57.842Z debug
-- END CF API REQUEST
---

--- 2026-02-13T13:14:58.521Z debug
-- START CF API RESPONSE: OK 200
---

--- 2026-02-13T13:14:58.521Z debug
HEADERS: omitted; set WRANGLER_LOG_SANITIZE=false to include sanitized data
---

--- 2026-02-13T13:14:58.521Z debug
RESPONSE: omitted; set WRANGLER_LOG_SANITIZE=false to include sanitized data
---

--- 2026-02-13T13:14:58.521Z debug
-- END CF API RESPONSE
---

--- 2026-02-13T13:14:58.522Z debug
result: { successful_key_count: 1, unsuccessful_keys: [] }
---

--- 2026-02-13T13:14:58.522Z log
Uploading... (19/19)
---

--- 2026-02-13T13:14:58.522Z log
✨ Success! Uploaded 1 files (18 already uploaded) (0.88 sec)

---

--- 2026-02-13T13:14:58.522Z debug
-- START CF API REQUEST: POST https://api.cloudflare.com/client/v4/pages/assets/upsert-hashes
---

--- 2026-02-13T13:14:58.522Z debug
QUERY STRING: omitted; set WRANGLER_LOG_SANITIZE=false to include sanitized data
---

--- 2026-02-13T13:14:58.522Z debug
HEADERS: omitted; set WRANGLER_LOG_SANITIZE=false to include sanitized data
---

--- 2026-02-13T13:14:58.522Z debug
INIT: omitted; set WRANGLER_LOG_SANITIZE=false to include sanitized data
---

--- 2026-02-13T13:14:58.522Z debug
-- END CF API REQUEST
---

--- 2026-02-13T13:14:58.706Z debug
-- START CF API RESPONSE: OK 200
---

--- 2026-02-13T13:14:58.706Z debug
HEADERS: omitted; set WRANGLER_LOG_SANITIZE=false to include sanitized data
---

--- 2026-02-13T13:14:58.706Z debug
RESPONSE: omitted; set WRANGLER_LOG_SANITIZE=false to include sanitized data
---

--- 2026-02-13T13:14:58.706Z debug
-- END CF API RESPONSE
---

--- 2026-02-13T13:14:58.710Z log
✨ Uploading Functions bundle
---

--- 2026-02-13T13:14:58.711Z debug
-- START CF API REQUEST: POST https://api.cloudflare.com/client/v4/accounts/f139034ef7924a1d387c88f394b535a2/pages/projects/akgsempire/deployments
---

--- 2026-02-13T13:14:58.711Z debug
QUERY STRING: omitted; set WRANGLER_LOG_SANITIZE=false to include sanitized data
---

--- 2026-02-13T13:14:58.711Z debug
HEADERS: omitted; set WRANGLER_LOG_SANITIZE=false to include sanitized data
---

--- 2026-02-13T13:14:58.711Z debug
INIT: omitted; set WRANGLER_LOG_SANITIZE=false to include sanitized data
---

--- 2026-02-13T13:14:58.712Z debug
BODY: omitted; set WRANGLER_LOG_SANITIZE=false to include sanitized data
---

--- 2026-02-13T13:14:58.712Z debug
-- END CF API REQUEST
---

--- 2026-02-13T13:15:00.572Z debug
-- START CF API RESPONSE: OK 200
---

--- 2026-02-13T13:15:00.572Z debug
HEADERS: omitted; set WRANGLER_LOG_SANITIZE=false to include sanitized data
---

--- 2026-02-13T13:15:00.572Z debug
RESPONSE: omitted; set WRANGLER_LOG_SANITIZE=false to include sanitized data
---

--- 2026-02-13T13:15:00.572Z debug
-- END CF API RESPONSE
---

--- 2026-02-13T13:15:00.572Z debug
Saving to cache: {"account_id":"f139034ef7924a1d387c88f394b535a2","project_name":"akgsempire"}
---

--- 2026-02-13T13:15:00.573Z log
🌎 Deploying...
---

--- 2026-02-13T13:15:01.583Z debug
attempt #1: Attempting to fetch status for deployment with id "4bc2ad45-ba59-49e4-912d-9101ba8b00b4" ...
---

--- 2026-02-13T13:15:01.583Z debug
-- START CF API REQUEST: GET https://api.cloudflare.com/client/v4/accounts/f139034ef7924a1d387c88f394b535a2/pages/projects/akgsempire/deployments/4bc2ad45-ba59-49e4-912d-9101ba8b00b4
---

--- 2026-02-13T13:15:01.583Z debug
QUERY STRING: omitted; set WRANGLER_LOG_SANITIZE=false to include sanitized data
---

--- 2026-02-13T13:15:01.583Z debug
HEADERS: omitted; set WRANGLER_LOG_SANITIZE=false to include sanitized data
---

--- 2026-02-13T13:15:01.583Z debug
INIT: omitted; set WRANGLER_LOG_SANITIZE=false to include sanitized data
---

--- 2026-02-13T13:15:01.583Z debug
-- END CF API REQUEST
---

--- 2026-02-13T13:15:02.846Z debug
-- START CF API RESPONSE: OK 200
---

--- 2026-02-13T13:15:02.846Z debug
HEADERS: omitted; set WRANGLER_LOG_SANITIZE=false to include sanitized data
---

--- 2026-02-13T13:15:02.847Z debug
RESPONSE: omitted; set WRANGLER_LOG_SANITIZE=false to include sanitized data
---

--- 2026-02-13T13:15:02.847Z debug
-- END CF API RESPONSE
---

--- 2026-02-13T13:15:04.857Z debug
attempt #2: Attempting to fetch status for deployment with id "4bc2ad45-ba59-49e4-912d-9101ba8b00b4" ...
---

--- 2026-02-13T13:15:04.858Z debug
-- START CF API REQUEST: GET https://api.cloudflare.com/client/v4/accounts/f139034ef7924a1d387c88f394b535a2/pages/projects/akgsempire/deployments/4bc2ad45-ba59-49e4-912d-9101ba8b00b4
---

--- 2026-02-13T13:15:04.858Z debug
QUERY STRING: omitted; set WRANGLER_LOG_SANITIZE=false to include sanitized data
---

--- 2026-02-13T13:15:04.858Z debug
HEADERS: omitted; set WRANGLER_LOG_SANITIZE=false to include sanitized data
---

--- 2026-02-13T13:15:04.858Z debug
INIT: omitted; set WRANGLER_LOG_SANITIZE=false to include sanitized data
---

--- 2026-02-13T13:15:04.858Z debug
-- END CF API REQUEST
---

--- 2026-02-13T13:15:10.348Z debug
-- START CF API RESPONSE: OK 200
---

--- 2026-02-13T13:15:10.349Z debug
HEADERS: omitted; set WRANGLER_LOG_SANITIZE=false to include sanitized data
---

--- 2026-02-13T13:15:10.349Z debug
RESPONSE: omitted; set WRANGLER_LOG_SANITIZE=false to include sanitized data
---

--- 2026-02-13T13:15:10.349Z debug
-- END CF API RESPONSE
---

--- 2026-02-13T13:15:14.350Z debug
attempt #3: Attempting to fetch status for deployment with id "4bc2ad45-ba59-49e4-912d-9101ba8b00b4" ...
---

--- 2026-02-13T13:15:14.350Z debug
-- START CF API REQUEST: GET https://api.cloudflare.com/client/v4/accounts/f139034ef7924a1d387c88f394b535a2/pages/projects/akgsempire/deployments/4bc2ad45-ba59-49e4-912d-9101ba8b00b4
---

--- 2026-02-13T13:15:14.350Z debug
QUERY STRING: omitted; set WRANGLER_LOG_SANITIZE=false to include sanitized data
---

--- 2026-02-13T13:15:14.350Z debug
HEADERS: omitted; set WRANGLER_LOG_SANITIZE=false to include sanitized data
---

--- 2026-02-13T13:15:14.350Z debug
INIT: omitted; set WRANGLER_LOG_SANITIZE=false to include sanitized data
---

--- 2026-02-13T13:15:14.350Z debug
-- END CF API REQUEST
---

--- 2026-02-13T13:15:15.789Z debug
-- START CF API RESPONSE: OK 200
---

--- 2026-02-13T13:15:15.789Z debug
HEADERS: omitted; set WRANGLER_LOG_SANITIZE=false to include sanitized data
---

--- 2026-02-13T13:15:15.789Z debug
RESPONSE: omitted; set WRANGLER_LOG_SANITIZE=false to include sanitized data
---

--- 2026-02-13T13:15:15.789Z debug
-- END CF API RESPONSE
---

--- 2026-02-13T13:15:15.790Z log
✨ Deployment complete! Take a peek over at https://4bc2ad45.akgsempire.pages.dev
---

--- 2026-02-13T13:15:15.792Z debug
Metrics dispatcher: Posting data {"deviceId":"672dd324-7ddc-4102-8d1e-2dabcfd6b5db","event":"create pages deployment","timestamp":1770988515792,"properties":{"amplitude_session_id":1770988515790,"amplitude_event_id":0,"wranglerVersion":"4.65.0","wranglerMajorVersion":4,"wranglerMinorVersion":65,"wranglerPatchVersion":0,"osPlatform":"Windows","osVersion":"Windows 11 Pro","nodeVersion":24,"isFirstUsage":false,"configFileType":"none","isCI":false,"isPagesCI":false,"isWorkersCI":false,"isInteractive":false,"hasAssets":false,"agent":null,"category":"Workers","os":"win32:x64"}}
---

--- 2026-02-13T13:15:15.795Z debug
Metrics dispatcher: Posting data {"deviceId":"672dd324-7ddc-4102-8d1e-2dabcfd6b5db","event":"wrangler command completed","timestamp":1770988515795,"properties":{"amplitude_session_id":1770988493226,"amplitude_event_id":1,"wranglerVersion":"4.65.0","wranglerMajorVersion":4,"wranglerMinorVersion":65,"wranglerPatchVersion":0,"osPlatform":"Windows","osVersion":"Windows 11 Pro","nodeVersion":24,"isFirstUsage":false,"configFileType":"none","isCI":false,"isPagesCI":false,"isWorkersCI":false,"isInteractive":false,"hasAssets":false,"agent":null,"argsUsed":["projectName"],"argsCombination":"projectName","sanitizedCommand":"pages deploy","sanitizedArgs":{},"durationMs":22574}}
---
