
--- 2026-02-13T11:57:08.779Z debug
🪵  Writing logs to "C:\Users\under\OneDrive\Desktop\SITE AKGS\.config\.wrangler\logs\wrangler-2026-02-13_11-57-08_602.log"
---

--- 2026-02-13T11:57:08.779Z debug
.env file not found at "C:\Users\under\OneDrive\Desktop\SITE AKGS\.env.local". Continuing... For more details, refer to https://developers.cloudflare.com/workers/wrangler/system-environment-variables/
---

--- 2026-02-13T11:57:08.791Z log

 ⛅️ wrangler 4.65.0
───────────────────
---

--- 2026-02-13T11:57:08.795Z debug
Metrics dispatcher: Posting data {"deviceId":"672dd324-7ddc-4102-8d1e-2dabcfd6b5db","event":"wrangler command started","timestamp":1770983828795,"properties":{"amplitude_session_id":1770983828792,"amplitude_event_id":0,"wranglerVersion":"4.65.0","wranglerMajorVersion":4,"wranglerMinorVersion":65,"wranglerPatchVersion":0,"osPlatform":"Windows","osVersion":"Windows 11 Pro","nodeVersion":24,"isFirstUsage":false,"configFileType":"none","isCI":false,"isPagesCI":false,"isWorkersCI":false,"isInteractive":false,"hasAssets":false,"agent":null,"argsUsed":["projectName"],"argsCombination":"projectName","sanitizedCommand":"pages deploy","sanitizedArgs":{}}}
---

--- 2026-02-13T11:57:08.832Z debug
-- START CF API REQUEST: GET https://api.cloudflare.com/client/v4/accounts/f139034ef7924a1d387c88f394b535a2/pages/projects/akgsempire
---

--- 2026-02-13T11:57:08.832Z debug
QUERY STRING: omitted; set WRANGLER_LOG_SANITIZE=false to include sanitized data
---

--- 2026-02-13T11:57:08.833Z debug
HEADERS: omitted; set WRANGLER_LOG_SANITIZE=false to include sanitized data
---

--- 2026-02-13T11:57:08.833Z debug
INIT: omitted; set WRANGLER_LOG_SANITIZE=false to include sanitized data
---

--- 2026-02-13T11:57:08.833Z debug
-- END CF API REQUEST
---

--- 2026-02-13T11:57:09.923Z debug
-- START CF API RESPONSE: OK 200
---

--- 2026-02-13T11:57:09.924Z debug
HEADERS: omitted; set WRANGLER_LOG_SANITIZE=false to include sanitized data
---

--- 2026-02-13T11:57:09.924Z debug
RESPONSE: omitted; set WRANGLER_LOG_SANITIZE=false to include sanitized data
---

--- 2026-02-13T11:57:09.924Z debug
-- END CF API RESPONSE
---

--- 2026-02-13T11:57:09.925Z debug
pages deploy: Detecting git repository information...
---

--- 2026-02-13T11:57:10.045Z debug
pages deploy: Git repository detected
---

--- 2026-02-13T11:57:10.274Z debug
pages deploy: Working directory dirty status: true
---

--- 2026-02-13T11:57:10.392Z debug
pages deploy: Detected branch: "main"
---

--- 2026-02-13T11:57:10.504Z debug
pages deploy: Detected commit hash: "0d46a04ccc67ba01ceae5c1009b40f0216cd5b4c"
---

--- 2026-02-13T11:57:10.631Z debug
pages deploy: Detected commit message: "update"
---

--- 2026-02-13T11:57:10.748Z warn
▲ [WARNING] Warning: Your working directory is a git repo and has uncommitted changes

  To silence this warning, pass in --commit-dirty=true


---

--- 2026-02-13T11:57:10.749Z debug
pages deploy: Git information summary - branch: main, commitHash: 0d46a04ccc67ba01ceae5c1009b40f0216cd5b4c, commitDirty: true
---

--- 2026-02-13T11:57:10.750Z debug
-- START CF API REQUEST: GET https://api.cloudflare.com/client/v4/accounts/f139034ef7924a1d387c88f394b535a2/pages/projects/akgsempire
---

--- 2026-02-13T11:57:10.750Z debug
QUERY STRING: omitted; set WRANGLER_LOG_SANITIZE=false to include sanitized data
---

--- 2026-02-13T11:57:10.750Z debug
HEADERS: omitted; set WRANGLER_LOG_SANITIZE=false to include sanitized data
---

--- 2026-02-13T11:57:10.750Z debug
INIT: omitted; set WRANGLER_LOG_SANITIZE=false to include sanitized data
---

--- 2026-02-13T11:57:10.750Z debug
-- END CF API REQUEST
---

--- 2026-02-13T11:57:11.731Z debug
-- START CF API RESPONSE: OK 200
---

--- 2026-02-13T11:57:11.731Z debug
HEADERS: omitted; set WRANGLER_LOG_SANITIZE=false to include sanitized data
---

--- 2026-02-13T11:57:11.731Z debug
RESPONSE: omitted; set WRANGLER_LOG_SANITIZE=false to include sanitized data
---

--- 2026-02-13T11:57:11.731Z debug
-- END CF API RESPONSE
---

--- 2026-02-13T11:57:11.737Z debug
-- START CF API REQUEST: GET https://api.cloudflare.com/client/v4/accounts/f139034ef7924a1d387c88f394b535a2/pages/projects/akgsempire/upload-token
---

--- 2026-02-13T11:57:11.737Z debug
QUERY STRING: omitted; set WRANGLER_LOG_SANITIZE=false to include sanitized data
---

--- 2026-02-13T11:57:11.737Z debug
HEADERS: omitted; set WRANGLER_LOG_SANITIZE=false to include sanitized data
---

--- 2026-02-13T11:57:11.737Z debug
INIT: omitted; set WRANGLER_LOG_SANITIZE=false to include sanitized data
---

--- 2026-02-13T11:57:11.737Z debug
-- END CF API REQUEST
---

--- 2026-02-13T11:57:12.722Z debug
-- START CF API RESPONSE: OK 200
---

--- 2026-02-13T11:57:12.723Z debug
HEADERS: omitted; set WRANGLER_LOG_SANITIZE=false to include sanitized data
---

--- 2026-02-13T11:57:12.723Z debug
RESPONSE: omitted; set WRANGLER_LOG_SANITIZE=false to include sanitized data
---

--- 2026-02-13T11:57:12.723Z debug
-- END CF API RESPONSE
---

--- 2026-02-13T11:57:12.746Z debug
-- START CF API REQUEST: GET https://api.cloudflare.com/client/v4/accounts/f139034ef7924a1d387c88f394b535a2/pages/projects/akgsempire/upload-token
---

--- 2026-02-13T11:57:12.746Z debug
QUERY STRING: omitted; set WRANGLER_LOG_SANITIZE=false to include sanitized data
---

--- 2026-02-13T11:57:12.747Z debug
HEADERS: omitted; set WRANGLER_LOG_SANITIZE=false to include sanitized data
---

--- 2026-02-13T11:57:12.747Z debug
INIT: omitted; set WRANGLER_LOG_SANITIZE=false to include sanitized data
---

--- 2026-02-13T11:57:12.747Z debug
-- END CF API REQUEST
---

--- 2026-02-13T11:57:13.452Z debug
-- START CF API RESPONSE: OK 200
---

--- 2026-02-13T11:57:13.452Z debug
HEADERS: omitted; set WRANGLER_LOG_SANITIZE=false to include sanitized data
---

--- 2026-02-13T11:57:13.452Z debug
RESPONSE: omitted; set WRANGLER_LOG_SANITIZE=false to include sanitized data
---

--- 2026-02-13T11:57:13.452Z debug
-- END CF API RESPONSE
---

--- 2026-02-13T11:57:13.453Z debug
-- START CF API REQUEST: POST https://api.cloudflare.com/client/v4/pages/assets/check-missing
---

--- 2026-02-13T11:57:13.453Z debug
QUERY STRING: omitted; set WRANGLER_LOG_SANITIZE=false to include sanitized data
---

--- 2026-02-13T11:57:13.453Z debug
HEADERS: omitted; set WRANGLER_LOG_SANITIZE=false to include sanitized data
---

--- 2026-02-13T11:57:13.453Z debug
INIT: omitted; set WRANGLER_LOG_SANITIZE=false to include sanitized data
---

--- 2026-02-13T11:57:13.453Z debug
-- END CF API REQUEST
---

--- 2026-02-13T11:57:13.670Z debug
-- START CF API RESPONSE: OK 200
---

--- 2026-02-13T11:57:13.670Z debug
HEADERS: omitted; set WRANGLER_LOG_SANITIZE=false to include sanitized data
---

--- 2026-02-13T11:57:13.670Z debug
RESPONSE: omitted; set WRANGLER_LOG_SANITIZE=false to include sanitized data
---

--- 2026-02-13T11:57:13.670Z debug
-- END CF API RESPONSE
---

--- 2026-02-13T11:57:13.670Z log
Uploading... (16/17)
---

--- 2026-02-13T11:57:13.673Z debug
POST /pages/assets/upload
---

--- 2026-02-13T11:57:13.673Z debug
-- START CF API REQUEST: POST https://api.cloudflare.com/client/v4/pages/assets/upload
---

--- 2026-02-13T11:57:13.673Z debug
QUERY STRING: omitted; set WRANGLER_LOG_SANITIZE=false to include sanitized data
---

--- 2026-02-13T11:57:13.673Z debug
HEADERS: omitted; set WRANGLER_LOG_SANITIZE=false to include sanitized data
---

--- 2026-02-13T11:57:13.673Z debug
INIT: omitted; set WRANGLER_LOG_SANITIZE=false to include sanitized data
---

--- 2026-02-13T11:57:13.673Z debug
-- END CF API REQUEST
---

--- 2026-02-13T11:57:13.937Z debug
-- START CF API RESPONSE: OK 200
---

--- 2026-02-13T11:57:13.937Z debug
HEADERS: omitted; set WRANGLER_LOG_SANITIZE=false to include sanitized data
---

--- 2026-02-13T11:57:13.937Z debug
RESPONSE: omitted; set WRANGLER_LOG_SANITIZE=false to include sanitized data
---

--- 2026-02-13T11:57:13.937Z debug
-- END CF API RESPONSE
---

--- 2026-02-13T11:57:13.938Z debug
result: { successful_key_count: 1, unsuccessful_keys: [] }
---

--- 2026-02-13T11:57:13.938Z log
Uploading... (17/17)
---

--- 2026-02-13T11:57:13.938Z log
✨ Success! Uploaded 1 files (16 already uploaded) (0.48 sec)

---

--- 2026-02-13T11:57:13.938Z debug
-- START CF API REQUEST: POST https://api.cloudflare.com/client/v4/pages/assets/upsert-hashes
---

--- 2026-02-13T11:57:13.938Z debug
QUERY STRING: omitted; set WRANGLER_LOG_SANITIZE=false to include sanitized data
---

--- 2026-02-13T11:57:13.938Z debug
HEADERS: omitted; set WRANGLER_LOG_SANITIZE=false to include sanitized data
---

--- 2026-02-13T11:57:13.938Z debug
INIT: omitted; set WRANGLER_LOG_SANITIZE=false to include sanitized data
---

--- 2026-02-13T11:57:13.938Z debug
-- END CF API REQUEST
---

--- 2026-02-13T11:57:14.113Z debug
-- START CF API RESPONSE: OK 200
---

--- 2026-02-13T11:57:14.113Z debug
HEADERS: omitted; set WRANGLER_LOG_SANITIZE=false to include sanitized data
---

--- 2026-02-13T11:57:14.113Z debug
RESPONSE: omitted; set WRANGLER_LOG_SANITIZE=false to include sanitized data
---

--- 2026-02-13T11:57:14.113Z debug
-- END CF API RESPONSE
---

--- 2026-02-13T11:57:14.114Z debug
-- START CF API REQUEST: POST https://api.cloudflare.com/client/v4/accounts/f139034ef7924a1d387c88f394b535a2/pages/projects/akgsempire/deployments
---

--- 2026-02-13T11:57:14.114Z debug
QUERY STRING: omitted; set WRANGLER_LOG_SANITIZE=false to include sanitized data
---

--- 2026-02-13T11:57:14.114Z debug
HEADERS: omitted; set WRANGLER_LOG_SANITIZE=false to include sanitized data
---

--- 2026-02-13T11:57:14.114Z debug
INIT: omitted; set WRANGLER_LOG_SANITIZE=false to include sanitized data
---

--- 2026-02-13T11:57:14.116Z debug
BODY: omitted; set WRANGLER_LOG_SANITIZE=false to include sanitized data
---

--- 2026-02-13T11:57:14.116Z debug
-- END CF API REQUEST
---

--- 2026-02-13T11:57:15.599Z debug
-- START CF API RESPONSE: OK 200
---

--- 2026-02-13T11:57:15.599Z debug
HEADERS: omitted; set WRANGLER_LOG_SANITIZE=false to include sanitized data
---

--- 2026-02-13T11:57:15.599Z debug
RESPONSE: omitted; set WRANGLER_LOG_SANITIZE=false to include sanitized data
---

--- 2026-02-13T11:57:15.599Z debug
-- END CF API RESPONSE
---

--- 2026-02-13T11:57:15.599Z debug
Saving to cache: {"account_id":"f139034ef7924a1d387c88f394b535a2","project_name":"akgsempire"}
---

--- 2026-02-13T11:57:15.601Z log
🌎 Deploying...
---

--- 2026-02-13T11:57:16.609Z debug
attempt #1: Attempting to fetch status for deployment with id "585542f0-6243-4769-a864-23ab4a6d08f5" ...
---

--- 2026-02-13T11:57:16.609Z debug
-- START CF API REQUEST: GET https://api.cloudflare.com/client/v4/accounts/f139034ef7924a1d387c88f394b535a2/pages/projects/akgsempire/deployments/585542f0-6243-4769-a864-23ab4a6d08f5
---

--- 2026-02-13T11:57:16.609Z debug
QUERY STRING: omitted; set WRANGLER_LOG_SANITIZE=false to include sanitized data
---

--- 2026-02-13T11:57:16.609Z debug
HEADERS: omitted; set WRANGLER_LOG_SANITIZE=false to include sanitized data
---

--- 2026-02-13T11:57:16.609Z debug
INIT: omitted; set WRANGLER_LOG_SANITIZE=false to include sanitized data
---

--- 2026-02-13T11:57:16.609Z debug
-- END CF API REQUEST
---

--- 2026-02-13T11:57:17.484Z debug
-- START CF API RESPONSE: OK 200
---

--- 2026-02-13T11:57:17.484Z debug
HEADERS: omitted; set WRANGLER_LOG_SANITIZE=false to include sanitized data
---

--- 2026-02-13T11:57:17.484Z debug
RESPONSE: omitted; set WRANGLER_LOG_SANITIZE=false to include sanitized data
---

--- 2026-02-13T11:57:17.484Z debug
-- END CF API RESPONSE
---

--- 2026-02-13T11:57:19.497Z debug
attempt #2: Attempting to fetch status for deployment with id "585542f0-6243-4769-a864-23ab4a6d08f5" ...
---

--- 2026-02-13T11:57:19.497Z debug
-- START CF API REQUEST: GET https://api.cloudflare.com/client/v4/accounts/f139034ef7924a1d387c88f394b535a2/pages/projects/akgsempire/deployments/585542f0-6243-4769-a864-23ab4a6d08f5
---

--- 2026-02-13T11:57:19.497Z debug
QUERY STRING: omitted; set WRANGLER_LOG_SANITIZE=false to include sanitized data
---

--- 2026-02-13T11:57:19.497Z debug
HEADERS: omitted; set WRANGLER_LOG_SANITIZE=false to include sanitized data
---

--- 2026-02-13T11:57:19.497Z debug
INIT: omitted; set WRANGLER_LOG_SANITIZE=false to include sanitized data
---

--- 2026-02-13T11:57:19.497Z debug
-- END CF API REQUEST
---

--- 2026-02-13T11:57:20.310Z debug
-- START CF API RESPONSE: OK 200
---

--- 2026-02-13T11:57:20.310Z debug
HEADERS: omitted; set WRANGLER_LOG_SANITIZE=false to include sanitized data
---

--- 2026-02-13T11:57:20.311Z debug
RESPONSE: omitted; set WRANGLER_LOG_SANITIZE=false to include sanitized data
---

--- 2026-02-13T11:57:20.311Z debug
-- END CF API RESPONSE
---

--- 2026-02-13T11:57:20.311Z log
✨ Deployment complete! Take a peek over at https://585542f0.akgsempire.pages.dev
---

--- 2026-02-13T11:57:20.313Z debug
Metrics dispatcher: Posting data {"deviceId":"672dd324-7ddc-4102-8d1e-2dabcfd6b5db","event":"create pages deployment","timestamp":1770983840313,"properties":{"amplitude_session_id":1770983840312,"amplitude_event_id":0,"wranglerVersion":"4.65.0","wranglerMajorVersion":4,"wranglerMinorVersion":65,"wranglerPatchVersion":0,"osPlatform":"Windows","osVersion":"Windows 11 Pro","nodeVersion":24,"isFirstUsage":false,"configFileType":"none","isCI":false,"isPagesCI":false,"isWorkersCI":false,"isInteractive":false,"hasAssets":false,"agent":null,"category":"Workers","os":"win32:x64"}}
---

--- 2026-02-13T11:57:20.316Z debug
Metrics dispatcher: Posting data {"deviceId":"672dd324-7ddc-4102-8d1e-2dabcfd6b5db","event":"wrangler command completed","timestamp":1770983840316,"properties":{"amplitude_session_id":1770983828792,"amplitude_event_id":1,"wranglerVersion":"4.65.0","wranglerMajorVersion":4,"wranglerMinorVersion":65,"wranglerPatchVersion":0,"osPlatform":"Windows","osVersion":"Windows 11 Pro","nodeVersion":24,"isFirstUsage":false,"configFileType":"none","isCI":false,"isPagesCI":false,"isWorkersCI":false,"isInteractive":false,"hasAssets":false,"agent":null,"argsUsed":["projectName"],"argsCombination":"projectName","sanitizedCommand":"pages deploy","sanitizedArgs":{},"durationMs":11529}}
---
