
--- 2026-02-13T20:15:14.698Z debug
🪵  Writing logs to "C:\Users\under\OneDrive\Desktop\SITE AKGS\.config\.wrangler\logs\wrangler-2026-02-13_20-15-14_509.log"
---

--- 2026-02-13T20:15:14.698Z debug
.env file not found at "C:\Users\under\OneDrive\Desktop\SITE AKGS\.env.local". Continuing... For more details, refer to https://developers.cloudflare.com/workers/wrangler/system-environment-variables/
---

--- 2026-02-13T20:15:14.707Z log

 ⛅️ wrangler 4.65.0
───────────────────
---

--- 2026-02-13T20:15:14.711Z debug
Metrics dispatcher: Posting data {"deviceId":"672dd324-7ddc-4102-8d1e-2dabcfd6b5db","event":"wrangler command started","timestamp":1771013714711,"properties":{"amplitude_session_id":1771013714708,"amplitude_event_id":0,"wranglerVersion":"4.65.0","wranglerMajorVersion":4,"wranglerMinorVersion":65,"wranglerPatchVersion":0,"osPlatform":"Windows","osVersion":"Windows 11 Pro","nodeVersion":24,"isFirstUsage":false,"configFileType":"none","isCI":false,"isPagesCI":false,"isWorkersCI":false,"isInteractive":false,"hasAssets":false,"agent":null,"argsUsed":["projectName"],"argsCombination":"projectName","sanitizedCommand":"pages deploy","sanitizedArgs":{}}}
---

--- 2026-02-13T20:15:14.749Z debug
-- START CF API REQUEST: GET https://api.cloudflare.com/client/v4/accounts/f139034ef7924a1d387c88f394b535a2/pages/projects/akgsempire
---

--- 2026-02-13T20:15:14.749Z debug
QUERY STRING: omitted; set WRANGLER_LOG_SANITIZE=false to include sanitized data
---

--- 2026-02-13T20:15:14.749Z debug
HEADERS: omitted; set WRANGLER_LOG_SANITIZE=false to include sanitized data
---

--- 2026-02-13T20:15:14.749Z debug
INIT: omitted; set WRANGLER_LOG_SANITIZE=false to include sanitized data
---

--- 2026-02-13T20:15:14.749Z debug
-- END CF API REQUEST
---

--- 2026-02-13T20:15:15.880Z debug
-- START CF API RESPONSE: OK 200
---

--- 2026-02-13T20:15:15.881Z debug
HEADERS: omitted; set WRANGLER_LOG_SANITIZE=false to include sanitized data
---

--- 2026-02-13T20:15:15.881Z debug
RESPONSE: omitted; set WRANGLER_LOG_SANITIZE=false to include sanitized data
---

--- 2026-02-13T20:15:15.881Z debug
-- END CF API RESPONSE
---

--- 2026-02-13T20:15:15.882Z debug
pages deploy: Detecting git repository information...
---

--- 2026-02-13T20:15:15.998Z debug
pages deploy: Git repository detected
---

--- 2026-02-13T20:15:16.233Z debug
pages deploy: Working directory dirty status: true
---

--- 2026-02-13T20:15:16.358Z debug
pages deploy: Detected branch: "main"
---

--- 2026-02-13T20:15:16.467Z debug
pages deploy: Detected commit hash: "ae7cbc685b39f2f61a47d766221e8f57b7768620"
---

--- 2026-02-13T20:15:16.555Z debug
pages deploy: Detected commit message: "Fix_Instagram_Redirect_And_Add_Kick_Scope"
---

--- 2026-02-13T20:15:16.638Z warn
▲ [WARNING] Warning: Your working directory is a git repo and has uncommitted changes

  To silence this warning, pass in --commit-dirty=true


---

--- 2026-02-13T20:15:16.638Z debug
pages deploy: Git information summary - branch: main, commitHash: ae7cbc685b39f2f61a47d766221e8f57b7768620, commitDirty: true
---

--- 2026-02-13T20:15:16.640Z debug
-- START CF API REQUEST: GET https://api.cloudflare.com/client/v4/accounts/f139034ef7924a1d387c88f394b535a2/pages/projects/akgsempire
---

--- 2026-02-13T20:15:16.640Z debug
QUERY STRING: omitted; set WRANGLER_LOG_SANITIZE=false to include sanitized data
---

--- 2026-02-13T20:15:16.641Z debug
HEADERS: omitted; set WRANGLER_LOG_SANITIZE=false to include sanitized data
---

--- 2026-02-13T20:15:16.641Z debug
INIT: omitted; set WRANGLER_LOG_SANITIZE=false to include sanitized data
---

--- 2026-02-13T20:15:16.641Z debug
-- END CF API REQUEST
---

--- 2026-02-13T20:15:17.916Z debug
-- START CF API RESPONSE: OK 200
---

--- 2026-02-13T20:15:17.916Z debug
HEADERS: omitted; set WRANGLER_LOG_SANITIZE=false to include sanitized data
---

--- 2026-02-13T20:15:17.916Z debug
RESPONSE: omitted; set WRANGLER_LOG_SANITIZE=false to include sanitized data
---

--- 2026-02-13T20:15:17.916Z debug
-- END CF API RESPONSE
---

--- 2026-02-13T20:15:17.921Z debug
-- START CF API REQUEST: GET https://api.cloudflare.com/client/v4/accounts/f139034ef7924a1d387c88f394b535a2/pages/projects/akgsempire/upload-token
---

--- 2026-02-13T20:15:17.921Z debug
QUERY STRING: omitted; set WRANGLER_LOG_SANITIZE=false to include sanitized data
---

--- 2026-02-13T20:15:17.921Z debug
HEADERS: omitted; set WRANGLER_LOG_SANITIZE=false to include sanitized data
---

--- 2026-02-13T20:15:17.921Z debug
INIT: omitted; set WRANGLER_LOG_SANITIZE=false to include sanitized data
---

--- 2026-02-13T20:15:17.921Z debug
-- END CF API REQUEST
---

--- 2026-02-13T20:15:18.703Z debug
-- START CF API RESPONSE: OK 200
---

--- 2026-02-13T20:15:18.703Z debug
HEADERS: omitted; set WRANGLER_LOG_SANITIZE=false to include sanitized data
---

--- 2026-02-13T20:15:18.703Z debug
RESPONSE: omitted; set WRANGLER_LOG_SANITIZE=false to include sanitized data
---

--- 2026-02-13T20:15:18.703Z debug
-- END CF API RESPONSE
---

--- 2026-02-13T20:15:18.727Z debug
-- START CF API REQUEST: GET https://api.cloudflare.com/client/v4/accounts/f139034ef7924a1d387c88f394b535a2/pages/projects/akgsempire/upload-token
---

--- 2026-02-13T20:15:18.727Z debug
QUERY STRING: omitted; set WRANGLER_LOG_SANITIZE=false to include sanitized data
---

--- 2026-02-13T20:15:18.727Z debug
HEADERS: omitted; set WRANGLER_LOG_SANITIZE=false to include sanitized data
---

--- 2026-02-13T20:15:18.727Z debug
INIT: omitted; set WRANGLER_LOG_SANITIZE=false to include sanitized data
---

--- 2026-02-13T20:15:18.727Z debug
-- END CF API REQUEST
---

--- 2026-02-13T20:15:19.612Z debug
-- START CF API RESPONSE: OK 200
---

--- 2026-02-13T20:15:19.612Z debug
HEADERS: omitted; set WRANGLER_LOG_SANITIZE=false to include sanitized data
---

--- 2026-02-13T20:15:19.612Z debug
RESPONSE: omitted; set WRANGLER_LOG_SANITIZE=false to include sanitized data
---

--- 2026-02-13T20:15:19.612Z debug
-- END CF API RESPONSE
---

--- 2026-02-13T20:15:19.613Z debug
-- START CF API REQUEST: POST https://api.cloudflare.com/client/v4/pages/assets/check-missing
---

--- 2026-02-13T20:15:19.613Z debug
QUERY STRING: omitted; set WRANGLER_LOG_SANITIZE=false to include sanitized data
---

--- 2026-02-13T20:15:19.613Z debug
HEADERS: omitted; set WRANGLER_LOG_SANITIZE=false to include sanitized data
---

--- 2026-02-13T20:15:19.613Z debug
INIT: omitted; set WRANGLER_LOG_SANITIZE=false to include sanitized data
---

--- 2026-02-13T20:15:19.613Z debug
-- END CF API REQUEST
---

--- 2026-02-13T20:15:19.918Z debug
-- START CF API RESPONSE: OK 200
---

--- 2026-02-13T20:15:19.918Z debug
HEADERS: omitted; set WRANGLER_LOG_SANITIZE=false to include sanitized data
---

--- 2026-02-13T20:15:19.918Z debug
RESPONSE: omitted; set WRANGLER_LOG_SANITIZE=false to include sanitized data
---

--- 2026-02-13T20:15:19.918Z debug
-- END CF API RESPONSE
---

--- 2026-02-13T20:15:19.919Z log
Uploading... (13/13)
---

--- 2026-02-13T20:15:19.920Z log
✨ Success! Uploaded 0 files (13 already uploaded) (0.31 sec)

---

--- 2026-02-13T20:15:19.920Z debug
-- START CF API REQUEST: POST https://api.cloudflare.com/client/v4/pages/assets/upsert-hashes
---

--- 2026-02-13T20:15:19.920Z debug
QUERY STRING: omitted; set WRANGLER_LOG_SANITIZE=false to include sanitized data
---

--- 2026-02-13T20:15:19.920Z debug
HEADERS: omitted; set WRANGLER_LOG_SANITIZE=false to include sanitized data
---

--- 2026-02-13T20:15:19.920Z debug
INIT: omitted; set WRANGLER_LOG_SANITIZE=false to include sanitized data
---

--- 2026-02-13T20:15:19.920Z debug
-- END CF API REQUEST
---

--- 2026-02-13T20:15:20.187Z debug
-- START CF API RESPONSE: OK 200
---

--- 2026-02-13T20:15:20.187Z debug
HEADERS: omitted; set WRANGLER_LOG_SANITIZE=false to include sanitized data
---

--- 2026-02-13T20:15:20.187Z debug
RESPONSE: omitted; set WRANGLER_LOG_SANITIZE=false to include sanitized data
---

--- 2026-02-13T20:15:20.187Z debug
-- END CF API RESPONSE
---

--- 2026-02-13T20:15:20.231Z log
✨ Compiled Worker successfully
---

--- 2026-02-13T20:15:20.236Z log
✨ Uploading Worker bundle
---

--- 2026-02-13T20:15:20.236Z debug
-- START CF API REQUEST: POST https://api.cloudflare.com/client/v4/accounts/f139034ef7924a1d387c88f394b535a2/pages/projects/akgsempire/deployments
---

--- 2026-02-13T20:15:20.236Z debug
QUERY STRING: omitted; set WRANGLER_LOG_SANITIZE=false to include sanitized data
---

--- 2026-02-13T20:15:20.236Z debug
HEADERS: omitted; set WRANGLER_LOG_SANITIZE=false to include sanitized data
---

--- 2026-02-13T20:15:20.236Z debug
INIT: omitted; set WRANGLER_LOG_SANITIZE=false to include sanitized data
---

--- 2026-02-13T20:15:20.237Z debug
BODY: omitted; set WRANGLER_LOG_SANITIZE=false to include sanitized data
---

--- 2026-02-13T20:15:20.237Z debug
-- END CF API REQUEST
---

--- 2026-02-13T20:15:22.155Z debug
-- START CF API RESPONSE: OK 200
---

--- 2026-02-13T20:15:22.155Z debug
HEADERS: omitted; set WRANGLER_LOG_SANITIZE=false to include sanitized data
---

--- 2026-02-13T20:15:22.155Z debug
RESPONSE: omitted; set WRANGLER_LOG_SANITIZE=false to include sanitized data
---

--- 2026-02-13T20:15:22.155Z debug
-- END CF API RESPONSE
---

--- 2026-02-13T20:15:22.156Z debug
Saving to cache: {"account_id":"f139034ef7924a1d387c88f394b535a2","project_name":"akgsempire"}
---

--- 2026-02-13T20:15:22.157Z log
🌎 Deploying...
---

--- 2026-02-13T20:15:23.161Z debug
attempt #1: Attempting to fetch status for deployment with id "6c31bfff-e23d-453c-84d7-d14f9fde1a06" ...
---

--- 2026-02-13T20:15:23.161Z debug
-- START CF API REQUEST: GET https://api.cloudflare.com/client/v4/accounts/f139034ef7924a1d387c88f394b535a2/pages/projects/akgsempire/deployments/6c31bfff-e23d-453c-84d7-d14f9fde1a06
---

--- 2026-02-13T20:15:23.161Z debug
QUERY STRING: omitted; set WRANGLER_LOG_SANITIZE=false to include sanitized data
---

--- 2026-02-13T20:15:23.161Z debug
HEADERS: omitted; set WRANGLER_LOG_SANITIZE=false to include sanitized data
---

--- 2026-02-13T20:15:23.161Z debug
INIT: omitted; set WRANGLER_LOG_SANITIZE=false to include sanitized data
---

--- 2026-02-13T20:15:23.161Z debug
-- END CF API REQUEST
---

--- 2026-02-13T20:15:24.063Z debug
-- START CF API RESPONSE: OK 200
---

--- 2026-02-13T20:15:24.063Z debug
HEADERS: omitted; set WRANGLER_LOG_SANITIZE=false to include sanitized data
---

--- 2026-02-13T20:15:24.063Z debug
RESPONSE: omitted; set WRANGLER_LOG_SANITIZE=false to include sanitized data
---

--- 2026-02-13T20:15:24.063Z debug
-- END CF API RESPONSE
---

--- 2026-02-13T20:15:26.067Z debug
attempt #2: Attempting to fetch status for deployment with id "6c31bfff-e23d-453c-84d7-d14f9fde1a06" ...
---

--- 2026-02-13T20:15:26.067Z debug
-- START CF API REQUEST: GET https://api.cloudflare.com/client/v4/accounts/f139034ef7924a1d387c88f394b535a2/pages/projects/akgsempire/deployments/6c31bfff-e23d-453c-84d7-d14f9fde1a06
---

--- 2026-02-13T20:15:26.067Z debug
QUERY STRING: omitted; set WRANGLER_LOG_SANITIZE=false to include sanitized data
---

--- 2026-02-13T20:15:26.067Z debug
HEADERS: omitted; set WRANGLER_LOG_SANITIZE=false to include sanitized data
---

--- 2026-02-13T20:15:26.067Z debug
INIT: omitted; set WRANGLER_LOG_SANITIZE=false to include sanitized data
---

--- 2026-02-13T20:15:26.067Z debug
-- END CF API REQUEST
---

--- 2026-02-13T20:15:27.409Z debug
-- START CF API RESPONSE: OK 200
---

--- 2026-02-13T20:15:27.409Z debug
HEADERS: omitted; set WRANGLER_LOG_SANITIZE=false to include sanitized data
---

--- 2026-02-13T20:15:27.409Z debug
RESPONSE: omitted; set WRANGLER_LOG_SANITIZE=false to include sanitized data
---

--- 2026-02-13T20:15:27.409Z debug
-- END CF API RESPONSE
---

--- 2026-02-13T20:15:27.410Z log
✨ Deployment complete! Take a peek over at https://6c31bfff.akgsempire.pages.dev
---

--- 2026-02-13T20:15:27.412Z debug
Metrics dispatcher: Posting data {"deviceId":"672dd324-7ddc-4102-8d1e-2dabcfd6b5db","event":"create pages deployment","timestamp":1771013727412,"properties":{"amplitude_session_id":1771013727410,"amplitude_event_id":0,"wranglerVersion":"4.65.0","wranglerMajorVersion":4,"wranglerMinorVersion":65,"wranglerPatchVersion":0,"osPlatform":"Windows","osVersion":"Windows 11 Pro","nodeVersion":24,"isFirstUsage":false,"configFileType":"none","isCI":false,"isPagesCI":false,"isWorkersCI":false,"isInteractive":false,"hasAssets":false,"agent":null,"category":"Workers","os":"win32:x64"}}
---

--- 2026-02-13T20:15:27.414Z debug
Metrics dispatcher: Posting data {"deviceId":"672dd324-7ddc-4102-8d1e-2dabcfd6b5db","event":"wrangler command completed","timestamp":1771013727414,"properties":{"amplitude_session_id":1771013714708,"amplitude_event_id":1,"wranglerVersion":"4.65.0","wranglerMajorVersion":4,"wranglerMinorVersion":65,"wranglerPatchVersion":0,"osPlatform":"Windows","osVersion":"Windows 11 Pro","nodeVersion":24,"isFirstUsage":false,"configFileType":"none","isCI":false,"isPagesCI":false,"isWorkersCI":false,"isInteractive":false,"hasAssets":false,"agent":null,"argsUsed":["projectName"],"argsCombination":"projectName","sanitizedCommand":"pages deploy","sanitizedArgs":{},"durationMs":12712}}
---
