
--- 2026-02-13T19:55:18.974Z debug
🪵  Writing logs to "C:\Users\under\OneDrive\Desktop\SITE AKGS\.config\.wrangler\logs\wrangler-2026-02-13_19-55-18_786.log"
---

--- 2026-02-13T19:55:18.974Z debug
.env file not found at "C:\Users\under\OneDrive\Desktop\SITE AKGS\.env.local". Continuing... For more details, refer to https://developers.cloudflare.com/workers/wrangler/system-environment-variables/
---

--- 2026-02-13T19:55:18.983Z log

 ⛅️ wrangler 4.65.0
───────────────────
---

--- 2026-02-13T19:55:18.986Z debug
Metrics dispatcher: Posting data {"deviceId":"672dd324-7ddc-4102-8d1e-2dabcfd6b5db","event":"wrangler command started","timestamp":1771012518986,"properties":{"amplitude_session_id":1771012518984,"amplitude_event_id":0,"wranglerVersion":"4.65.0","wranglerMajorVersion":4,"wranglerMinorVersion":65,"wranglerPatchVersion":0,"osPlatform":"Windows","osVersion":"Windows 11 Pro","nodeVersion":24,"isFirstUsage":false,"configFileType":"none","isCI":false,"isPagesCI":false,"isWorkersCI":false,"isInteractive":false,"hasAssets":false,"agent":null,"argsUsed":["projectName"],"argsCombination":"projectName","sanitizedCommand":"pages deploy","sanitizedArgs":{}}}
---

--- 2026-02-13T19:55:19.024Z debug
-- START CF API REQUEST: GET https://api.cloudflare.com/client/v4/accounts/f139034ef7924a1d387c88f394b535a2/pages/projects/akgsempire
---

--- 2026-02-13T19:55:19.024Z debug
QUERY STRING: omitted; set WRANGLER_LOG_SANITIZE=false to include sanitized data
---

--- 2026-02-13T19:55:19.024Z debug
HEADERS: omitted; set WRANGLER_LOG_SANITIZE=false to include sanitized data
---

--- 2026-02-13T19:55:19.024Z debug
INIT: omitted; set WRANGLER_LOG_SANITIZE=false to include sanitized data
---

--- 2026-02-13T19:55:19.025Z debug
-- END CF API REQUEST
---

--- 2026-02-13T19:55:20.040Z debug
-- START CF API RESPONSE: OK 200
---

--- 2026-02-13T19:55:20.040Z debug
HEADERS: omitted; set WRANGLER_LOG_SANITIZE=false to include sanitized data
---

--- 2026-02-13T19:55:20.040Z debug
RESPONSE: omitted; set WRANGLER_LOG_SANITIZE=false to include sanitized data
---

--- 2026-02-13T19:55:20.040Z debug
-- END CF API RESPONSE
---

--- 2026-02-13T19:55:20.043Z debug
pages deploy: Detecting git repository information...
---

--- 2026-02-13T19:55:20.168Z debug
pages deploy: Git repository detected
---

--- 2026-02-13T19:55:20.391Z debug
pages deploy: Working directory dirty status: true
---

--- 2026-02-13T19:55:20.505Z debug
pages deploy: Detected branch: "main"
---

--- 2026-02-13T19:55:20.607Z debug
pages deploy: Detected commit hash: "462a0fffaef907992d8cc8748a98b71fa9975488"
---

--- 2026-02-13T19:55:20.689Z debug
pages deploy: Detected commit message: "Fix_Social_Redirect_HTTPS_And_Sync_Credentials"
---

--- 2026-02-13T19:55:20.811Z warn
▲ [WARNING] Warning: Your working directory is a git repo and has uncommitted changes

  To silence this warning, pass in --commit-dirty=true


---

--- 2026-02-13T19:55:20.811Z debug
pages deploy: Git information summary - branch: main, commitHash: 462a0fffaef907992d8cc8748a98b71fa9975488, commitDirty: true
---

--- 2026-02-13T19:55:20.813Z debug
-- START CF API REQUEST: GET https://api.cloudflare.com/client/v4/accounts/f139034ef7924a1d387c88f394b535a2/pages/projects/akgsempire
---

--- 2026-02-13T19:55:20.813Z debug
QUERY STRING: omitted; set WRANGLER_LOG_SANITIZE=false to include sanitized data
---

--- 2026-02-13T19:55:20.813Z debug
HEADERS: omitted; set WRANGLER_LOG_SANITIZE=false to include sanitized data
---

--- 2026-02-13T19:55:20.813Z debug
INIT: omitted; set WRANGLER_LOG_SANITIZE=false to include sanitized data
---

--- 2026-02-13T19:55:20.813Z debug
-- END CF API REQUEST
---

--- 2026-02-13T19:55:21.970Z debug
-- START CF API RESPONSE: OK 200
---

--- 2026-02-13T19:55:21.970Z debug
HEADERS: omitted; set WRANGLER_LOG_SANITIZE=false to include sanitized data
---

--- 2026-02-13T19:55:21.970Z debug
RESPONSE: omitted; set WRANGLER_LOG_SANITIZE=false to include sanitized data
---

--- 2026-02-13T19:55:21.970Z debug
-- END CF API RESPONSE
---

--- 2026-02-13T19:55:21.975Z debug
-- START CF API REQUEST: GET https://api.cloudflare.com/client/v4/accounts/f139034ef7924a1d387c88f394b535a2/pages/projects/akgsempire/upload-token
---

--- 2026-02-13T19:55:21.975Z debug
QUERY STRING: omitted; set WRANGLER_LOG_SANITIZE=false to include sanitized data
---

--- 2026-02-13T19:55:21.975Z debug
HEADERS: omitted; set WRANGLER_LOG_SANITIZE=false to include sanitized data
---

--- 2026-02-13T19:55:21.975Z debug
INIT: omitted; set WRANGLER_LOG_SANITIZE=false to include sanitized data
---

--- 2026-02-13T19:55:21.975Z debug
-- END CF API REQUEST
---

--- 2026-02-13T19:55:22.676Z debug
-- START CF API RESPONSE: OK 200
---

--- 2026-02-13T19:55:22.676Z debug
HEADERS: omitted; set WRANGLER_LOG_SANITIZE=false to include sanitized data
---

--- 2026-02-13T19:55:22.676Z debug
RESPONSE: omitted; set WRANGLER_LOG_SANITIZE=false to include sanitized data
---

--- 2026-02-13T19:55:22.676Z debug
-- END CF API RESPONSE
---

--- 2026-02-13T19:55:22.714Z debug
-- START CF API REQUEST: GET https://api.cloudflare.com/client/v4/accounts/f139034ef7924a1d387c88f394b535a2/pages/projects/akgsempire/upload-token
---

--- 2026-02-13T19:55:22.714Z debug
QUERY STRING: omitted; set WRANGLER_LOG_SANITIZE=false to include sanitized data
---

--- 2026-02-13T19:55:22.714Z debug
HEADERS: omitted; set WRANGLER_LOG_SANITIZE=false to include sanitized data
---

--- 2026-02-13T19:55:22.714Z debug
INIT: omitted; set WRANGLER_LOG_SANITIZE=false to include sanitized data
---

--- 2026-02-13T19:55:22.714Z debug
-- END CF API REQUEST
---

--- 2026-02-13T19:55:23.443Z debug
-- START CF API RESPONSE: OK 200
---

--- 2026-02-13T19:55:23.443Z debug
HEADERS: omitted; set WRANGLER_LOG_SANITIZE=false to include sanitized data
---

--- 2026-02-13T19:55:23.443Z debug
RESPONSE: omitted; set WRANGLER_LOG_SANITIZE=false to include sanitized data
---

--- 2026-02-13T19:55:23.443Z debug
-- END CF API RESPONSE
---

--- 2026-02-13T19:55:23.444Z debug
-- START CF API REQUEST: POST https://api.cloudflare.com/client/v4/pages/assets/check-missing
---

--- 2026-02-13T19:55:23.444Z debug
QUERY STRING: omitted; set WRANGLER_LOG_SANITIZE=false to include sanitized data
---

--- 2026-02-13T19:55:23.444Z debug
HEADERS: omitted; set WRANGLER_LOG_SANITIZE=false to include sanitized data
---

--- 2026-02-13T19:55:23.444Z debug
INIT: omitted; set WRANGLER_LOG_SANITIZE=false to include sanitized data
---

--- 2026-02-13T19:55:23.444Z debug
-- END CF API REQUEST
---

--- 2026-02-13T19:55:23.634Z debug
-- START CF API RESPONSE: OK 200
---

--- 2026-02-13T19:55:23.634Z debug
HEADERS: omitted; set WRANGLER_LOG_SANITIZE=false to include sanitized data
---

--- 2026-02-13T19:55:23.634Z debug
RESPONSE: omitted; set WRANGLER_LOG_SANITIZE=false to include sanitized data
---

--- 2026-02-13T19:55:23.634Z debug
-- END CF API RESPONSE
---

--- 2026-02-13T19:55:23.635Z log
Uploading... (13/13)
---

--- 2026-02-13T19:55:23.635Z log
✨ Success! Uploaded 0 files (13 already uploaded) (0.19 sec)

---

--- 2026-02-13T19:55:23.636Z debug
-- START CF API REQUEST: POST https://api.cloudflare.com/client/v4/pages/assets/upsert-hashes
---

--- 2026-02-13T19:55:23.636Z debug
QUERY STRING: omitted; set WRANGLER_LOG_SANITIZE=false to include sanitized data
---

--- 2026-02-13T19:55:23.636Z debug
HEADERS: omitted; set WRANGLER_LOG_SANITIZE=false to include sanitized data
---

--- 2026-02-13T19:55:23.636Z debug
INIT: omitted; set WRANGLER_LOG_SANITIZE=false to include sanitized data
---

--- 2026-02-13T19:55:23.636Z debug
-- END CF API REQUEST
---

--- 2026-02-13T19:55:23.832Z debug
-- START CF API RESPONSE: OK 200
---

--- 2026-02-13T19:55:23.832Z debug
HEADERS: omitted; set WRANGLER_LOG_SANITIZE=false to include sanitized data
---

--- 2026-02-13T19:55:23.832Z debug
RESPONSE: omitted; set WRANGLER_LOG_SANITIZE=false to include sanitized data
---

--- 2026-02-13T19:55:23.832Z debug
-- END CF API RESPONSE
---

--- 2026-02-13T19:55:23.896Z log
✨ Compiled Worker successfully
---

--- 2026-02-13T19:55:23.901Z log
✨ Uploading Worker bundle
---

--- 2026-02-13T19:55:23.901Z debug
-- START CF API REQUEST: POST https://api.cloudflare.com/client/v4/accounts/f139034ef7924a1d387c88f394b535a2/pages/projects/akgsempire/deployments
---

--- 2026-02-13T19:55:23.901Z debug
QUERY STRING: omitted; set WRANGLER_LOG_SANITIZE=false to include sanitized data
---

--- 2026-02-13T19:55:23.901Z debug
HEADERS: omitted; set WRANGLER_LOG_SANITIZE=false to include sanitized data
---

--- 2026-02-13T19:55:23.901Z debug
INIT: omitted; set WRANGLER_LOG_SANITIZE=false to include sanitized data
---

--- 2026-02-13T19:55:23.902Z debug
BODY: omitted; set WRANGLER_LOG_SANITIZE=false to include sanitized data
---

--- 2026-02-13T19:55:23.902Z debug
-- END CF API REQUEST
---

--- 2026-02-13T19:55:25.608Z debug
-- START CF API RESPONSE: OK 200
---

--- 2026-02-13T19:55:25.608Z debug
HEADERS: omitted; set WRANGLER_LOG_SANITIZE=false to include sanitized data
---

--- 2026-02-13T19:55:25.608Z debug
RESPONSE: omitted; set WRANGLER_LOG_SANITIZE=false to include sanitized data
---

--- 2026-02-13T19:55:25.608Z debug
-- END CF API RESPONSE
---

--- 2026-02-13T19:55:25.609Z debug
Saving to cache: {"account_id":"f139034ef7924a1d387c88f394b535a2","project_name":"akgsempire"}
---

--- 2026-02-13T19:55:25.610Z log
🌎 Deploying...
---

--- 2026-02-13T19:55:26.622Z debug
attempt #1: Attempting to fetch status for deployment with id "5341af1a-ddb0-413c-a971-f3fd8310d434" ...
---

--- 2026-02-13T19:55:26.622Z debug
-- START CF API REQUEST: GET https://api.cloudflare.com/client/v4/accounts/f139034ef7924a1d387c88f394b535a2/pages/projects/akgsempire/deployments/5341af1a-ddb0-413c-a971-f3fd8310d434
---

--- 2026-02-13T19:55:26.622Z debug
QUERY STRING: omitted; set WRANGLER_LOG_SANITIZE=false to include sanitized data
---

--- 2026-02-13T19:55:26.622Z debug
HEADERS: omitted; set WRANGLER_LOG_SANITIZE=false to include sanitized data
---

--- 2026-02-13T19:55:26.622Z debug
INIT: omitted; set WRANGLER_LOG_SANITIZE=false to include sanitized data
---

--- 2026-02-13T19:55:26.622Z debug
-- END CF API REQUEST
---

--- 2026-02-13T19:55:27.438Z debug
-- START CF API RESPONSE: OK 200
---

--- 2026-02-13T19:55:27.438Z debug
HEADERS: omitted; set WRANGLER_LOG_SANITIZE=false to include sanitized data
---

--- 2026-02-13T19:55:27.438Z debug
RESPONSE: omitted; set WRANGLER_LOG_SANITIZE=false to include sanitized data
---

--- 2026-02-13T19:55:27.438Z debug
-- END CF API RESPONSE
---

--- 2026-02-13T19:55:29.442Z debug
attempt #2: Attempting to fetch status for deployment with id "5341af1a-ddb0-413c-a971-f3fd8310d434" ...
---

--- 2026-02-13T19:55:29.442Z debug
-- START CF API REQUEST: GET https://api.cloudflare.com/client/v4/accounts/f139034ef7924a1d387c88f394b535a2/pages/projects/akgsempire/deployments/5341af1a-ddb0-413c-a971-f3fd8310d434
---

--- 2026-02-13T19:55:29.442Z debug
QUERY STRING: omitted; set WRANGLER_LOG_SANITIZE=false to include sanitized data
---

--- 2026-02-13T19:55:29.442Z debug
HEADERS: omitted; set WRANGLER_LOG_SANITIZE=false to include sanitized data
---

--- 2026-02-13T19:55:29.443Z debug
INIT: omitted; set WRANGLER_LOG_SANITIZE=false to include sanitized data
---

--- 2026-02-13T19:55:29.443Z debug
-- END CF API REQUEST
---

--- 2026-02-13T19:55:30.425Z debug
-- START CF API RESPONSE: OK 200
---

--- 2026-02-13T19:55:30.425Z debug
HEADERS: omitted; set WRANGLER_LOG_SANITIZE=false to include sanitized data
---

--- 2026-02-13T19:55:30.425Z debug
RESPONSE: omitted; set WRANGLER_LOG_SANITIZE=false to include sanitized data
---

--- 2026-02-13T19:55:30.425Z debug
-- END CF API RESPONSE
---

--- 2026-02-13T19:55:30.426Z log
✨ Deployment complete! Take a peek over at https://5341af1a.akgsempire.pages.dev
---

--- 2026-02-13T19:55:30.428Z debug
Metrics dispatcher: Posting data {"deviceId":"672dd324-7ddc-4102-8d1e-2dabcfd6b5db","event":"create pages deployment","timestamp":1771012530428,"properties":{"amplitude_session_id":1771012530426,"amplitude_event_id":0,"wranglerVersion":"4.65.0","wranglerMajorVersion":4,"wranglerMinorVersion":65,"wranglerPatchVersion":0,"osPlatform":"Windows","osVersion":"Windows 11 Pro","nodeVersion":24,"isFirstUsage":false,"configFileType":"none","isCI":false,"isPagesCI":false,"isWorkersCI":false,"isInteractive":false,"hasAssets":false,"agent":null,"category":"Workers","os":"win32:x64"}}
---

--- 2026-02-13T19:55:30.431Z debug
Metrics dispatcher: Posting data {"deviceId":"672dd324-7ddc-4102-8d1e-2dabcfd6b5db","event":"wrangler command completed","timestamp":1771012530431,"properties":{"amplitude_session_id":1771012518984,"amplitude_event_id":1,"wranglerVersion":"4.65.0","wranglerMajorVersion":4,"wranglerMinorVersion":65,"wranglerPatchVersion":0,"osPlatform":"Windows","osVersion":"Windows 11 Pro","nodeVersion":24,"isFirstUsage":false,"configFileType":"none","isCI":false,"isPagesCI":false,"isWorkersCI":false,"isInteractive":false,"hasAssets":false,"agent":null,"argsUsed":["projectName"],"argsCombination":"projectName","sanitizedCommand":"pages deploy","sanitizedArgs":{},"durationMs":11453}}
---
