
--- 2026-02-13T19:31:09.917Z debug
🪵  Writing logs to "C:\Users\under\OneDrive\Desktop\SITE AKGS\.config\.wrangler\logs\wrangler-2026-02-13_19-31-09_732.log"
---

--- 2026-02-13T19:31:09.917Z debug
.env file not found at "C:\Users\under\OneDrive\Desktop\SITE AKGS\.env.local". Continuing... For more details, refer to https://developers.cloudflare.com/workers/wrangler/system-environment-variables/
---

--- 2026-02-13T19:31:11.913Z log

 ⛅️ wrangler 4.65.0
───────────────────
---

--- 2026-02-13T19:31:11.916Z debug
Metrics dispatcher: Posting data {"deviceId":"672dd324-7ddc-4102-8d1e-2dabcfd6b5db","event":"wrangler command started","timestamp":1771011071916,"properties":{"amplitude_session_id":1771011071914,"amplitude_event_id":0,"wranglerVersion":"4.65.0","wranglerMajorVersion":4,"wranglerMinorVersion":65,"wranglerPatchVersion":0,"osPlatform":"Windows","osVersion":"Windows 11 Pro","nodeVersion":24,"isFirstUsage":false,"configFileType":"none","isCI":false,"isPagesCI":false,"isWorkersCI":false,"isInteractive":false,"hasAssets":false,"agent":null,"argsUsed":["projectName"],"argsCombination":"projectName","sanitizedCommand":"pages deploy","sanitizedArgs":{}}}
---

--- 2026-02-13T19:31:11.938Z debug
-- START CF API REQUEST: GET https://api.cloudflare.com/client/v4/accounts/f139034ef7924a1d387c88f394b535a2/pages/projects/akgsempire
---

--- 2026-02-13T19:31:11.938Z debug
QUERY STRING: omitted; set WRANGLER_LOG_SANITIZE=false to include sanitized data
---

--- 2026-02-13T19:31:11.939Z debug
HEADERS: omitted; set WRANGLER_LOG_SANITIZE=false to include sanitized data
---

--- 2026-02-13T19:31:11.939Z debug
INIT: omitted; set WRANGLER_LOG_SANITIZE=false to include sanitized data
---

--- 2026-02-13T19:31:11.939Z debug
-- END CF API REQUEST
---

--- 2026-02-13T19:31:12.919Z debug
-- START CF API RESPONSE: OK 200
---

--- 2026-02-13T19:31:12.919Z debug
HEADERS: omitted; set WRANGLER_LOG_SANITIZE=false to include sanitized data
---

--- 2026-02-13T19:31:12.919Z debug
RESPONSE: omitted; set WRANGLER_LOG_SANITIZE=false to include sanitized data
---

--- 2026-02-13T19:31:12.919Z debug
-- END CF API RESPONSE
---

--- 2026-02-13T19:31:12.921Z debug
pages deploy: Detecting git repository information...
---

--- 2026-02-13T19:31:13.023Z debug
pages deploy: Git repository detected
---

--- 2026-02-13T19:31:13.238Z debug
pages deploy: Working directory dirty status: true
---

--- 2026-02-13T19:31:13.352Z debug
pages deploy: Detected branch: "main"
---

--- 2026-02-13T19:31:13.454Z debug
pages deploy: Detected commit hash: "799c7925d6017daf1400c1371185b989658c0028"
---

--- 2026-02-13T19:31:13.520Z debug
pages deploy: Detected commit message: "Update_Instagram_Token_and_Router"
---

--- 2026-02-13T19:31:13.631Z warn
▲ [WARNING] Warning: Your working directory is a git repo and has uncommitted changes

  To silence this warning, pass in --commit-dirty=true


---

--- 2026-02-13T19:31:13.631Z debug
pages deploy: Git information summary - branch: main, commitHash: 799c7925d6017daf1400c1371185b989658c0028, commitDirty: true
---

--- 2026-02-13T19:31:13.633Z debug
-- START CF API REQUEST: GET https://api.cloudflare.com/client/v4/accounts/f139034ef7924a1d387c88f394b535a2/pages/projects/akgsempire
---

--- 2026-02-13T19:31:13.633Z debug
QUERY STRING: omitted; set WRANGLER_LOG_SANITIZE=false to include sanitized data
---

--- 2026-02-13T19:31:13.633Z debug
HEADERS: omitted; set WRANGLER_LOG_SANITIZE=false to include sanitized data
---

--- 2026-02-13T19:31:13.633Z debug
INIT: omitted; set WRANGLER_LOG_SANITIZE=false to include sanitized data
---

--- 2026-02-13T19:31:13.633Z debug
-- END CF API REQUEST
---

--- 2026-02-13T19:31:14.904Z debug
-- START CF API RESPONSE: OK 200
---

--- 2026-02-13T19:31:14.904Z debug
HEADERS: omitted; set WRANGLER_LOG_SANITIZE=false to include sanitized data
---

--- 2026-02-13T19:31:14.904Z debug
RESPONSE: omitted; set WRANGLER_LOG_SANITIZE=false to include sanitized data
---

--- 2026-02-13T19:31:14.904Z debug
-- END CF API RESPONSE
---

--- 2026-02-13T19:31:14.908Z debug
-- START CF API REQUEST: GET https://api.cloudflare.com/client/v4/accounts/f139034ef7924a1d387c88f394b535a2/pages/projects/akgsempire/upload-token
---

--- 2026-02-13T19:31:14.908Z debug
QUERY STRING: omitted; set WRANGLER_LOG_SANITIZE=false to include sanitized data
---

--- 2026-02-13T19:31:14.908Z debug
HEADERS: omitted; set WRANGLER_LOG_SANITIZE=false to include sanitized data
---

--- 2026-02-13T19:31:14.908Z debug
INIT: omitted; set WRANGLER_LOG_SANITIZE=false to include sanitized data
---

--- 2026-02-13T19:31:14.908Z debug
-- END CF API REQUEST
---

--- 2026-02-13T19:31:15.588Z debug
-- START CF API RESPONSE: OK 200
---

--- 2026-02-13T19:31:15.588Z debug
HEADERS: omitted; set WRANGLER_LOG_SANITIZE=false to include sanitized data
---

--- 2026-02-13T19:31:15.588Z debug
RESPONSE: omitted; set WRANGLER_LOG_SANITIZE=false to include sanitized data
---

--- 2026-02-13T19:31:15.588Z debug
-- END CF API RESPONSE
---

--- 2026-02-13T19:31:15.619Z debug
-- START CF API REQUEST: GET https://api.cloudflare.com/client/v4/accounts/f139034ef7924a1d387c88f394b535a2/pages/projects/akgsempire/upload-token
---

--- 2026-02-13T19:31:15.619Z debug
QUERY STRING: omitted; set WRANGLER_LOG_SANITIZE=false to include sanitized data
---

--- 2026-02-13T19:31:15.619Z debug
HEADERS: omitted; set WRANGLER_LOG_SANITIZE=false to include sanitized data
---

--- 2026-02-13T19:31:15.619Z debug
INIT: omitted; set WRANGLER_LOG_SANITIZE=false to include sanitized data
---

--- 2026-02-13T19:31:15.619Z debug
-- END CF API REQUEST
---

--- 2026-02-13T19:31:16.319Z debug
-- START CF API RESPONSE: OK 200
---

--- 2026-02-13T19:31:16.319Z debug
HEADERS: omitted; set WRANGLER_LOG_SANITIZE=false to include sanitized data
---

--- 2026-02-13T19:31:16.319Z debug
RESPONSE: omitted; set WRANGLER_LOG_SANITIZE=false to include sanitized data
---

--- 2026-02-13T19:31:16.319Z debug
-- END CF API RESPONSE
---

--- 2026-02-13T19:31:16.319Z debug
-- START CF API REQUEST: POST https://api.cloudflare.com/client/v4/pages/assets/check-missing
---

--- 2026-02-13T19:31:16.319Z debug
QUERY STRING: omitted; set WRANGLER_LOG_SANITIZE=false to include sanitized data
---

--- 2026-02-13T19:31:16.319Z debug
HEADERS: omitted; set WRANGLER_LOG_SANITIZE=false to include sanitized data
---

--- 2026-02-13T19:31:16.319Z debug
INIT: omitted; set WRANGLER_LOG_SANITIZE=false to include sanitized data
---

--- 2026-02-13T19:31:16.319Z debug
-- END CF API REQUEST
---

--- 2026-02-13T19:31:16.514Z debug
-- START CF API RESPONSE: OK 200
---

--- 2026-02-13T19:31:16.515Z debug
HEADERS: omitted; set WRANGLER_LOG_SANITIZE=false to include sanitized data
---

--- 2026-02-13T19:31:16.515Z debug
RESPONSE: omitted; set WRANGLER_LOG_SANITIZE=false to include sanitized data
---

--- 2026-02-13T19:31:16.515Z debug
-- END CF API RESPONSE
---

--- 2026-02-13T19:31:16.515Z log
Uploading... (13/13)
---

--- 2026-02-13T19:31:16.515Z log
✨ Success! Uploaded 0 files (13 already uploaded) (0.20 sec)

---

--- 2026-02-13T19:31:16.516Z debug
-- START CF API REQUEST: POST https://api.cloudflare.com/client/v4/pages/assets/upsert-hashes
---

--- 2026-02-13T19:31:16.516Z debug
QUERY STRING: omitted; set WRANGLER_LOG_SANITIZE=false to include sanitized data
---

--- 2026-02-13T19:31:16.516Z debug
HEADERS: omitted; set WRANGLER_LOG_SANITIZE=false to include sanitized data
---

--- 2026-02-13T19:31:16.516Z debug
INIT: omitted; set WRANGLER_LOG_SANITIZE=false to include sanitized data
---

--- 2026-02-13T19:31:16.516Z debug
-- END CF API REQUEST
---

--- 2026-02-13T19:31:16.697Z debug
-- START CF API RESPONSE: OK 200
---

--- 2026-02-13T19:31:16.698Z debug
HEADERS: omitted; set WRANGLER_LOG_SANITIZE=false to include sanitized data
---

--- 2026-02-13T19:31:16.698Z debug
RESPONSE: omitted; set WRANGLER_LOG_SANITIZE=false to include sanitized data
---

--- 2026-02-13T19:31:16.698Z debug
-- END CF API RESPONSE
---

--- 2026-02-13T19:31:16.738Z log
✨ Compiled Worker successfully
---

--- 2026-02-13T19:31:16.741Z log
✨ Uploading Worker bundle
---

--- 2026-02-13T19:31:16.742Z debug
-- START CF API REQUEST: POST https://api.cloudflare.com/client/v4/accounts/f139034ef7924a1d387c88f394b535a2/pages/projects/akgsempire/deployments
---

--- 2026-02-13T19:31:16.742Z debug
QUERY STRING: omitted; set WRANGLER_LOG_SANITIZE=false to include sanitized data
---

--- 2026-02-13T19:31:16.742Z debug
HEADERS: omitted; set WRANGLER_LOG_SANITIZE=false to include sanitized data
---

--- 2026-02-13T19:31:16.742Z debug
INIT: omitted; set WRANGLER_LOG_SANITIZE=false to include sanitized data
---

--- 2026-02-13T19:31:16.742Z debug
BODY: omitted; set WRANGLER_LOG_SANITIZE=false to include sanitized data
---

--- 2026-02-13T19:31:16.742Z debug
-- END CF API REQUEST
---

--- 2026-02-13T19:31:18.916Z debug
-- START CF API RESPONSE: OK 200
---

--- 2026-02-13T19:31:18.916Z debug
HEADERS: omitted; set WRANGLER_LOG_SANITIZE=false to include sanitized data
---

--- 2026-02-13T19:31:18.916Z debug
RESPONSE: omitted; set WRANGLER_LOG_SANITIZE=false to include sanitized data
---

--- 2026-02-13T19:31:18.916Z debug
-- END CF API RESPONSE
---

--- 2026-02-13T19:31:18.917Z debug
Saving to cache: {"account_id":"f139034ef7924a1d387c88f394b535a2","project_name":"akgsempire"}
---

--- 2026-02-13T19:31:18.918Z log
🌎 Deploying...
---

--- 2026-02-13T19:31:19.922Z debug
attempt #1: Attempting to fetch status for deployment with id "4c87aeb8-27fb-47d9-b867-c3ef314890a6" ...
---

--- 2026-02-13T19:31:19.922Z debug
-- START CF API REQUEST: GET https://api.cloudflare.com/client/v4/accounts/f139034ef7924a1d387c88f394b535a2/pages/projects/akgsempire/deployments/4c87aeb8-27fb-47d9-b867-c3ef314890a6
---

--- 2026-02-13T19:31:19.922Z debug
QUERY STRING: omitted; set WRANGLER_LOG_SANITIZE=false to include sanitized data
---

--- 2026-02-13T19:31:19.922Z debug
HEADERS: omitted; set WRANGLER_LOG_SANITIZE=false to include sanitized data
---

--- 2026-02-13T19:31:19.922Z debug
INIT: omitted; set WRANGLER_LOG_SANITIZE=false to include sanitized data
---

--- 2026-02-13T19:31:19.922Z debug
-- END CF API REQUEST
---

--- 2026-02-13T19:31:20.685Z debug
-- START CF API RESPONSE: OK 200
---

--- 2026-02-13T19:31:20.685Z debug
HEADERS: omitted; set WRANGLER_LOG_SANITIZE=false to include sanitized data
---

--- 2026-02-13T19:31:20.685Z debug
RESPONSE: omitted; set WRANGLER_LOG_SANITIZE=false to include sanitized data
---

--- 2026-02-13T19:31:20.685Z debug
-- END CF API RESPONSE
---

--- 2026-02-13T19:31:22.691Z debug
attempt #2: Attempting to fetch status for deployment with id "4c87aeb8-27fb-47d9-b867-c3ef314890a6" ...
---

--- 2026-02-13T19:31:22.692Z debug
-- START CF API REQUEST: GET https://api.cloudflare.com/client/v4/accounts/f139034ef7924a1d387c88f394b535a2/pages/projects/akgsempire/deployments/4c87aeb8-27fb-47d9-b867-c3ef314890a6
---

--- 2026-02-13T19:31:22.692Z debug
QUERY STRING: omitted; set WRANGLER_LOG_SANITIZE=false to include sanitized data
---

--- 2026-02-13T19:31:22.692Z debug
HEADERS: omitted; set WRANGLER_LOG_SANITIZE=false to include sanitized data
---

--- 2026-02-13T19:31:22.692Z debug
INIT: omitted; set WRANGLER_LOG_SANITIZE=false to include sanitized data
---

--- 2026-02-13T19:31:22.692Z debug
-- END CF API REQUEST
---

--- 2026-02-13T19:31:23.539Z debug
-- START CF API RESPONSE: OK 200
---

--- 2026-02-13T19:31:23.539Z debug
HEADERS: omitted; set WRANGLER_LOG_SANITIZE=false to include sanitized data
---

--- 2026-02-13T19:31:23.540Z debug
RESPONSE: omitted; set WRANGLER_LOG_SANITIZE=false to include sanitized data
---

--- 2026-02-13T19:31:23.540Z debug
-- END CF API RESPONSE
---

--- 2026-02-13T19:31:23.540Z log
✨ Deployment complete! Take a peek over at https://4c87aeb8.akgsempire.pages.dev
---

--- 2026-02-13T19:31:23.542Z debug
Metrics dispatcher: Posting data {"deviceId":"672dd324-7ddc-4102-8d1e-2dabcfd6b5db","event":"create pages deployment","timestamp":1771011083542,"properties":{"amplitude_session_id":1771011083540,"amplitude_event_id":0,"wranglerVersion":"4.65.0","wranglerMajorVersion":4,"wranglerMinorVersion":65,"wranglerPatchVersion":0,"osPlatform":"Windows","osVersion":"Windows 11 Pro","nodeVersion":24,"isFirstUsage":false,"configFileType":"none","isCI":false,"isPagesCI":false,"isWorkersCI":false,"isInteractive":false,"hasAssets":false,"agent":null,"category":"Workers","os":"win32:x64"}}
---

--- 2026-02-13T19:31:23.544Z debug
Metrics dispatcher: Posting data {"deviceId":"672dd324-7ddc-4102-8d1e-2dabcfd6b5db","event":"wrangler command completed","timestamp":1771011083544,"properties":{"amplitude_session_id":1771011071914,"amplitude_event_id":1,"wranglerVersion":"4.65.0","wranglerMajorVersion":4,"wranglerMinorVersion":65,"wranglerPatchVersion":0,"osPlatform":"Windows","osVersion":"Windows 11 Pro","nodeVersion":24,"isFirstUsage":false,"configFileType":"none","isCI":false,"isPagesCI":false,"isWorkersCI":false,"isInteractive":false,"hasAssets":false,"agent":null,"argsUsed":["projectName"],"argsCombination":"projectName","sanitizedCommand":"pages deploy","sanitizedArgs":{},"durationMs":13621}}
---
