
--- 2026-02-13T20:34:20.114Z debug
🪵  Writing logs to "C:\Users\under\OneDrive\Desktop\SITE AKGS\.config\.wrangler\logs\wrangler-2026-02-13_20-34-19_929.log"
---

--- 2026-02-13T20:34:20.114Z debug
.env file not found at "C:\Users\under\OneDrive\Desktop\SITE AKGS\.env.local". Continuing... For more details, refer to https://developers.cloudflare.com/workers/wrangler/system-environment-variables/
---

--- 2026-02-13T20:34:22.099Z log

 ⛅️ wrangler 4.65.0
───────────────────
---

--- 2026-02-13T20:34:22.103Z debug
Metrics dispatcher: Posting data {"deviceId":"672dd324-7ddc-4102-8d1e-2dabcfd6b5db","event":"wrangler command started","timestamp":1771014862103,"properties":{"amplitude_session_id":1771014862100,"amplitude_event_id":0,"wranglerVersion":"4.65.0","wranglerMajorVersion":4,"wranglerMinorVersion":65,"wranglerPatchVersion":0,"osPlatform":"Windows","osVersion":"Windows 11 Pro","nodeVersion":24,"isFirstUsage":false,"configFileType":"none","isCI":false,"isPagesCI":false,"isWorkersCI":false,"isInteractive":false,"hasAssets":false,"agent":null,"argsUsed":["projectName"],"argsCombination":"projectName","sanitizedCommand":"pages deploy","sanitizedArgs":{}}}
---

--- 2026-02-13T20:34:22.127Z debug
-- START CF API REQUEST: GET https://api.cloudflare.com/client/v4/accounts/f139034ef7924a1d387c88f394b535a2/pages/projects/akgsempire
---

--- 2026-02-13T20:34:22.127Z debug
QUERY STRING: omitted; set WRANGLER_LOG_SANITIZE=false to include sanitized data
---

--- 2026-02-13T20:34:22.128Z debug
HEADERS: omitted; set WRANGLER_LOG_SANITIZE=false to include sanitized data
---

--- 2026-02-13T20:34:22.128Z debug
INIT: omitted; set WRANGLER_LOG_SANITIZE=false to include sanitized data
---

--- 2026-02-13T20:34:22.128Z debug
-- END CF API REQUEST
---

--- 2026-02-13T20:34:23.460Z debug
-- START CF API RESPONSE: OK 200
---

--- 2026-02-13T20:34:23.461Z debug
HEADERS: omitted; set WRANGLER_LOG_SANITIZE=false to include sanitized data
---

--- 2026-02-13T20:34:23.461Z debug
RESPONSE: omitted; set WRANGLER_LOG_SANITIZE=false to include sanitized data
---

--- 2026-02-13T20:34:23.461Z debug
-- END CF API RESPONSE
---

--- 2026-02-13T20:34:23.463Z debug
pages deploy: Detecting git repository information...
---

--- 2026-02-13T20:34:23.578Z debug
pages deploy: Git repository detected
---

--- 2026-02-13T20:34:23.812Z debug
pages deploy: Working directory dirty status: true
---

--- 2026-02-13T20:34:23.926Z debug
pages deploy: Detected branch: "main"
---

--- 2026-02-13T20:34:24.030Z debug
pages deploy: Detected commit hash: "921104aa6d1c9056bfd569a539c5dc1d27b36cbb"
---

--- 2026-02-13T20:34:24.108Z debug
pages deploy: Detected commit message: "Update_Kick_Integration_Fetch_Channel_Info"
---

--- 2026-02-13T20:34:24.226Z warn
▲ [WARNING] Warning: Your working directory is a git repo and has uncommitted changes

  To silence this warning, pass in --commit-dirty=true


---

--- 2026-02-13T20:34:24.226Z debug
pages deploy: Git information summary - branch: main, commitHash: 921104aa6d1c9056bfd569a539c5dc1d27b36cbb, commitDirty: true
---

--- 2026-02-13T20:34:24.228Z debug
-- START CF API REQUEST: GET https://api.cloudflare.com/client/v4/accounts/f139034ef7924a1d387c88f394b535a2/pages/projects/akgsempire
---

--- 2026-02-13T20:34:24.228Z debug
QUERY STRING: omitted; set WRANGLER_LOG_SANITIZE=false to include sanitized data
---

--- 2026-02-13T20:34:24.228Z debug
HEADERS: omitted; set WRANGLER_LOG_SANITIZE=false to include sanitized data
---

--- 2026-02-13T20:34:24.228Z debug
INIT: omitted; set WRANGLER_LOG_SANITIZE=false to include sanitized data
---

--- 2026-02-13T20:34:24.228Z debug
-- END CF API REQUEST
---

--- 2026-02-13T20:34:25.034Z debug
-- START CF API RESPONSE: OK 200
---

--- 2026-02-13T20:34:25.034Z debug
HEADERS: omitted; set WRANGLER_LOG_SANITIZE=false to include sanitized data
---

--- 2026-02-13T20:34:25.034Z debug
RESPONSE: omitted; set WRANGLER_LOG_SANITIZE=false to include sanitized data
---

--- 2026-02-13T20:34:25.034Z debug
-- END CF API RESPONSE
---

--- 2026-02-13T20:34:25.039Z debug
-- START CF API REQUEST: GET https://api.cloudflare.com/client/v4/accounts/f139034ef7924a1d387c88f394b535a2/pages/projects/akgsempire/upload-token
---

--- 2026-02-13T20:34:25.039Z debug
QUERY STRING: omitted; set WRANGLER_LOG_SANITIZE=false to include sanitized data
---

--- 2026-02-13T20:34:25.039Z debug
HEADERS: omitted; set WRANGLER_LOG_SANITIZE=false to include sanitized data
---

--- 2026-02-13T20:34:25.039Z debug
INIT: omitted; set WRANGLER_LOG_SANITIZE=false to include sanitized data
---

--- 2026-02-13T20:34:25.039Z debug
-- END CF API REQUEST
---

--- 2026-02-13T20:34:25.724Z debug
-- START CF API RESPONSE: OK 200
---

--- 2026-02-13T20:34:25.724Z debug
HEADERS: omitted; set WRANGLER_LOG_SANITIZE=false to include sanitized data
---

--- 2026-02-13T20:34:25.724Z debug
RESPONSE: omitted; set WRANGLER_LOG_SANITIZE=false to include sanitized data
---

--- 2026-02-13T20:34:25.725Z debug
-- END CF API RESPONSE
---

--- 2026-02-13T20:34:25.741Z debug
-- START CF API REQUEST: GET https://api.cloudflare.com/client/v4/accounts/f139034ef7924a1d387c88f394b535a2/pages/projects/akgsempire/upload-token
---

--- 2026-02-13T20:34:25.742Z debug
QUERY STRING: omitted; set WRANGLER_LOG_SANITIZE=false to include sanitized data
---

--- 2026-02-13T20:34:25.742Z debug
HEADERS: omitted; set WRANGLER_LOG_SANITIZE=false to include sanitized data
---

--- 2026-02-13T20:34:25.742Z debug
INIT: omitted; set WRANGLER_LOG_SANITIZE=false to include sanitized data
---

--- 2026-02-13T20:34:25.742Z debug
-- END CF API REQUEST
---

--- 2026-02-13T20:34:26.455Z debug
-- START CF API RESPONSE: OK 200
---

--- 2026-02-13T20:34:26.455Z debug
HEADERS: omitted; set WRANGLER_LOG_SANITIZE=false to include sanitized data
---

--- 2026-02-13T20:34:26.455Z debug
RESPONSE: omitted; set WRANGLER_LOG_SANITIZE=false to include sanitized data
---

--- 2026-02-13T20:34:26.455Z debug
-- END CF API RESPONSE
---

--- 2026-02-13T20:34:26.455Z debug
-- START CF API REQUEST: POST https://api.cloudflare.com/client/v4/pages/assets/check-missing
---

--- 2026-02-13T20:34:26.455Z debug
QUERY STRING: omitted; set WRANGLER_LOG_SANITIZE=false to include sanitized data
---

--- 2026-02-13T20:34:26.456Z debug
HEADERS: omitted; set WRANGLER_LOG_SANITIZE=false to include sanitized data
---

--- 2026-02-13T20:34:26.456Z debug
INIT: omitted; set WRANGLER_LOG_SANITIZE=false to include sanitized data
---

--- 2026-02-13T20:34:26.456Z debug
-- END CF API REQUEST
---

--- 2026-02-13T20:34:26.641Z debug
-- START CF API RESPONSE: OK 200
---

--- 2026-02-13T20:34:26.641Z debug
HEADERS: omitted; set WRANGLER_LOG_SANITIZE=false to include sanitized data
---

--- 2026-02-13T20:34:26.641Z debug
RESPONSE: omitted; set WRANGLER_LOG_SANITIZE=false to include sanitized data
---

--- 2026-02-13T20:34:26.641Z debug
-- END CF API RESPONSE
---

--- 2026-02-13T20:34:26.641Z log
Uploading... (13/13)
---

--- 2026-02-13T20:34:26.642Z log
✨ Success! Uploaded 0 files (13 already uploaded) (0.19 sec)

---

--- 2026-02-13T20:34:26.643Z debug
-- START CF API REQUEST: POST https://api.cloudflare.com/client/v4/pages/assets/upsert-hashes
---

--- 2026-02-13T20:34:26.643Z debug
QUERY STRING: omitted; set WRANGLER_LOG_SANITIZE=false to include sanitized data
---

--- 2026-02-13T20:34:26.643Z debug
HEADERS: omitted; set WRANGLER_LOG_SANITIZE=false to include sanitized data
---

--- 2026-02-13T20:34:26.643Z debug
INIT: omitted; set WRANGLER_LOG_SANITIZE=false to include sanitized data
---

--- 2026-02-13T20:34:26.643Z debug
-- END CF API REQUEST
---

--- 2026-02-13T20:34:26.811Z debug
-- START CF API RESPONSE: OK 200
---

--- 2026-02-13T20:34:26.811Z debug
HEADERS: omitted; set WRANGLER_LOG_SANITIZE=false to include sanitized data
---

--- 2026-02-13T20:34:26.811Z debug
RESPONSE: omitted; set WRANGLER_LOG_SANITIZE=false to include sanitized data
---

--- 2026-02-13T20:34:26.811Z debug
-- END CF API RESPONSE
---

--- 2026-02-13T20:34:26.858Z log
✨ Compiled Worker successfully
---

--- 2026-02-13T20:34:26.862Z log
✨ Uploading Worker bundle
---

--- 2026-02-13T20:34:26.862Z debug
-- START CF API REQUEST: POST https://api.cloudflare.com/client/v4/accounts/f139034ef7924a1d387c88f394b535a2/pages/projects/akgsempire/deployments
---

--- 2026-02-13T20:34:26.862Z debug
QUERY STRING: omitted; set WRANGLER_LOG_SANITIZE=false to include sanitized data
---

--- 2026-02-13T20:34:26.862Z debug
HEADERS: omitted; set WRANGLER_LOG_SANITIZE=false to include sanitized data
---

--- 2026-02-13T20:34:26.862Z debug
INIT: omitted; set WRANGLER_LOG_SANITIZE=false to include sanitized data
---

--- 2026-02-13T20:34:26.863Z debug
BODY: omitted; set WRANGLER_LOG_SANITIZE=false to include sanitized data
---

--- 2026-02-13T20:34:26.863Z debug
-- END CF API REQUEST
---

--- 2026-02-13T20:34:29.130Z debug
-- START CF API RESPONSE: OK 200
---

--- 2026-02-13T20:34:29.130Z debug
HEADERS: omitted; set WRANGLER_LOG_SANITIZE=false to include sanitized data
---

--- 2026-02-13T20:34:29.130Z debug
RESPONSE: omitted; set WRANGLER_LOG_SANITIZE=false to include sanitized data
---

--- 2026-02-13T20:34:29.130Z debug
-- END CF API RESPONSE
---

--- 2026-02-13T20:34:29.130Z debug
Saving to cache: {"account_id":"f139034ef7924a1d387c88f394b535a2","project_name":"akgsempire"}
---

--- 2026-02-13T20:34:29.132Z log
🌎 Deploying...
---

--- 2026-02-13T20:34:30.147Z debug
attempt #1: Attempting to fetch status for deployment with id "fa0ef0a5-d389-4da6-b519-44724dffbdf1" ...
---

--- 2026-02-13T20:34:30.147Z debug
-- START CF API REQUEST: GET https://api.cloudflare.com/client/v4/accounts/f139034ef7924a1d387c88f394b535a2/pages/projects/akgsempire/deployments/fa0ef0a5-d389-4da6-b519-44724dffbdf1
---

--- 2026-02-13T20:34:30.147Z debug
QUERY STRING: omitted; set WRANGLER_LOG_SANITIZE=false to include sanitized data
---

--- 2026-02-13T20:34:30.147Z debug
HEADERS: omitted; set WRANGLER_LOG_SANITIZE=false to include sanitized data
---

--- 2026-02-13T20:34:30.147Z debug
INIT: omitted; set WRANGLER_LOG_SANITIZE=false to include sanitized data
---

--- 2026-02-13T20:34:30.147Z debug
-- END CF API REQUEST
---

--- 2026-02-13T20:34:31.119Z debug
-- START CF API RESPONSE: OK 200
---

--- 2026-02-13T20:34:31.119Z debug
HEADERS: omitted; set WRANGLER_LOG_SANITIZE=false to include sanitized data
---

--- 2026-02-13T20:34:31.119Z debug
RESPONSE: omitted; set WRANGLER_LOG_SANITIZE=false to include sanitized data
---

--- 2026-02-13T20:34:31.119Z debug
-- END CF API RESPONSE
---

--- 2026-02-13T20:34:33.129Z debug
attempt #2: Attempting to fetch status for deployment with id "fa0ef0a5-d389-4da6-b519-44724dffbdf1" ...
---

--- 2026-02-13T20:34:33.130Z debug
-- START CF API REQUEST: GET https://api.cloudflare.com/client/v4/accounts/f139034ef7924a1d387c88f394b535a2/pages/projects/akgsempire/deployments/fa0ef0a5-d389-4da6-b519-44724dffbdf1
---

--- 2026-02-13T20:34:33.130Z debug
QUERY STRING: omitted; set WRANGLER_LOG_SANITIZE=false to include sanitized data
---

--- 2026-02-13T20:34:33.130Z debug
HEADERS: omitted; set WRANGLER_LOG_SANITIZE=false to include sanitized data
---

--- 2026-02-13T20:34:33.130Z debug
INIT: omitted; set WRANGLER_LOG_SANITIZE=false to include sanitized data
---

--- 2026-02-13T20:34:33.130Z debug
-- END CF API REQUEST
---

--- 2026-02-13T20:34:34.078Z debug
-- START CF API RESPONSE: OK 200
---

--- 2026-02-13T20:34:34.078Z debug
HEADERS: omitted; set WRANGLER_LOG_SANITIZE=false to include sanitized data
---

--- 2026-02-13T20:34:34.078Z debug
RESPONSE: omitted; set WRANGLER_LOG_SANITIZE=false to include sanitized data
---

--- 2026-02-13T20:34:34.078Z debug
-- END CF API RESPONSE
---

--- 2026-02-13T20:34:34.079Z log
✨ Deployment complete! Take a peek over at https://fa0ef0a5.akgsempire.pages.dev
---

--- 2026-02-13T20:34:34.081Z debug
Metrics dispatcher: Posting data {"deviceId":"672dd324-7ddc-4102-8d1e-2dabcfd6b5db","event":"create pages deployment","timestamp":1771014874081,"properties":{"amplitude_session_id":1771014874079,"amplitude_event_id":0,"wranglerVersion":"4.65.0","wranglerMajorVersion":4,"wranglerMinorVersion":65,"wranglerPatchVersion":0,"osPlatform":"Windows","osVersion":"Windows 11 Pro","nodeVersion":24,"isFirstUsage":false,"configFileType":"none","isCI":false,"isPagesCI":false,"isWorkersCI":false,"isInteractive":false,"hasAssets":false,"agent":null,"category":"Workers","os":"win32:x64"}}
---

--- 2026-02-13T20:34:34.085Z debug
Metrics dispatcher: Posting data {"deviceId":"672dd324-7ddc-4102-8d1e-2dabcfd6b5db","event":"wrangler command completed","timestamp":1771014874085,"properties":{"amplitude_session_id":1771014862100,"amplitude_event_id":1,"wranglerVersion":"4.65.0","wranglerMajorVersion":4,"wranglerMinorVersion":65,"wranglerPatchVersion":0,"osPlatform":"Windows","osVersion":"Windows 11 Pro","nodeVersion":24,"isFirstUsage":false,"configFileType":"none","isCI":false,"isPagesCI":false,"isWorkersCI":false,"isInteractive":false,"hasAssets":false,"agent":null,"argsUsed":["projectName"],"argsCombination":"projectName","sanitizedCommand":"pages deploy","sanitizedArgs":{},"durationMs":13963}}
---
