
--- 2026-02-13T11:37:40.693Z debug
🪵  Writing logs to "C:\Users\under\OneDrive\Desktop\SITE AKGS\.config\.wrangler\logs\wrangler-2026-02-13_11-37-40_528.log"
---

--- 2026-02-13T11:37:40.693Z debug
.env file not found at "C:\Users\under\OneDrive\Desktop\SITE AKGS\.env.local". Continuing... For more details, refer to https://developers.cloudflare.com/workers/wrangler/system-environment-variables/
---

--- 2026-02-13T11:37:40.703Z log

 ⛅️ wrangler 4.65.0
───────────────────
---

--- 2026-02-13T11:37:40.706Z debug
Metrics dispatcher: Posting data {"deviceId":"672dd324-7ddc-4102-8d1e-2dabcfd6b5db","event":"wrangler command started","timestamp":1770982660706,"properties":{"amplitude_session_id":1770982660704,"amplitude_event_id":0,"wranglerVersion":"4.65.0","wranglerMajorVersion":4,"wranglerMinorVersion":65,"wranglerPatchVersion":0,"osPlatform":"Windows","osVersion":"Windows 11 Pro","nodeVersion":24,"isFirstUsage":false,"configFileType":"none","isCI":false,"isPagesCI":false,"isWorkersCI":false,"isInteractive":false,"hasAssets":false,"agent":null,"argsUsed":["projectName"],"argsCombination":"projectName","sanitizedCommand":"pages deploy","sanitizedArgs":{}}}
---

--- 2026-02-13T11:37:40.737Z debug
-- START CF API REQUEST: GET https://api.cloudflare.com/client/v4/accounts/f139034ef7924a1d387c88f394b535a2/pages/projects/akgsempire
---

--- 2026-02-13T11:37:40.737Z debug
QUERY STRING: omitted; set WRANGLER_LOG_SANITIZE=false to include sanitized data
---

--- 2026-02-13T11:37:40.737Z debug
HEADERS: omitted; set WRANGLER_LOG_SANITIZE=false to include sanitized data
---

--- 2026-02-13T11:37:40.737Z debug
INIT: omitted; set WRANGLER_LOG_SANITIZE=false to include sanitized data
---

--- 2026-02-13T11:37:40.738Z debug
-- END CF API REQUEST
---

--- 2026-02-13T11:37:41.994Z debug
-- START CF API RESPONSE: OK 200
---

--- 2026-02-13T11:37:41.995Z debug
HEADERS: omitted; set WRANGLER_LOG_SANITIZE=false to include sanitized data
---

--- 2026-02-13T11:37:41.995Z debug
RESPONSE: omitted; set WRANGLER_LOG_SANITIZE=false to include sanitized data
---

--- 2026-02-13T11:37:41.995Z debug
-- END CF API RESPONSE
---

--- 2026-02-13T11:37:41.997Z debug
pages deploy: Detecting git repository information...
---

--- 2026-02-13T11:37:42.099Z debug
pages deploy: Git repository detected
---

--- 2026-02-13T11:37:42.307Z debug
pages deploy: Working directory dirty status: true
---

--- 2026-02-13T11:37:42.409Z debug
pages deploy: Detected branch: "main"
---

--- 2026-02-13T11:37:42.510Z debug
pages deploy: Detected commit hash: "0d46a04ccc67ba01ceae5c1009b40f0216cd5b4c"
---

--- 2026-02-13T11:37:42.625Z debug
pages deploy: Detected commit message: "update"
---

--- 2026-02-13T11:37:42.742Z warn
▲ [WARNING] Warning: Your working directory is a git repo and has uncommitted changes

  To silence this warning, pass in --commit-dirty=true


---

--- 2026-02-13T11:37:42.742Z debug
pages deploy: Git information summary - branch: main, commitHash: 0d46a04ccc67ba01ceae5c1009b40f0216cd5b4c, commitDirty: true
---

--- 2026-02-13T11:37:42.744Z debug
-- START CF API REQUEST: GET https://api.cloudflare.com/client/v4/accounts/f139034ef7924a1d387c88f394b535a2/pages/projects/akgsempire
---

--- 2026-02-13T11:37:42.744Z debug
QUERY STRING: omitted; set WRANGLER_LOG_SANITIZE=false to include sanitized data
---

--- 2026-02-13T11:37:42.744Z debug
HEADERS: omitted; set WRANGLER_LOG_SANITIZE=false to include sanitized data
---

--- 2026-02-13T11:37:42.744Z debug
INIT: omitted; set WRANGLER_LOG_SANITIZE=false to include sanitized data
---

--- 2026-02-13T11:37:42.744Z debug
-- END CF API REQUEST
---

--- 2026-02-13T11:37:43.917Z debug
-- START CF API RESPONSE: OK 200
---

--- 2026-02-13T11:37:43.918Z debug
HEADERS: omitted; set WRANGLER_LOG_SANITIZE=false to include sanitized data
---

--- 2026-02-13T11:37:43.918Z debug
RESPONSE: omitted; set WRANGLER_LOG_SANITIZE=false to include sanitized data
---

--- 2026-02-13T11:37:43.918Z debug
-- END CF API RESPONSE
---

--- 2026-02-13T11:37:43.922Z debug
-- START CF API REQUEST: GET https://api.cloudflare.com/client/v4/accounts/f139034ef7924a1d387c88f394b535a2/pages/projects/akgsempire/upload-token
---

--- 2026-02-13T11:37:43.922Z debug
QUERY STRING: omitted; set WRANGLER_LOG_SANITIZE=false to include sanitized data
---

--- 2026-02-13T11:37:43.922Z debug
HEADERS: omitted; set WRANGLER_LOG_SANITIZE=false to include sanitized data
---

--- 2026-02-13T11:37:43.922Z debug
INIT: omitted; set WRANGLER_LOG_SANITIZE=false to include sanitized data
---

--- 2026-02-13T11:37:43.922Z debug
-- END CF API REQUEST
---

--- 2026-02-13T11:37:44.591Z debug
-- START CF API RESPONSE: OK 200
---

--- 2026-02-13T11:37:44.591Z debug
HEADERS: omitted; set WRANGLER_LOG_SANITIZE=false to include sanitized data
---

--- 2026-02-13T11:37:44.591Z debug
RESPONSE: omitted; set WRANGLER_LOG_SANITIZE=false to include sanitized data
---

--- 2026-02-13T11:37:44.591Z debug
-- END CF API RESPONSE
---

--- 2026-02-13T11:37:44.612Z debug
-- START CF API REQUEST: GET https://api.cloudflare.com/client/v4/accounts/f139034ef7924a1d387c88f394b535a2/pages/projects/akgsempire/upload-token
---

--- 2026-02-13T11:37:44.612Z debug
QUERY STRING: omitted; set WRANGLER_LOG_SANITIZE=false to include sanitized data
---

--- 2026-02-13T11:37:44.612Z debug
HEADERS: omitted; set WRANGLER_LOG_SANITIZE=false to include sanitized data
---

--- 2026-02-13T11:37:44.612Z debug
INIT: omitted; set WRANGLER_LOG_SANITIZE=false to include sanitized data
---

--- 2026-02-13T11:37:44.612Z debug
-- END CF API REQUEST
---

--- 2026-02-13T11:37:45.331Z debug
-- START CF API RESPONSE: OK 200
---

--- 2026-02-13T11:37:45.331Z debug
HEADERS: omitted; set WRANGLER_LOG_SANITIZE=false to include sanitized data
---

--- 2026-02-13T11:37:45.331Z debug
RESPONSE: omitted; set WRANGLER_LOG_SANITIZE=false to include sanitized data
---

--- 2026-02-13T11:37:45.331Z debug
-- END CF API RESPONSE
---

--- 2026-02-13T11:37:45.332Z debug
-- START CF API REQUEST: POST https://api.cloudflare.com/client/v4/pages/assets/check-missing
---

--- 2026-02-13T11:37:45.332Z debug
QUERY STRING: omitted; set WRANGLER_LOG_SANITIZE=false to include sanitized data
---

--- 2026-02-13T11:37:45.332Z debug
HEADERS: omitted; set WRANGLER_LOG_SANITIZE=false to include sanitized data
---

--- 2026-02-13T11:37:45.332Z debug
INIT: omitted; set WRANGLER_LOG_SANITIZE=false to include sanitized data
---

--- 2026-02-13T11:37:45.332Z debug
-- END CF API REQUEST
---

--- 2026-02-13T11:37:45.533Z debug
-- START CF API RESPONSE: OK 200
---

--- 2026-02-13T11:37:45.533Z debug
HEADERS: omitted; set WRANGLER_LOG_SANITIZE=false to include sanitized data
---

--- 2026-02-13T11:37:45.533Z debug
RESPONSE: omitted; set WRANGLER_LOG_SANITIZE=false to include sanitized data
---

--- 2026-02-13T11:37:45.533Z debug
-- END CF API RESPONSE
---

--- 2026-02-13T11:37:45.534Z log
Uploading... (17/17)
---

--- 2026-02-13T11:37:45.534Z log
✨ Success! Uploaded 0 files (17 already uploaded) (0.20 sec)

---

--- 2026-02-13T11:37:45.535Z debug
-- START CF API REQUEST: POST https://api.cloudflare.com/client/v4/pages/assets/upsert-hashes
---

--- 2026-02-13T11:37:45.535Z debug
QUERY STRING: omitted; set WRANGLER_LOG_SANITIZE=false to include sanitized data
---

--- 2026-02-13T11:37:45.535Z debug
HEADERS: omitted; set WRANGLER_LOG_SANITIZE=false to include sanitized data
---

--- 2026-02-13T11:37:45.535Z debug
INIT: omitted; set WRANGLER_LOG_SANITIZE=false to include sanitized data
---

--- 2026-02-13T11:37:45.535Z debug
-- END CF API REQUEST
---

--- 2026-02-13T11:37:45.729Z debug
-- START CF API RESPONSE: OK 200
---

--- 2026-02-13T11:37:45.729Z debug
HEADERS: omitted; set WRANGLER_LOG_SANITIZE=false to include sanitized data
---

--- 2026-02-13T11:37:45.729Z debug
RESPONSE: omitted; set WRANGLER_LOG_SANITIZE=false to include sanitized data
---

--- 2026-02-13T11:37:45.729Z debug
-- END CF API RESPONSE
---

--- 2026-02-13T11:37:45.730Z debug
-- START CF API REQUEST: POST https://api.cloudflare.com/client/v4/accounts/f139034ef7924a1d387c88f394b535a2/pages/projects/akgsempire/deployments
---

--- 2026-02-13T11:37:45.730Z debug
QUERY STRING: omitted; set WRANGLER_LOG_SANITIZE=false to include sanitized data
---

--- 2026-02-13T11:37:45.730Z debug
HEADERS: omitted; set WRANGLER_LOG_SANITIZE=false to include sanitized data
---

--- 2026-02-13T11:37:45.730Z debug
INIT: omitted; set WRANGLER_LOG_SANITIZE=false to include sanitized data
---

--- 2026-02-13T11:37:45.730Z debug
BODY: omitted; set WRANGLER_LOG_SANITIZE=false to include sanitized data
---

--- 2026-02-13T11:37:45.730Z debug
-- END CF API REQUEST
---

--- 2026-02-13T11:37:48.667Z debug
-- START CF API RESPONSE: OK 200
---

--- 2026-02-13T11:37:48.667Z debug
HEADERS: omitted; set WRANGLER_LOG_SANITIZE=false to include sanitized data
---

--- 2026-02-13T11:37:48.667Z debug
RESPONSE: omitted; set WRANGLER_LOG_SANITIZE=false to include sanitized data
---

--- 2026-02-13T11:37:48.667Z debug
-- END CF API RESPONSE
---

--- 2026-02-13T11:37:48.668Z debug
Saving to cache: {"account_id":"f139034ef7924a1d387c88f394b535a2","project_name":"akgsempire"}
---

--- 2026-02-13T11:37:48.669Z log
🌎 Deploying...
---

--- 2026-02-13T11:37:49.677Z debug
attempt #1: Attempting to fetch status for deployment with id "ebfbe261-aab4-4855-b416-97cb2d6866fb" ...
---

--- 2026-02-13T11:37:49.677Z debug
-- START CF API REQUEST: GET https://api.cloudflare.com/client/v4/accounts/f139034ef7924a1d387c88f394b535a2/pages/projects/akgsempire/deployments/ebfbe261-aab4-4855-b416-97cb2d6866fb
---

--- 2026-02-13T11:37:49.677Z debug
QUERY STRING: omitted; set WRANGLER_LOG_SANITIZE=false to include sanitized data
---

--- 2026-02-13T11:37:49.677Z debug
HEADERS: omitted; set WRANGLER_LOG_SANITIZE=false to include sanitized data
---

--- 2026-02-13T11:37:49.677Z debug
INIT: omitted; set WRANGLER_LOG_SANITIZE=false to include sanitized data
---

--- 2026-02-13T11:37:49.677Z debug
-- END CF API REQUEST
---

--- 2026-02-13T11:37:50.425Z debug
-- START CF API RESPONSE: OK 200
---

--- 2026-02-13T11:37:50.425Z debug
HEADERS: omitted; set WRANGLER_LOG_SANITIZE=false to include sanitized data
---

--- 2026-02-13T11:37:50.425Z debug
RESPONSE: omitted; set WRANGLER_LOG_SANITIZE=false to include sanitized data
---

--- 2026-02-13T11:37:50.425Z debug
-- END CF API RESPONSE
---

--- 2026-02-13T11:37:52.440Z debug
attempt #2: Attempting to fetch status for deployment with id "ebfbe261-aab4-4855-b416-97cb2d6866fb" ...
---

--- 2026-02-13T11:37:52.441Z debug
-- START CF API REQUEST: GET https://api.cloudflare.com/client/v4/accounts/f139034ef7924a1d387c88f394b535a2/pages/projects/akgsempire/deployments/ebfbe261-aab4-4855-b416-97cb2d6866fb
---

--- 2026-02-13T11:37:52.441Z debug
QUERY STRING: omitted; set WRANGLER_LOG_SANITIZE=false to include sanitized data
---

--- 2026-02-13T11:37:52.441Z debug
HEADERS: omitted; set WRANGLER_LOG_SANITIZE=false to include sanitized data
---

--- 2026-02-13T11:37:52.441Z debug
INIT: omitted; set WRANGLER_LOG_SANITIZE=false to include sanitized data
---

--- 2026-02-13T11:37:52.441Z debug
-- END CF API REQUEST
---

--- 2026-02-13T11:37:53.514Z debug
-- START CF API RESPONSE: OK 200
---

--- 2026-02-13T11:37:53.514Z debug
HEADERS: omitted; set WRANGLER_LOG_SANITIZE=false to include sanitized data
---

--- 2026-02-13T11:37:53.514Z debug
RESPONSE: omitted; set WRANGLER_LOG_SANITIZE=false to include sanitized data
---

--- 2026-02-13T11:37:53.514Z debug
-- END CF API RESPONSE
---

--- 2026-02-13T11:37:53.514Z log
✨ Deployment complete! Take a peek over at https://ebfbe261.akgsempire.pages.dev
---

--- 2026-02-13T11:37:53.516Z debug
Metrics dispatcher: Posting data {"deviceId":"672dd324-7ddc-4102-8d1e-2dabcfd6b5db","event":"create pages deployment","timestamp":1770982673516,"properties":{"amplitude_session_id":1770982673515,"amplitude_event_id":0,"wranglerVersion":"4.65.0","wranglerMajorVersion":4,"wranglerMinorVersion":65,"wranglerPatchVersion":0,"osPlatform":"Windows","osVersion":"Windows 11 Pro","nodeVersion":24,"isFirstUsage":false,"configFileType":"none","isCI":false,"isPagesCI":false,"isWorkersCI":false,"isInteractive":false,"hasAssets":false,"agent":null,"category":"Workers","os":"win32:x64"}}
---

--- 2026-02-13T11:37:53.519Z debug
Metrics dispatcher: Posting data {"deviceId":"672dd324-7ddc-4102-8d1e-2dabcfd6b5db","event":"wrangler command completed","timestamp":1770982673519,"properties":{"amplitude_session_id":1770982660704,"amplitude_event_id":1,"wranglerVersion":"4.65.0","wranglerMajorVersion":4,"wranglerMinorVersion":65,"wranglerPatchVersion":0,"osPlatform":"Windows","osVersion":"Windows 11 Pro","nodeVersion":24,"isFirstUsage":false,"configFileType":"none","isCI":false,"isPagesCI":false,"isWorkersCI":false,"isInteractive":false,"hasAssets":false,"agent":null,"argsUsed":["projectName"],"argsCombination":"projectName","sanitizedCommand":"pages deploy","sanitizedArgs":{},"durationMs":12820}}
---
