
--- 2026-02-13T15:16:37.413Z debug
🪵  Writing logs to "C:\Users\under\OneDrive\Desktop\SITE AKGS\.config\.wrangler\logs\wrangler-2026-02-13_15-16-37_246.log"
---

--- 2026-02-13T15:16:37.413Z debug
.env file not found at "C:\Users\under\OneDrive\Desktop\SITE AKGS\.env.local". Continuing... For more details, refer to https://developers.cloudflare.com/workers/wrangler/system-environment-variables/
---

--- 2026-02-13T15:16:39.571Z log

 ⛅️ wrangler 4.65.0
───────────────────
---

--- 2026-02-13T15:16:39.574Z debug
Metrics dispatcher: Posting data {"deviceId":"672dd324-7ddc-4102-8d1e-2dabcfd6b5db","event":"wrangler command started","timestamp":1770995799574,"properties":{"amplitude_session_id":1770995799571,"amplitude_event_id":0,"wranglerVersion":"4.65.0","wranglerMajorVersion":4,"wranglerMinorVersion":65,"wranglerPatchVersion":0,"osPlatform":"Windows","osVersion":"Windows 11 Pro","nodeVersion":24,"isFirstUsage":false,"configFileType":"none","isCI":false,"isPagesCI":false,"isWorkersCI":false,"isInteractive":false,"hasAssets":false,"agent":null,"argsUsed":["projectName"],"argsCombination":"projectName","sanitizedCommand":"pages deploy","sanitizedArgs":{}}}
---

--- 2026-02-13T15:16:39.597Z debug
-- START CF API REQUEST: GET https://api.cloudflare.com/client/v4/accounts/f139034ef7924a1d387c88f394b535a2/pages/projects/akgsempire
---

--- 2026-02-13T15:16:39.597Z debug
QUERY STRING: omitted; set WRANGLER_LOG_SANITIZE=false to include sanitized data
---

--- 2026-02-13T15:16:39.598Z debug
HEADERS: omitted; set WRANGLER_LOG_SANITIZE=false to include sanitized data
---

--- 2026-02-13T15:16:39.598Z debug
INIT: omitted; set WRANGLER_LOG_SANITIZE=false to include sanitized data
---

--- 2026-02-13T15:16:39.598Z debug
-- END CF API REQUEST
---

--- 2026-02-13T15:16:41.036Z debug
-- START CF API RESPONSE: OK 200
---

--- 2026-02-13T15:16:41.037Z debug
HEADERS: omitted; set WRANGLER_LOG_SANITIZE=false to include sanitized data
---

--- 2026-02-13T15:16:41.037Z debug
RESPONSE: omitted; set WRANGLER_LOG_SANITIZE=false to include sanitized data
---

--- 2026-02-13T15:16:41.037Z debug
-- END CF API RESPONSE
---

--- 2026-02-13T15:16:41.039Z debug
pages deploy: Detecting git repository information...
---

--- 2026-02-13T15:16:41.140Z debug
pages deploy: Git repository detected
---

--- 2026-02-13T15:16:41.345Z debug
pages deploy: Working directory dirty status: true
---

--- 2026-02-13T15:16:41.455Z debug
pages deploy: Detected branch: "main"
---

--- 2026-02-13T15:16:41.556Z debug
pages deploy: Detected commit hash: "6b24c5791c394cdb3a7d24025407b2a67a844411"
---

--- 2026-02-13T15:16:41.631Z debug
pages deploy: Detected commit message: "Finalize_TikTok_verification_and_cleanup"
---

--- 2026-02-13T15:16:41.744Z warn
▲ [WARNING] Warning: Your working directory is a git repo and has uncommitted changes

  To silence this warning, pass in --commit-dirty=true


---

--- 2026-02-13T15:16:41.744Z debug
pages deploy: Git information summary - branch: main, commitHash: 6b24c5791c394cdb3a7d24025407b2a67a844411, commitDirty: true
---

--- 2026-02-13T15:16:41.745Z debug
-- START CF API REQUEST: GET https://api.cloudflare.com/client/v4/accounts/f139034ef7924a1d387c88f394b535a2/pages/projects/akgsempire
---

--- 2026-02-13T15:16:41.745Z debug
QUERY STRING: omitted; set WRANGLER_LOG_SANITIZE=false to include sanitized data
---

--- 2026-02-13T15:16:41.746Z debug
HEADERS: omitted; set WRANGLER_LOG_SANITIZE=false to include sanitized data
---

--- 2026-02-13T15:16:41.746Z debug
INIT: omitted; set WRANGLER_LOG_SANITIZE=false to include sanitized data
---

--- 2026-02-13T15:16:41.746Z debug
-- END CF API REQUEST
---

--- 2026-02-13T15:16:42.903Z debug
-- START CF API RESPONSE: OK 200
---

--- 2026-02-13T15:16:42.903Z debug
HEADERS: omitted; set WRANGLER_LOG_SANITIZE=false to include sanitized data
---

--- 2026-02-13T15:16:42.903Z debug
RESPONSE: omitted; set WRANGLER_LOG_SANITIZE=false to include sanitized data
---

--- 2026-02-13T15:16:42.903Z debug
-- END CF API RESPONSE
---

--- 2026-02-13T15:16:42.906Z debug
-- START CF API REQUEST: GET https://api.cloudflare.com/client/v4/accounts/f139034ef7924a1d387c88f394b535a2/pages/projects/akgsempire/upload-token
---

--- 2026-02-13T15:16:42.906Z debug
QUERY STRING: omitted; set WRANGLER_LOG_SANITIZE=false to include sanitized data
---

--- 2026-02-13T15:16:42.906Z debug
HEADERS: omitted; set WRANGLER_LOG_SANITIZE=false to include sanitized data
---

--- 2026-02-13T15:16:42.906Z debug
INIT: omitted; set WRANGLER_LOG_SANITIZE=false to include sanitized data
---

--- 2026-02-13T15:16:42.906Z debug
-- END CF API REQUEST
---

--- 2026-02-13T15:16:43.896Z debug
-- START CF API RESPONSE: OK 200
---

--- 2026-02-13T15:16:43.896Z debug
HEADERS: omitted; set WRANGLER_LOG_SANITIZE=false to include sanitized data
---

--- 2026-02-13T15:16:43.896Z debug
RESPONSE: omitted; set WRANGLER_LOG_SANITIZE=false to include sanitized data
---

--- 2026-02-13T15:16:43.896Z debug
-- END CF API RESPONSE
---

--- 2026-02-13T15:16:43.914Z debug
-- START CF API REQUEST: GET https://api.cloudflare.com/client/v4/accounts/f139034ef7924a1d387c88f394b535a2/pages/projects/akgsempire/upload-token
---

--- 2026-02-13T15:16:43.914Z debug
QUERY STRING: omitted; set WRANGLER_LOG_SANITIZE=false to include sanitized data
---

--- 2026-02-13T15:16:43.914Z debug
HEADERS: omitted; set WRANGLER_LOG_SANITIZE=false to include sanitized data
---

--- 2026-02-13T15:16:43.914Z debug
INIT: omitted; set WRANGLER_LOG_SANITIZE=false to include sanitized data
---

--- 2026-02-13T15:16:43.914Z debug
-- END CF API REQUEST
---

--- 2026-02-13T15:16:45.008Z debug
-- START CF API RESPONSE: OK 200
---

--- 2026-02-13T15:16:45.008Z debug
HEADERS: omitted; set WRANGLER_LOG_SANITIZE=false to include sanitized data
---

--- 2026-02-13T15:16:45.008Z debug
RESPONSE: omitted; set WRANGLER_LOG_SANITIZE=false to include sanitized data
---

--- 2026-02-13T15:16:45.008Z debug
-- END CF API RESPONSE
---

--- 2026-02-13T15:16:45.009Z debug
-- START CF API REQUEST: POST https://api.cloudflare.com/client/v4/pages/assets/check-missing
---

--- 2026-02-13T15:16:45.009Z debug
QUERY STRING: omitted; set WRANGLER_LOG_SANITIZE=false to include sanitized data
---

--- 2026-02-13T15:16:45.009Z debug
HEADERS: omitted; set WRANGLER_LOG_SANITIZE=false to include sanitized data
---

--- 2026-02-13T15:16:45.009Z debug
INIT: omitted; set WRANGLER_LOG_SANITIZE=false to include sanitized data
---

--- 2026-02-13T15:16:45.009Z debug
-- END CF API REQUEST
---

--- 2026-02-13T15:16:45.192Z debug
-- START CF API RESPONSE: OK 200
---

--- 2026-02-13T15:16:45.192Z debug
HEADERS: omitted; set WRANGLER_LOG_SANITIZE=false to include sanitized data
---

--- 2026-02-13T15:16:45.192Z debug
RESPONSE: omitted; set WRANGLER_LOG_SANITIZE=false to include sanitized data
---

--- 2026-02-13T15:16:45.192Z debug
-- END CF API RESPONSE
---

--- 2026-02-13T15:16:45.193Z log
Uploading... (17/17)
---

--- 2026-02-13T15:16:45.194Z log
✨ Success! Uploaded 0 files (17 already uploaded) (0.19 sec)

---

--- 2026-02-13T15:16:45.194Z debug
-- START CF API REQUEST: POST https://api.cloudflare.com/client/v4/pages/assets/upsert-hashes
---

--- 2026-02-13T15:16:45.194Z debug
QUERY STRING: omitted; set WRANGLER_LOG_SANITIZE=false to include sanitized data
---

--- 2026-02-13T15:16:45.194Z debug
HEADERS: omitted; set WRANGLER_LOG_SANITIZE=false to include sanitized data
---

--- 2026-02-13T15:16:45.194Z debug
INIT: omitted; set WRANGLER_LOG_SANITIZE=false to include sanitized data
---

--- 2026-02-13T15:16:45.194Z debug
-- END CF API REQUEST
---

--- 2026-02-13T15:16:45.375Z debug
-- START CF API RESPONSE: OK 200
---

--- 2026-02-13T15:16:45.375Z debug
HEADERS: omitted; set WRANGLER_LOG_SANITIZE=false to include sanitized data
---

--- 2026-02-13T15:16:45.375Z debug
RESPONSE: omitted; set WRANGLER_LOG_SANITIZE=false to include sanitized data
---

--- 2026-02-13T15:16:45.375Z debug
-- END CF API RESPONSE
---

--- 2026-02-13T15:16:45.414Z log
✨ Compiled Worker successfully
---

--- 2026-02-13T15:16:45.418Z log
✨ Uploading Worker bundle
---

--- 2026-02-13T15:16:45.418Z debug
-- START CF API REQUEST: POST https://api.cloudflare.com/client/v4/accounts/f139034ef7924a1d387c88f394b535a2/pages/projects/akgsempire/deployments
---

--- 2026-02-13T15:16:45.418Z debug
QUERY STRING: omitted; set WRANGLER_LOG_SANITIZE=false to include sanitized data
---

--- 2026-02-13T15:16:45.418Z debug
HEADERS: omitted; set WRANGLER_LOG_SANITIZE=false to include sanitized data
---

--- 2026-02-13T15:16:45.418Z debug
INIT: omitted; set WRANGLER_LOG_SANITIZE=false to include sanitized data
---

--- 2026-02-13T15:16:45.418Z debug
BODY: omitted; set WRANGLER_LOG_SANITIZE=false to include sanitized data
---

--- 2026-02-13T15:16:45.418Z debug
-- END CF API REQUEST
---

--- 2026-02-13T15:16:47.658Z debug
-- START CF API RESPONSE: OK 200
---

--- 2026-02-13T15:16:47.658Z debug
HEADERS: omitted; set WRANGLER_LOG_SANITIZE=false to include sanitized data
---

--- 2026-02-13T15:16:47.658Z debug
RESPONSE: omitted; set WRANGLER_LOG_SANITIZE=false to include sanitized data
---

--- 2026-02-13T15:16:47.658Z debug
-- END CF API RESPONSE
---

--- 2026-02-13T15:16:47.659Z debug
Saving to cache: {"account_id":"f139034ef7924a1d387c88f394b535a2","project_name":"akgsempire"}
---

--- 2026-02-13T15:16:47.660Z log
🌎 Deploying...
---

--- 2026-02-13T15:16:48.673Z debug
attempt #1: Attempting to fetch status for deployment with id "e82938d8-a634-470c-9b09-727e8aa2aaee" ...
---

--- 2026-02-13T15:16:48.674Z debug
-- START CF API REQUEST: GET https://api.cloudflare.com/client/v4/accounts/f139034ef7924a1d387c88f394b535a2/pages/projects/akgsempire/deployments/e82938d8-a634-470c-9b09-727e8aa2aaee
---

--- 2026-02-13T15:16:48.674Z debug
QUERY STRING: omitted; set WRANGLER_LOG_SANITIZE=false to include sanitized data
---

--- 2026-02-13T15:16:48.674Z debug
HEADERS: omitted; set WRANGLER_LOG_SANITIZE=false to include sanitized data
---

--- 2026-02-13T15:16:48.674Z debug
INIT: omitted; set WRANGLER_LOG_SANITIZE=false to include sanitized data
---

--- 2026-02-13T15:16:48.674Z debug
-- END CF API REQUEST
---

--- 2026-02-13T15:16:49.460Z debug
-- START CF API RESPONSE: OK 200
---

--- 2026-02-13T15:16:49.461Z debug
HEADERS: omitted; set WRANGLER_LOG_SANITIZE=false to include sanitized data
---

--- 2026-02-13T15:16:49.461Z debug
RESPONSE: omitted; set WRANGLER_LOG_SANITIZE=false to include sanitized data
---

--- 2026-02-13T15:16:49.461Z debug
-- END CF API RESPONSE
---

--- 2026-02-13T15:16:51.462Z debug
attempt #2: Attempting to fetch status for deployment with id "e82938d8-a634-470c-9b09-727e8aa2aaee" ...
---

--- 2026-02-13T15:16:51.462Z debug
-- START CF API REQUEST: GET https://api.cloudflare.com/client/v4/accounts/f139034ef7924a1d387c88f394b535a2/pages/projects/akgsempire/deployments/e82938d8-a634-470c-9b09-727e8aa2aaee
---

--- 2026-02-13T15:16:51.462Z debug
QUERY STRING: omitted; set WRANGLER_LOG_SANITIZE=false to include sanitized data
---

--- 2026-02-13T15:16:51.462Z debug
HEADERS: omitted; set WRANGLER_LOG_SANITIZE=false to include sanitized data
---

--- 2026-02-13T15:16:51.462Z debug
INIT: omitted; set WRANGLER_LOG_SANITIZE=false to include sanitized data
---

--- 2026-02-13T15:16:51.462Z debug
-- END CF API REQUEST
---

--- 2026-02-13T15:16:52.798Z debug
-- START CF API RESPONSE: OK 200
---

--- 2026-02-13T15:16:52.798Z debug
HEADERS: omitted; set WRANGLER_LOG_SANITIZE=false to include sanitized data
---

--- 2026-02-13T15:16:52.798Z debug
RESPONSE: omitted; set WRANGLER_LOG_SANITIZE=false to include sanitized data
---

--- 2026-02-13T15:16:52.798Z debug
-- END CF API RESPONSE
---

--- 2026-02-13T15:16:52.799Z log
✨ Deployment complete! Take a peek over at https://e82938d8.akgsempire.pages.dev
---

--- 2026-02-13T15:16:52.800Z debug
Metrics dispatcher: Posting data {"deviceId":"672dd324-7ddc-4102-8d1e-2dabcfd6b5db","event":"create pages deployment","timestamp":1770995812800,"properties":{"amplitude_session_id":1770995812799,"amplitude_event_id":0,"wranglerVersion":"4.65.0","wranglerMajorVersion":4,"wranglerMinorVersion":65,"wranglerPatchVersion":0,"osPlatform":"Windows","osVersion":"Windows 11 Pro","nodeVersion":24,"isFirstUsage":false,"configFileType":"none","isCI":false,"isPagesCI":false,"isWorkersCI":false,"isInteractive":false,"hasAssets":false,"agent":null,"category":"Workers","os":"win32:x64"}}
---

--- 2026-02-13T15:16:52.802Z debug
Metrics dispatcher: Posting data {"deviceId":"672dd324-7ddc-4102-8d1e-2dabcfd6b5db","event":"wrangler command completed","timestamp":1770995812802,"properties":{"amplitude_session_id":1770995799571,"amplitude_event_id":1,"wranglerVersion":"4.65.0","wranglerMajorVersion":4,"wranglerMinorVersion":65,"wranglerPatchVersion":0,"osPlatform":"Windows","osVersion":"Windows 11 Pro","nodeVersion":24,"isFirstUsage":false,"configFileType":"none","isCI":false,"isPagesCI":false,"isWorkersCI":false,"isInteractive":false,"hasAssets":false,"agent":null,"argsUsed":["projectName"],"argsCombination":"projectName","sanitizedCommand":"pages deploy","sanitizedArgs":{},"durationMs":15384}}
---
