
--- 2026-02-13T12:24:28.083Z debug
🪵  Writing logs to "C:\Users\under\OneDrive\Desktop\SITE AKGS\.config\.wrangler\logs\wrangler-2026-02-13_12-24-27_873.log"
---

--- 2026-02-13T12:24:28.083Z debug
.env file not found at "C:\Users\under\OneDrive\Desktop\SITE AKGS\.env.local". Continuing... For more details, refer to https://developers.cloudflare.com/workers/wrangler/system-environment-variables/
---

--- 2026-02-13T12:24:28.096Z log

 ⛅️ wrangler 4.65.0
───────────────────
---

--- 2026-02-13T12:24:28.100Z debug
Metrics dispatcher: Posting data {"deviceId":"672dd324-7ddc-4102-8d1e-2dabcfd6b5db","event":"wrangler command started","timestamp":1770985468100,"properties":{"amplitude_session_id":1770985468097,"amplitude_event_id":0,"wranglerVersion":"4.65.0","wranglerMajorVersion":4,"wranglerMinorVersion":65,"wranglerPatchVersion":0,"osPlatform":"Windows","osVersion":"Windows 11 Pro","nodeVersion":24,"isFirstUsage":false,"configFileType":"none","isCI":false,"isPagesCI":false,"isWorkersCI":false,"isInteractive":false,"hasAssets":false,"agent":null,"argsUsed":["projectName"],"argsCombination":"projectName","sanitizedCommand":"pages deploy","sanitizedArgs":{}}}
---

--- 2026-02-13T12:24:28.139Z debug
-- START CF API REQUEST: GET https://api.cloudflare.com/client/v4/accounts/f139034ef7924a1d387c88f394b535a2/pages/projects/akgsempire
---

--- 2026-02-13T12:24:28.139Z debug
QUERY STRING: omitted; set WRANGLER_LOG_SANITIZE=false to include sanitized data
---

--- 2026-02-13T12:24:28.139Z debug
HEADERS: omitted; set WRANGLER_LOG_SANITIZE=false to include sanitized data
---

--- 2026-02-13T12:24:28.139Z debug
INIT: omitted; set WRANGLER_LOG_SANITIZE=false to include sanitized data
---

--- 2026-02-13T12:24:28.139Z debug
-- END CF API REQUEST
---

--- 2026-02-13T12:24:29.051Z debug
-- START CF API RESPONSE: OK 200
---

--- 2026-02-13T12:24:29.051Z debug
HEADERS: omitted; set WRANGLER_LOG_SANITIZE=false to include sanitized data
---

--- 2026-02-13T12:24:29.051Z debug
RESPONSE: omitted; set WRANGLER_LOG_SANITIZE=false to include sanitized data
---

--- 2026-02-13T12:24:29.051Z debug
-- END CF API RESPONSE
---

--- 2026-02-13T12:24:29.054Z debug
pages deploy: Detecting git repository information...
---

--- 2026-02-13T12:24:29.172Z debug
pages deploy: Git repository detected
---

--- 2026-02-13T12:24:29.409Z debug
pages deploy: Working directory dirty status: true
---

--- 2026-02-13T12:24:29.529Z debug
pages deploy: Detected branch: "main"
---

--- 2026-02-13T12:24:29.640Z debug
pages deploy: Detected commit hash: "0d46a04ccc67ba01ceae5c1009b40f0216cd5b4c"
---

--- 2026-02-13T12:24:29.764Z debug
pages deploy: Detected commit message: "update"
---

--- 2026-02-13T12:24:29.845Z warn
▲ [WARNING] Warning: Your working directory is a git repo and has uncommitted changes

  To silence this warning, pass in --commit-dirty=true


---

--- 2026-02-13T12:24:29.845Z debug
pages deploy: Git information summary - branch: main, commitHash: 0d46a04ccc67ba01ceae5c1009b40f0216cd5b4c, commitDirty: true
---

--- 2026-02-13T12:24:29.847Z debug
-- START CF API REQUEST: GET https://api.cloudflare.com/client/v4/accounts/f139034ef7924a1d387c88f394b535a2/pages/projects/akgsempire
---

--- 2026-02-13T12:24:29.847Z debug
QUERY STRING: omitted; set WRANGLER_LOG_SANITIZE=false to include sanitized data
---

--- 2026-02-13T12:24:29.847Z debug
HEADERS: omitted; set WRANGLER_LOG_SANITIZE=false to include sanitized data
---

--- 2026-02-13T12:24:29.847Z debug
INIT: omitted; set WRANGLER_LOG_SANITIZE=false to include sanitized data
---

--- 2026-02-13T12:24:29.847Z debug
-- END CF API REQUEST
---

--- 2026-02-13T12:24:30.683Z debug
-- START CF API RESPONSE: OK 200
---

--- 2026-02-13T12:24:30.683Z debug
HEADERS: omitted; set WRANGLER_LOG_SANITIZE=false to include sanitized data
---

--- 2026-02-13T12:24:30.683Z debug
RESPONSE: omitted; set WRANGLER_LOG_SANITIZE=false to include sanitized data
---

--- 2026-02-13T12:24:30.683Z debug
-- END CF API RESPONSE
---

--- 2026-02-13T12:24:30.688Z debug
-- START CF API REQUEST: GET https://api.cloudflare.com/client/v4/accounts/f139034ef7924a1d387c88f394b535a2/pages/projects/akgsempire/upload-token
---

--- 2026-02-13T12:24:30.688Z debug
QUERY STRING: omitted; set WRANGLER_LOG_SANITIZE=false to include sanitized data
---

--- 2026-02-13T12:24:30.688Z debug
HEADERS: omitted; set WRANGLER_LOG_SANITIZE=false to include sanitized data
---

--- 2026-02-13T12:24:30.688Z debug
INIT: omitted; set WRANGLER_LOG_SANITIZE=false to include sanitized data
---

--- 2026-02-13T12:24:30.688Z debug
-- END CF API REQUEST
---

--- 2026-02-13T12:24:31.358Z debug
-- START CF API RESPONSE: OK 200
---

--- 2026-02-13T12:24:31.358Z debug
HEADERS: omitted; set WRANGLER_LOG_SANITIZE=false to include sanitized data
---

--- 2026-02-13T12:24:31.359Z debug
RESPONSE: omitted; set WRANGLER_LOG_SANITIZE=false to include sanitized data
---

--- 2026-02-13T12:24:31.359Z debug
-- END CF API RESPONSE
---

--- 2026-02-13T12:24:31.377Z debug
-- START CF API REQUEST: GET https://api.cloudflare.com/client/v4/accounts/f139034ef7924a1d387c88f394b535a2/pages/projects/akgsempire/upload-token
---

--- 2026-02-13T12:24:31.377Z debug
QUERY STRING: omitted; set WRANGLER_LOG_SANITIZE=false to include sanitized data
---

--- 2026-02-13T12:24:31.377Z debug
HEADERS: omitted; set WRANGLER_LOG_SANITIZE=false to include sanitized data
---

--- 2026-02-13T12:24:31.377Z debug
INIT: omitted; set WRANGLER_LOG_SANITIZE=false to include sanitized data
---

--- 2026-02-13T12:24:31.377Z debug
-- END CF API REQUEST
---

--- 2026-02-13T12:24:32.242Z debug
-- START CF API RESPONSE: OK 200
---

--- 2026-02-13T12:24:32.243Z debug
HEADERS: omitted; set WRANGLER_LOG_SANITIZE=false to include sanitized data
---

--- 2026-02-13T12:24:32.243Z debug
RESPONSE: omitted; set WRANGLER_LOG_SANITIZE=false to include sanitized data
---

--- 2026-02-13T12:24:32.243Z debug
-- END CF API RESPONSE
---

--- 2026-02-13T12:24:32.243Z debug
-- START CF API REQUEST: POST https://api.cloudflare.com/client/v4/pages/assets/check-missing
---

--- 2026-02-13T12:24:32.243Z debug
QUERY STRING: omitted; set WRANGLER_LOG_SANITIZE=false to include sanitized data
---

--- 2026-02-13T12:24:32.243Z debug
HEADERS: omitted; set WRANGLER_LOG_SANITIZE=false to include sanitized data
---

--- 2026-02-13T12:24:32.243Z debug
INIT: omitted; set WRANGLER_LOG_SANITIZE=false to include sanitized data
---

--- 2026-02-13T12:24:32.243Z debug
-- END CF API REQUEST
---

--- 2026-02-13T12:24:32.440Z debug
-- START CF API RESPONSE: OK 200
---

--- 2026-02-13T12:24:32.440Z debug
HEADERS: omitted; set WRANGLER_LOG_SANITIZE=false to include sanitized data
---

--- 2026-02-13T12:24:32.440Z debug
RESPONSE: omitted; set WRANGLER_LOG_SANITIZE=false to include sanitized data
---

--- 2026-02-13T12:24:32.440Z debug
-- END CF API RESPONSE
---

--- 2026-02-13T12:24:32.441Z log
Uploading... (17/19)
---

--- 2026-02-13T12:24:32.442Z debug
POST /pages/assets/upload
---

--- 2026-02-13T12:24:32.442Z debug
-- START CF API REQUEST: POST https://api.cloudflare.com/client/v4/pages/assets/upload
---

--- 2026-02-13T12:24:32.442Z debug
QUERY STRING: omitted; set WRANGLER_LOG_SANITIZE=false to include sanitized data
---

--- 2026-02-13T12:24:32.442Z debug
HEADERS: omitted; set WRANGLER_LOG_SANITIZE=false to include sanitized data
---

--- 2026-02-13T12:24:32.442Z debug
INIT: omitted; set WRANGLER_LOG_SANITIZE=false to include sanitized data
---

--- 2026-02-13T12:24:32.442Z debug
-- END CF API REQUEST
---

--- 2026-02-13T12:24:32.443Z debug
POST /pages/assets/upload
---

--- 2026-02-13T12:24:32.443Z debug
-- START CF API REQUEST: POST https://api.cloudflare.com/client/v4/pages/assets/upload
---

--- 2026-02-13T12:24:32.443Z debug
QUERY STRING: omitted; set WRANGLER_LOG_SANITIZE=false to include sanitized data
---

--- 2026-02-13T12:24:32.443Z debug
HEADERS: omitted; set WRANGLER_LOG_SANITIZE=false to include sanitized data
---

--- 2026-02-13T12:24:32.443Z debug
INIT: omitted; set WRANGLER_LOG_SANITIZE=false to include sanitized data
---

--- 2026-02-13T12:24:32.443Z debug
-- END CF API REQUEST
---

--- 2026-02-13T12:24:32.793Z debug
-- START CF API RESPONSE: OK 200
---

--- 2026-02-13T12:24:32.793Z debug
HEADERS: omitted; set WRANGLER_LOG_SANITIZE=false to include sanitized data
---

--- 2026-02-13T12:24:32.793Z debug
RESPONSE: omitted; set WRANGLER_LOG_SANITIZE=false to include sanitized data
---

--- 2026-02-13T12:24:32.793Z debug
-- END CF API RESPONSE
---

--- 2026-02-13T12:24:32.793Z debug
result: { successful_key_count: 1, unsuccessful_keys: [] }
---

--- 2026-02-13T12:24:32.793Z log
Uploading... (18/19)
---

--- 2026-02-13T12:24:32.841Z debug
-- START CF API RESPONSE: OK 200
---

--- 2026-02-13T12:24:32.842Z debug
HEADERS: omitted; set WRANGLER_LOG_SANITIZE=false to include sanitized data
---

--- 2026-02-13T12:24:32.842Z debug
RESPONSE: omitted; set WRANGLER_LOG_SANITIZE=false to include sanitized data
---

--- 2026-02-13T12:24:32.842Z debug
-- END CF API RESPONSE
---

--- 2026-02-13T12:24:32.842Z debug
result: { successful_key_count: 1, unsuccessful_keys: [] }
---

--- 2026-02-13T12:24:32.842Z log
Uploading... (19/19)
---

--- 2026-02-13T12:24:32.842Z log
✨ Success! Uploaded 2 files (17 already uploaded) (0.60 sec)

---

--- 2026-02-13T12:24:32.842Z debug
-- START CF API REQUEST: POST https://api.cloudflare.com/client/v4/pages/assets/upsert-hashes
---

--- 2026-02-13T12:24:32.842Z debug
QUERY STRING: omitted; set WRANGLER_LOG_SANITIZE=false to include sanitized data
---

--- 2026-02-13T12:24:32.842Z debug
HEADERS: omitted; set WRANGLER_LOG_SANITIZE=false to include sanitized data
---

--- 2026-02-13T12:24:32.843Z debug
INIT: omitted; set WRANGLER_LOG_SANITIZE=false to include sanitized data
---

--- 2026-02-13T12:24:32.843Z debug
-- END CF API REQUEST
---

--- 2026-02-13T12:24:33.026Z debug
-- START CF API RESPONSE: OK 200
---

--- 2026-02-13T12:24:33.026Z debug
HEADERS: omitted; set WRANGLER_LOG_SANITIZE=false to include sanitized data
---

--- 2026-02-13T12:24:33.026Z debug
RESPONSE: omitted; set WRANGLER_LOG_SANITIZE=false to include sanitized data
---

--- 2026-02-13T12:24:33.026Z debug
-- END CF API RESPONSE
---

--- 2026-02-13T12:24:33.027Z debug
-- START CF API REQUEST: POST https://api.cloudflare.com/client/v4/accounts/f139034ef7924a1d387c88f394b535a2/pages/projects/akgsempire/deployments
---

--- 2026-02-13T12:24:33.027Z debug
QUERY STRING: omitted; set WRANGLER_LOG_SANITIZE=false to include sanitized data
---

--- 2026-02-13T12:24:33.027Z debug
HEADERS: omitted; set WRANGLER_LOG_SANITIZE=false to include sanitized data
---

--- 2026-02-13T12:24:33.027Z debug
INIT: omitted; set WRANGLER_LOG_SANITIZE=false to include sanitized data
---

--- 2026-02-13T12:24:33.028Z debug
BODY: omitted; set WRANGLER_LOG_SANITIZE=false to include sanitized data
---

--- 2026-02-13T12:24:33.028Z debug
-- END CF API REQUEST
---

--- 2026-02-13T12:24:36.235Z debug
-- START CF API RESPONSE: OK 200
---

--- 2026-02-13T12:24:36.235Z debug
HEADERS: omitted; set WRANGLER_LOG_SANITIZE=false to include sanitized data
---

--- 2026-02-13T12:24:36.235Z debug
RESPONSE: omitted; set WRANGLER_LOG_SANITIZE=false to include sanitized data
---

--- 2026-02-13T12:24:36.235Z debug
-- END CF API RESPONSE
---

--- 2026-02-13T12:24:36.235Z debug
Saving to cache: {"account_id":"f139034ef7924a1d387c88f394b535a2","project_name":"akgsempire"}
---

--- 2026-02-13T12:24:36.237Z log
🌎 Deploying...
---

--- 2026-02-13T12:24:37.238Z debug
attempt #1: Attempting to fetch status for deployment with id "36f84e1c-7d75-426a-b6ff-dc37c5bfe79b" ...
---

--- 2026-02-13T12:24:37.239Z debug
-- START CF API REQUEST: GET https://api.cloudflare.com/client/v4/accounts/f139034ef7924a1d387c88f394b535a2/pages/projects/akgsempire/deployments/36f84e1c-7d75-426a-b6ff-dc37c5bfe79b
---

--- 2026-02-13T12:24:37.239Z debug
QUERY STRING: omitted; set WRANGLER_LOG_SANITIZE=false to include sanitized data
---

--- 2026-02-13T12:24:37.239Z debug
HEADERS: omitted; set WRANGLER_LOG_SANITIZE=false to include sanitized data
---

--- 2026-02-13T12:24:37.239Z debug
INIT: omitted; set WRANGLER_LOG_SANITIZE=false to include sanitized data
---

--- 2026-02-13T12:24:37.239Z debug
-- END CF API REQUEST
---

--- 2026-02-13T12:24:38.187Z debug
-- START CF API RESPONSE: OK 200
---

--- 2026-02-13T12:24:38.187Z debug
HEADERS: omitted; set WRANGLER_LOG_SANITIZE=false to include sanitized data
---

--- 2026-02-13T12:24:38.187Z debug
RESPONSE: omitted; set WRANGLER_LOG_SANITIZE=false to include sanitized data
---

--- 2026-02-13T12:24:38.187Z debug
-- END CF API RESPONSE
---

--- 2026-02-13T12:24:40.196Z debug
attempt #2: Attempting to fetch status for deployment with id "36f84e1c-7d75-426a-b6ff-dc37c5bfe79b" ...
---

--- 2026-02-13T12:24:40.197Z debug
-- START CF API REQUEST: GET https://api.cloudflare.com/client/v4/accounts/f139034ef7924a1d387c88f394b535a2/pages/projects/akgsempire/deployments/36f84e1c-7d75-426a-b6ff-dc37c5bfe79b
---

--- 2026-02-13T12:24:40.197Z debug
QUERY STRING: omitted; set WRANGLER_LOG_SANITIZE=false to include sanitized data
---

--- 2026-02-13T12:24:40.197Z debug
HEADERS: omitted; set WRANGLER_LOG_SANITIZE=false to include sanitized data
---

--- 2026-02-13T12:24:40.197Z debug
INIT: omitted; set WRANGLER_LOG_SANITIZE=false to include sanitized data
---

--- 2026-02-13T12:24:40.197Z debug
-- END CF API REQUEST
---

--- 2026-02-13T12:24:42.813Z debug
-- START CF API RESPONSE: OK 200
---

--- 2026-02-13T12:24:42.814Z debug
HEADERS: omitted; set WRANGLER_LOG_SANITIZE=false to include sanitized data
---

--- 2026-02-13T12:24:42.814Z debug
RESPONSE: omitted; set WRANGLER_LOG_SANITIZE=false to include sanitized data
---

--- 2026-02-13T12:24:42.814Z debug
-- END CF API RESPONSE
---

--- 2026-02-13T12:24:42.814Z log
✨ Deployment complete! Take a peek over at https://36f84e1c.akgsempire.pages.dev
---

--- 2026-02-13T12:24:42.816Z debug
Metrics dispatcher: Posting data {"deviceId":"672dd324-7ddc-4102-8d1e-2dabcfd6b5db","event":"create pages deployment","timestamp":1770985482816,"properties":{"amplitude_session_id":1770985482814,"amplitude_event_id":0,"wranglerVersion":"4.65.0","wranglerMajorVersion":4,"wranglerMinorVersion":65,"wranglerPatchVersion":0,"osPlatform":"Windows","osVersion":"Windows 11 Pro","nodeVersion":24,"isFirstUsage":false,"configFileType":"none","isCI":false,"isPagesCI":false,"isWorkersCI":false,"isInteractive":false,"hasAssets":false,"agent":null,"category":"Workers","os":"win32:x64"}}
---

--- 2026-02-13T12:24:42.818Z debug
Metrics dispatcher: Posting data {"deviceId":"672dd324-7ddc-4102-8d1e-2dabcfd6b5db","event":"wrangler command completed","timestamp":1770985482818,"properties":{"amplitude_session_id":1770985468097,"amplitude_event_id":1,"wranglerVersion":"4.65.0","wranglerMajorVersion":4,"wranglerMinorVersion":65,"wranglerPatchVersion":0,"osPlatform":"Windows","osVersion":"Windows 11 Pro","nodeVersion":24,"isFirstUsage":false,"configFileType":"none","isCI":false,"isPagesCI":false,"isWorkersCI":false,"isInteractive":false,"hasAssets":false,"agent":null,"argsUsed":["projectName"],"argsCombination":"projectName","sanitizedCommand":"pages deploy","sanitizedArgs":{},"durationMs":14727}}
---
