
--- 2026-02-13T21:26:14.714Z debug
🪵  Writing logs to "C:\Users\under\OneDrive\Desktop\SITE AKGS\.config\.wrangler\logs\wrangler-2026-02-13_21-26-14_527.log"
---

--- 2026-02-13T21:26:14.714Z debug
.env file not found at "C:\Users\under\OneDrive\Desktop\SITE AKGS\.env.local". Continuing... For more details, refer to https://developers.cloudflare.com/workers/wrangler/system-environment-variables/
---

--- 2026-02-13T21:26:14.724Z log

 ⛅️ wrangler 4.65.0
───────────────────
---

--- 2026-02-13T21:26:14.727Z debug
Metrics dispatcher: Posting data {"deviceId":"672dd324-7ddc-4102-8d1e-2dabcfd6b5db","event":"wrangler command started","timestamp":1771017974727,"properties":{"amplitude_session_id":1771017974725,"amplitude_event_id":0,"wranglerVersion":"4.65.0","wranglerMajorVersion":4,"wranglerMinorVersion":65,"wranglerPatchVersion":0,"osPlatform":"Windows","osVersion":"Windows 11 Pro","nodeVersion":24,"isFirstUsage":false,"configFileType":"none","isCI":false,"isPagesCI":false,"isWorkersCI":false,"isInteractive":false,"hasAssets":false,"agent":null,"argsUsed":["projectName"],"argsCombination":"projectName","sanitizedCommand":"pages deploy","sanitizedArgs":{}}}
---

--- 2026-02-13T21:26:14.761Z debug
-- START CF API REQUEST: GET https://api.cloudflare.com/client/v4/accounts/f139034ef7924a1d387c88f394b535a2/pages/projects/akgsempire
---

--- 2026-02-13T21:26:14.761Z debug
QUERY STRING: omitted; set WRANGLER_LOG_SANITIZE=false to include sanitized data
---

--- 2026-02-13T21:26:14.762Z debug
HEADERS: omitted; set WRANGLER_LOG_SANITIZE=false to include sanitized data
---

--- 2026-02-13T21:26:14.762Z debug
INIT: omitted; set WRANGLER_LOG_SANITIZE=false to include sanitized data
---

--- 2026-02-13T21:26:14.762Z debug
-- END CF API REQUEST
---

--- 2026-02-13T21:26:15.670Z debug
-- START CF API RESPONSE: OK 200
---

--- 2026-02-13T21:26:15.670Z debug
HEADERS: omitted; set WRANGLER_LOG_SANITIZE=false to include sanitized data
---

--- 2026-02-13T21:26:15.670Z debug
RESPONSE: omitted; set WRANGLER_LOG_SANITIZE=false to include sanitized data
---

--- 2026-02-13T21:26:15.670Z debug
-- END CF API RESPONSE
---

--- 2026-02-13T21:26:15.673Z debug
pages deploy: Detecting git repository information...
---

--- 2026-02-13T21:26:15.789Z debug
pages deploy: Git repository detected
---

--- 2026-02-13T21:26:16.055Z debug
pages deploy: Working directory dirty status: true
---

--- 2026-02-13T21:26:16.182Z debug
pages deploy: Detected branch: "main"
---

--- 2026-02-13T21:26:16.295Z debug
pages deploy: Detected commit hash: "9b5fba975dc3759709708ff34e6f377c61472656"
---

--- 2026-02-13T21:26:16.364Z debug
pages deploy: Detected commit message: "Update_Kick_OAuth_PKCE_UserFetch"
---

--- 2026-02-13T21:26:16.506Z warn
▲ [WARNING] Warning: Your working directory is a git repo and has uncommitted changes

  To silence this warning, pass in --commit-dirty=true


---

--- 2026-02-13T21:26:16.506Z debug
pages deploy: Git information summary - branch: main, commitHash: 9b5fba975dc3759709708ff34e6f377c61472656, commitDirty: true
---

--- 2026-02-13T21:26:16.509Z debug
-- START CF API REQUEST: GET https://api.cloudflare.com/client/v4/accounts/f139034ef7924a1d387c88f394b535a2/pages/projects/akgsempire
---

--- 2026-02-13T21:26:16.509Z debug
QUERY STRING: omitted; set WRANGLER_LOG_SANITIZE=false to include sanitized data
---

--- 2026-02-13T21:26:16.509Z debug
HEADERS: omitted; set WRANGLER_LOG_SANITIZE=false to include sanitized data
---

--- 2026-02-13T21:26:16.509Z debug
INIT: omitted; set WRANGLER_LOG_SANITIZE=false to include sanitized data
---

--- 2026-02-13T21:26:16.509Z debug
-- END CF API REQUEST
---

--- 2026-02-13T21:26:17.326Z debug
-- START CF API RESPONSE: OK 200
---

--- 2026-02-13T21:26:17.326Z debug
HEADERS: omitted; set WRANGLER_LOG_SANITIZE=false to include sanitized data
---

--- 2026-02-13T21:26:17.326Z debug
RESPONSE: omitted; set WRANGLER_LOG_SANITIZE=false to include sanitized data
---

--- 2026-02-13T21:26:17.326Z debug
-- END CF API RESPONSE
---

--- 2026-02-13T21:26:17.330Z debug
-- START CF API REQUEST: GET https://api.cloudflare.com/client/v4/accounts/f139034ef7924a1d387c88f394b535a2/pages/projects/akgsempire/upload-token
---

--- 2026-02-13T21:26:17.330Z debug
QUERY STRING: omitted; set WRANGLER_LOG_SANITIZE=false to include sanitized data
---

--- 2026-02-13T21:26:17.330Z debug
HEADERS: omitted; set WRANGLER_LOG_SANITIZE=false to include sanitized data
---

--- 2026-02-13T21:26:17.330Z debug
INIT: omitted; set WRANGLER_LOG_SANITIZE=false to include sanitized data
---

--- 2026-02-13T21:26:17.330Z debug
-- END CF API REQUEST
---

--- 2026-02-13T21:26:18.038Z debug
-- START CF API RESPONSE: OK 200
---

--- 2026-02-13T21:26:18.038Z debug
HEADERS: omitted; set WRANGLER_LOG_SANITIZE=false to include sanitized data
---

--- 2026-02-13T21:26:18.038Z debug
RESPONSE: omitted; set WRANGLER_LOG_SANITIZE=false to include sanitized data
---

--- 2026-02-13T21:26:18.038Z debug
-- END CF API RESPONSE
---

--- 2026-02-13T21:26:18.070Z debug
-- START CF API REQUEST: GET https://api.cloudflare.com/client/v4/accounts/f139034ef7924a1d387c88f394b535a2/pages/projects/akgsempire/upload-token
---

--- 2026-02-13T21:26:18.070Z debug
QUERY STRING: omitted; set WRANGLER_LOG_SANITIZE=false to include sanitized data
---

--- 2026-02-13T21:26:18.070Z debug
HEADERS: omitted; set WRANGLER_LOG_SANITIZE=false to include sanitized data
---

--- 2026-02-13T21:26:18.070Z debug
INIT: omitted; set WRANGLER_LOG_SANITIZE=false to include sanitized data
---

--- 2026-02-13T21:26:18.070Z debug
-- END CF API REQUEST
---

--- 2026-02-13T21:26:18.718Z debug
-- START CF API RESPONSE: OK 200
---

--- 2026-02-13T21:26:18.718Z debug
HEADERS: omitted; set WRANGLER_LOG_SANITIZE=false to include sanitized data
---

--- 2026-02-13T21:26:18.718Z debug
RESPONSE: omitted; set WRANGLER_LOG_SANITIZE=false to include sanitized data
---

--- 2026-02-13T21:26:18.718Z debug
-- END CF API RESPONSE
---

--- 2026-02-13T21:26:18.718Z debug
-- START CF API REQUEST: POST https://api.cloudflare.com/client/v4/pages/assets/check-missing
---

--- 2026-02-13T21:26:18.718Z debug
QUERY STRING: omitted; set WRANGLER_LOG_SANITIZE=false to include sanitized data
---

--- 2026-02-13T21:26:18.718Z debug
HEADERS: omitted; set WRANGLER_LOG_SANITIZE=false to include sanitized data
---

--- 2026-02-13T21:26:18.718Z debug
INIT: omitted; set WRANGLER_LOG_SANITIZE=false to include sanitized data
---

--- 2026-02-13T21:26:18.718Z debug
-- END CF API REQUEST
---

--- 2026-02-13T21:26:18.896Z debug
-- START CF API RESPONSE: OK 200
---

--- 2026-02-13T21:26:18.896Z debug
HEADERS: omitted; set WRANGLER_LOG_SANITIZE=false to include sanitized data
---

--- 2026-02-13T21:26:18.896Z debug
RESPONSE: omitted; set WRANGLER_LOG_SANITIZE=false to include sanitized data
---

--- 2026-02-13T21:26:18.896Z debug
-- END CF API RESPONSE
---

--- 2026-02-13T21:26:18.896Z log
Uploading... (13/13)
---

--- 2026-02-13T21:26:18.897Z log
✨ Success! Uploaded 0 files (13 already uploaded) (0.18 sec)

---

--- 2026-02-13T21:26:18.897Z debug
-- START CF API REQUEST: POST https://api.cloudflare.com/client/v4/pages/assets/upsert-hashes
---

--- 2026-02-13T21:26:18.897Z debug
QUERY STRING: omitted; set WRANGLER_LOG_SANITIZE=false to include sanitized data
---

--- 2026-02-13T21:26:18.897Z debug
HEADERS: omitted; set WRANGLER_LOG_SANITIZE=false to include sanitized data
---

--- 2026-02-13T21:26:18.897Z debug
INIT: omitted; set WRANGLER_LOG_SANITIZE=false to include sanitized data
---

--- 2026-02-13T21:26:18.897Z debug
-- END CF API REQUEST
---

--- 2026-02-13T21:26:19.089Z debug
-- START CF API RESPONSE: OK 200
---

--- 2026-02-13T21:26:19.089Z debug
HEADERS: omitted; set WRANGLER_LOG_SANITIZE=false to include sanitized data
---

--- 2026-02-13T21:26:19.089Z debug
RESPONSE: omitted; set WRANGLER_LOG_SANITIZE=false to include sanitized data
---

--- 2026-02-13T21:26:19.089Z debug
-- END CF API RESPONSE
---

--- 2026-02-13T21:26:19.132Z log
✨ Compiled Worker successfully
---

--- 2026-02-13T21:26:19.136Z log
✨ Uploading Worker bundle
---

--- 2026-02-13T21:26:19.136Z debug
-- START CF API REQUEST: POST https://api.cloudflare.com/client/v4/accounts/f139034ef7924a1d387c88f394b535a2/pages/projects/akgsempire/deployments
---

--- 2026-02-13T21:26:19.136Z debug
QUERY STRING: omitted; set WRANGLER_LOG_SANITIZE=false to include sanitized data
---

--- 2026-02-13T21:26:19.136Z debug
HEADERS: omitted; set WRANGLER_LOG_SANITIZE=false to include sanitized data
---

--- 2026-02-13T21:26:19.136Z debug
INIT: omitted; set WRANGLER_LOG_SANITIZE=false to include sanitized data
---

--- 2026-02-13T21:26:19.137Z debug
BODY: omitted; set WRANGLER_LOG_SANITIZE=false to include sanitized data
---

--- 2026-02-13T21:26:19.137Z debug
-- END CF API REQUEST
---

--- 2026-02-13T21:26:21.016Z debug
-- START CF API RESPONSE: OK 200
---

--- 2026-02-13T21:26:21.016Z debug
HEADERS: omitted; set WRANGLER_LOG_SANITIZE=false to include sanitized data
---

--- 2026-02-13T21:26:21.016Z debug
RESPONSE: omitted; set WRANGLER_LOG_SANITIZE=false to include sanitized data
---

--- 2026-02-13T21:26:21.016Z debug
-- END CF API RESPONSE
---

--- 2026-02-13T21:26:21.016Z debug
Saving to cache: {"account_id":"f139034ef7924a1d387c88f394b535a2","project_name":"akgsempire"}
---

--- 2026-02-13T21:26:21.018Z log
🌎 Deploying...
---

--- 2026-02-13T21:26:22.028Z debug
attempt #1: Attempting to fetch status for deployment with id "a724aa73-f5ed-4b88-8e3f-02e04c3f3411" ...
---

--- 2026-02-13T21:26:22.028Z debug
-- START CF API REQUEST: GET https://api.cloudflare.com/client/v4/accounts/f139034ef7924a1d387c88f394b535a2/pages/projects/akgsempire/deployments/a724aa73-f5ed-4b88-8e3f-02e04c3f3411
---

--- 2026-02-13T21:26:22.028Z debug
QUERY STRING: omitted; set WRANGLER_LOG_SANITIZE=false to include sanitized data
---

--- 2026-02-13T21:26:22.028Z debug
HEADERS: omitted; set WRANGLER_LOG_SANITIZE=false to include sanitized data
---

--- 2026-02-13T21:26:22.028Z debug
INIT: omitted; set WRANGLER_LOG_SANITIZE=false to include sanitized data
---

--- 2026-02-13T21:26:22.028Z debug
-- END CF API REQUEST
---

--- 2026-02-13T21:26:22.809Z debug
-- START CF API RESPONSE: OK 200
---

--- 2026-02-13T21:26:22.809Z debug
HEADERS: omitted; set WRANGLER_LOG_SANITIZE=false to include sanitized data
---

--- 2026-02-13T21:26:22.809Z debug
RESPONSE: omitted; set WRANGLER_LOG_SANITIZE=false to include sanitized data
---

--- 2026-02-13T21:26:22.809Z debug
-- END CF API RESPONSE
---

--- 2026-02-13T21:26:24.826Z debug
attempt #2: Attempting to fetch status for deployment with id "a724aa73-f5ed-4b88-8e3f-02e04c3f3411" ...
---

--- 2026-02-13T21:26:24.826Z debug
-- START CF API REQUEST: GET https://api.cloudflare.com/client/v4/accounts/f139034ef7924a1d387c88f394b535a2/pages/projects/akgsempire/deployments/a724aa73-f5ed-4b88-8e3f-02e04c3f3411
---

--- 2026-02-13T21:26:24.826Z debug
QUERY STRING: omitted; set WRANGLER_LOG_SANITIZE=false to include sanitized data
---

--- 2026-02-13T21:26:24.826Z debug
HEADERS: omitted; set WRANGLER_LOG_SANITIZE=false to include sanitized data
---

--- 2026-02-13T21:26:24.826Z debug
INIT: omitted; set WRANGLER_LOG_SANITIZE=false to include sanitized data
---

--- 2026-02-13T21:26:24.826Z debug
-- END CF API REQUEST
---

--- 2026-02-13T21:26:25.670Z debug
-- START CF API RESPONSE: OK 200
---

--- 2026-02-13T21:26:25.670Z debug
HEADERS: omitted; set WRANGLER_LOG_SANITIZE=false to include sanitized data
---

--- 2026-02-13T21:26:25.670Z debug
RESPONSE: omitted; set WRANGLER_LOG_SANITIZE=false to include sanitized data
---

--- 2026-02-13T21:26:25.670Z debug
-- END CF API RESPONSE
---

--- 2026-02-13T21:26:25.671Z log
✨ Deployment complete! Take a peek over at https://a724aa73.akgsempire.pages.dev
---

--- 2026-02-13T21:26:25.672Z debug
Metrics dispatcher: Posting data {"deviceId":"672dd324-7ddc-4102-8d1e-2dabcfd6b5db","event":"create pages deployment","timestamp":1771017985672,"properties":{"amplitude_session_id":1771017985671,"amplitude_event_id":0,"wranglerVersion":"4.65.0","wranglerMajorVersion":4,"wranglerMinorVersion":65,"wranglerPatchVersion":0,"osPlatform":"Windows","osVersion":"Windows 11 Pro","nodeVersion":24,"isFirstUsage":false,"configFileType":"none","isCI":false,"isPagesCI":false,"isWorkersCI":false,"isInteractive":false,"hasAssets":false,"agent":null,"category":"Workers","os":"win32:x64"}}
---

--- 2026-02-13T21:26:25.675Z debug
Metrics dispatcher: Posting data {"deviceId":"672dd324-7ddc-4102-8d1e-2dabcfd6b5db","event":"wrangler command completed","timestamp":1771017985675,"properties":{"amplitude_session_id":1771017974725,"amplitude_event_id":1,"wranglerVersion":"4.65.0","wranglerMajorVersion":4,"wranglerMinorVersion":65,"wranglerPatchVersion":0,"osPlatform":"Windows","osVersion":"Windows 11 Pro","nodeVersion":24,"isFirstUsage":false,"configFileType":"none","isCI":false,"isPagesCI":false,"isWorkersCI":false,"isInteractive":false,"hasAssets":false,"agent":null,"argsUsed":["projectName"],"argsCombination":"projectName","sanitizedCommand":"pages deploy","sanitizedArgs":{},"durationMs":10956}}
---
