
--- 2026-02-13T13:20:31.038Z debug
🪵  Writing logs to "C:\Users\under\OneDrive\Desktop\SITE AKGS\.config\.wrangler\logs\wrangler-2026-02-13_13-20-30_813.log"
---

--- 2026-02-13T13:20:31.038Z debug
.env file not found at "C:\Users\under\OneDrive\Desktop\SITE AKGS\.env.local". Continuing... For more details, refer to https://developers.cloudflare.com/workers/wrangler/system-environment-variables/
---

--- 2026-02-13T13:20:31.048Z log

 ⛅️ wrangler 4.65.0
───────────────────
---

--- 2026-02-13T13:20:31.052Z debug
Metrics dispatcher: Posting data {"deviceId":"672dd324-7ddc-4102-8d1e-2dabcfd6b5db","event":"wrangler command started","timestamp":1770988831052,"properties":{"amplitude_session_id":1770988831049,"amplitude_event_id":0,"wranglerVersion":"4.65.0","wranglerMajorVersion":4,"wranglerMinorVersion":65,"wranglerPatchVersion":0,"osPlatform":"Windows","osVersion":"Windows 11 Pro","nodeVersion":24,"isFirstUsage":false,"configFileType":"none","isCI":false,"isPagesCI":false,"isWorkersCI":false,"isInteractive":false,"hasAssets":false,"agent":null,"argsUsed":["projectName"],"argsCombination":"projectName","sanitizedCommand":"pages deploy","sanitizedArgs":{}}}
---

--- 2026-02-13T13:20:31.087Z debug
-- START CF API REQUEST: GET https://api.cloudflare.com/client/v4/accounts/f139034ef7924a1d387c88f394b535a2/pages/projects/akgsempire
---

--- 2026-02-13T13:20:31.087Z debug
QUERY STRING: omitted; set WRANGLER_LOG_SANITIZE=false to include sanitized data
---

--- 2026-02-13T13:20:31.087Z debug
HEADERS: omitted; set WRANGLER_LOG_SANITIZE=false to include sanitized data
---

--- 2026-02-13T13:20:31.087Z debug
INIT: omitted; set WRANGLER_LOG_SANITIZE=false to include sanitized data
---

--- 2026-02-13T13:20:31.087Z debug
-- END CF API REQUEST
---

--- 2026-02-13T13:20:32.072Z debug
-- START CF API RESPONSE: OK 200
---

--- 2026-02-13T13:20:32.072Z debug
HEADERS: omitted; set WRANGLER_LOG_SANITIZE=false to include sanitized data
---

--- 2026-02-13T13:20:32.072Z debug
RESPONSE: omitted; set WRANGLER_LOG_SANITIZE=false to include sanitized data
---

--- 2026-02-13T13:20:32.072Z debug
-- END CF API RESPONSE
---

--- 2026-02-13T13:20:32.075Z debug
pages deploy: Detecting git repository information...
---

--- 2026-02-13T13:20:32.187Z debug
pages deploy: Git repository detected
---

--- 2026-02-13T13:20:32.409Z debug
pages deploy: Working directory dirty status: true
---

--- 2026-02-13T13:20:32.522Z debug
pages deploy: Detected branch: "main"
---

--- 2026-02-13T13:20:32.633Z debug
pages deploy: Detected commit hash: "0d46a04ccc67ba01ceae5c1009b40f0216cd5b4c"
---

--- 2026-02-13T13:20:32.755Z debug
pages deploy: Detected commit message: "update"
---

--- 2026-02-13T13:20:32.882Z warn
▲ [WARNING] Warning: Your working directory is a git repo and has uncommitted changes

  To silence this warning, pass in --commit-dirty=true


---

--- 2026-02-13T13:20:32.882Z debug
pages deploy: Git information summary - branch: main, commitHash: 0d46a04ccc67ba01ceae5c1009b40f0216cd5b4c, commitDirty: true
---

--- 2026-02-13T13:20:32.884Z debug
-- START CF API REQUEST: GET https://api.cloudflare.com/client/v4/accounts/f139034ef7924a1d387c88f394b535a2/pages/projects/akgsempire
---

--- 2026-02-13T13:20:32.884Z debug
QUERY STRING: omitted; set WRANGLER_LOG_SANITIZE=false to include sanitized data
---

--- 2026-02-13T13:20:32.884Z debug
HEADERS: omitted; set WRANGLER_LOG_SANITIZE=false to include sanitized data
---

--- 2026-02-13T13:20:32.884Z debug
INIT: omitted; set WRANGLER_LOG_SANITIZE=false to include sanitized data
---

--- 2026-02-13T13:20:32.884Z debug
-- END CF API REQUEST
---

--- 2026-02-13T13:20:33.792Z debug
-- START CF API RESPONSE: OK 200
---

--- 2026-02-13T13:20:33.792Z debug
HEADERS: omitted; set WRANGLER_LOG_SANITIZE=false to include sanitized data
---

--- 2026-02-13T13:20:33.792Z debug
RESPONSE: omitted; set WRANGLER_LOG_SANITIZE=false to include sanitized data
---

--- 2026-02-13T13:20:33.792Z debug
-- END CF API RESPONSE
---

--- 2026-02-13T13:20:33.796Z debug
-- START CF API REQUEST: GET https://api.cloudflare.com/client/v4/accounts/f139034ef7924a1d387c88f394b535a2/pages/projects/akgsempire/upload-token
---

--- 2026-02-13T13:20:33.796Z debug
QUERY STRING: omitted; set WRANGLER_LOG_SANITIZE=false to include sanitized data
---

--- 2026-02-13T13:20:33.796Z debug
HEADERS: omitted; set WRANGLER_LOG_SANITIZE=false to include sanitized data
---

--- 2026-02-13T13:20:33.796Z debug
INIT: omitted; set WRANGLER_LOG_SANITIZE=false to include sanitized data
---

--- 2026-02-13T13:20:33.796Z debug
-- END CF API REQUEST
---

--- 2026-02-13T13:20:35.172Z debug
-- START CF API RESPONSE: OK 200
---

--- 2026-02-13T13:20:35.172Z debug
HEADERS: omitted; set WRANGLER_LOG_SANITIZE=false to include sanitized data
---

--- 2026-02-13T13:20:35.172Z debug
RESPONSE: omitted; set WRANGLER_LOG_SANITIZE=false to include sanitized data
---

--- 2026-02-13T13:20:35.172Z debug
-- END CF API RESPONSE
---

--- 2026-02-13T13:20:35.190Z debug
-- START CF API REQUEST: GET https://api.cloudflare.com/client/v4/accounts/f139034ef7924a1d387c88f394b535a2/pages/projects/akgsempire/upload-token
---

--- 2026-02-13T13:20:35.190Z debug
QUERY STRING: omitted; set WRANGLER_LOG_SANITIZE=false to include sanitized data
---

--- 2026-02-13T13:20:35.190Z debug
HEADERS: omitted; set WRANGLER_LOG_SANITIZE=false to include sanitized data
---

--- 2026-02-13T13:20:35.190Z debug
INIT: omitted; set WRANGLER_LOG_SANITIZE=false to include sanitized data
---

--- 2026-02-13T13:20:35.190Z debug
-- END CF API REQUEST
---

--- 2026-02-13T13:20:35.918Z debug
-- START CF API RESPONSE: OK 200
---

--- 2026-02-13T13:20:35.918Z debug
HEADERS: omitted; set WRANGLER_LOG_SANITIZE=false to include sanitized data
---

--- 2026-02-13T13:20:35.918Z debug
RESPONSE: omitted; set WRANGLER_LOG_SANITIZE=false to include sanitized data
---

--- 2026-02-13T13:20:35.918Z debug
-- END CF API RESPONSE
---

--- 2026-02-13T13:20:35.919Z debug
-- START CF API REQUEST: POST https://api.cloudflare.com/client/v4/pages/assets/check-missing
---

--- 2026-02-13T13:20:35.919Z debug
QUERY STRING: omitted; set WRANGLER_LOG_SANITIZE=false to include sanitized data
---

--- 2026-02-13T13:20:35.919Z debug
HEADERS: omitted; set WRANGLER_LOG_SANITIZE=false to include sanitized data
---

--- 2026-02-13T13:20:35.919Z debug
INIT: omitted; set WRANGLER_LOG_SANITIZE=false to include sanitized data
---

--- 2026-02-13T13:20:35.919Z debug
-- END CF API REQUEST
---

--- 2026-02-13T13:20:36.111Z debug
-- START CF API RESPONSE: OK 200
---

--- 2026-02-13T13:20:36.111Z debug
HEADERS: omitted; set WRANGLER_LOG_SANITIZE=false to include sanitized data
---

--- 2026-02-13T13:20:36.111Z debug
RESPONSE: omitted; set WRANGLER_LOG_SANITIZE=false to include sanitized data
---

--- 2026-02-13T13:20:36.111Z debug
-- END CF API RESPONSE
---

--- 2026-02-13T13:20:36.112Z log
Uploading... (17/17)
---

--- 2026-02-13T13:20:36.113Z log
✨ Success! Uploaded 0 files (17 already uploaded) (0.20 sec)

---

--- 2026-02-13T13:20:36.113Z debug
-- START CF API REQUEST: POST https://api.cloudflare.com/client/v4/pages/assets/upsert-hashes
---

--- 2026-02-13T13:20:36.113Z debug
QUERY STRING: omitted; set WRANGLER_LOG_SANITIZE=false to include sanitized data
---

--- 2026-02-13T13:20:36.113Z debug
HEADERS: omitted; set WRANGLER_LOG_SANITIZE=false to include sanitized data
---

--- 2026-02-13T13:20:36.113Z debug
INIT: omitted; set WRANGLER_LOG_SANITIZE=false to include sanitized data
---

--- 2026-02-13T13:20:36.113Z debug
-- END CF API REQUEST
---

--- 2026-02-13T13:20:36.304Z debug
-- START CF API RESPONSE: OK 200
---

--- 2026-02-13T13:20:36.304Z debug
HEADERS: omitted; set WRANGLER_LOG_SANITIZE=false to include sanitized data
---

--- 2026-02-13T13:20:36.304Z debug
RESPONSE: omitted; set WRANGLER_LOG_SANITIZE=false to include sanitized data
---

--- 2026-02-13T13:20:36.304Z debug
-- END CF API RESPONSE
---

--- 2026-02-13T13:20:36.348Z log
✨ Compiled Worker successfully
---

--- 2026-02-13T13:20:36.352Z log
✨ Uploading Worker bundle
---

--- 2026-02-13T13:20:36.352Z debug
-- START CF API REQUEST: POST https://api.cloudflare.com/client/v4/accounts/f139034ef7924a1d387c88f394b535a2/pages/projects/akgsempire/deployments
---

--- 2026-02-13T13:20:36.352Z debug
QUERY STRING: omitted; set WRANGLER_LOG_SANITIZE=false to include sanitized data
---

--- 2026-02-13T13:20:36.352Z debug
HEADERS: omitted; set WRANGLER_LOG_SANITIZE=false to include sanitized data
---

--- 2026-02-13T13:20:36.352Z debug
INIT: omitted; set WRANGLER_LOG_SANITIZE=false to include sanitized data
---

--- 2026-02-13T13:20:36.353Z debug
BODY: omitted; set WRANGLER_LOG_SANITIZE=false to include sanitized data
---

--- 2026-02-13T13:20:36.353Z debug
-- END CF API REQUEST
---

--- 2026-02-13T13:20:43.444Z debug
-- START CF API RESPONSE: OK 200
---

--- 2026-02-13T13:20:43.444Z debug
HEADERS: omitted; set WRANGLER_LOG_SANITIZE=false to include sanitized data
---

--- 2026-02-13T13:20:43.444Z debug
RESPONSE: omitted; set WRANGLER_LOG_SANITIZE=false to include sanitized data
---

--- 2026-02-13T13:20:43.444Z debug
-- END CF API RESPONSE
---

--- 2026-02-13T13:20:43.445Z debug
Saving to cache: {"account_id":"f139034ef7924a1d387c88f394b535a2","project_name":"akgsempire"}
---

--- 2026-02-13T13:20:43.446Z log
🌎 Deploying...
---

--- 2026-02-13T13:20:44.462Z debug
attempt #1: Attempting to fetch status for deployment with id "26bb3e3b-5621-4810-8a63-4d53d3afe5ef" ...
---

--- 2026-02-13T13:20:44.462Z debug
-- START CF API REQUEST: GET https://api.cloudflare.com/client/v4/accounts/f139034ef7924a1d387c88f394b535a2/pages/projects/akgsempire/deployments/26bb3e3b-5621-4810-8a63-4d53d3afe5ef
---

--- 2026-02-13T13:20:44.462Z debug
QUERY STRING: omitted; set WRANGLER_LOG_SANITIZE=false to include sanitized data
---

--- 2026-02-13T13:20:44.462Z debug
HEADERS: omitted; set WRANGLER_LOG_SANITIZE=false to include sanitized data
---

--- 2026-02-13T13:20:44.462Z debug
INIT: omitted; set WRANGLER_LOG_SANITIZE=false to include sanitized data
---

--- 2026-02-13T13:20:44.462Z debug
-- END CF API REQUEST
---

--- 2026-02-13T13:20:46.165Z debug
-- START CF API RESPONSE: OK 200
---

--- 2026-02-13T13:20:46.165Z debug
HEADERS: omitted; set WRANGLER_LOG_SANITIZE=false to include sanitized data
---

--- 2026-02-13T13:20:46.165Z debug
RESPONSE: omitted; set WRANGLER_LOG_SANITIZE=false to include sanitized data
---

--- 2026-02-13T13:20:46.165Z debug
-- END CF API RESPONSE
---

--- 2026-02-13T13:20:48.180Z debug
attempt #2: Attempting to fetch status for deployment with id "26bb3e3b-5621-4810-8a63-4d53d3afe5ef" ...
---

--- 2026-02-13T13:20:48.181Z debug
-- START CF API REQUEST: GET https://api.cloudflare.com/client/v4/accounts/f139034ef7924a1d387c88f394b535a2/pages/projects/akgsempire/deployments/26bb3e3b-5621-4810-8a63-4d53d3afe5ef
---

--- 2026-02-13T13:20:48.181Z debug
QUERY STRING: omitted; set WRANGLER_LOG_SANITIZE=false to include sanitized data
---

--- 2026-02-13T13:20:48.181Z debug
HEADERS: omitted; set WRANGLER_LOG_SANITIZE=false to include sanitized data
---

--- 2026-02-13T13:20:48.181Z debug
INIT: omitted; set WRANGLER_LOG_SANITIZE=false to include sanitized data
---

--- 2026-02-13T13:20:48.181Z debug
-- END CF API REQUEST
---

--- 2026-02-13T13:20:49.460Z debug
-- START CF API RESPONSE: OK 200
---

--- 2026-02-13T13:20:49.460Z debug
HEADERS: omitted; set WRANGLER_LOG_SANITIZE=false to include sanitized data
---

--- 2026-02-13T13:20:49.460Z debug
RESPONSE: omitted; set WRANGLER_LOG_SANITIZE=false to include sanitized data
---

--- 2026-02-13T13:20:49.460Z debug
-- END CF API RESPONSE
---

--- 2026-02-13T13:20:49.461Z log
✨ Deployment complete! Take a peek over at https://26bb3e3b.akgsempire.pages.dev
---

--- 2026-02-13T13:20:49.462Z debug
Metrics dispatcher: Posting data {"deviceId":"672dd324-7ddc-4102-8d1e-2dabcfd6b5db","event":"create pages deployment","timestamp":1770988849462,"properties":{"amplitude_session_id":1770988849461,"amplitude_event_id":0,"wranglerVersion":"4.65.0","wranglerMajorVersion":4,"wranglerMinorVersion":65,"wranglerPatchVersion":0,"osPlatform":"Windows","osVersion":"Windows 11 Pro","nodeVersion":24,"isFirstUsage":false,"configFileType":"none","isCI":false,"isPagesCI":false,"isWorkersCI":false,"isInteractive":false,"hasAssets":false,"agent":null,"category":"Workers","os":"win32:x64"}}
---

--- 2026-02-13T13:20:49.464Z debug
Metrics dispatcher: Posting data {"deviceId":"672dd324-7ddc-4102-8d1e-2dabcfd6b5db","event":"wrangler command completed","timestamp":1770988849464,"properties":{"amplitude_session_id":1770988831049,"amplitude_event_id":1,"wranglerVersion":"4.65.0","wranglerMajorVersion":4,"wranglerMinorVersion":65,"wranglerPatchVersion":0,"osPlatform":"Windows","osVersion":"Windows 11 Pro","nodeVersion":24,"isFirstUsage":false,"configFileType":"none","isCI":false,"isPagesCI":false,"isWorkersCI":false,"isInteractive":false,"hasAssets":false,"agent":null,"argsUsed":["projectName"],"argsCombination":"projectName","sanitizedCommand":"pages deploy","sanitizedArgs":{},"durationMs":18420}}
---
