
--- 2026-02-13T13:37:48.709Z debug
🪵  Writing logs to "C:\Users\under\OneDrive\Desktop\SITE AKGS\.config\.wrangler\logs\wrangler-2026-02-13_13-37-48_529.log"
---

--- 2026-02-13T13:37:48.708Z debug
.env file not found at "C:\Users\under\OneDrive\Desktop\SITE AKGS\.env.local". Continuing... For more details, refer to https://developers.cloudflare.com/workers/wrangler/system-environment-variables/
---

--- 2026-02-13T13:37:48.719Z log

 ⛅️ wrangler 4.65.0
───────────────────
---

--- 2026-02-13T13:37:48.722Z debug
Metrics dispatcher: Posting data {"deviceId":"672dd324-7ddc-4102-8d1e-2dabcfd6b5db","event":"wrangler command started","timestamp":1770989868722,"properties":{"amplitude_session_id":1770989868720,"amplitude_event_id":0,"wranglerVersion":"4.65.0","wranglerMajorVersion":4,"wranglerMinorVersion":65,"wranglerPatchVersion":0,"osPlatform":"Windows","osVersion":"Windows 11 Pro","nodeVersion":24,"isFirstUsage":false,"configFileType":"none","isCI":false,"isPagesCI":false,"isWorkersCI":false,"isInteractive":false,"hasAssets":false,"agent":null,"argsUsed":["projectName"],"argsCombination":"projectName","sanitizedCommand":"pages deploy","sanitizedArgs":{}}}
---

--- 2026-02-13T13:37:48.756Z debug
-- START CF API REQUEST: GET https://api.cloudflare.com/client/v4/accounts/f139034ef7924a1d387c88f394b535a2/pages/projects/akgsempire
---

--- 2026-02-13T13:37:48.756Z debug
QUERY STRING: omitted; set WRANGLER_LOG_SANITIZE=false to include sanitized data
---

--- 2026-02-13T13:37:48.756Z debug
HEADERS: omitted; set WRANGLER_LOG_SANITIZE=false to include sanitized data
---

--- 2026-02-13T13:37:48.756Z debug
INIT: omitted; set WRANGLER_LOG_SANITIZE=false to include sanitized data
---

--- 2026-02-13T13:37:48.756Z debug
-- END CF API REQUEST
---

--- 2026-02-13T13:37:50.058Z debug
-- START CF API RESPONSE: OK 200
---

--- 2026-02-13T13:37:50.059Z debug
HEADERS: omitted; set WRANGLER_LOG_SANITIZE=false to include sanitized data
---

--- 2026-02-13T13:37:50.059Z debug
RESPONSE: omitted; set WRANGLER_LOG_SANITIZE=false to include sanitized data
---

--- 2026-02-13T13:37:50.059Z debug
-- END CF API RESPONSE
---

--- 2026-02-13T13:37:50.061Z debug
pages deploy: Detecting git repository information...
---

--- 2026-02-13T13:37:50.186Z debug
pages deploy: Git repository detected
---

--- 2026-02-13T13:37:50.427Z debug
pages deploy: Working directory dirty status: true
---

--- 2026-02-13T13:37:50.537Z debug
pages deploy: Detected branch: "main"
---

--- 2026-02-13T13:37:50.642Z debug
pages deploy: Detected commit hash: "0d46a04ccc67ba01ceae5c1009b40f0216cd5b4c"
---

--- 2026-02-13T13:37:50.760Z debug
pages deploy: Detected commit message: "update"
---

--- 2026-02-13T13:37:50.836Z warn
▲ [WARNING] Warning: Your working directory is a git repo and has uncommitted changes

  To silence this warning, pass in --commit-dirty=true


---

--- 2026-02-13T13:37:50.836Z debug
pages deploy: Git information summary - branch: main, commitHash: 0d46a04ccc67ba01ceae5c1009b40f0216cd5b4c, commitDirty: true
---

--- 2026-02-13T13:37:50.838Z debug
-- START CF API REQUEST: GET https://api.cloudflare.com/client/v4/accounts/f139034ef7924a1d387c88f394b535a2/pages/projects/akgsempire
---

--- 2026-02-13T13:37:50.838Z debug
QUERY STRING: omitted; set WRANGLER_LOG_SANITIZE=false to include sanitized data
---

--- 2026-02-13T13:37:50.838Z debug
HEADERS: omitted; set WRANGLER_LOG_SANITIZE=false to include sanitized data
---

--- 2026-02-13T13:37:50.838Z debug
INIT: omitted; set WRANGLER_LOG_SANITIZE=false to include sanitized data
---

--- 2026-02-13T13:37:50.838Z debug
-- END CF API REQUEST
---

--- 2026-02-13T13:37:51.776Z debug
-- START CF API RESPONSE: OK 200
---

--- 2026-02-13T13:37:51.776Z debug
HEADERS: omitted; set WRANGLER_LOG_SANITIZE=false to include sanitized data
---

--- 2026-02-13T13:37:51.776Z debug
RESPONSE: omitted; set WRANGLER_LOG_SANITIZE=false to include sanitized data
---

--- 2026-02-13T13:37:51.776Z debug
-- END CF API RESPONSE
---

--- 2026-02-13T13:37:51.780Z debug
-- START CF API REQUEST: GET https://api.cloudflare.com/client/v4/accounts/f139034ef7924a1d387c88f394b535a2/pages/projects/akgsempire/upload-token
---

--- 2026-02-13T13:37:51.780Z debug
QUERY STRING: omitted; set WRANGLER_LOG_SANITIZE=false to include sanitized data
---

--- 2026-02-13T13:37:51.780Z debug
HEADERS: omitted; set WRANGLER_LOG_SANITIZE=false to include sanitized data
---

--- 2026-02-13T13:37:51.780Z debug
INIT: omitted; set WRANGLER_LOG_SANITIZE=false to include sanitized data
---

--- 2026-02-13T13:37:51.780Z debug
-- END CF API REQUEST
---

--- 2026-02-13T13:37:52.791Z debug
-- START CF API RESPONSE: OK 200
---

--- 2026-02-13T13:37:52.791Z debug
HEADERS: omitted; set WRANGLER_LOG_SANITIZE=false to include sanitized data
---

--- 2026-02-13T13:37:52.791Z debug
RESPONSE: omitted; set WRANGLER_LOG_SANITIZE=false to include sanitized data
---

--- 2026-02-13T13:37:52.791Z debug
-- END CF API RESPONSE
---

--- 2026-02-13T13:37:52.809Z debug
-- START CF API REQUEST: GET https://api.cloudflare.com/client/v4/accounts/f139034ef7924a1d387c88f394b535a2/pages/projects/akgsempire/upload-token
---

--- 2026-02-13T13:37:52.809Z debug
QUERY STRING: omitted; set WRANGLER_LOG_SANITIZE=false to include sanitized data
---

--- 2026-02-13T13:37:52.809Z debug
HEADERS: omitted; set WRANGLER_LOG_SANITIZE=false to include sanitized data
---

--- 2026-02-13T13:37:52.809Z debug
INIT: omitted; set WRANGLER_LOG_SANITIZE=false to include sanitized data
---

--- 2026-02-13T13:37:52.809Z debug
-- END CF API REQUEST
---

--- 2026-02-13T13:37:53.514Z debug
-- START CF API RESPONSE: OK 200
---

--- 2026-02-13T13:37:53.514Z debug
HEADERS: omitted; set WRANGLER_LOG_SANITIZE=false to include sanitized data
---

--- 2026-02-13T13:37:53.514Z debug
RESPONSE: omitted; set WRANGLER_LOG_SANITIZE=false to include sanitized data
---

--- 2026-02-13T13:37:53.514Z debug
-- END CF API RESPONSE
---

--- 2026-02-13T13:37:53.515Z debug
-- START CF API REQUEST: POST https://api.cloudflare.com/client/v4/pages/assets/check-missing
---

--- 2026-02-13T13:37:53.515Z debug
QUERY STRING: omitted; set WRANGLER_LOG_SANITIZE=false to include sanitized data
---

--- 2026-02-13T13:37:53.515Z debug
HEADERS: omitted; set WRANGLER_LOG_SANITIZE=false to include sanitized data
---

--- 2026-02-13T13:37:53.515Z debug
INIT: omitted; set WRANGLER_LOG_SANITIZE=false to include sanitized data
---

--- 2026-02-13T13:37:53.515Z debug
-- END CF API REQUEST
---

--- 2026-02-13T13:37:53.872Z debug
-- START CF API RESPONSE: OK 200
---

--- 2026-02-13T13:37:53.873Z debug
HEADERS: omitted; set WRANGLER_LOG_SANITIZE=false to include sanitized data
---

--- 2026-02-13T13:37:53.873Z debug
RESPONSE: omitted; set WRANGLER_LOG_SANITIZE=false to include sanitized data
---

--- 2026-02-13T13:37:53.873Z debug
-- END CF API RESPONSE
---

--- 2026-02-13T13:37:53.873Z log
Uploading... (17/17)
---

--- 2026-02-13T13:37:53.874Z log
✨ Success! Uploaded 0 files (17 already uploaded) (0.36 sec)

---

--- 2026-02-13T13:37:53.874Z debug
-- START CF API REQUEST: POST https://api.cloudflare.com/client/v4/pages/assets/upsert-hashes
---

--- 2026-02-13T13:37:53.874Z debug
QUERY STRING: omitted; set WRANGLER_LOG_SANITIZE=false to include sanitized data
---

--- 2026-02-13T13:37:53.874Z debug
HEADERS: omitted; set WRANGLER_LOG_SANITIZE=false to include sanitized data
---

--- 2026-02-13T13:37:53.874Z debug
INIT: omitted; set WRANGLER_LOG_SANITIZE=false to include sanitized data
---

--- 2026-02-13T13:37:53.874Z debug
-- END CF API REQUEST
---

--- 2026-02-13T13:37:54.054Z debug
-- START CF API RESPONSE: OK 200
---

--- 2026-02-13T13:37:54.055Z debug
HEADERS: omitted; set WRANGLER_LOG_SANITIZE=false to include sanitized data
---

--- 2026-02-13T13:37:54.055Z debug
RESPONSE: omitted; set WRANGLER_LOG_SANITIZE=false to include sanitized data
---

--- 2026-02-13T13:37:54.055Z debug
-- END CF API RESPONSE
---

--- 2026-02-13T13:37:54.109Z log
✨ Compiled Worker successfully
---

--- 2026-02-13T13:37:54.113Z log
✨ Uploading Worker bundle
---

--- 2026-02-13T13:37:54.113Z debug
-- START CF API REQUEST: POST https://api.cloudflare.com/client/v4/accounts/f139034ef7924a1d387c88f394b535a2/pages/projects/akgsempire/deployments
---

--- 2026-02-13T13:37:54.113Z debug
QUERY STRING: omitted; set WRANGLER_LOG_SANITIZE=false to include sanitized data
---

--- 2026-02-13T13:37:54.113Z debug
HEADERS: omitted; set WRANGLER_LOG_SANITIZE=false to include sanitized data
---

--- 2026-02-13T13:37:54.113Z debug
INIT: omitted; set WRANGLER_LOG_SANITIZE=false to include sanitized data
---

--- 2026-02-13T13:37:54.113Z debug
BODY: omitted; set WRANGLER_LOG_SANITIZE=false to include sanitized data
---

--- 2026-02-13T13:37:54.114Z debug
-- END CF API REQUEST
---

--- 2026-02-13T13:37:55.905Z debug
-- START CF API RESPONSE: OK 200
---

--- 2026-02-13T13:37:55.905Z debug
HEADERS: omitted; set WRANGLER_LOG_SANITIZE=false to include sanitized data
---

--- 2026-02-13T13:37:55.905Z debug
RESPONSE: omitted; set WRANGLER_LOG_SANITIZE=false to include sanitized data
---

--- 2026-02-13T13:37:55.905Z debug
-- END CF API RESPONSE
---

--- 2026-02-13T13:37:55.906Z debug
Saving to cache: {"account_id":"f139034ef7924a1d387c88f394b535a2","project_name":"akgsempire"}
---

--- 2026-02-13T13:37:55.907Z log
🌎 Deploying...
---

--- 2026-02-13T13:37:56.917Z debug
attempt #1: Attempting to fetch status for deployment with id "3ed5eb0f-82c7-4de0-a970-fc525b3f81ea" ...
---

--- 2026-02-13T13:37:56.917Z debug
-- START CF API REQUEST: GET https://api.cloudflare.com/client/v4/accounts/f139034ef7924a1d387c88f394b535a2/pages/projects/akgsempire/deployments/3ed5eb0f-82c7-4de0-a970-fc525b3f81ea
---

--- 2026-02-13T13:37:56.917Z debug
QUERY STRING: omitted; set WRANGLER_LOG_SANITIZE=false to include sanitized data
---

--- 2026-02-13T13:37:56.917Z debug
HEADERS: omitted; set WRANGLER_LOG_SANITIZE=false to include sanitized data
---

--- 2026-02-13T13:37:56.917Z debug
INIT: omitted; set WRANGLER_LOG_SANITIZE=false to include sanitized data
---

--- 2026-02-13T13:37:56.917Z debug
-- END CF API REQUEST
---

--- 2026-02-13T13:37:57.622Z debug
-- START CF API RESPONSE: OK 200
---

--- 2026-02-13T13:37:57.622Z debug
HEADERS: omitted; set WRANGLER_LOG_SANITIZE=false to include sanitized data
---

--- 2026-02-13T13:37:57.622Z debug
RESPONSE: omitted; set WRANGLER_LOG_SANITIZE=false to include sanitized data
---

--- 2026-02-13T13:37:57.622Z debug
-- END CF API RESPONSE
---

--- 2026-02-13T13:37:59.625Z debug
attempt #2: Attempting to fetch status for deployment with id "3ed5eb0f-82c7-4de0-a970-fc525b3f81ea" ...
---

--- 2026-02-13T13:37:59.625Z debug
-- START CF API REQUEST: GET https://api.cloudflare.com/client/v4/accounts/f139034ef7924a1d387c88f394b535a2/pages/projects/akgsempire/deployments/3ed5eb0f-82c7-4de0-a970-fc525b3f81ea
---

--- 2026-02-13T13:37:59.625Z debug
QUERY STRING: omitted; set WRANGLER_LOG_SANITIZE=false to include sanitized data
---

--- 2026-02-13T13:37:59.625Z debug
HEADERS: omitted; set WRANGLER_LOG_SANITIZE=false to include sanitized data
---

--- 2026-02-13T13:37:59.625Z debug
INIT: omitted; set WRANGLER_LOG_SANITIZE=false to include sanitized data
---

--- 2026-02-13T13:37:59.625Z debug
-- END CF API REQUEST
---

--- 2026-02-13T13:38:00.502Z debug
-- START CF API RESPONSE: OK 200
---

--- 2026-02-13T13:38:00.502Z debug
HEADERS: omitted; set WRANGLER_LOG_SANITIZE=false to include sanitized data
---

--- 2026-02-13T13:38:00.502Z debug
RESPONSE: omitted; set WRANGLER_LOG_SANITIZE=false to include sanitized data
---

--- 2026-02-13T13:38:00.502Z debug
-- END CF API RESPONSE
---

--- 2026-02-13T13:38:00.503Z log
✨ Deployment complete! Take a peek over at https://3ed5eb0f.akgsempire.pages.dev
---

--- 2026-02-13T13:38:00.504Z debug
Metrics dispatcher: Posting data {"deviceId":"672dd324-7ddc-4102-8d1e-2dabcfd6b5db","event":"create pages deployment","timestamp":1770989880504,"properties":{"amplitude_session_id":1770989880503,"amplitude_event_id":0,"wranglerVersion":"4.65.0","wranglerMajorVersion":4,"wranglerMinorVersion":65,"wranglerPatchVersion":0,"osPlatform":"Windows","osVersion":"Windows 11 Pro","nodeVersion":24,"isFirstUsage":false,"configFileType":"none","isCI":false,"isPagesCI":false,"isWorkersCI":false,"isInteractive":false,"hasAssets":false,"agent":null,"category":"Workers","os":"win32:x64"}}
---

--- 2026-02-13T13:38:00.506Z debug
Metrics dispatcher: Posting data {"deviceId":"672dd324-7ddc-4102-8d1e-2dabcfd6b5db","event":"wrangler command completed","timestamp":1770989880506,"properties":{"amplitude_session_id":1770989868720,"amplitude_event_id":1,"wranglerVersion":"4.65.0","wranglerMajorVersion":4,"wranglerMinorVersion":65,"wranglerPatchVersion":0,"osPlatform":"Windows","osVersion":"Windows 11 Pro","nodeVersion":24,"isFirstUsage":false,"configFileType":"none","isCI":false,"isPagesCI":false,"isWorkersCI":false,"isInteractive":false,"hasAssets":false,"agent":null,"argsUsed":["projectName"],"argsCombination":"projectName","sanitizedCommand":"pages deploy","sanitizedArgs":{},"durationMs":11791}}
---
