
--- 2026-02-13T12:11:34.692Z debug
🪵  Writing logs to "C:\Users\under\OneDrive\Desktop\SITE AKGS\.config\.wrangler\logs\wrangler-2026-02-13_12-11-34_499.log"
---

--- 2026-02-13T12:11:34.692Z debug
.env file not found at "C:\Users\under\OneDrive\Desktop\SITE AKGS\.env.local". Continuing... For more details, refer to https://developers.cloudflare.com/workers/wrangler/system-environment-variables/
---

--- 2026-02-13T12:11:36.834Z log

 ⛅️ wrangler 4.65.0
───────────────────
---

--- 2026-02-13T12:11:36.838Z debug
Metrics dispatcher: Posting data {"deviceId":"672dd324-7ddc-4102-8d1e-2dabcfd6b5db","event":"wrangler command started","timestamp":1770984696838,"properties":{"amplitude_session_id":1770984696835,"amplitude_event_id":0,"wranglerVersion":"4.65.0","wranglerMajorVersion":4,"wranglerMinorVersion":65,"wranglerPatchVersion":0,"osPlatform":"Windows","osVersion":"Windows 11 Pro","nodeVersion":24,"isFirstUsage":false,"configFileType":"none","isCI":false,"isPagesCI":false,"isWorkersCI":false,"isInteractive":false,"hasAssets":false,"agent":null,"argsUsed":["projectName"],"argsCombination":"projectName","sanitizedCommand":"pages deploy","sanitizedArgs":{}}}
---

--- 2026-02-13T12:11:36.864Z debug
-- START CF API REQUEST: GET https://api.cloudflare.com/client/v4/accounts/f139034ef7924a1d387c88f394b535a2/pages/projects/akgsempire
---

--- 2026-02-13T12:11:36.864Z debug
QUERY STRING: omitted; set WRANGLER_LOG_SANITIZE=false to include sanitized data
---

--- 2026-02-13T12:11:36.864Z debug
HEADERS: omitted; set WRANGLER_LOG_SANITIZE=false to include sanitized data
---

--- 2026-02-13T12:11:36.864Z debug
INIT: omitted; set WRANGLER_LOG_SANITIZE=false to include sanitized data
---

--- 2026-02-13T12:11:36.864Z debug
-- END CF API REQUEST
---

--- 2026-02-13T12:11:37.977Z debug
-- START CF API RESPONSE: OK 200
---

--- 2026-02-13T12:11:37.978Z debug
HEADERS: omitted; set WRANGLER_LOG_SANITIZE=false to include sanitized data
---

--- 2026-02-13T12:11:37.978Z debug
RESPONSE: omitted; set WRANGLER_LOG_SANITIZE=false to include sanitized data
---

--- 2026-02-13T12:11:37.978Z debug
-- END CF API RESPONSE
---

--- 2026-02-13T12:11:37.980Z debug
pages deploy: Detecting git repository information...
---

--- 2026-02-13T12:11:38.090Z debug
pages deploy: Git repository detected
---

--- 2026-02-13T12:11:38.320Z debug
pages deploy: Working directory dirty status: true
---

--- 2026-02-13T12:11:38.438Z debug
pages deploy: Detected branch: "main"
---

--- 2026-02-13T12:11:38.546Z debug
pages deploy: Detected commit hash: "0d46a04ccc67ba01ceae5c1009b40f0216cd5b4c"
---

--- 2026-02-13T12:11:38.670Z debug
pages deploy: Detected commit message: "update"
---

--- 2026-02-13T12:11:38.856Z warn
▲ [WARNING] Warning: Your working directory is a git repo and has uncommitted changes

  To silence this warning, pass in --commit-dirty=true


---

--- 2026-02-13T12:11:38.856Z debug
pages deploy: Git information summary - branch: main, commitHash: 0d46a04ccc67ba01ceae5c1009b40f0216cd5b4c, commitDirty: true
---

--- 2026-02-13T12:11:38.858Z debug
-- START CF API REQUEST: GET https://api.cloudflare.com/client/v4/accounts/f139034ef7924a1d387c88f394b535a2/pages/projects/akgsempire
---

--- 2026-02-13T12:11:38.858Z debug
QUERY STRING: omitted; set WRANGLER_LOG_SANITIZE=false to include sanitized data
---

--- 2026-02-13T12:11:38.858Z debug
HEADERS: omitted; set WRANGLER_LOG_SANITIZE=false to include sanitized data
---

--- 2026-02-13T12:11:38.858Z debug
INIT: omitted; set WRANGLER_LOG_SANITIZE=false to include sanitized data
---

--- 2026-02-13T12:11:38.858Z debug
-- END CF API REQUEST
---

--- 2026-02-13T12:11:39.722Z debug
-- START CF API RESPONSE: OK 200
---

--- 2026-02-13T12:11:39.722Z debug
HEADERS: omitted; set WRANGLER_LOG_SANITIZE=false to include sanitized data
---

--- 2026-02-13T12:11:39.723Z debug
RESPONSE: omitted; set WRANGLER_LOG_SANITIZE=false to include sanitized data
---

--- 2026-02-13T12:11:39.723Z debug
-- END CF API RESPONSE
---

--- 2026-02-13T12:11:39.809Z log
✨ Compiled Worker successfully
---

--- 2026-02-13T12:11:39.818Z debug
-- START CF API REQUEST: GET https://api.cloudflare.com/client/v4/accounts/f139034ef7924a1d387c88f394b535a2/pages/projects/akgsempire/upload-token
---

--- 2026-02-13T12:11:39.818Z debug
QUERY STRING: omitted; set WRANGLER_LOG_SANITIZE=false to include sanitized data
---

--- 2026-02-13T12:11:39.818Z debug
HEADERS: omitted; set WRANGLER_LOG_SANITIZE=false to include sanitized data
---

--- 2026-02-13T12:11:39.818Z debug
INIT: omitted; set WRANGLER_LOG_SANITIZE=false to include sanitized data
---

--- 2026-02-13T12:11:39.818Z debug
-- END CF API REQUEST
---

--- 2026-02-13T12:11:40.594Z debug
-- START CF API RESPONSE: OK 200
---

--- 2026-02-13T12:11:40.595Z debug
HEADERS: omitted; set WRANGLER_LOG_SANITIZE=false to include sanitized data
---

--- 2026-02-13T12:11:40.595Z debug
RESPONSE: omitted; set WRANGLER_LOG_SANITIZE=false to include sanitized data
---

--- 2026-02-13T12:11:40.595Z debug
-- END CF API RESPONSE
---

--- 2026-02-13T12:11:40.614Z debug
-- START CF API REQUEST: GET https://api.cloudflare.com/client/v4/accounts/f139034ef7924a1d387c88f394b535a2/pages/projects/akgsempire/upload-token
---

--- 2026-02-13T12:11:40.614Z debug
QUERY STRING: omitted; set WRANGLER_LOG_SANITIZE=false to include sanitized data
---

--- 2026-02-13T12:11:40.614Z debug
HEADERS: omitted; set WRANGLER_LOG_SANITIZE=false to include sanitized data
---

--- 2026-02-13T12:11:40.614Z debug
INIT: omitted; set WRANGLER_LOG_SANITIZE=false to include sanitized data
---

--- 2026-02-13T12:11:40.614Z debug
-- END CF API REQUEST
---

--- 2026-02-13T12:11:41.444Z debug
-- START CF API RESPONSE: OK 200
---

--- 2026-02-13T12:11:41.444Z debug
HEADERS: omitted; set WRANGLER_LOG_SANITIZE=false to include sanitized data
---

--- 2026-02-13T12:11:41.444Z debug
RESPONSE: omitted; set WRANGLER_LOG_SANITIZE=false to include sanitized data
---

--- 2026-02-13T12:11:41.444Z debug
-- END CF API RESPONSE
---

--- 2026-02-13T12:11:41.444Z debug
-- START CF API REQUEST: POST https://api.cloudflare.com/client/v4/pages/assets/check-missing
---

--- 2026-02-13T12:11:41.444Z debug
QUERY STRING: omitted; set WRANGLER_LOG_SANITIZE=false to include sanitized data
---

--- 2026-02-13T12:11:41.444Z debug
HEADERS: omitted; set WRANGLER_LOG_SANITIZE=false to include sanitized data
---

--- 2026-02-13T12:11:41.444Z debug
INIT: omitted; set WRANGLER_LOG_SANITIZE=false to include sanitized data
---

--- 2026-02-13T12:11:41.444Z debug
-- END CF API REQUEST
---

--- 2026-02-13T12:11:41.657Z debug
-- START CF API RESPONSE: OK 200
---

--- 2026-02-13T12:11:41.657Z debug
HEADERS: omitted; set WRANGLER_LOG_SANITIZE=false to include sanitized data
---

--- 2026-02-13T12:11:41.657Z debug
RESPONSE: omitted; set WRANGLER_LOG_SANITIZE=false to include sanitized data
---

--- 2026-02-13T12:11:41.657Z debug
-- END CF API RESPONSE
---

--- 2026-02-13T12:11:41.658Z log
Uploading... (17/17)
---

--- 2026-02-13T12:11:41.658Z log
✨ Success! Uploaded 0 files (17 already uploaded) (0.21 sec)

---

--- 2026-02-13T12:11:41.658Z debug
-- START CF API REQUEST: POST https://api.cloudflare.com/client/v4/pages/assets/upsert-hashes
---

--- 2026-02-13T12:11:41.658Z debug
QUERY STRING: omitted; set WRANGLER_LOG_SANITIZE=false to include sanitized data
---

--- 2026-02-13T12:11:41.658Z debug
HEADERS: omitted; set WRANGLER_LOG_SANITIZE=false to include sanitized data
---

--- 2026-02-13T12:11:41.658Z debug
INIT: omitted; set WRANGLER_LOG_SANITIZE=false to include sanitized data
---

--- 2026-02-13T12:11:41.658Z debug
-- END CF API REQUEST
---

--- 2026-02-13T12:11:41.883Z debug
-- START CF API RESPONSE: OK 200
---

--- 2026-02-13T12:11:41.883Z debug
HEADERS: omitted; set WRANGLER_LOG_SANITIZE=false to include sanitized data
---

--- 2026-02-13T12:11:41.883Z debug
RESPONSE: omitted; set WRANGLER_LOG_SANITIZE=false to include sanitized data
---

--- 2026-02-13T12:11:41.883Z debug
-- END CF API RESPONSE
---

--- 2026-02-13T12:11:41.887Z log
✨ Uploading Functions bundle
---

--- 2026-02-13T12:11:41.887Z debug
-- START CF API REQUEST: POST https://api.cloudflare.com/client/v4/accounts/f139034ef7924a1d387c88f394b535a2/pages/projects/akgsempire/deployments
---

--- 2026-02-13T12:11:41.887Z debug
QUERY STRING: omitted; set WRANGLER_LOG_SANITIZE=false to include sanitized data
---

--- 2026-02-13T12:11:41.887Z debug
HEADERS: omitted; set WRANGLER_LOG_SANITIZE=false to include sanitized data
---

--- 2026-02-13T12:11:41.887Z debug
INIT: omitted; set WRANGLER_LOG_SANITIZE=false to include sanitized data
---

--- 2026-02-13T12:11:41.888Z debug
BODY: omitted; set WRANGLER_LOG_SANITIZE=false to include sanitized data
---

--- 2026-02-13T12:11:41.888Z debug
-- END CF API REQUEST
---

--- 2026-02-13T12:11:44.159Z debug
-- START CF API RESPONSE: OK 200
---

--- 2026-02-13T12:11:44.159Z debug
HEADERS: omitted; set WRANGLER_LOG_SANITIZE=false to include sanitized data
---

--- 2026-02-13T12:11:44.159Z debug
RESPONSE: omitted; set WRANGLER_LOG_SANITIZE=false to include sanitized data
---

--- 2026-02-13T12:11:44.159Z debug
-- END CF API RESPONSE
---

--- 2026-02-13T12:11:44.159Z debug
Saving to cache: {"account_id":"f139034ef7924a1d387c88f394b535a2","project_name":"akgsempire"}
---

--- 2026-02-13T12:11:44.160Z log
🌎 Deploying...
---

--- 2026-02-13T12:11:45.171Z debug
attempt #1: Attempting to fetch status for deployment with id "d6cbd789-e99e-4f81-8852-37d950cbf918" ...
---

--- 2026-02-13T12:11:45.171Z debug
-- START CF API REQUEST: GET https://api.cloudflare.com/client/v4/accounts/f139034ef7924a1d387c88f394b535a2/pages/projects/akgsempire/deployments/d6cbd789-e99e-4f81-8852-37d950cbf918
---

--- 2026-02-13T12:11:45.171Z debug
QUERY STRING: omitted; set WRANGLER_LOG_SANITIZE=false to include sanitized data
---

--- 2026-02-13T12:11:45.171Z debug
HEADERS: omitted; set WRANGLER_LOG_SANITIZE=false to include sanitized data
---

--- 2026-02-13T12:11:45.171Z debug
INIT: omitted; set WRANGLER_LOG_SANITIZE=false to include sanitized data
---

--- 2026-02-13T12:11:45.171Z debug
-- END CF API REQUEST
---

--- 2026-02-13T12:11:46.184Z debug
-- START CF API RESPONSE: OK 200
---

--- 2026-02-13T12:11:46.184Z debug
HEADERS: omitted; set WRANGLER_LOG_SANITIZE=false to include sanitized data
---

--- 2026-02-13T12:11:46.184Z debug
RESPONSE: omitted; set WRANGLER_LOG_SANITIZE=false to include sanitized data
---

--- 2026-02-13T12:11:46.184Z debug
-- END CF API RESPONSE
---

--- 2026-02-13T12:11:48.185Z debug
attempt #2: Attempting to fetch status for deployment with id "d6cbd789-e99e-4f81-8852-37d950cbf918" ...
---

--- 2026-02-13T12:11:48.185Z debug
-- START CF API REQUEST: GET https://api.cloudflare.com/client/v4/accounts/f139034ef7924a1d387c88f394b535a2/pages/projects/akgsempire/deployments/d6cbd789-e99e-4f81-8852-37d950cbf918
---

--- 2026-02-13T12:11:48.185Z debug
QUERY STRING: omitted; set WRANGLER_LOG_SANITIZE=false to include sanitized data
---

--- 2026-02-13T12:11:48.185Z debug
HEADERS: omitted; set WRANGLER_LOG_SANITIZE=false to include sanitized data
---

--- 2026-02-13T12:11:48.185Z debug
INIT: omitted; set WRANGLER_LOG_SANITIZE=false to include sanitized data
---

--- 2026-02-13T12:11:48.185Z debug
-- END CF API REQUEST
---

--- 2026-02-13T12:11:49.264Z debug
-- START CF API RESPONSE: OK 200
---

--- 2026-02-13T12:11:49.264Z debug
HEADERS: omitted; set WRANGLER_LOG_SANITIZE=false to include sanitized data
---

--- 2026-02-13T12:11:49.264Z debug
RESPONSE: omitted; set WRANGLER_LOG_SANITIZE=false to include sanitized data
---

--- 2026-02-13T12:11:49.264Z debug
-- END CF API RESPONSE
---

--- 2026-02-13T12:11:49.264Z log
✨ Deployment complete! Take a peek over at https://d6cbd789.akgsempire.pages.dev
---

--- 2026-02-13T12:11:49.266Z debug
Metrics dispatcher: Posting data {"deviceId":"672dd324-7ddc-4102-8d1e-2dabcfd6b5db","event":"create pages deployment","timestamp":1770984709266,"properties":{"amplitude_session_id":1770984709264,"amplitude_event_id":0,"wranglerVersion":"4.65.0","wranglerMajorVersion":4,"wranglerMinorVersion":65,"wranglerPatchVersion":0,"osPlatform":"Windows","osVersion":"Windows 11 Pro","nodeVersion":24,"isFirstUsage":false,"configFileType":"none","isCI":false,"isPagesCI":false,"isWorkersCI":false,"isInteractive":false,"hasAssets":false,"agent":null,"category":"Workers","os":"win32:x64"}}
---

--- 2026-02-13T12:11:49.268Z debug
Metrics dispatcher: Posting data {"deviceId":"672dd324-7ddc-4102-8d1e-2dabcfd6b5db","event":"wrangler command completed","timestamp":1770984709268,"properties":{"amplitude_session_id":1770984696835,"amplitude_event_id":1,"wranglerVersion":"4.65.0","wranglerMajorVersion":4,"wranglerMinorVersion":65,"wranglerPatchVersion":0,"osPlatform":"Windows","osVersion":"Windows 11 Pro","nodeVersion":24,"isFirstUsage":false,"configFileType":"none","isCI":false,"isPagesCI":false,"isWorkersCI":false,"isInteractive":false,"hasAssets":false,"agent":null,"argsUsed":["projectName"],"argsCombination":"projectName","sanitizedCommand":"pages deploy","sanitizedArgs":{},"durationMs":14570}}
---
