
--- 2026-02-13T12:05:35.707Z debug
🪵  Writing logs to "C:\Users\under\OneDrive\Desktop\SITE AKGS\.config\.wrangler\logs\wrangler-2026-02-13_12-05-35_516.log"
---

--- 2026-02-13T12:05:35.707Z debug
.env file not found at "C:\Users\under\OneDrive\Desktop\SITE AKGS\.env.local". Continuing... For more details, refer to https://developers.cloudflare.com/workers/wrangler/system-environment-variables/
---

--- 2026-02-13T12:05:35.718Z log

 ⛅️ wrangler 4.65.0
───────────────────
---

--- 2026-02-13T12:05:35.722Z debug
Metrics dispatcher: Posting data {"deviceId":"672dd324-7ddc-4102-8d1e-2dabcfd6b5db","event":"wrangler command started","timestamp":1770984335722,"properties":{"amplitude_session_id":1770984335719,"amplitude_event_id":0,"wranglerVersion":"4.65.0","wranglerMajorVersion":4,"wranglerMinorVersion":65,"wranglerPatchVersion":0,"osPlatform":"Windows","osVersion":"Windows 11 Pro","nodeVersion":24,"isFirstUsage":false,"configFileType":"none","isCI":false,"isPagesCI":false,"isWorkersCI":false,"isInteractive":false,"hasAssets":false,"agent":null,"argsUsed":["projectName"],"argsCombination":"projectName","sanitizedCommand":"pages deploy","sanitizedArgs":{}}}
---

--- 2026-02-13T12:05:35.759Z debug
-- START CF API REQUEST: GET https://api.cloudflare.com/client/v4/accounts/f139034ef7924a1d387c88f394b535a2/pages/projects/akgsempire
---

--- 2026-02-13T12:05:35.759Z debug
QUERY STRING: omitted; set WRANGLER_LOG_SANITIZE=false to include sanitized data
---

--- 2026-02-13T12:05:35.759Z debug
HEADERS: omitted; set WRANGLER_LOG_SANITIZE=false to include sanitized data
---

--- 2026-02-13T12:05:35.759Z debug
INIT: omitted; set WRANGLER_LOG_SANITIZE=false to include sanitized data
---

--- 2026-02-13T12:05:35.759Z debug
-- END CF API REQUEST
---

--- 2026-02-13T12:05:36.712Z debug
-- START CF API RESPONSE: OK 200
---

--- 2026-02-13T12:05:36.713Z debug
HEADERS: omitted; set WRANGLER_LOG_SANITIZE=false to include sanitized data
---

--- 2026-02-13T12:05:36.713Z debug
RESPONSE: omitted; set WRANGLER_LOG_SANITIZE=false to include sanitized data
---

--- 2026-02-13T12:05:36.713Z debug
-- END CF API RESPONSE
---

--- 2026-02-13T12:05:36.715Z debug
pages deploy: Detecting git repository information...
---

--- 2026-02-13T12:05:36.844Z debug
pages deploy: Git repository detected
---

--- 2026-02-13T12:05:37.090Z debug
pages deploy: Working directory dirty status: true
---

--- 2026-02-13T12:05:37.214Z debug
pages deploy: Detected branch: "main"
---

--- 2026-02-13T12:05:37.325Z debug
pages deploy: Detected commit hash: "0d46a04ccc67ba01ceae5c1009b40f0216cd5b4c"
---

--- 2026-02-13T12:05:37.456Z debug
pages deploy: Detected commit message: "update"
---

--- 2026-02-13T12:05:37.580Z warn
▲ [WARNING] Warning: Your working directory is a git repo and has uncommitted changes

  To silence this warning, pass in --commit-dirty=true


---

--- 2026-02-13T12:05:37.581Z debug
pages deploy: Git information summary - branch: main, commitHash: 0d46a04ccc67ba01ceae5c1009b40f0216cd5b4c, commitDirty: true
---

--- 2026-02-13T12:05:37.582Z debug
-- START CF API REQUEST: GET https://api.cloudflare.com/client/v4/accounts/f139034ef7924a1d387c88f394b535a2/pages/projects/akgsempire
---

--- 2026-02-13T12:05:37.582Z debug
QUERY STRING: omitted; set WRANGLER_LOG_SANITIZE=false to include sanitized data
---

--- 2026-02-13T12:05:37.582Z debug
HEADERS: omitted; set WRANGLER_LOG_SANITIZE=false to include sanitized data
---

--- 2026-02-13T12:05:37.582Z debug
INIT: omitted; set WRANGLER_LOG_SANITIZE=false to include sanitized data
---

--- 2026-02-13T12:05:37.582Z debug
-- END CF API REQUEST
---

--- 2026-02-13T12:05:38.371Z debug
-- START CF API RESPONSE: OK 200
---

--- 2026-02-13T12:05:38.371Z debug
HEADERS: omitted; set WRANGLER_LOG_SANITIZE=false to include sanitized data
---

--- 2026-02-13T12:05:38.371Z debug
RESPONSE: omitted; set WRANGLER_LOG_SANITIZE=false to include sanitized data
---

--- 2026-02-13T12:05:38.371Z debug
-- END CF API RESPONSE
---

--- 2026-02-13T12:05:38.450Z log
✨ Compiled Worker successfully
---

--- 2026-02-13T12:05:38.460Z debug
-- START CF API REQUEST: GET https://api.cloudflare.com/client/v4/accounts/f139034ef7924a1d387c88f394b535a2/pages/projects/akgsempire/upload-token
---

--- 2026-02-13T12:05:38.461Z debug
QUERY STRING: omitted; set WRANGLER_LOG_SANITIZE=false to include sanitized data
---

--- 2026-02-13T12:05:38.461Z debug
HEADERS: omitted; set WRANGLER_LOG_SANITIZE=false to include sanitized data
---

--- 2026-02-13T12:05:38.461Z debug
INIT: omitted; set WRANGLER_LOG_SANITIZE=false to include sanitized data
---

--- 2026-02-13T12:05:38.461Z debug
-- END CF API REQUEST
---

--- 2026-02-13T12:05:39.250Z debug
-- START CF API RESPONSE: OK 200
---

--- 2026-02-13T12:05:39.251Z debug
HEADERS: omitted; set WRANGLER_LOG_SANITIZE=false to include sanitized data
---

--- 2026-02-13T12:05:39.251Z debug
RESPONSE: omitted; set WRANGLER_LOG_SANITIZE=false to include sanitized data
---

--- 2026-02-13T12:05:39.251Z debug
-- END CF API RESPONSE
---

--- 2026-02-13T12:05:39.272Z debug
-- START CF API REQUEST: GET https://api.cloudflare.com/client/v4/accounts/f139034ef7924a1d387c88f394b535a2/pages/projects/akgsempire/upload-token
---

--- 2026-02-13T12:05:39.272Z debug
QUERY STRING: omitted; set WRANGLER_LOG_SANITIZE=false to include sanitized data
---

--- 2026-02-13T12:05:39.272Z debug
HEADERS: omitted; set WRANGLER_LOG_SANITIZE=false to include sanitized data
---

--- 2026-02-13T12:05:39.272Z debug
INIT: omitted; set WRANGLER_LOG_SANITIZE=false to include sanitized data
---

--- 2026-02-13T12:05:39.272Z debug
-- END CF API REQUEST
---

--- 2026-02-13T12:05:39.966Z debug
-- START CF API RESPONSE: OK 200
---

--- 2026-02-13T12:05:39.966Z debug
HEADERS: omitted; set WRANGLER_LOG_SANITIZE=false to include sanitized data
---

--- 2026-02-13T12:05:39.967Z debug
RESPONSE: omitted; set WRANGLER_LOG_SANITIZE=false to include sanitized data
---

--- 2026-02-13T12:05:39.967Z debug
-- END CF API RESPONSE
---

--- 2026-02-13T12:05:39.967Z debug
-- START CF API REQUEST: POST https://api.cloudflare.com/client/v4/pages/assets/check-missing
---

--- 2026-02-13T12:05:39.967Z debug
QUERY STRING: omitted; set WRANGLER_LOG_SANITIZE=false to include sanitized data
---

--- 2026-02-13T12:05:39.967Z debug
HEADERS: omitted; set WRANGLER_LOG_SANITIZE=false to include sanitized data
---

--- 2026-02-13T12:05:39.967Z debug
INIT: omitted; set WRANGLER_LOG_SANITIZE=false to include sanitized data
---

--- 2026-02-13T12:05:39.967Z debug
-- END CF API REQUEST
---

--- 2026-02-13T12:05:40.147Z debug
-- START CF API RESPONSE: OK 200
---

--- 2026-02-13T12:05:40.147Z debug
HEADERS: omitted; set WRANGLER_LOG_SANITIZE=false to include sanitized data
---

--- 2026-02-13T12:05:40.147Z debug
RESPONSE: omitted; set WRANGLER_LOG_SANITIZE=false to include sanitized data
---

--- 2026-02-13T12:05:40.147Z debug
-- END CF API RESPONSE
---

--- 2026-02-13T12:05:40.148Z log
Uploading... (17/17)
---

--- 2026-02-13T12:05:40.148Z log
✨ Success! Uploaded 0 files (17 already uploaded) (0.18 sec)

---

--- 2026-02-13T12:05:40.149Z debug
-- START CF API REQUEST: POST https://api.cloudflare.com/client/v4/pages/assets/upsert-hashes
---

--- 2026-02-13T12:05:40.149Z debug
QUERY STRING: omitted; set WRANGLER_LOG_SANITIZE=false to include sanitized data
---

--- 2026-02-13T12:05:40.149Z debug
HEADERS: omitted; set WRANGLER_LOG_SANITIZE=false to include sanitized data
---

--- 2026-02-13T12:05:40.149Z debug
INIT: omitted; set WRANGLER_LOG_SANITIZE=false to include sanitized data
---

--- 2026-02-13T12:05:40.149Z debug
-- END CF API REQUEST
---

--- 2026-02-13T12:05:40.324Z debug
-- START CF API RESPONSE: OK 200
---

--- 2026-02-13T12:05:40.324Z debug
HEADERS: omitted; set WRANGLER_LOG_SANITIZE=false to include sanitized data
---

--- 2026-02-13T12:05:40.324Z debug
RESPONSE: omitted; set WRANGLER_LOG_SANITIZE=false to include sanitized data
---

--- 2026-02-13T12:05:40.324Z debug
-- END CF API RESPONSE
---

--- 2026-02-13T12:05:40.328Z log
✨ Uploading Functions bundle
---

--- 2026-02-13T12:05:40.329Z debug
-- START CF API REQUEST: POST https://api.cloudflare.com/client/v4/accounts/f139034ef7924a1d387c88f394b535a2/pages/projects/akgsempire/deployments
---

--- 2026-02-13T12:05:40.329Z debug
QUERY STRING: omitted; set WRANGLER_LOG_SANITIZE=false to include sanitized data
---

--- 2026-02-13T12:05:40.329Z debug
HEADERS: omitted; set WRANGLER_LOG_SANITIZE=false to include sanitized data
---

--- 2026-02-13T12:05:40.329Z debug
INIT: omitted; set WRANGLER_LOG_SANITIZE=false to include sanitized data
---

--- 2026-02-13T12:05:40.330Z debug
BODY: omitted; set WRANGLER_LOG_SANITIZE=false to include sanitized data
---

--- 2026-02-13T12:05:40.330Z debug
-- END CF API REQUEST
---

--- 2026-02-13T12:05:42.188Z debug
-- START CF API RESPONSE: OK 200
---

--- 2026-02-13T12:05:42.189Z debug
HEADERS: omitted; set WRANGLER_LOG_SANITIZE=false to include sanitized data
---

--- 2026-02-13T12:05:42.189Z debug
RESPONSE: omitted; set WRANGLER_LOG_SANITIZE=false to include sanitized data
---

--- 2026-02-13T12:05:42.189Z debug
-- END CF API RESPONSE
---

--- 2026-02-13T12:05:42.189Z debug
Saving to cache: {"account_id":"f139034ef7924a1d387c88f394b535a2","project_name":"akgsempire"}
---

--- 2026-02-13T12:05:42.190Z log
🌎 Deploying...
---

--- 2026-02-13T12:05:43.198Z debug
attempt #1: Attempting to fetch status for deployment with id "a52bde08-5b0f-4f1f-b6f8-bcd5105107c0" ...
---

--- 2026-02-13T12:05:43.199Z debug
-- START CF API REQUEST: GET https://api.cloudflare.com/client/v4/accounts/f139034ef7924a1d387c88f394b535a2/pages/projects/akgsempire/deployments/a52bde08-5b0f-4f1f-b6f8-bcd5105107c0
---

--- 2026-02-13T12:05:43.199Z debug
QUERY STRING: omitted; set WRANGLER_LOG_SANITIZE=false to include sanitized data
---

--- 2026-02-13T12:05:43.199Z debug
HEADERS: omitted; set WRANGLER_LOG_SANITIZE=false to include sanitized data
---

--- 2026-02-13T12:05:43.199Z debug
INIT: omitted; set WRANGLER_LOG_SANITIZE=false to include sanitized data
---

--- 2026-02-13T12:05:43.199Z debug
-- END CF API REQUEST
---

--- 2026-02-13T12:05:44.032Z debug
-- START CF API RESPONSE: OK 200
---

--- 2026-02-13T12:05:44.033Z debug
HEADERS: omitted; set WRANGLER_LOG_SANITIZE=false to include sanitized data
---

--- 2026-02-13T12:05:44.033Z debug
RESPONSE: omitted; set WRANGLER_LOG_SANITIZE=false to include sanitized data
---

--- 2026-02-13T12:05:44.033Z debug
-- END CF API RESPONSE
---

--- 2026-02-13T12:05:46.047Z debug
attempt #2: Attempting to fetch status for deployment with id "a52bde08-5b0f-4f1f-b6f8-bcd5105107c0" ...
---

--- 2026-02-13T12:05:46.047Z debug
-- START CF API REQUEST: GET https://api.cloudflare.com/client/v4/accounts/f139034ef7924a1d387c88f394b535a2/pages/projects/akgsempire/deployments/a52bde08-5b0f-4f1f-b6f8-bcd5105107c0
---

--- 2026-02-13T12:05:46.047Z debug
QUERY STRING: omitted; set WRANGLER_LOG_SANITIZE=false to include sanitized data
---

--- 2026-02-13T12:05:46.047Z debug
HEADERS: omitted; set WRANGLER_LOG_SANITIZE=false to include sanitized data
---

--- 2026-02-13T12:05:46.047Z debug
INIT: omitted; set WRANGLER_LOG_SANITIZE=false to include sanitized data
---

--- 2026-02-13T12:05:46.047Z debug
-- END CF API REQUEST
---

--- 2026-02-13T12:05:46.894Z debug
-- START CF API RESPONSE: OK 200
---

--- 2026-02-13T12:05:46.895Z debug
HEADERS: omitted; set WRANGLER_LOG_SANITIZE=false to include sanitized data
---

--- 2026-02-13T12:05:46.895Z debug
RESPONSE: omitted; set WRANGLER_LOG_SANITIZE=false to include sanitized data
---

--- 2026-02-13T12:05:46.895Z debug
-- END CF API RESPONSE
---

--- 2026-02-13T12:05:46.895Z log
✨ Deployment complete! Take a peek over at https://a52bde08.akgsempire.pages.dev
---

--- 2026-02-13T12:05:46.897Z debug
Metrics dispatcher: Posting data {"deviceId":"672dd324-7ddc-4102-8d1e-2dabcfd6b5db","event":"create pages deployment","timestamp":1770984346897,"properties":{"amplitude_session_id":1770984346896,"amplitude_event_id":0,"wranglerVersion":"4.65.0","wranglerMajorVersion":4,"wranglerMinorVersion":65,"wranglerPatchVersion":0,"osPlatform":"Windows","osVersion":"Windows 11 Pro","nodeVersion":24,"isFirstUsage":false,"configFileType":"none","isCI":false,"isPagesCI":false,"isWorkersCI":false,"isInteractive":false,"hasAssets":false,"agent":null,"category":"Workers","os":"win32:x64"}}
---

--- 2026-02-13T12:05:46.900Z debug
Metrics dispatcher: Posting data {"deviceId":"672dd324-7ddc-4102-8d1e-2dabcfd6b5db","event":"wrangler command completed","timestamp":1770984346900,"properties":{"amplitude_session_id":1770984335719,"amplitude_event_id":1,"wranglerVersion":"4.65.0","wranglerMajorVersion":4,"wranglerMinorVersion":65,"wranglerPatchVersion":0,"osPlatform":"Windows","osVersion":"Windows 11 Pro","nodeVersion":24,"isFirstUsage":false,"configFileType":"none","isCI":false,"isPagesCI":false,"isWorkersCI":false,"isInteractive":false,"hasAssets":false,"agent":null,"argsUsed":["projectName"],"argsCombination":"projectName","sanitizedCommand":"pages deploy","sanitizedArgs":{},"durationMs":11186}}
---
