
--- 2026-02-13T14:34:45.495Z debug
🪵  Writing logs to "C:\Users\under\OneDrive\Desktop\SITE AKGS\.config\.wrangler\logs\wrangler-2026-02-13_14-34-45_307.log"
---

--- 2026-02-13T14:34:45.495Z debug
.env file not found at "C:\Users\under\OneDrive\Desktop\SITE AKGS\.env.local". Continuing... For more details, refer to https://developers.cloudflare.com/workers/wrangler/system-environment-variables/
---

--- 2026-02-13T14:34:45.506Z log

 ⛅️ wrangler 4.65.0
───────────────────
---

--- 2026-02-13T14:34:45.509Z debug
Metrics dispatcher: Posting data {"deviceId":"672dd324-7ddc-4102-8d1e-2dabcfd6b5db","event":"wrangler command started","timestamp":1770993285509,"properties":{"amplitude_session_id":1770993285507,"amplitude_event_id":0,"wranglerVersion":"4.65.0","wranglerMajorVersion":4,"wranglerMinorVersion":65,"wranglerPatchVersion":0,"osPlatform":"Windows","osVersion":"Windows 11 Pro","nodeVersion":24,"isFirstUsage":false,"configFileType":"none","isCI":false,"isPagesCI":false,"isWorkersCI":false,"isInteractive":false,"hasAssets":false,"agent":null,"argsUsed":["projectName"],"argsCombination":"projectName","sanitizedCommand":"pages deploy","sanitizedArgs":{}}}
---

--- 2026-02-13T14:34:45.543Z debug
-- START CF API REQUEST: GET https://api.cloudflare.com/client/v4/accounts/f139034ef7924a1d387c88f394b535a2/pages/projects/akgsempire
---

--- 2026-02-13T14:34:45.543Z debug
QUERY STRING: omitted; set WRANGLER_LOG_SANITIZE=false to include sanitized data
---

--- 2026-02-13T14:34:45.544Z debug
HEADERS: omitted; set WRANGLER_LOG_SANITIZE=false to include sanitized data
---

--- 2026-02-13T14:34:45.544Z debug
INIT: omitted; set WRANGLER_LOG_SANITIZE=false to include sanitized data
---

--- 2026-02-13T14:34:45.544Z debug
-- END CF API REQUEST
---

--- 2026-02-13T14:34:46.588Z debug
-- START CF API RESPONSE: OK 200
---

--- 2026-02-13T14:34:46.588Z debug
HEADERS: omitted; set WRANGLER_LOG_SANITIZE=false to include sanitized data
---

--- 2026-02-13T14:34:46.588Z debug
RESPONSE: omitted; set WRANGLER_LOG_SANITIZE=false to include sanitized data
---

--- 2026-02-13T14:34:46.588Z debug
-- END CF API RESPONSE
---

--- 2026-02-13T14:34:46.590Z debug
pages deploy: Detecting git repository information...
---

--- 2026-02-13T14:34:46.694Z debug
pages deploy: Git repository detected
---

--- 2026-02-13T14:34:46.906Z debug
pages deploy: Working directory dirty status: true
---

--- 2026-02-13T14:34:47.015Z debug
pages deploy: Detected branch: "main"
---

--- 2026-02-13T14:34:47.114Z debug
pages deploy: Detected commit hash: "3416fe78cd0315f316bae4fc9284293f9d9405f8"
---

--- 2026-02-13T14:34:47.206Z debug
pages deploy: Detected commit message: "Update_TikTok_Credentials"
---

--- 2026-02-13T14:34:47.317Z warn
▲ [WARNING] Warning: Your working directory is a git repo and has uncommitted changes

  To silence this warning, pass in --commit-dirty=true


---

--- 2026-02-13T14:34:47.318Z debug
pages deploy: Git information summary - branch: main, commitHash: 3416fe78cd0315f316bae4fc9284293f9d9405f8, commitDirty: true
---

--- 2026-02-13T14:34:47.319Z debug
-- START CF API REQUEST: GET https://api.cloudflare.com/client/v4/accounts/f139034ef7924a1d387c88f394b535a2/pages/projects/akgsempire
---

--- 2026-02-13T14:34:47.319Z debug
QUERY STRING: omitted; set WRANGLER_LOG_SANITIZE=false to include sanitized data
---

--- 2026-02-13T14:34:47.319Z debug
HEADERS: omitted; set WRANGLER_LOG_SANITIZE=false to include sanitized data
---

--- 2026-02-13T14:34:47.319Z debug
INIT: omitted; set WRANGLER_LOG_SANITIZE=false to include sanitized data
---

--- 2026-02-13T14:34:47.319Z debug
-- END CF API REQUEST
---

--- 2026-02-13T14:34:48.158Z debug
-- START CF API RESPONSE: OK 200
---

--- 2026-02-13T14:34:48.158Z debug
HEADERS: omitted; set WRANGLER_LOG_SANITIZE=false to include sanitized data
---

--- 2026-02-13T14:34:48.158Z debug
RESPONSE: omitted; set WRANGLER_LOG_SANITIZE=false to include sanitized data
---

--- 2026-02-13T14:34:48.158Z debug
-- END CF API RESPONSE
---

--- 2026-02-13T14:34:48.162Z debug
-- START CF API REQUEST: GET https://api.cloudflare.com/client/v4/accounts/f139034ef7924a1d387c88f394b535a2/pages/projects/akgsempire/upload-token
---

--- 2026-02-13T14:34:48.162Z debug
QUERY STRING: omitted; set WRANGLER_LOG_SANITIZE=false to include sanitized data
---

--- 2026-02-13T14:34:48.162Z debug
HEADERS: omitted; set WRANGLER_LOG_SANITIZE=false to include sanitized data
---

--- 2026-02-13T14:34:48.162Z debug
INIT: omitted; set WRANGLER_LOG_SANITIZE=false to include sanitized data
---

--- 2026-02-13T14:34:48.162Z debug
-- END CF API REQUEST
---

--- 2026-02-13T14:34:48.946Z debug
-- START CF API RESPONSE: OK 200
---

--- 2026-02-13T14:34:48.946Z debug
HEADERS: omitted; set WRANGLER_LOG_SANITIZE=false to include sanitized data
---

--- 2026-02-13T14:34:48.946Z debug
RESPONSE: omitted; set WRANGLER_LOG_SANITIZE=false to include sanitized data
---

--- 2026-02-13T14:34:48.946Z debug
-- END CF API RESPONSE
---

--- 2026-02-13T14:34:48.963Z debug
-- START CF API REQUEST: GET https://api.cloudflare.com/client/v4/accounts/f139034ef7924a1d387c88f394b535a2/pages/projects/akgsempire/upload-token
---

--- 2026-02-13T14:34:48.963Z debug
QUERY STRING: omitted; set WRANGLER_LOG_SANITIZE=false to include sanitized data
---

--- 2026-02-13T14:34:48.963Z debug
HEADERS: omitted; set WRANGLER_LOG_SANITIZE=false to include sanitized data
---

--- 2026-02-13T14:34:48.963Z debug
INIT: omitted; set WRANGLER_LOG_SANITIZE=false to include sanitized data
---

--- 2026-02-13T14:34:48.963Z debug
-- END CF API REQUEST
---

--- 2026-02-13T14:34:49.807Z debug
-- START CF API RESPONSE: OK 200
---

--- 2026-02-13T14:34:49.807Z debug
HEADERS: omitted; set WRANGLER_LOG_SANITIZE=false to include sanitized data
---

--- 2026-02-13T14:34:49.807Z debug
RESPONSE: omitted; set WRANGLER_LOG_SANITIZE=false to include sanitized data
---

--- 2026-02-13T14:34:49.807Z debug
-- END CF API RESPONSE
---

--- 2026-02-13T14:34:49.807Z debug
-- START CF API REQUEST: POST https://api.cloudflare.com/client/v4/pages/assets/check-missing
---

--- 2026-02-13T14:34:49.807Z debug
QUERY STRING: omitted; set WRANGLER_LOG_SANITIZE=false to include sanitized data
---

--- 2026-02-13T14:34:49.808Z debug
HEADERS: omitted; set WRANGLER_LOG_SANITIZE=false to include sanitized data
---

--- 2026-02-13T14:34:49.808Z debug
INIT: omitted; set WRANGLER_LOG_SANITIZE=false to include sanitized data
---

--- 2026-02-13T14:34:49.808Z debug
-- END CF API REQUEST
---

--- 2026-02-13T14:34:49.993Z debug
-- START CF API RESPONSE: OK 200
---

--- 2026-02-13T14:34:49.993Z debug
HEADERS: omitted; set WRANGLER_LOG_SANITIZE=false to include sanitized data
---

--- 2026-02-13T14:34:49.993Z debug
RESPONSE: omitted; set WRANGLER_LOG_SANITIZE=false to include sanitized data
---

--- 2026-02-13T14:34:49.993Z debug
-- END CF API RESPONSE
---

--- 2026-02-13T14:34:49.994Z log
Uploading... (17/17)
---

--- 2026-02-13T14:34:49.994Z log
✨ Success! Uploaded 0 files (17 already uploaded) (0.19 sec)

---

--- 2026-02-13T14:34:49.994Z debug
-- START CF API REQUEST: POST https://api.cloudflare.com/client/v4/pages/assets/upsert-hashes
---

--- 2026-02-13T14:34:49.994Z debug
QUERY STRING: omitted; set WRANGLER_LOG_SANITIZE=false to include sanitized data
---

--- 2026-02-13T14:34:49.995Z debug
HEADERS: omitted; set WRANGLER_LOG_SANITIZE=false to include sanitized data
---

--- 2026-02-13T14:34:49.995Z debug
INIT: omitted; set WRANGLER_LOG_SANITIZE=false to include sanitized data
---

--- 2026-02-13T14:34:49.995Z debug
-- END CF API REQUEST
---

--- 2026-02-13T14:34:50.228Z debug
-- START CF API RESPONSE: OK 200
---

--- 2026-02-13T14:34:50.228Z debug
HEADERS: omitted; set WRANGLER_LOG_SANITIZE=false to include sanitized data
---

--- 2026-02-13T14:34:50.228Z debug
RESPONSE: omitted; set WRANGLER_LOG_SANITIZE=false to include sanitized data
---

--- 2026-02-13T14:34:50.228Z debug
-- END CF API RESPONSE
---

--- 2026-02-13T14:34:50.276Z log
✨ Compiled Worker successfully
---

--- 2026-02-13T14:34:50.279Z log
✨ Uploading Worker bundle
---

--- 2026-02-13T14:34:50.279Z debug
-- START CF API REQUEST: POST https://api.cloudflare.com/client/v4/accounts/f139034ef7924a1d387c88f394b535a2/pages/projects/akgsempire/deployments
---

--- 2026-02-13T14:34:50.279Z debug
QUERY STRING: omitted; set WRANGLER_LOG_SANITIZE=false to include sanitized data
---

--- 2026-02-13T14:34:50.279Z debug
HEADERS: omitted; set WRANGLER_LOG_SANITIZE=false to include sanitized data
---

--- 2026-02-13T14:34:50.279Z debug
INIT: omitted; set WRANGLER_LOG_SANITIZE=false to include sanitized data
---

--- 2026-02-13T14:34:50.280Z debug
BODY: omitted; set WRANGLER_LOG_SANITIZE=false to include sanitized data
---

--- 2026-02-13T14:34:50.280Z debug
-- END CF API REQUEST
---

--- 2026-02-13T14:34:51.839Z debug
-- START CF API RESPONSE: OK 200
---

--- 2026-02-13T14:34:51.839Z debug
HEADERS: omitted; set WRANGLER_LOG_SANITIZE=false to include sanitized data
---

--- 2026-02-13T14:34:51.839Z debug
RESPONSE: omitted; set WRANGLER_LOG_SANITIZE=false to include sanitized data
---

--- 2026-02-13T14:34:51.839Z debug
-- END CF API RESPONSE
---

--- 2026-02-13T14:34:51.839Z debug
Saving to cache: {"account_id":"f139034ef7924a1d387c88f394b535a2","project_name":"akgsempire"}
---

--- 2026-02-13T14:34:51.841Z log
🌎 Deploying...
---

--- 2026-02-13T14:34:52.850Z debug
attempt #1: Attempting to fetch status for deployment with id "c6b737a3-77f9-4e1a-b91c-bebffa2d3e32" ...
---

--- 2026-02-13T14:34:52.850Z debug
-- START CF API REQUEST: GET https://api.cloudflare.com/client/v4/accounts/f139034ef7924a1d387c88f394b535a2/pages/projects/akgsempire/deployments/c6b737a3-77f9-4e1a-b91c-bebffa2d3e32
---

--- 2026-02-13T14:34:52.850Z debug
QUERY STRING: omitted; set WRANGLER_LOG_SANITIZE=false to include sanitized data
---

--- 2026-02-13T14:34:52.850Z debug
HEADERS: omitted; set WRANGLER_LOG_SANITIZE=false to include sanitized data
---

--- 2026-02-13T14:34:52.850Z debug
INIT: omitted; set WRANGLER_LOG_SANITIZE=false to include sanitized data
---

--- 2026-02-13T14:34:52.850Z debug
-- END CF API REQUEST
---

--- 2026-02-13T14:34:53.737Z debug
-- START CF API RESPONSE: OK 200
---

--- 2026-02-13T14:34:53.737Z debug
HEADERS: omitted; set WRANGLER_LOG_SANITIZE=false to include sanitized data
---

--- 2026-02-13T14:34:53.737Z debug
RESPONSE: omitted; set WRANGLER_LOG_SANITIZE=false to include sanitized data
---

--- 2026-02-13T14:34:53.737Z debug
-- END CF API RESPONSE
---

--- 2026-02-13T14:34:55.739Z debug
attempt #2: Attempting to fetch status for deployment with id "c6b737a3-77f9-4e1a-b91c-bebffa2d3e32" ...
---

--- 2026-02-13T14:34:55.739Z debug
-- START CF API REQUEST: GET https://api.cloudflare.com/client/v4/accounts/f139034ef7924a1d387c88f394b535a2/pages/projects/akgsempire/deployments/c6b737a3-77f9-4e1a-b91c-bebffa2d3e32
---

--- 2026-02-13T14:34:55.739Z debug
QUERY STRING: omitted; set WRANGLER_LOG_SANITIZE=false to include sanitized data
---

--- 2026-02-13T14:34:55.739Z debug
HEADERS: omitted; set WRANGLER_LOG_SANITIZE=false to include sanitized data
---

--- 2026-02-13T14:34:55.739Z debug
INIT: omitted; set WRANGLER_LOG_SANITIZE=false to include sanitized data
---

--- 2026-02-13T14:34:55.739Z debug
-- END CF API REQUEST
---

--- 2026-02-13T14:34:56.980Z debug
-- START CF API RESPONSE: OK 200
---

--- 2026-02-13T14:34:56.980Z debug
HEADERS: omitted; set WRANGLER_LOG_SANITIZE=false to include sanitized data
---

--- 2026-02-13T14:34:56.980Z debug
RESPONSE: omitted; set WRANGLER_LOG_SANITIZE=false to include sanitized data
---

--- 2026-02-13T14:34:56.980Z debug
-- END CF API RESPONSE
---

--- 2026-02-13T14:34:56.980Z log
✨ Deployment complete! Take a peek over at https://c6b737a3.akgsempire.pages.dev
---

--- 2026-02-13T14:34:56.982Z debug
Metrics dispatcher: Posting data {"deviceId":"672dd324-7ddc-4102-8d1e-2dabcfd6b5db","event":"create pages deployment","timestamp":1770993296982,"properties":{"amplitude_session_id":1770993296981,"amplitude_event_id":0,"wranglerVersion":"4.65.0","wranglerMajorVersion":4,"wranglerMinorVersion":65,"wranglerPatchVersion":0,"osPlatform":"Windows","osVersion":"Windows 11 Pro","nodeVersion":24,"isFirstUsage":false,"configFileType":"none","isCI":false,"isPagesCI":false,"isWorkersCI":false,"isInteractive":false,"hasAssets":false,"agent":null,"category":"Workers","os":"win32:x64"}}
---

--- 2026-02-13T14:34:56.984Z debug
Metrics dispatcher: Posting data {"deviceId":"672dd324-7ddc-4102-8d1e-2dabcfd6b5db","event":"wrangler command completed","timestamp":1770993296984,"properties":{"amplitude_session_id":1770993285507,"amplitude_event_id":1,"wranglerVersion":"4.65.0","wranglerMajorVersion":4,"wranglerMinorVersion":65,"wranglerPatchVersion":0,"osPlatform":"Windows","osVersion":"Windows 11 Pro","nodeVersion":24,"isFirstUsage":false,"configFileType":"none","isCI":false,"isPagesCI":false,"isWorkersCI":false,"isInteractive":false,"hasAssets":false,"agent":null,"argsUsed":["projectName"],"argsCombination":"projectName","sanitizedCommand":"pages deploy","sanitizedArgs":{},"durationMs":11483}}
---
