
--- 2026-02-13T18:57:11.892Z debug
🪵  Writing logs to "C:\Users\under\OneDrive\Desktop\SITE AKGS\.config\.wrangler\logs\wrangler-2026-02-13_18-57-11_698.log"
---

--- 2026-02-13T18:57:11.892Z debug
.env file not found at "C:\Users\under\OneDrive\Desktop\SITE AKGS\.env.local". Continuing... For more details, refer to https://developers.cloudflare.com/workers/wrangler/system-environment-variables/
---

--- 2026-02-13T18:57:11.903Z log

 ⛅️ wrangler 4.65.0
───────────────────
---

--- 2026-02-13T18:57:11.906Z debug
Metrics dispatcher: Posting data {"deviceId":"672dd324-7ddc-4102-8d1e-2dabcfd6b5db","event":"wrangler command started","timestamp":1771009031906,"properties":{"amplitude_session_id":1771009031904,"amplitude_event_id":0,"wranglerVersion":"4.65.0","wranglerMajorVersion":4,"wranglerMinorVersion":65,"wranglerPatchVersion":0,"osPlatform":"Windows","osVersion":"Windows 11 Pro","nodeVersion":24,"isFirstUsage":false,"configFileType":"none","isCI":false,"isPagesCI":false,"isWorkersCI":false,"isInteractive":false,"hasAssets":false,"agent":null,"argsUsed":["projectName"],"argsCombination":"projectName","sanitizedCommand":"pages deploy","sanitizedArgs":{}}}
---

--- 2026-02-13T18:57:11.949Z debug
-- START CF API REQUEST: GET https://api.cloudflare.com/client/v4/accounts/f139034ef7924a1d387c88f394b535a2/pages/projects/akgsempire
---

--- 2026-02-13T18:57:11.950Z debug
QUERY STRING: omitted; set WRANGLER_LOG_SANITIZE=false to include sanitized data
---

--- 2026-02-13T18:57:11.950Z debug
HEADERS: omitted; set WRANGLER_LOG_SANITIZE=false to include sanitized data
---

--- 2026-02-13T18:57:11.950Z debug
INIT: omitted; set WRANGLER_LOG_SANITIZE=false to include sanitized data
---

--- 2026-02-13T18:57:11.950Z debug
-- END CF API REQUEST
---

--- 2026-02-13T18:57:13.264Z debug
-- START CF API RESPONSE: OK 200
---

--- 2026-02-13T18:57:13.265Z debug
HEADERS: omitted; set WRANGLER_LOG_SANITIZE=false to include sanitized data
---

--- 2026-02-13T18:57:13.265Z debug
RESPONSE: omitted; set WRANGLER_LOG_SANITIZE=false to include sanitized data
---

--- 2026-02-13T18:57:13.265Z debug
-- END CF API RESPONSE
---

--- 2026-02-13T18:57:13.267Z debug
pages deploy: Detecting git repository information...
---

--- 2026-02-13T18:57:13.376Z debug
pages deploy: Git repository detected
---

--- 2026-02-13T18:57:13.599Z debug
pages deploy: Working directory dirty status: true
---

--- 2026-02-13T18:57:13.728Z debug
pages deploy: Detected branch: "main"
---

--- 2026-02-13T18:57:13.832Z debug
pages deploy: Detected commit hash: "799c7925d6017daf1400c1371185b989658c0028"
---

--- 2026-02-13T18:57:13.913Z debug
pages deploy: Detected commit message: "Update_Instagram_Token_and_Router"
---

--- 2026-02-13T18:57:13.999Z warn
▲ [WARNING] Warning: Your working directory is a git repo and has uncommitted changes

  To silence this warning, pass in --commit-dirty=true


---

--- 2026-02-13T18:57:13.999Z debug
pages deploy: Git information summary - branch: main, commitHash: 799c7925d6017daf1400c1371185b989658c0028, commitDirty: true
---

--- 2026-02-13T18:57:14.001Z debug
-- START CF API REQUEST: GET https://api.cloudflare.com/client/v4/accounts/f139034ef7924a1d387c88f394b535a2/pages/projects/akgsempire
---

--- 2026-02-13T18:57:14.001Z debug
QUERY STRING: omitted; set WRANGLER_LOG_SANITIZE=false to include sanitized data
---

--- 2026-02-13T18:57:14.001Z debug
HEADERS: omitted; set WRANGLER_LOG_SANITIZE=false to include sanitized data
---

--- 2026-02-13T18:57:14.001Z debug
INIT: omitted; set WRANGLER_LOG_SANITIZE=false to include sanitized data
---

--- 2026-02-13T18:57:14.001Z debug
-- END CF API REQUEST
---

--- 2026-02-13T18:57:15.139Z debug
-- START CF API RESPONSE: OK 200
---

--- 2026-02-13T18:57:15.139Z debug
HEADERS: omitted; set WRANGLER_LOG_SANITIZE=false to include sanitized data
---

--- 2026-02-13T18:57:15.139Z debug
RESPONSE: omitted; set WRANGLER_LOG_SANITIZE=false to include sanitized data
---

--- 2026-02-13T18:57:15.139Z debug
-- END CF API RESPONSE
---

--- 2026-02-13T18:57:15.143Z debug
-- START CF API REQUEST: GET https://api.cloudflare.com/client/v4/accounts/f139034ef7924a1d387c88f394b535a2/pages/projects/akgsempire/upload-token
---

--- 2026-02-13T18:57:15.143Z debug
QUERY STRING: omitted; set WRANGLER_LOG_SANITIZE=false to include sanitized data
---

--- 2026-02-13T18:57:15.143Z debug
HEADERS: omitted; set WRANGLER_LOG_SANITIZE=false to include sanitized data
---

--- 2026-02-13T18:57:15.143Z debug
INIT: omitted; set WRANGLER_LOG_SANITIZE=false to include sanitized data
---

--- 2026-02-13T18:57:15.143Z debug
-- END CF API REQUEST
---

--- 2026-02-13T18:57:15.994Z debug
-- START CF API RESPONSE: OK 200
---

--- 2026-02-13T18:57:15.994Z debug
HEADERS: omitted; set WRANGLER_LOG_SANITIZE=false to include sanitized data
---

--- 2026-02-13T18:57:15.994Z debug
RESPONSE: omitted; set WRANGLER_LOG_SANITIZE=false to include sanitized data
---

--- 2026-02-13T18:57:15.994Z debug
-- END CF API RESPONSE
---

--- 2026-02-13T18:57:16.030Z debug
-- START CF API REQUEST: GET https://api.cloudflare.com/client/v4/accounts/f139034ef7924a1d387c88f394b535a2/pages/projects/akgsempire/upload-token
---

--- 2026-02-13T18:57:16.030Z debug
QUERY STRING: omitted; set WRANGLER_LOG_SANITIZE=false to include sanitized data
---

--- 2026-02-13T18:57:16.030Z debug
HEADERS: omitted; set WRANGLER_LOG_SANITIZE=false to include sanitized data
---

--- 2026-02-13T18:57:16.030Z debug
INIT: omitted; set WRANGLER_LOG_SANITIZE=false to include sanitized data
---

--- 2026-02-13T18:57:16.031Z debug
-- END CF API REQUEST
---

--- 2026-02-13T18:57:16.720Z debug
-- START CF API RESPONSE: OK 200
---

--- 2026-02-13T18:57:16.720Z debug
HEADERS: omitted; set WRANGLER_LOG_SANITIZE=false to include sanitized data
---

--- 2026-02-13T18:57:16.720Z debug
RESPONSE: omitted; set WRANGLER_LOG_SANITIZE=false to include sanitized data
---

--- 2026-02-13T18:57:16.720Z debug
-- END CF API RESPONSE
---

--- 2026-02-13T18:57:16.721Z debug
-- START CF API REQUEST: POST https://api.cloudflare.com/client/v4/pages/assets/check-missing
---

--- 2026-02-13T18:57:16.721Z debug
QUERY STRING: omitted; set WRANGLER_LOG_SANITIZE=false to include sanitized data
---

--- 2026-02-13T18:57:16.721Z debug
HEADERS: omitted; set WRANGLER_LOG_SANITIZE=false to include sanitized data
---

--- 2026-02-13T18:57:16.721Z debug
INIT: omitted; set WRANGLER_LOG_SANITIZE=false to include sanitized data
---

--- 2026-02-13T18:57:16.721Z debug
-- END CF API REQUEST
---

--- 2026-02-13T18:57:16.917Z debug
-- START CF API RESPONSE: OK 200
---

--- 2026-02-13T18:57:16.917Z debug
HEADERS: omitted; set WRANGLER_LOG_SANITIZE=false to include sanitized data
---

--- 2026-02-13T18:57:16.917Z debug
RESPONSE: omitted; set WRANGLER_LOG_SANITIZE=false to include sanitized data
---

--- 2026-02-13T18:57:16.917Z debug
-- END CF API RESPONSE
---

--- 2026-02-13T18:57:16.918Z log
Uploading... (13/13)
---

--- 2026-02-13T18:57:16.918Z log
✨ Success! Uploaded 0 files (13 already uploaded) (0.20 sec)

---

--- 2026-02-13T18:57:16.919Z debug
-- START CF API REQUEST: POST https://api.cloudflare.com/client/v4/pages/assets/upsert-hashes
---

--- 2026-02-13T18:57:16.919Z debug
QUERY STRING: omitted; set WRANGLER_LOG_SANITIZE=false to include sanitized data
---

--- 2026-02-13T18:57:16.919Z debug
HEADERS: omitted; set WRANGLER_LOG_SANITIZE=false to include sanitized data
---

--- 2026-02-13T18:57:16.919Z debug
INIT: omitted; set WRANGLER_LOG_SANITIZE=false to include sanitized data
---

--- 2026-02-13T18:57:16.919Z debug
-- END CF API REQUEST
---

--- 2026-02-13T18:57:17.126Z debug
-- START CF API RESPONSE: OK 200
---

--- 2026-02-13T18:57:17.127Z debug
HEADERS: omitted; set WRANGLER_LOG_SANITIZE=false to include sanitized data
---

--- 2026-02-13T18:57:17.127Z debug
RESPONSE: omitted; set WRANGLER_LOG_SANITIZE=false to include sanitized data
---

--- 2026-02-13T18:57:17.127Z debug
-- END CF API RESPONSE
---

--- 2026-02-13T18:57:17.170Z log
✨ Compiled Worker successfully
---

--- 2026-02-13T18:57:17.174Z log
✨ Uploading Worker bundle
---

--- 2026-02-13T18:57:17.174Z debug
-- START CF API REQUEST: POST https://api.cloudflare.com/client/v4/accounts/f139034ef7924a1d387c88f394b535a2/pages/projects/akgsempire/deployments
---

--- 2026-02-13T18:57:17.174Z debug
QUERY STRING: omitted; set WRANGLER_LOG_SANITIZE=false to include sanitized data
---

--- 2026-02-13T18:57:17.174Z debug
HEADERS: omitted; set WRANGLER_LOG_SANITIZE=false to include sanitized data
---

--- 2026-02-13T18:57:17.174Z debug
INIT: omitted; set WRANGLER_LOG_SANITIZE=false to include sanitized data
---

--- 2026-02-13T18:57:17.175Z debug
BODY: omitted; set WRANGLER_LOG_SANITIZE=false to include sanitized data
---

--- 2026-02-13T18:57:17.175Z debug
-- END CF API REQUEST
---

--- 2026-02-13T18:57:18.539Z debug
-- START CF API RESPONSE: OK 200
---

--- 2026-02-13T18:57:18.539Z debug
HEADERS: omitted; set WRANGLER_LOG_SANITIZE=false to include sanitized data
---

--- 2026-02-13T18:57:18.539Z debug
RESPONSE: omitted; set WRANGLER_LOG_SANITIZE=false to include sanitized data
---

--- 2026-02-13T18:57:18.539Z debug
-- END CF API RESPONSE
---

--- 2026-02-13T18:57:18.539Z debug
Saving to cache: {"account_id":"f139034ef7924a1d387c88f394b535a2","project_name":"akgsempire"}
---

--- 2026-02-13T18:57:18.541Z log
🌎 Deploying...
---

--- 2026-02-13T18:57:19.543Z debug
attempt #1: Attempting to fetch status for deployment with id "af65e8dc-08d1-414c-8e16-ed21bda2ed00" ...
---

--- 2026-02-13T18:57:19.543Z debug
-- START CF API REQUEST: GET https://api.cloudflare.com/client/v4/accounts/f139034ef7924a1d387c88f394b535a2/pages/projects/akgsempire/deployments/af65e8dc-08d1-414c-8e16-ed21bda2ed00
---

--- 2026-02-13T18:57:19.543Z debug
QUERY STRING: omitted; set WRANGLER_LOG_SANITIZE=false to include sanitized data
---

--- 2026-02-13T18:57:19.543Z debug
HEADERS: omitted; set WRANGLER_LOG_SANITIZE=false to include sanitized data
---

--- 2026-02-13T18:57:19.543Z debug
INIT: omitted; set WRANGLER_LOG_SANITIZE=false to include sanitized data
---

--- 2026-02-13T18:57:19.543Z debug
-- END CF API REQUEST
---

--- 2026-02-13T18:57:20.584Z debug
-- START CF API RESPONSE: OK 200
---

--- 2026-02-13T18:57:20.584Z debug
HEADERS: omitted; set WRANGLER_LOG_SANITIZE=false to include sanitized data
---

--- 2026-02-13T18:57:20.584Z debug
RESPONSE: omitted; set WRANGLER_LOG_SANITIZE=false to include sanitized data
---

--- 2026-02-13T18:57:20.584Z debug
-- END CF API RESPONSE
---

--- 2026-02-13T18:57:22.589Z debug
attempt #2: Attempting to fetch status for deployment with id "af65e8dc-08d1-414c-8e16-ed21bda2ed00" ...
---

--- 2026-02-13T18:57:22.589Z debug
-- START CF API REQUEST: GET https://api.cloudflare.com/client/v4/accounts/f139034ef7924a1d387c88f394b535a2/pages/projects/akgsempire/deployments/af65e8dc-08d1-414c-8e16-ed21bda2ed00
---

--- 2026-02-13T18:57:22.589Z debug
QUERY STRING: omitted; set WRANGLER_LOG_SANITIZE=false to include sanitized data
---

--- 2026-02-13T18:57:22.589Z debug
HEADERS: omitted; set WRANGLER_LOG_SANITIZE=false to include sanitized data
---

--- 2026-02-13T18:57:22.589Z debug
INIT: omitted; set WRANGLER_LOG_SANITIZE=false to include sanitized data
---

--- 2026-02-13T18:57:22.589Z debug
-- END CF API REQUEST
---

--- 2026-02-13T18:57:23.396Z debug
-- START CF API RESPONSE: OK 200
---

--- 2026-02-13T18:57:23.396Z debug
HEADERS: omitted; set WRANGLER_LOG_SANITIZE=false to include sanitized data
---

--- 2026-02-13T18:57:23.396Z debug
RESPONSE: omitted; set WRANGLER_LOG_SANITIZE=false to include sanitized data
---

--- 2026-02-13T18:57:23.396Z debug
-- END CF API RESPONSE
---

--- 2026-02-13T18:57:23.397Z log
✨ Deployment complete! Take a peek over at https://af65e8dc.akgsempire.pages.dev
---

--- 2026-02-13T18:57:23.398Z debug
Metrics dispatcher: Posting data {"deviceId":"672dd324-7ddc-4102-8d1e-2dabcfd6b5db","event":"create pages deployment","timestamp":1771009043398,"properties":{"amplitude_session_id":1771009043397,"amplitude_event_id":0,"wranglerVersion":"4.65.0","wranglerMajorVersion":4,"wranglerMinorVersion":65,"wranglerPatchVersion":0,"osPlatform":"Windows","osVersion":"Windows 11 Pro","nodeVersion":24,"isFirstUsage":false,"configFileType":"none","isCI":false,"isPagesCI":false,"isWorkersCI":false,"isInteractive":false,"hasAssets":false,"agent":null,"category":"Workers","os":"win32:x64"}}
---

--- 2026-02-13T18:57:23.402Z debug
Metrics dispatcher: Posting data {"deviceId":"672dd324-7ddc-4102-8d1e-2dabcfd6b5db","event":"wrangler command completed","timestamp":1771009043402,"properties":{"amplitude_session_id":1771009031904,"amplitude_event_id":1,"wranglerVersion":"4.65.0","wranglerMajorVersion":4,"wranglerMinorVersion":65,"wranglerPatchVersion":0,"osPlatform":"Windows","osVersion":"Windows 11 Pro","nodeVersion":24,"isFirstUsage":false,"configFileType":"none","isCI":false,"isPagesCI":false,"isWorkersCI":false,"isInteractive":false,"hasAssets":false,"agent":null,"argsUsed":["projectName"],"argsCombination":"projectName","sanitizedCommand":"pages deploy","sanitizedArgs":{},"durationMs":11503}}
---
