
--- 2026-02-13T18:31:54.586Z debug
🪵  Writing logs to "C:\Users\under\OneDrive\Desktop\SITE AKGS\.config\.wrangler\logs\wrangler-2026-02-13_18-31-54_405.log"
---

--- 2026-02-13T18:31:54.586Z debug
.env file not found at "C:\Users\under\OneDrive\Desktop\SITE AKGS\.env.local". Continuing... For more details, refer to https://developers.cloudflare.com/workers/wrangler/system-environment-variables/
---

--- 2026-02-13T18:31:54.597Z log

 ⛅️ wrangler 4.65.0
───────────────────
---

--- 2026-02-13T18:31:54.602Z debug
Metrics dispatcher: Posting data {"deviceId":"672dd324-7ddc-4102-8d1e-2dabcfd6b5db","event":"wrangler command started","timestamp":1771007514601,"properties":{"amplitude_session_id":1771007514598,"amplitude_event_id":0,"wranglerVersion":"4.65.0","wranglerMajorVersion":4,"wranglerMinorVersion":65,"wranglerPatchVersion":0,"osPlatform":"Windows","osVersion":"Windows 11 Pro","nodeVersion":24,"isFirstUsage":false,"configFileType":"none","isCI":false,"isPagesCI":false,"isWorkersCI":false,"isInteractive":false,"hasAssets":false,"agent":null,"argsUsed":["projectName"],"argsCombination":"projectName","sanitizedCommand":"pages deploy","sanitizedArgs":{}}}
---

--- 2026-02-13T18:31:54.635Z debug
-- START CF API REQUEST: GET https://api.cloudflare.com/client/v4/accounts/f139034ef7924a1d387c88f394b535a2/pages/projects/akgsempire
---

--- 2026-02-13T18:31:54.635Z debug
QUERY STRING: omitted; set WRANGLER_LOG_SANITIZE=false to include sanitized data
---

--- 2026-02-13T18:31:54.636Z debug
HEADERS: omitted; set WRANGLER_LOG_SANITIZE=false to include sanitized data
---

--- 2026-02-13T18:31:54.636Z debug
INIT: omitted; set WRANGLER_LOG_SANITIZE=false to include sanitized data
---

--- 2026-02-13T18:31:54.636Z debug
-- END CF API REQUEST
---

--- 2026-02-13T18:31:56.221Z debug
-- START CF API RESPONSE: OK 200
---

--- 2026-02-13T18:31:56.221Z debug
HEADERS: omitted; set WRANGLER_LOG_SANITIZE=false to include sanitized data
---

--- 2026-02-13T18:31:56.221Z debug
RESPONSE: omitted; set WRANGLER_LOG_SANITIZE=false to include sanitized data
---

--- 2026-02-13T18:31:56.221Z debug
-- END CF API RESPONSE
---

--- 2026-02-13T18:31:56.223Z debug
pages deploy: Detecting git repository information...
---

--- 2026-02-13T18:31:56.335Z debug
pages deploy: Git repository detected
---

--- 2026-02-13T18:31:56.562Z debug
pages deploy: Working directory dirty status: true
---

--- 2026-02-13T18:31:56.691Z debug
pages deploy: Detected branch: "main"
---

--- 2026-02-13T18:31:56.811Z debug
pages deploy: Detected commit hash: "3b6921c589c9ee4ac01c48f7bdb4c0e025c9c5d5"
---

--- 2026-02-13T18:31:56.882Z debug
pages deploy: Detected commit message: "Separate_Social_Logic"
---

--- 2026-02-13T18:31:57.019Z warn
▲ [WARNING] Warning: Your working directory is a git repo and has uncommitted changes

  To silence this warning, pass in --commit-dirty=true


---

--- 2026-02-13T18:31:57.019Z debug
pages deploy: Git information summary - branch: main, commitHash: 3b6921c589c9ee4ac01c48f7bdb4c0e025c9c5d5, commitDirty: true
---

--- 2026-02-13T18:31:57.021Z debug
-- START CF API REQUEST: GET https://api.cloudflare.com/client/v4/accounts/f139034ef7924a1d387c88f394b535a2/pages/projects/akgsempire
---

--- 2026-02-13T18:31:57.021Z debug
QUERY STRING: omitted; set WRANGLER_LOG_SANITIZE=false to include sanitized data
---

--- 2026-02-13T18:31:57.021Z debug
HEADERS: omitted; set WRANGLER_LOG_SANITIZE=false to include sanitized data
---

--- 2026-02-13T18:31:57.021Z debug
INIT: omitted; set WRANGLER_LOG_SANITIZE=false to include sanitized data
---

--- 2026-02-13T18:31:57.021Z debug
-- END CF API REQUEST
---

--- 2026-02-13T18:31:57.945Z debug
-- START CF API RESPONSE: OK 200
---

--- 2026-02-13T18:31:57.945Z debug
HEADERS: omitted; set WRANGLER_LOG_SANITIZE=false to include sanitized data
---

--- 2026-02-13T18:31:57.945Z debug
RESPONSE: omitted; set WRANGLER_LOG_SANITIZE=false to include sanitized data
---

--- 2026-02-13T18:31:57.945Z debug
-- END CF API RESPONSE
---

--- 2026-02-13T18:31:57.949Z debug
-- START CF API REQUEST: GET https://api.cloudflare.com/client/v4/accounts/f139034ef7924a1d387c88f394b535a2/pages/projects/akgsempire/upload-token
---

--- 2026-02-13T18:31:57.949Z debug
QUERY STRING: omitted; set WRANGLER_LOG_SANITIZE=false to include sanitized data
---

--- 2026-02-13T18:31:57.949Z debug
HEADERS: omitted; set WRANGLER_LOG_SANITIZE=false to include sanitized data
---

--- 2026-02-13T18:31:57.949Z debug
INIT: omitted; set WRANGLER_LOG_SANITIZE=false to include sanitized data
---

--- 2026-02-13T18:31:57.949Z debug
-- END CF API REQUEST
---

--- 2026-02-13T18:31:58.629Z debug
-- START CF API RESPONSE: OK 200
---

--- 2026-02-13T18:31:58.629Z debug
HEADERS: omitted; set WRANGLER_LOG_SANITIZE=false to include sanitized data
---

--- 2026-02-13T18:31:58.629Z debug
RESPONSE: omitted; set WRANGLER_LOG_SANITIZE=false to include sanitized data
---

--- 2026-02-13T18:31:58.629Z debug
-- END CF API RESPONSE
---

--- 2026-02-13T18:31:58.668Z debug
-- START CF API REQUEST: GET https://api.cloudflare.com/client/v4/accounts/f139034ef7924a1d387c88f394b535a2/pages/projects/akgsempire/upload-token
---

--- 2026-02-13T18:31:58.668Z debug
QUERY STRING: omitted; set WRANGLER_LOG_SANITIZE=false to include sanitized data
---

--- 2026-02-13T18:31:58.668Z debug
HEADERS: omitted; set WRANGLER_LOG_SANITIZE=false to include sanitized data
---

--- 2026-02-13T18:31:58.668Z debug
INIT: omitted; set WRANGLER_LOG_SANITIZE=false to include sanitized data
---

--- 2026-02-13T18:31:58.668Z debug
-- END CF API REQUEST
---

--- 2026-02-13T18:31:59.400Z debug
-- START CF API RESPONSE: OK 200
---

--- 2026-02-13T18:31:59.400Z debug
HEADERS: omitted; set WRANGLER_LOG_SANITIZE=false to include sanitized data
---

--- 2026-02-13T18:31:59.400Z debug
RESPONSE: omitted; set WRANGLER_LOG_SANITIZE=false to include sanitized data
---

--- 2026-02-13T18:31:59.400Z debug
-- END CF API RESPONSE
---

--- 2026-02-13T18:31:59.401Z debug
-- START CF API REQUEST: POST https://api.cloudflare.com/client/v4/pages/assets/check-missing
---

--- 2026-02-13T18:31:59.401Z debug
QUERY STRING: omitted; set WRANGLER_LOG_SANITIZE=false to include sanitized data
---

--- 2026-02-13T18:31:59.401Z debug
HEADERS: omitted; set WRANGLER_LOG_SANITIZE=false to include sanitized data
---

--- 2026-02-13T18:31:59.401Z debug
INIT: omitted; set WRANGLER_LOG_SANITIZE=false to include sanitized data
---

--- 2026-02-13T18:31:59.401Z debug
-- END CF API REQUEST
---

--- 2026-02-13T18:31:59.620Z debug
-- START CF API RESPONSE: OK 200
---

--- 2026-02-13T18:31:59.620Z debug
HEADERS: omitted; set WRANGLER_LOG_SANITIZE=false to include sanitized data
---

--- 2026-02-13T18:31:59.620Z debug
RESPONSE: omitted; set WRANGLER_LOG_SANITIZE=false to include sanitized data
---

--- 2026-02-13T18:31:59.620Z debug
-- END CF API RESPONSE
---

--- 2026-02-13T18:31:59.621Z log
Uploading... (13/13)
---

--- 2026-02-13T18:31:59.621Z log
✨ Success! Uploaded 0 files (13 already uploaded) (0.22 sec)

---

--- 2026-02-13T18:31:59.622Z debug
-- START CF API REQUEST: POST https://api.cloudflare.com/client/v4/pages/assets/upsert-hashes
---

--- 2026-02-13T18:31:59.622Z debug
QUERY STRING: omitted; set WRANGLER_LOG_SANITIZE=false to include sanitized data
---

--- 2026-02-13T18:31:59.622Z debug
HEADERS: omitted; set WRANGLER_LOG_SANITIZE=false to include sanitized data
---

--- 2026-02-13T18:31:59.622Z debug
INIT: omitted; set WRANGLER_LOG_SANITIZE=false to include sanitized data
---

--- 2026-02-13T18:31:59.622Z debug
-- END CF API REQUEST
---

--- 2026-02-13T18:31:59.850Z debug
-- START CF API RESPONSE: OK 200
---

--- 2026-02-13T18:31:59.850Z debug
HEADERS: omitted; set WRANGLER_LOG_SANITIZE=false to include sanitized data
---

--- 2026-02-13T18:31:59.850Z debug
RESPONSE: omitted; set WRANGLER_LOG_SANITIZE=false to include sanitized data
---

--- 2026-02-13T18:31:59.850Z debug
-- END CF API RESPONSE
---

--- 2026-02-13T18:31:59.893Z log
✨ Compiled Worker successfully
---

--- 2026-02-13T18:31:59.898Z log
✨ Uploading Worker bundle
---

--- 2026-02-13T18:31:59.898Z debug
-- START CF API REQUEST: POST https://api.cloudflare.com/client/v4/accounts/f139034ef7924a1d387c88f394b535a2/pages/projects/akgsempire/deployments
---

--- 2026-02-13T18:31:59.898Z debug
QUERY STRING: omitted; set WRANGLER_LOG_SANITIZE=false to include sanitized data
---

--- 2026-02-13T18:31:59.898Z debug
HEADERS: omitted; set WRANGLER_LOG_SANITIZE=false to include sanitized data
---

--- 2026-02-13T18:31:59.898Z debug
INIT: omitted; set WRANGLER_LOG_SANITIZE=false to include sanitized data
---

--- 2026-02-13T18:31:59.899Z debug
BODY: omitted; set WRANGLER_LOG_SANITIZE=false to include sanitized data
---

--- 2026-02-13T18:31:59.899Z debug
-- END CF API REQUEST
---

--- 2026-02-13T18:32:01.758Z debug
-- START CF API RESPONSE: OK 200
---

--- 2026-02-13T18:32:01.758Z debug
HEADERS: omitted; set WRANGLER_LOG_SANITIZE=false to include sanitized data
---

--- 2026-02-13T18:32:01.758Z debug
RESPONSE: omitted; set WRANGLER_LOG_SANITIZE=false to include sanitized data
---

--- 2026-02-13T18:32:01.758Z debug
-- END CF API RESPONSE
---

--- 2026-02-13T18:32:01.758Z debug
Saving to cache: {"account_id":"f139034ef7924a1d387c88f394b535a2","project_name":"akgsempire"}
---

--- 2026-02-13T18:32:01.760Z log
🌎 Deploying...
---

--- 2026-02-13T18:32:02.767Z debug
attempt #1: Attempting to fetch status for deployment with id "c15745c1-c51b-4c28-9413-0804b3b28769" ...
---

--- 2026-02-13T18:32:02.767Z debug
-- START CF API REQUEST: GET https://api.cloudflare.com/client/v4/accounts/f139034ef7924a1d387c88f394b535a2/pages/projects/akgsempire/deployments/c15745c1-c51b-4c28-9413-0804b3b28769
---

--- 2026-02-13T18:32:02.767Z debug
QUERY STRING: omitted; set WRANGLER_LOG_SANITIZE=false to include sanitized data
---

--- 2026-02-13T18:32:02.768Z debug
HEADERS: omitted; set WRANGLER_LOG_SANITIZE=false to include sanitized data
---

--- 2026-02-13T18:32:02.768Z debug
INIT: omitted; set WRANGLER_LOG_SANITIZE=false to include sanitized data
---

--- 2026-02-13T18:32:02.768Z debug
-- END CF API REQUEST
---

--- 2026-02-13T18:32:03.584Z debug
-- START CF API RESPONSE: OK 200
---

--- 2026-02-13T18:32:03.585Z debug
HEADERS: omitted; set WRANGLER_LOG_SANITIZE=false to include sanitized data
---

--- 2026-02-13T18:32:03.585Z debug
RESPONSE: omitted; set WRANGLER_LOG_SANITIZE=false to include sanitized data
---

--- 2026-02-13T18:32:03.585Z debug
-- END CF API RESPONSE
---

--- 2026-02-13T18:32:05.588Z debug
attempt #2: Attempting to fetch status for deployment with id "c15745c1-c51b-4c28-9413-0804b3b28769" ...
---

--- 2026-02-13T18:32:05.589Z debug
-- START CF API REQUEST: GET https://api.cloudflare.com/client/v4/accounts/f139034ef7924a1d387c88f394b535a2/pages/projects/akgsempire/deployments/c15745c1-c51b-4c28-9413-0804b3b28769
---

--- 2026-02-13T18:32:05.589Z debug
QUERY STRING: omitted; set WRANGLER_LOG_SANITIZE=false to include sanitized data
---

--- 2026-02-13T18:32:05.589Z debug
HEADERS: omitted; set WRANGLER_LOG_SANITIZE=false to include sanitized data
---

--- 2026-02-13T18:32:05.589Z debug
INIT: omitted; set WRANGLER_LOG_SANITIZE=false to include sanitized data
---

--- 2026-02-13T18:32:05.589Z debug
-- END CF API REQUEST
---

--- 2026-02-13T18:32:06.539Z debug
-- START CF API RESPONSE: OK 200
---

--- 2026-02-13T18:32:06.539Z debug
HEADERS: omitted; set WRANGLER_LOG_SANITIZE=false to include sanitized data
---

--- 2026-02-13T18:32:06.539Z debug
RESPONSE: omitted; set WRANGLER_LOG_SANITIZE=false to include sanitized data
---

--- 2026-02-13T18:32:06.539Z debug
-- END CF API RESPONSE
---

--- 2026-02-13T18:32:06.540Z log
✨ Deployment complete! Take a peek over at https://c15745c1.akgsempire.pages.dev
---

--- 2026-02-13T18:32:06.541Z debug
Metrics dispatcher: Posting data {"deviceId":"672dd324-7ddc-4102-8d1e-2dabcfd6b5db","event":"create pages deployment","timestamp":1771007526541,"properties":{"amplitude_session_id":1771007526540,"amplitude_event_id":0,"wranglerVersion":"4.65.0","wranglerMajorVersion":4,"wranglerMinorVersion":65,"wranglerPatchVersion":0,"osPlatform":"Windows","osVersion":"Windows 11 Pro","nodeVersion":24,"isFirstUsage":false,"configFileType":"none","isCI":false,"isPagesCI":false,"isWorkersCI":false,"isInteractive":false,"hasAssets":false,"agent":null,"category":"Workers","os":"win32:x64"}}
---

--- 2026-02-13T18:32:06.544Z debug
Metrics dispatcher: Posting data {"deviceId":"672dd324-7ddc-4102-8d1e-2dabcfd6b5db","event":"wrangler command completed","timestamp":1771007526544,"properties":{"amplitude_session_id":1771007514598,"amplitude_event_id":1,"wranglerVersion":"4.65.0","wranglerMajorVersion":4,"wranglerMinorVersion":65,"wranglerPatchVersion":0,"osPlatform":"Windows","osVersion":"Windows 11 Pro","nodeVersion":24,"isFirstUsage":false,"configFileType":"none","isCI":false,"isPagesCI":false,"isWorkersCI":false,"isInteractive":false,"hasAssets":false,"agent":null,"argsUsed":["projectName"],"argsCombination":"projectName","sanitizedCommand":"pages deploy","sanitizedArgs":{},"durationMs":11952}}
---
