
--- 2026-02-13T16:50:53.175Z debug
🪵  Writing logs to "C:\Users\under\OneDrive\Desktop\SITE AKGS\.config\.wrangler\logs\wrangler-2026-02-13_16-50-52_999.log"
---

--- 2026-02-13T16:50:53.175Z debug
.env file not found at "C:\Users\under\OneDrive\Desktop\SITE AKGS\.env.local". Continuing... For more details, refer to https://developers.cloudflare.com/workers/wrangler/system-environment-variables/
---

--- 2026-02-13T16:50:53.186Z log

 ⛅️ wrangler 4.65.0
───────────────────
---

--- 2026-02-13T16:50:53.189Z debug
Metrics dispatcher: Posting data {"deviceId":"672dd324-7ddc-4102-8d1e-2dabcfd6b5db","event":"wrangler command started","timestamp":1771001453189,"properties":{"amplitude_session_id":1771001453187,"amplitude_event_id":0,"wranglerVersion":"4.65.0","wranglerMajorVersion":4,"wranglerMinorVersion":65,"wranglerPatchVersion":0,"osPlatform":"Windows","osVersion":"Windows 11 Pro","nodeVersion":24,"isFirstUsage":false,"configFileType":"none","isCI":false,"isPagesCI":false,"isWorkersCI":false,"isInteractive":false,"hasAssets":false,"agent":null,"argsUsed":["projectName"],"argsCombination":"projectName","sanitizedCommand":"pages deploy","sanitizedArgs":{}}}
---

--- 2026-02-13T16:50:53.222Z debug
-- START CF API REQUEST: GET https://api.cloudflare.com/client/v4/accounts/f139034ef7924a1d387c88f394b535a2/pages/projects/akgsempire
---

--- 2026-02-13T16:50:53.223Z debug
QUERY STRING: omitted; set WRANGLER_LOG_SANITIZE=false to include sanitized data
---

--- 2026-02-13T16:50:53.223Z debug
HEADERS: omitted; set WRANGLER_LOG_SANITIZE=false to include sanitized data
---

--- 2026-02-13T16:50:53.223Z debug
INIT: omitted; set WRANGLER_LOG_SANITIZE=false to include sanitized data
---

--- 2026-02-13T16:50:53.223Z debug
-- END CF API REQUEST
---

--- 2026-02-13T16:50:54.352Z debug
-- START CF API RESPONSE: OK 200
---

--- 2026-02-13T16:50:54.352Z debug
HEADERS: omitted; set WRANGLER_LOG_SANITIZE=false to include sanitized data
---

--- 2026-02-13T16:50:54.352Z debug
RESPONSE: omitted; set WRANGLER_LOG_SANITIZE=false to include sanitized data
---

--- 2026-02-13T16:50:54.352Z debug
-- END CF API RESPONSE
---

--- 2026-02-13T16:50:54.354Z debug
pages deploy: Detecting git repository information...
---

--- 2026-02-13T16:50:54.458Z debug
pages deploy: Git repository detected
---

--- 2026-02-13T16:50:54.667Z debug
pages deploy: Working directory dirty status: true
---

--- 2026-02-13T16:50:54.781Z debug
pages deploy: Detected branch: "main"
---

--- 2026-02-13T16:50:54.880Z debug
pages deploy: Detected commit hash: "6b24c5791c394cdb3a7d24025407b2a67a844411"
---

--- 2026-02-13T16:50:54.946Z debug
pages deploy: Detected commit message: "Finalize_TikTok_verification_and_cleanup"
---

--- 2026-02-13T16:50:55.023Z warn
▲ [WARNING] Warning: Your working directory is a git repo and has uncommitted changes

  To silence this warning, pass in --commit-dirty=true


---

--- 2026-02-13T16:50:55.023Z debug
pages deploy: Git information summary - branch: main, commitHash: 6b24c5791c394cdb3a7d24025407b2a67a844411, commitDirty: true
---

--- 2026-02-13T16:50:55.025Z debug
-- START CF API REQUEST: GET https://api.cloudflare.com/client/v4/accounts/f139034ef7924a1d387c88f394b535a2/pages/projects/akgsempire
---

--- 2026-02-13T16:50:55.025Z debug
QUERY STRING: omitted; set WRANGLER_LOG_SANITIZE=false to include sanitized data
---

--- 2026-02-13T16:50:55.025Z debug
HEADERS: omitted; set WRANGLER_LOG_SANITIZE=false to include sanitized data
---

--- 2026-02-13T16:50:55.025Z debug
INIT: omitted; set WRANGLER_LOG_SANITIZE=false to include sanitized data
---

--- 2026-02-13T16:50:55.025Z debug
-- END CF API REQUEST
---

--- 2026-02-13T16:50:55.966Z debug
-- START CF API RESPONSE: OK 200
---

--- 2026-02-13T16:50:55.966Z debug
HEADERS: omitted; set WRANGLER_LOG_SANITIZE=false to include sanitized data
---

--- 2026-02-13T16:50:55.966Z debug
RESPONSE: omitted; set WRANGLER_LOG_SANITIZE=false to include sanitized data
---

--- 2026-02-13T16:50:55.966Z debug
-- END CF API RESPONSE
---

--- 2026-02-13T16:50:55.971Z debug
-- START CF API REQUEST: GET https://api.cloudflare.com/client/v4/accounts/f139034ef7924a1d387c88f394b535a2/pages/projects/akgsempire/upload-token
---

--- 2026-02-13T16:50:55.971Z debug
QUERY STRING: omitted; set WRANGLER_LOG_SANITIZE=false to include sanitized data
---

--- 2026-02-13T16:50:55.971Z debug
HEADERS: omitted; set WRANGLER_LOG_SANITIZE=false to include sanitized data
---

--- 2026-02-13T16:50:55.971Z debug
INIT: omitted; set WRANGLER_LOG_SANITIZE=false to include sanitized data
---

--- 2026-02-13T16:50:55.971Z debug
-- END CF API REQUEST
---

--- 2026-02-13T16:50:56.684Z debug
-- START CF API RESPONSE: OK 200
---

--- 2026-02-13T16:50:56.685Z debug
HEADERS: omitted; set WRANGLER_LOG_SANITIZE=false to include sanitized data
---

--- 2026-02-13T16:50:56.685Z debug
RESPONSE: omitted; set WRANGLER_LOG_SANITIZE=false to include sanitized data
---

--- 2026-02-13T16:50:56.685Z debug
-- END CF API RESPONSE
---

--- 2026-02-13T16:50:56.703Z debug
-- START CF API REQUEST: GET https://api.cloudflare.com/client/v4/accounts/f139034ef7924a1d387c88f394b535a2/pages/projects/akgsempire/upload-token
---

--- 2026-02-13T16:50:56.703Z debug
QUERY STRING: omitted; set WRANGLER_LOG_SANITIZE=false to include sanitized data
---

--- 2026-02-13T16:50:56.704Z debug
HEADERS: omitted; set WRANGLER_LOG_SANITIZE=false to include sanitized data
---

--- 2026-02-13T16:50:56.704Z debug
INIT: omitted; set WRANGLER_LOG_SANITIZE=false to include sanitized data
---

--- 2026-02-13T16:50:56.704Z debug
-- END CF API REQUEST
---

--- 2026-02-13T16:50:57.407Z debug
-- START CF API RESPONSE: OK 200
---

--- 2026-02-13T16:50:57.407Z debug
HEADERS: omitted; set WRANGLER_LOG_SANITIZE=false to include sanitized data
---

--- 2026-02-13T16:50:57.407Z debug
RESPONSE: omitted; set WRANGLER_LOG_SANITIZE=false to include sanitized data
---

--- 2026-02-13T16:50:57.407Z debug
-- END CF API RESPONSE
---

--- 2026-02-13T16:50:57.408Z debug
-- START CF API REQUEST: POST https://api.cloudflare.com/client/v4/pages/assets/check-missing
---

--- 2026-02-13T16:50:57.408Z debug
QUERY STRING: omitted; set WRANGLER_LOG_SANITIZE=false to include sanitized data
---

--- 2026-02-13T16:50:57.408Z debug
HEADERS: omitted; set WRANGLER_LOG_SANITIZE=false to include sanitized data
---

--- 2026-02-13T16:50:57.408Z debug
INIT: omitted; set WRANGLER_LOG_SANITIZE=false to include sanitized data
---

--- 2026-02-13T16:50:57.408Z debug
-- END CF API REQUEST
---

--- 2026-02-13T16:50:57.639Z debug
-- START CF API RESPONSE: OK 200
---

--- 2026-02-13T16:50:57.639Z debug
HEADERS: omitted; set WRANGLER_LOG_SANITIZE=false to include sanitized data
---

--- 2026-02-13T16:50:57.639Z debug
RESPONSE: omitted; set WRANGLER_LOG_SANITIZE=false to include sanitized data
---

--- 2026-02-13T16:50:57.639Z debug
-- END CF API RESPONSE
---

--- 2026-02-13T16:50:57.640Z log
Uploading... (17/17)
---

--- 2026-02-13T16:50:57.640Z log
✨ Success! Uploaded 0 files (17 already uploaded) (0.23 sec)

---

--- 2026-02-13T16:50:57.641Z debug
-- START CF API REQUEST: POST https://api.cloudflare.com/client/v4/pages/assets/upsert-hashes
---

--- 2026-02-13T16:50:57.641Z debug
QUERY STRING: omitted; set WRANGLER_LOG_SANITIZE=false to include sanitized data
---

--- 2026-02-13T16:50:57.641Z debug
HEADERS: omitted; set WRANGLER_LOG_SANITIZE=false to include sanitized data
---

--- 2026-02-13T16:50:57.641Z debug
INIT: omitted; set WRANGLER_LOG_SANITIZE=false to include sanitized data
---

--- 2026-02-13T16:50:57.641Z debug
-- END CF API REQUEST
---

--- 2026-02-13T16:50:57.842Z debug
-- START CF API RESPONSE: OK 200
---

--- 2026-02-13T16:50:57.842Z debug
HEADERS: omitted; set WRANGLER_LOG_SANITIZE=false to include sanitized data
---

--- 2026-02-13T16:50:57.842Z debug
RESPONSE: omitted; set WRANGLER_LOG_SANITIZE=false to include sanitized data
---

--- 2026-02-13T16:50:57.842Z debug
-- END CF API RESPONSE
---

--- 2026-02-13T16:50:57.883Z log
✨ Compiled Worker successfully
---

--- 2026-02-13T16:50:57.887Z log
✨ Uploading Worker bundle
---

--- 2026-02-13T16:50:57.888Z debug
-- START CF API REQUEST: POST https://api.cloudflare.com/client/v4/accounts/f139034ef7924a1d387c88f394b535a2/pages/projects/akgsempire/deployments
---

--- 2026-02-13T16:50:57.888Z debug
QUERY STRING: omitted; set WRANGLER_LOG_SANITIZE=false to include sanitized data
---

--- 2026-02-13T16:50:57.888Z debug
HEADERS: omitted; set WRANGLER_LOG_SANITIZE=false to include sanitized data
---

--- 2026-02-13T16:50:57.888Z debug
INIT: omitted; set WRANGLER_LOG_SANITIZE=false to include sanitized data
---

--- 2026-02-13T16:50:57.888Z debug
BODY: omitted; set WRANGLER_LOG_SANITIZE=false to include sanitized data
---

--- 2026-02-13T16:50:57.888Z debug
-- END CF API REQUEST
---

--- 2026-02-13T16:50:59.610Z debug
-- START CF API RESPONSE: OK 200
---

--- 2026-02-13T16:50:59.610Z debug
HEADERS: omitted; set WRANGLER_LOG_SANITIZE=false to include sanitized data
---

--- 2026-02-13T16:50:59.610Z debug
RESPONSE: omitted; set WRANGLER_LOG_SANITIZE=false to include sanitized data
---

--- 2026-02-13T16:50:59.610Z debug
-- END CF API RESPONSE
---

--- 2026-02-13T16:50:59.611Z debug
Saving to cache: {"account_id":"f139034ef7924a1d387c88f394b535a2","project_name":"akgsempire"}
---

--- 2026-02-13T16:50:59.612Z log
🌎 Deploying...
---

--- 2026-02-13T16:51:00.615Z debug
attempt #1: Attempting to fetch status for deployment with id "11516d4e-afa7-4e88-a969-2e2c9f37223e" ...
---

--- 2026-02-13T16:51:00.615Z debug
-- START CF API REQUEST: GET https://api.cloudflare.com/client/v4/accounts/f139034ef7924a1d387c88f394b535a2/pages/projects/akgsempire/deployments/11516d4e-afa7-4e88-a969-2e2c9f37223e
---

--- 2026-02-13T16:51:00.615Z debug
QUERY STRING: omitted; set WRANGLER_LOG_SANITIZE=false to include sanitized data
---

--- 2026-02-13T16:51:00.615Z debug
HEADERS: omitted; set WRANGLER_LOG_SANITIZE=false to include sanitized data
---

--- 2026-02-13T16:51:00.615Z debug
INIT: omitted; set WRANGLER_LOG_SANITIZE=false to include sanitized data
---

--- 2026-02-13T16:51:00.615Z debug
-- END CF API REQUEST
---

--- 2026-02-13T16:51:02.618Z debug
-- START CF API RESPONSE: OK 200
---

--- 2026-02-13T16:51:02.618Z debug
HEADERS: omitted; set WRANGLER_LOG_SANITIZE=false to include sanitized data
---

--- 2026-02-13T16:51:02.618Z debug
RESPONSE: omitted; set WRANGLER_LOG_SANITIZE=false to include sanitized data
---

--- 2026-02-13T16:51:02.618Z debug
-- END CF API RESPONSE
---

--- 2026-02-13T16:51:04.625Z debug
attempt #2: Attempting to fetch status for deployment with id "11516d4e-afa7-4e88-a969-2e2c9f37223e" ...
---

--- 2026-02-13T16:51:04.626Z debug
-- START CF API REQUEST: GET https://api.cloudflare.com/client/v4/accounts/f139034ef7924a1d387c88f394b535a2/pages/projects/akgsempire/deployments/11516d4e-afa7-4e88-a969-2e2c9f37223e
---

--- 2026-02-13T16:51:04.626Z debug
QUERY STRING: omitted; set WRANGLER_LOG_SANITIZE=false to include sanitized data
---

--- 2026-02-13T16:51:04.626Z debug
HEADERS: omitted; set WRANGLER_LOG_SANITIZE=false to include sanitized data
---

--- 2026-02-13T16:51:04.626Z debug
INIT: omitted; set WRANGLER_LOG_SANITIZE=false to include sanitized data
---

--- 2026-02-13T16:51:04.626Z debug
-- END CF API REQUEST
---

--- 2026-02-13T16:51:05.566Z debug
-- START CF API RESPONSE: OK 200
---

--- 2026-02-13T16:51:05.567Z debug
HEADERS: omitted; set WRANGLER_LOG_SANITIZE=false to include sanitized data
---

--- 2026-02-13T16:51:05.567Z debug
RESPONSE: omitted; set WRANGLER_LOG_SANITIZE=false to include sanitized data
---

--- 2026-02-13T16:51:05.567Z debug
-- END CF API RESPONSE
---

--- 2026-02-13T16:51:05.567Z log
✨ Deployment complete! Take a peek over at https://11516d4e.akgsempire.pages.dev
---

--- 2026-02-13T16:51:05.569Z debug
Metrics dispatcher: Posting data {"deviceId":"672dd324-7ddc-4102-8d1e-2dabcfd6b5db","event":"create pages deployment","timestamp":1771001465569,"properties":{"amplitude_session_id":1771001465568,"amplitude_event_id":0,"wranglerVersion":"4.65.0","wranglerMajorVersion":4,"wranglerMinorVersion":65,"wranglerPatchVersion":0,"osPlatform":"Windows","osVersion":"Windows 11 Pro","nodeVersion":24,"isFirstUsage":false,"configFileType":"none","isCI":false,"isPagesCI":false,"isWorkersCI":false,"isInteractive":false,"hasAssets":false,"agent":null,"category":"Workers","os":"win32:x64"}}
---

--- 2026-02-13T16:51:05.572Z debug
Metrics dispatcher: Posting data {"deviceId":"672dd324-7ddc-4102-8d1e-2dabcfd6b5db","event":"wrangler command completed","timestamp":1771001465572,"properties":{"amplitude_session_id":1771001453187,"amplitude_event_id":1,"wranglerVersion":"4.65.0","wranglerMajorVersion":4,"wranglerMinorVersion":65,"wranglerPatchVersion":0,"osPlatform":"Windows","osVersion":"Windows 11 Pro","nodeVersion":24,"isFirstUsage":false,"configFileType":"none","isCI":false,"isPagesCI":false,"isWorkersCI":false,"isInteractive":false,"hasAssets":false,"agent":null,"argsUsed":["projectName"],"argsCombination":"projectName","sanitizedCommand":"pages deploy","sanitizedArgs":{},"durationMs":12391}}
---
