
--- 2026-02-13T19:15:29.043Z debug
🪵  Writing logs to "C:\Users\under\OneDrive\Desktop\SITE AKGS\.config\.wrangler\logs\wrangler-2026-02-13_19-15-28_855.log"
---

--- 2026-02-13T19:15:29.043Z debug
.env file not found at "C:\Users\under\OneDrive\Desktop\SITE AKGS\.env.local". Continuing... For more details, refer to https://developers.cloudflare.com/workers/wrangler/system-environment-variables/
---

--- 2026-02-13T19:15:29.054Z log

 ⛅️ wrangler 4.65.0
───────────────────
---

--- 2026-02-13T19:15:29.057Z debug
Metrics dispatcher: Posting data {"deviceId":"672dd324-7ddc-4102-8d1e-2dabcfd6b5db","event":"wrangler command started","timestamp":1771010129057,"properties":{"amplitude_session_id":1771010129054,"amplitude_event_id":0,"wranglerVersion":"4.65.0","wranglerMajorVersion":4,"wranglerMinorVersion":65,"wranglerPatchVersion":0,"osPlatform":"Windows","osVersion":"Windows 11 Pro","nodeVersion":24,"isFirstUsage":false,"configFileType":"none","isCI":false,"isPagesCI":false,"isWorkersCI":false,"isInteractive":false,"hasAssets":false,"agent":null,"argsUsed":["projectName"],"argsCombination":"projectName","sanitizedCommand":"pages deploy","sanitizedArgs":{}}}
---

--- 2026-02-13T19:15:29.096Z debug
-- START CF API REQUEST: GET https://api.cloudflare.com/client/v4/accounts/f139034ef7924a1d387c88f394b535a2/pages/projects/akgsempire
---

--- 2026-02-13T19:15:29.097Z debug
QUERY STRING: omitted; set WRANGLER_LOG_SANITIZE=false to include sanitized data
---

--- 2026-02-13T19:15:29.097Z debug
HEADERS: omitted; set WRANGLER_LOG_SANITIZE=false to include sanitized data
---

--- 2026-02-13T19:15:29.097Z debug
INIT: omitted; set WRANGLER_LOG_SANITIZE=false to include sanitized data
---

--- 2026-02-13T19:15:29.097Z debug
-- END CF API REQUEST
---

--- 2026-02-13T19:15:30.363Z debug
-- START CF API RESPONSE: OK 200
---

--- 2026-02-13T19:15:30.364Z debug
HEADERS: omitted; set WRANGLER_LOG_SANITIZE=false to include sanitized data
---

--- 2026-02-13T19:15:30.364Z debug
RESPONSE: omitted; set WRANGLER_LOG_SANITIZE=false to include sanitized data
---

--- 2026-02-13T19:15:30.364Z debug
-- END CF API RESPONSE
---

--- 2026-02-13T19:15:30.367Z debug
pages deploy: Detecting git repository information...
---

--- 2026-02-13T19:15:30.483Z debug
pages deploy: Git repository detected
---

--- 2026-02-13T19:15:30.707Z debug
pages deploy: Working directory dirty status: true
---

--- 2026-02-13T19:15:30.825Z debug
pages deploy: Detected branch: "main"
---

--- 2026-02-13T19:15:30.935Z debug
pages deploy: Detected commit hash: "799c7925d6017daf1400c1371185b989658c0028"
---

--- 2026-02-13T19:15:31.011Z debug
pages deploy: Detected commit message: "Update_Instagram_Token_and_Router"
---

--- 2026-02-13T19:15:31.125Z warn
▲ [WARNING] Warning: Your working directory is a git repo and has uncommitted changes

  To silence this warning, pass in --commit-dirty=true


---

--- 2026-02-13T19:15:31.126Z debug
pages deploy: Git information summary - branch: main, commitHash: 799c7925d6017daf1400c1371185b989658c0028, commitDirty: true
---

--- 2026-02-13T19:15:31.127Z debug
-- START CF API REQUEST: GET https://api.cloudflare.com/client/v4/accounts/f139034ef7924a1d387c88f394b535a2/pages/projects/akgsempire
---

--- 2026-02-13T19:15:31.127Z debug
QUERY STRING: omitted; set WRANGLER_LOG_SANITIZE=false to include sanitized data
---

--- 2026-02-13T19:15:31.127Z debug
HEADERS: omitted; set WRANGLER_LOG_SANITIZE=false to include sanitized data
---

--- 2026-02-13T19:15:31.127Z debug
INIT: omitted; set WRANGLER_LOG_SANITIZE=false to include sanitized data
---

--- 2026-02-13T19:15:31.127Z debug
-- END CF API REQUEST
---

--- 2026-02-13T19:15:32.041Z debug
-- START CF API RESPONSE: OK 200
---

--- 2026-02-13T19:15:32.042Z debug
HEADERS: omitted; set WRANGLER_LOG_SANITIZE=false to include sanitized data
---

--- 2026-02-13T19:15:32.042Z debug
RESPONSE: omitted; set WRANGLER_LOG_SANITIZE=false to include sanitized data
---

--- 2026-02-13T19:15:32.042Z debug
-- END CF API RESPONSE
---

--- 2026-02-13T19:15:32.045Z debug
-- START CF API REQUEST: GET https://api.cloudflare.com/client/v4/accounts/f139034ef7924a1d387c88f394b535a2/pages/projects/akgsempire/upload-token
---

--- 2026-02-13T19:15:32.045Z debug
QUERY STRING: omitted; set WRANGLER_LOG_SANITIZE=false to include sanitized data
---

--- 2026-02-13T19:15:32.045Z debug
HEADERS: omitted; set WRANGLER_LOG_SANITIZE=false to include sanitized data
---

--- 2026-02-13T19:15:32.045Z debug
INIT: omitted; set WRANGLER_LOG_SANITIZE=false to include sanitized data
---

--- 2026-02-13T19:15:32.045Z debug
-- END CF API REQUEST
---

--- 2026-02-13T19:15:32.777Z debug
-- START CF API RESPONSE: OK 200
---

--- 2026-02-13T19:15:32.777Z debug
HEADERS: omitted; set WRANGLER_LOG_SANITIZE=false to include sanitized data
---

--- 2026-02-13T19:15:32.777Z debug
RESPONSE: omitted; set WRANGLER_LOG_SANITIZE=false to include sanitized data
---

--- 2026-02-13T19:15:32.777Z debug
-- END CF API RESPONSE
---

--- 2026-02-13T19:15:32.814Z debug
-- START CF API REQUEST: GET https://api.cloudflare.com/client/v4/accounts/f139034ef7924a1d387c88f394b535a2/pages/projects/akgsempire/upload-token
---

--- 2026-02-13T19:15:32.814Z debug
QUERY STRING: omitted; set WRANGLER_LOG_SANITIZE=false to include sanitized data
---

--- 2026-02-13T19:15:32.814Z debug
HEADERS: omitted; set WRANGLER_LOG_SANITIZE=false to include sanitized data
---

--- 2026-02-13T19:15:32.814Z debug
INIT: omitted; set WRANGLER_LOG_SANITIZE=false to include sanitized data
---

--- 2026-02-13T19:15:32.814Z debug
-- END CF API REQUEST
---

--- 2026-02-13T19:15:33.568Z debug
-- START CF API RESPONSE: OK 200
---

--- 2026-02-13T19:15:33.568Z debug
HEADERS: omitted; set WRANGLER_LOG_SANITIZE=false to include sanitized data
---

--- 2026-02-13T19:15:33.568Z debug
RESPONSE: omitted; set WRANGLER_LOG_SANITIZE=false to include sanitized data
---

--- 2026-02-13T19:15:33.568Z debug
-- END CF API RESPONSE
---

--- 2026-02-13T19:15:33.569Z debug
-- START CF API REQUEST: POST https://api.cloudflare.com/client/v4/pages/assets/check-missing
---

--- 2026-02-13T19:15:33.569Z debug
QUERY STRING: omitted; set WRANGLER_LOG_SANITIZE=false to include sanitized data
---

--- 2026-02-13T19:15:33.569Z debug
HEADERS: omitted; set WRANGLER_LOG_SANITIZE=false to include sanitized data
---

--- 2026-02-13T19:15:33.569Z debug
INIT: omitted; set WRANGLER_LOG_SANITIZE=false to include sanitized data
---

--- 2026-02-13T19:15:33.569Z debug
-- END CF API REQUEST
---

--- 2026-02-13T19:15:33.820Z debug
-- START CF API RESPONSE: OK 200
---

--- 2026-02-13T19:15:33.820Z debug
HEADERS: omitted; set WRANGLER_LOG_SANITIZE=false to include sanitized data
---

--- 2026-02-13T19:15:33.820Z debug
RESPONSE: omitted; set WRANGLER_LOG_SANITIZE=false to include sanitized data
---

--- 2026-02-13T19:15:33.820Z debug
-- END CF API RESPONSE
---

--- 2026-02-13T19:15:33.820Z log
Uploading... (13/13)
---

--- 2026-02-13T19:15:33.821Z log
✨ Success! Uploaded 0 files (13 already uploaded) (0.25 sec)

---

--- 2026-02-13T19:15:33.821Z debug
-- START CF API REQUEST: POST https://api.cloudflare.com/client/v4/pages/assets/upsert-hashes
---

--- 2026-02-13T19:15:33.821Z debug
QUERY STRING: omitted; set WRANGLER_LOG_SANITIZE=false to include sanitized data
---

--- 2026-02-13T19:15:33.821Z debug
HEADERS: omitted; set WRANGLER_LOG_SANITIZE=false to include sanitized data
---

--- 2026-02-13T19:15:33.821Z debug
INIT: omitted; set WRANGLER_LOG_SANITIZE=false to include sanitized data
---

--- 2026-02-13T19:15:33.821Z debug
-- END CF API REQUEST
---

--- 2026-02-13T19:15:34.016Z debug
-- START CF API RESPONSE: OK 200
---

--- 2026-02-13T19:15:34.016Z debug
HEADERS: omitted; set WRANGLER_LOG_SANITIZE=false to include sanitized data
---

--- 2026-02-13T19:15:34.016Z debug
RESPONSE: omitted; set WRANGLER_LOG_SANITIZE=false to include sanitized data
---

--- 2026-02-13T19:15:34.016Z debug
-- END CF API RESPONSE
---

--- 2026-02-13T19:15:34.059Z log
✨ Compiled Worker successfully
---

--- 2026-02-13T19:15:34.063Z log
✨ Uploading Worker bundle
---

--- 2026-02-13T19:15:34.063Z debug
-- START CF API REQUEST: POST https://api.cloudflare.com/client/v4/accounts/f139034ef7924a1d387c88f394b535a2/pages/projects/akgsempire/deployments
---

--- 2026-02-13T19:15:34.063Z debug
QUERY STRING: omitted; set WRANGLER_LOG_SANITIZE=false to include sanitized data
---

--- 2026-02-13T19:15:34.063Z debug
HEADERS: omitted; set WRANGLER_LOG_SANITIZE=false to include sanitized data
---

--- 2026-02-13T19:15:34.063Z debug
INIT: omitted; set WRANGLER_LOG_SANITIZE=false to include sanitized data
---

--- 2026-02-13T19:15:34.063Z debug
BODY: omitted; set WRANGLER_LOG_SANITIZE=false to include sanitized data
---

--- 2026-02-13T19:15:34.063Z debug
-- END CF API REQUEST
---

--- 2026-02-13T19:15:35.546Z debug
-- START CF API RESPONSE: OK 200
---

--- 2026-02-13T19:15:35.547Z debug
HEADERS: omitted; set WRANGLER_LOG_SANITIZE=false to include sanitized data
---

--- 2026-02-13T19:15:35.547Z debug
RESPONSE: omitted; set WRANGLER_LOG_SANITIZE=false to include sanitized data
---

--- 2026-02-13T19:15:35.547Z debug
-- END CF API RESPONSE
---

--- 2026-02-13T19:15:35.547Z debug
Saving to cache: {"account_id":"f139034ef7924a1d387c88f394b535a2","project_name":"akgsempire"}
---

--- 2026-02-13T19:15:35.548Z log
🌎 Deploying...
---

--- 2026-02-13T19:15:36.550Z debug
attempt #1: Attempting to fetch status for deployment with id "b785db2c-4b57-4472-8e0e-2c77f35762d7" ...
---

--- 2026-02-13T19:15:36.550Z debug
-- START CF API REQUEST: GET https://api.cloudflare.com/client/v4/accounts/f139034ef7924a1d387c88f394b535a2/pages/projects/akgsempire/deployments/b785db2c-4b57-4472-8e0e-2c77f35762d7
---

--- 2026-02-13T19:15:36.550Z debug
QUERY STRING: omitted; set WRANGLER_LOG_SANITIZE=false to include sanitized data
---

--- 2026-02-13T19:15:36.550Z debug
HEADERS: omitted; set WRANGLER_LOG_SANITIZE=false to include sanitized data
---

--- 2026-02-13T19:15:36.550Z debug
INIT: omitted; set WRANGLER_LOG_SANITIZE=false to include sanitized data
---

--- 2026-02-13T19:15:36.550Z debug
-- END CF API REQUEST
---

--- 2026-02-13T19:15:37.409Z debug
-- START CF API RESPONSE: OK 200
---

--- 2026-02-13T19:15:37.409Z debug
HEADERS: omitted; set WRANGLER_LOG_SANITIZE=false to include sanitized data
---

--- 2026-02-13T19:15:37.409Z debug
RESPONSE: omitted; set WRANGLER_LOG_SANITIZE=false to include sanitized data
---

--- 2026-02-13T19:15:37.409Z debug
-- END CF API RESPONSE
---

--- 2026-02-13T19:15:39.423Z debug
attempt #2: Attempting to fetch status for deployment with id "b785db2c-4b57-4472-8e0e-2c77f35762d7" ...
---

--- 2026-02-13T19:15:39.423Z debug
-- START CF API REQUEST: GET https://api.cloudflare.com/client/v4/accounts/f139034ef7924a1d387c88f394b535a2/pages/projects/akgsempire/deployments/b785db2c-4b57-4472-8e0e-2c77f35762d7
---

--- 2026-02-13T19:15:39.423Z debug
QUERY STRING: omitted; set WRANGLER_LOG_SANITIZE=false to include sanitized data
---

--- 2026-02-13T19:15:39.423Z debug
HEADERS: omitted; set WRANGLER_LOG_SANITIZE=false to include sanitized data
---

--- 2026-02-13T19:15:39.423Z debug
INIT: omitted; set WRANGLER_LOG_SANITIZE=false to include sanitized data
---

--- 2026-02-13T19:15:39.423Z debug
-- END CF API REQUEST
---

--- 2026-02-13T19:15:40.648Z debug
-- START CF API RESPONSE: OK 200
---

--- 2026-02-13T19:15:40.649Z debug
HEADERS: omitted; set WRANGLER_LOG_SANITIZE=false to include sanitized data
---

--- 2026-02-13T19:15:40.649Z debug
RESPONSE: omitted; set WRANGLER_LOG_SANITIZE=false to include sanitized data
---

--- 2026-02-13T19:15:40.649Z debug
-- END CF API RESPONSE
---

--- 2026-02-13T19:15:40.649Z log
✨ Deployment complete! Take a peek over at https://b785db2c.akgsempire.pages.dev
---

--- 2026-02-13T19:15:40.651Z debug
Metrics dispatcher: Posting data {"deviceId":"672dd324-7ddc-4102-8d1e-2dabcfd6b5db","event":"create pages deployment","timestamp":1771010140651,"properties":{"amplitude_session_id":1771010140649,"amplitude_event_id":0,"wranglerVersion":"4.65.0","wranglerMajorVersion":4,"wranglerMinorVersion":65,"wranglerPatchVersion":0,"osPlatform":"Windows","osVersion":"Windows 11 Pro","nodeVersion":24,"isFirstUsage":false,"configFileType":"none","isCI":false,"isPagesCI":false,"isWorkersCI":false,"isInteractive":false,"hasAssets":false,"agent":null,"category":"Workers","os":"win32:x64"}}
---

--- 2026-02-13T19:15:40.653Z debug
Metrics dispatcher: Posting data {"deviceId":"672dd324-7ddc-4102-8d1e-2dabcfd6b5db","event":"wrangler command completed","timestamp":1771010140653,"properties":{"amplitude_session_id":1771010129054,"amplitude_event_id":1,"wranglerVersion":"4.65.0","wranglerMajorVersion":4,"wranglerMinorVersion":65,"wranglerPatchVersion":0,"osPlatform":"Windows","osVersion":"Windows 11 Pro","nodeVersion":24,"isFirstUsage":false,"configFileType":"none","isCI":false,"isPagesCI":false,"isWorkersCI":false,"isInteractive":false,"hasAssets":false,"agent":null,"argsUsed":["projectName"],"argsCombination":"projectName","sanitizedCommand":"pages deploy","sanitizedArgs":{},"durationMs":11604}}
---
