
--- 2026-02-13T18:25:02.205Z debug
🪵  Writing logs to "C:\Users\under\OneDrive\Desktop\SITE AKGS\.config\.wrangler\logs\wrangler-2026-02-13_18-25-02_039.log"
---

--- 2026-02-13T18:25:02.205Z debug
.env file not found at "C:\Users\under\OneDrive\Desktop\SITE AKGS\.env.local". Continuing... For more details, refer to https://developers.cloudflare.com/workers/wrangler/system-environment-variables/
---

--- 2026-02-13T18:25:04.927Z log

 ⛅️ wrangler 4.65.0
───────────────────
---

--- 2026-02-13T18:25:04.930Z debug
Metrics dispatcher: Posting data {"deviceId":"672dd324-7ddc-4102-8d1e-2dabcfd6b5db","event":"wrangler command started","timestamp":1771007104930,"properties":{"amplitude_session_id":1771007104927,"amplitude_event_id":0,"wranglerVersion":"4.65.0","wranglerMajorVersion":4,"wranglerMinorVersion":65,"wranglerPatchVersion":0,"osPlatform":"Windows","osVersion":"Windows 11 Pro","nodeVersion":24,"isFirstUsage":false,"configFileType":"none","isCI":false,"isPagesCI":false,"isWorkersCI":false,"isInteractive":false,"hasAssets":false,"agent":null,"argsUsed":["projectName"],"argsCombination":"projectName","sanitizedCommand":"pages deploy","sanitizedArgs":{}}}
---

--- 2026-02-13T18:25:04.951Z debug
-- START CF API REQUEST: GET https://api.cloudflare.com/client/v4/accounts/f139034ef7924a1d387c88f394b535a2/pages/projects/akgsempire
---

--- 2026-02-13T18:25:04.951Z debug
QUERY STRING: omitted; set WRANGLER_LOG_SANITIZE=false to include sanitized data
---

--- 2026-02-13T18:25:04.951Z debug
HEADERS: omitted; set WRANGLER_LOG_SANITIZE=false to include sanitized data
---

--- 2026-02-13T18:25:04.951Z debug
INIT: omitted; set WRANGLER_LOG_SANITIZE=false to include sanitized data
---

--- 2026-02-13T18:25:04.951Z debug
-- END CF API REQUEST
---

--- 2026-02-13T18:25:08.593Z debug
-- START CF API RESPONSE: OK 200
---

--- 2026-02-13T18:25:08.593Z debug
HEADERS: omitted; set WRANGLER_LOG_SANITIZE=false to include sanitized data
---

--- 2026-02-13T18:25:08.593Z debug
RESPONSE: omitted; set WRANGLER_LOG_SANITIZE=false to include sanitized data
---

--- 2026-02-13T18:25:08.593Z debug
-- END CF API RESPONSE
---

--- 2026-02-13T18:25:08.595Z debug
pages deploy: Detecting git repository information...
---

--- 2026-02-13T18:25:08.695Z debug
pages deploy: Git repository detected
---

--- 2026-02-13T18:25:08.903Z debug
pages deploy: Working directory dirty status: true
---

--- 2026-02-13T18:25:09.014Z debug
pages deploy: Detected branch: "main"
---

--- 2026-02-13T18:25:09.116Z debug
pages deploy: Detected commit hash: "ff08f30b75bb832e0160a0caff47e1d23c512542"
---

--- 2026-02-13T18:25:09.199Z debug
pages deploy: Detected commit message: "Move_worker_and_verification_files_to_public"
---

--- 2026-02-13T18:25:09.349Z warn
▲ [WARNING] Warning: Your working directory is a git repo and has uncommitted changes

  To silence this warning, pass in --commit-dirty=true


---

--- 2026-02-13T18:25:09.349Z debug
pages deploy: Git information summary - branch: main, commitHash: ff08f30b75bb832e0160a0caff47e1d23c512542, commitDirty: true
---

--- 2026-02-13T18:25:09.351Z debug
-- START CF API REQUEST: GET https://api.cloudflare.com/client/v4/accounts/f139034ef7924a1d387c88f394b535a2/pages/projects/akgsempire
---

--- 2026-02-13T18:25:09.351Z debug
QUERY STRING: omitted; set WRANGLER_LOG_SANITIZE=false to include sanitized data
---

--- 2026-02-13T18:25:09.351Z debug
HEADERS: omitted; set WRANGLER_LOG_SANITIZE=false to include sanitized data
---

--- 2026-02-13T18:25:09.351Z debug
INIT: omitted; set WRANGLER_LOG_SANITIZE=false to include sanitized data
---

--- 2026-02-13T18:25:09.351Z debug
-- END CF API REQUEST
---

--- 2026-02-13T18:25:10.834Z debug
-- START CF API RESPONSE: OK 200
---

--- 2026-02-13T18:25:10.834Z debug
HEADERS: omitted; set WRANGLER_LOG_SANITIZE=false to include sanitized data
---

--- 2026-02-13T18:25:10.834Z debug
RESPONSE: omitted; set WRANGLER_LOG_SANITIZE=false to include sanitized data
---

--- 2026-02-13T18:25:10.834Z debug
-- END CF API RESPONSE
---

--- 2026-02-13T18:25:10.837Z debug
-- START CF API REQUEST: GET https://api.cloudflare.com/client/v4/accounts/f139034ef7924a1d387c88f394b535a2/pages/projects/akgsempire/upload-token
---

--- 2026-02-13T18:25:10.837Z debug
QUERY STRING: omitted; set WRANGLER_LOG_SANITIZE=false to include sanitized data
---

--- 2026-02-13T18:25:10.837Z debug
HEADERS: omitted; set WRANGLER_LOG_SANITIZE=false to include sanitized data
---

--- 2026-02-13T18:25:10.837Z debug
INIT: omitted; set WRANGLER_LOG_SANITIZE=false to include sanitized data
---

--- 2026-02-13T18:25:10.837Z debug
-- END CF API REQUEST
---

--- 2026-02-13T18:25:11.666Z debug
-- START CF API RESPONSE: OK 200
---

--- 2026-02-13T18:25:11.666Z debug
HEADERS: omitted; set WRANGLER_LOG_SANITIZE=false to include sanitized data
---

--- 2026-02-13T18:25:11.666Z debug
RESPONSE: omitted; set WRANGLER_LOG_SANITIZE=false to include sanitized data
---

--- 2026-02-13T18:25:11.666Z debug
-- END CF API RESPONSE
---

--- 2026-02-13T18:25:11.684Z debug
-- START CF API REQUEST: GET https://api.cloudflare.com/client/v4/accounts/f139034ef7924a1d387c88f394b535a2/pages/projects/akgsempire/upload-token
---

--- 2026-02-13T18:25:11.684Z debug
QUERY STRING: omitted; set WRANGLER_LOG_SANITIZE=false to include sanitized data
---

--- 2026-02-13T18:25:11.684Z debug
HEADERS: omitted; set WRANGLER_LOG_SANITIZE=false to include sanitized data
---

--- 2026-02-13T18:25:11.684Z debug
INIT: omitted; set WRANGLER_LOG_SANITIZE=false to include sanitized data
---

--- 2026-02-13T18:25:11.684Z debug
-- END CF API REQUEST
---

--- 2026-02-13T18:25:12.448Z debug
-- START CF API RESPONSE: OK 200
---

--- 2026-02-13T18:25:12.448Z debug
HEADERS: omitted; set WRANGLER_LOG_SANITIZE=false to include sanitized data
---

--- 2026-02-13T18:25:12.448Z debug
RESPONSE: omitted; set WRANGLER_LOG_SANITIZE=false to include sanitized data
---

--- 2026-02-13T18:25:12.448Z debug
-- END CF API RESPONSE
---

--- 2026-02-13T18:25:12.449Z debug
-- START CF API REQUEST: POST https://api.cloudflare.com/client/v4/pages/assets/check-missing
---

--- 2026-02-13T18:25:12.449Z debug
QUERY STRING: omitted; set WRANGLER_LOG_SANITIZE=false to include sanitized data
---

--- 2026-02-13T18:25:12.449Z debug
HEADERS: omitted; set WRANGLER_LOG_SANITIZE=false to include sanitized data
---

--- 2026-02-13T18:25:12.449Z debug
INIT: omitted; set WRANGLER_LOG_SANITIZE=false to include sanitized data
---

--- 2026-02-13T18:25:12.449Z debug
-- END CF API REQUEST
---

--- 2026-02-13T18:25:12.650Z debug
-- START CF API RESPONSE: OK 200
---

--- 2026-02-13T18:25:12.650Z debug
HEADERS: omitted; set WRANGLER_LOG_SANITIZE=false to include sanitized data
---

--- 2026-02-13T18:25:12.650Z debug
RESPONSE: omitted; set WRANGLER_LOG_SANITIZE=false to include sanitized data
---

--- 2026-02-13T18:25:12.650Z debug
-- END CF API RESPONSE
---

--- 2026-02-13T18:25:12.651Z log
Uploading... (20/20)
---

--- 2026-02-13T18:25:12.651Z log
✨ Success! Uploaded 0 files (20 already uploaded) (0.20 sec)

---

--- 2026-02-13T18:25:12.652Z debug
-- START CF API REQUEST: POST https://api.cloudflare.com/client/v4/pages/assets/upsert-hashes
---

--- 2026-02-13T18:25:12.652Z debug
QUERY STRING: omitted; set WRANGLER_LOG_SANITIZE=false to include sanitized data
---

--- 2026-02-13T18:25:12.652Z debug
HEADERS: omitted; set WRANGLER_LOG_SANITIZE=false to include sanitized data
---

--- 2026-02-13T18:25:12.652Z debug
INIT: omitted; set WRANGLER_LOG_SANITIZE=false to include sanitized data
---

--- 2026-02-13T18:25:12.652Z debug
-- END CF API REQUEST
---

--- 2026-02-13T18:25:12.835Z debug
-- START CF API RESPONSE: OK 200
---

--- 2026-02-13T18:25:12.835Z debug
HEADERS: omitted; set WRANGLER_LOG_SANITIZE=false to include sanitized data
---

--- 2026-02-13T18:25:12.835Z debug
RESPONSE: omitted; set WRANGLER_LOG_SANITIZE=false to include sanitized data
---

--- 2026-02-13T18:25:12.835Z debug
-- END CF API RESPONSE
---

--- 2026-02-13T18:25:12.881Z log
✨ Compiled Worker successfully
---

--- 2026-02-13T18:25:12.885Z log
✨ Uploading Worker bundle
---

--- 2026-02-13T18:25:12.885Z debug
-- START CF API REQUEST: POST https://api.cloudflare.com/client/v4/accounts/f139034ef7924a1d387c88f394b535a2/pages/projects/akgsempire/deployments
---

--- 2026-02-13T18:25:12.885Z debug
QUERY STRING: omitted; set WRANGLER_LOG_SANITIZE=false to include sanitized data
---

--- 2026-02-13T18:25:12.885Z debug
HEADERS: omitted; set WRANGLER_LOG_SANITIZE=false to include sanitized data
---

--- 2026-02-13T18:25:12.885Z debug
INIT: omitted; set WRANGLER_LOG_SANITIZE=false to include sanitized data
---

--- 2026-02-13T18:25:12.886Z debug
BODY: omitted; set WRANGLER_LOG_SANITIZE=false to include sanitized data
---

--- 2026-02-13T18:25:12.886Z debug
-- END CF API REQUEST
---

--- 2026-02-13T18:25:14.744Z debug
-- START CF API RESPONSE: OK 200
---

--- 2026-02-13T18:25:14.744Z debug
HEADERS: omitted; set WRANGLER_LOG_SANITIZE=false to include sanitized data
---

--- 2026-02-13T18:25:14.744Z debug
RESPONSE: omitted; set WRANGLER_LOG_SANITIZE=false to include sanitized data
---

--- 2026-02-13T18:25:14.744Z debug
-- END CF API RESPONSE
---

--- 2026-02-13T18:25:14.744Z debug
Saving to cache: {"account_id":"f139034ef7924a1d387c88f394b535a2","project_name":"akgsempire"}
---

--- 2026-02-13T18:25:14.746Z log
🌎 Deploying...
---

--- 2026-02-13T18:25:15.750Z debug
attempt #1: Attempting to fetch status for deployment with id "02034a58-dd3b-4a32-9a71-aaf8de5cbe8f" ...
---

--- 2026-02-13T18:25:15.750Z debug
-- START CF API REQUEST: GET https://api.cloudflare.com/client/v4/accounts/f139034ef7924a1d387c88f394b535a2/pages/projects/akgsempire/deployments/02034a58-dd3b-4a32-9a71-aaf8de5cbe8f
---

--- 2026-02-13T18:25:15.750Z debug
QUERY STRING: omitted; set WRANGLER_LOG_SANITIZE=false to include sanitized data
---

--- 2026-02-13T18:25:15.750Z debug
HEADERS: omitted; set WRANGLER_LOG_SANITIZE=false to include sanitized data
---

--- 2026-02-13T18:25:15.750Z debug
INIT: omitted; set WRANGLER_LOG_SANITIZE=false to include sanitized data
---

--- 2026-02-13T18:25:15.750Z debug
-- END CF API REQUEST
---

--- 2026-02-13T18:25:16.854Z debug
-- START CF API RESPONSE: OK 200
---

--- 2026-02-13T18:25:16.854Z debug
HEADERS: omitted; set WRANGLER_LOG_SANITIZE=false to include sanitized data
---

--- 2026-02-13T18:25:16.854Z debug
RESPONSE: omitted; set WRANGLER_LOG_SANITIZE=false to include sanitized data
---

--- 2026-02-13T18:25:16.854Z debug
-- END CF API RESPONSE
---

--- 2026-02-13T18:25:18.859Z debug
attempt #2: Attempting to fetch status for deployment with id "02034a58-dd3b-4a32-9a71-aaf8de5cbe8f" ...
---

--- 2026-02-13T18:25:18.859Z debug
-- START CF API REQUEST: GET https://api.cloudflare.com/client/v4/accounts/f139034ef7924a1d387c88f394b535a2/pages/projects/akgsempire/deployments/02034a58-dd3b-4a32-9a71-aaf8de5cbe8f
---

--- 2026-02-13T18:25:18.859Z debug
QUERY STRING: omitted; set WRANGLER_LOG_SANITIZE=false to include sanitized data
---

--- 2026-02-13T18:25:18.859Z debug
HEADERS: omitted; set WRANGLER_LOG_SANITIZE=false to include sanitized data
---

--- 2026-02-13T18:25:18.859Z debug
INIT: omitted; set WRANGLER_LOG_SANITIZE=false to include sanitized data
---

--- 2026-02-13T18:25:18.859Z debug
-- END CF API REQUEST
---

--- 2026-02-13T18:25:19.727Z debug
-- START CF API RESPONSE: OK 200
---

--- 2026-02-13T18:25:19.727Z debug
HEADERS: omitted; set WRANGLER_LOG_SANITIZE=false to include sanitized data
---

--- 2026-02-13T18:25:19.727Z debug
RESPONSE: omitted; set WRANGLER_LOG_SANITIZE=false to include sanitized data
---

--- 2026-02-13T18:25:19.727Z debug
-- END CF API RESPONSE
---

--- 2026-02-13T18:25:19.728Z log
✨ Deployment complete! Take a peek over at https://02034a58.akgsempire.pages.dev
---

--- 2026-02-13T18:25:19.729Z debug
Metrics dispatcher: Posting data {"deviceId":"672dd324-7ddc-4102-8d1e-2dabcfd6b5db","event":"create pages deployment","timestamp":1771007119729,"properties":{"amplitude_session_id":1771007119728,"amplitude_event_id":0,"wranglerVersion":"4.65.0","wranglerMajorVersion":4,"wranglerMinorVersion":65,"wranglerPatchVersion":0,"osPlatform":"Windows","osVersion":"Windows 11 Pro","nodeVersion":24,"isFirstUsage":false,"configFileType":"none","isCI":false,"isPagesCI":false,"isWorkersCI":false,"isInteractive":false,"hasAssets":false,"agent":null,"category":"Workers","os":"win32:x64"}}
---

--- 2026-02-13T18:25:19.731Z debug
Metrics dispatcher: Posting data {"deviceId":"672dd324-7ddc-4102-8d1e-2dabcfd6b5db","event":"wrangler command completed","timestamp":1771007119731,"properties":{"amplitude_session_id":1771007104927,"amplitude_event_id":1,"wranglerVersion":"4.65.0","wranglerMajorVersion":4,"wranglerMinorVersion":65,"wranglerPatchVersion":0,"osPlatform":"Windows","osVersion":"Windows 11 Pro","nodeVersion":24,"isFirstUsage":false,"configFileType":"none","isCI":false,"isPagesCI":false,"isWorkersCI":false,"isInteractive":false,"hasAssets":false,"agent":null,"argsUsed":["projectName"],"argsCombination":"projectName","sanitizedCommand":"pages deploy","sanitizedArgs":{},"durationMs":17520}}
---
