
--- 2026-02-14T01:10:52.996Z debug
🪵  Writing logs to "C:\Users\under\OneDrive\Desktop\SITE AKGS\.config\.wrangler\logs\wrangler-2026-02-14_01-10-52_781.log"
---

--- 2026-02-14T01:10:52.996Z debug
.env file not found at "C:\Users\under\OneDrive\Desktop\SITE AKGS\.env.local". Continuing... For more details, refer to https://developers.cloudflare.com/workers/wrangler/system-environment-variables/
---

--- 2026-02-14T01:10:53.005Z log

 ⛅️ wrangler 4.65.0
───────────────────
---

--- 2026-02-14T01:10:53.008Z debug
Metrics dispatcher: Posting data {"deviceId":"672dd324-7ddc-4102-8d1e-2dabcfd6b5db","event":"wrangler command started","timestamp":1771031453008,"properties":{"amplitude_session_id":1771031453005,"amplitude_event_id":0,"wranglerVersion":"4.65.0","wranglerMajorVersion":4,"wranglerMinorVersion":65,"wranglerPatchVersion":0,"osPlatform":"Windows","osVersion":"Windows 11 Pro","nodeVersion":24,"isFirstUsage":false,"configFileType":"none","isCI":false,"isPagesCI":false,"isWorkersCI":false,"isInteractive":false,"hasAssets":false,"agent":null,"argsUsed":["projectName"],"argsCombination":"projectName","sanitizedCommand":"pages deploy","sanitizedArgs":{}}}
---

--- 2026-02-14T01:10:53.041Z debug
-- START CF API REQUEST: GET https://api.cloudflare.com/client/v4/accounts/f139034ef7924a1d387c88f394b535a2/pages/projects/akgsempire
---

--- 2026-02-14T01:10:53.041Z debug
QUERY STRING: omitted; set WRANGLER_LOG_SANITIZE=false to include sanitized data
---

--- 2026-02-14T01:10:53.042Z debug
HEADERS: omitted; set WRANGLER_LOG_SANITIZE=false to include sanitized data
---

--- 2026-02-14T01:10:53.042Z debug
INIT: omitted; set WRANGLER_LOG_SANITIZE=false to include sanitized data
---

--- 2026-02-14T01:10:53.042Z debug
-- END CF API REQUEST
---

--- 2026-02-14T01:10:53.919Z debug
-- START CF API RESPONSE: OK 200
---

--- 2026-02-14T01:10:53.919Z debug
HEADERS: omitted; set WRANGLER_LOG_SANITIZE=false to include sanitized data
---

--- 2026-02-14T01:10:53.919Z debug
RESPONSE: omitted; set WRANGLER_LOG_SANITIZE=false to include sanitized data
---

--- 2026-02-14T01:10:53.919Z debug
-- END CF API RESPONSE
---

--- 2026-02-14T01:10:53.921Z debug
pages deploy: Detecting git repository information...
---

--- 2026-02-14T01:10:54.045Z debug
pages deploy: Git repository detected
---

--- 2026-02-14T01:10:54.318Z debug
pages deploy: Working directory dirty status: true
---

--- 2026-02-14T01:10:54.446Z debug
pages deploy: Detected branch: "main"
---

--- 2026-02-14T01:10:54.554Z debug
pages deploy: Detected commit hash: "307471bf884432e7090ff021740cff3f19f74878"
---

--- 2026-02-14T01:10:54.640Z debug
pages deploy: Detected commit message: "Fix_OAuth_Redirect_URI_Encoding"
---

--- 2026-02-14T01:10:54.762Z warn
▲ [WARNING] Warning: Your working directory is a git repo and has uncommitted changes

  To silence this warning, pass in --commit-dirty=true


---

--- 2026-02-14T01:10:54.762Z debug
pages deploy: Git information summary - branch: main, commitHash: 307471bf884432e7090ff021740cff3f19f74878, commitDirty: true
---

--- 2026-02-14T01:10:54.764Z debug
-- START CF API REQUEST: GET https://api.cloudflare.com/client/v4/accounts/f139034ef7924a1d387c88f394b535a2/pages/projects/akgsempire
---

--- 2026-02-14T01:10:54.764Z debug
QUERY STRING: omitted; set WRANGLER_LOG_SANITIZE=false to include sanitized data
---

--- 2026-02-14T01:10:54.764Z debug
HEADERS: omitted; set WRANGLER_LOG_SANITIZE=false to include sanitized data
---

--- 2026-02-14T01:10:54.764Z debug
INIT: omitted; set WRANGLER_LOG_SANITIZE=false to include sanitized data
---

--- 2026-02-14T01:10:54.764Z debug
-- END CF API REQUEST
---

--- 2026-02-14T01:10:55.528Z debug
-- START CF API RESPONSE: OK 200
---

--- 2026-02-14T01:10:55.528Z debug
HEADERS: omitted; set WRANGLER_LOG_SANITIZE=false to include sanitized data
---

--- 2026-02-14T01:10:55.528Z debug
RESPONSE: omitted; set WRANGLER_LOG_SANITIZE=false to include sanitized data
---

--- 2026-02-14T01:10:55.528Z debug
-- END CF API RESPONSE
---

--- 2026-02-14T01:10:55.533Z debug
-- START CF API REQUEST: GET https://api.cloudflare.com/client/v4/accounts/f139034ef7924a1d387c88f394b535a2/pages/projects/akgsempire/upload-token
---

--- 2026-02-14T01:10:55.533Z debug
QUERY STRING: omitted; set WRANGLER_LOG_SANITIZE=false to include sanitized data
---

--- 2026-02-14T01:10:55.533Z debug
HEADERS: omitted; set WRANGLER_LOG_SANITIZE=false to include sanitized data
---

--- 2026-02-14T01:10:55.533Z debug
INIT: omitted; set WRANGLER_LOG_SANITIZE=false to include sanitized data
---

--- 2026-02-14T01:10:55.533Z debug
-- END CF API REQUEST
---

--- 2026-02-14T01:10:56.222Z debug
-- START CF API RESPONSE: OK 200
---

--- 2026-02-14T01:10:56.223Z debug
HEADERS: omitted; set WRANGLER_LOG_SANITIZE=false to include sanitized data
---

--- 2026-02-14T01:10:56.223Z debug
RESPONSE: omitted; set WRANGLER_LOG_SANITIZE=false to include sanitized data
---

--- 2026-02-14T01:10:56.223Z debug
-- END CF API RESPONSE
---

--- 2026-02-14T01:10:56.260Z debug
-- START CF API REQUEST: GET https://api.cloudflare.com/client/v4/accounts/f139034ef7924a1d387c88f394b535a2/pages/projects/akgsempire/upload-token
---

--- 2026-02-14T01:10:56.261Z debug
QUERY STRING: omitted; set WRANGLER_LOG_SANITIZE=false to include sanitized data
---

--- 2026-02-14T01:10:56.261Z debug
HEADERS: omitted; set WRANGLER_LOG_SANITIZE=false to include sanitized data
---

--- 2026-02-14T01:10:56.261Z debug
INIT: omitted; set WRANGLER_LOG_SANITIZE=false to include sanitized data
---

--- 2026-02-14T01:10:56.261Z debug
-- END CF API REQUEST
---

--- 2026-02-14T01:10:56.944Z debug
-- START CF API RESPONSE: OK 200
---

--- 2026-02-14T01:10:56.945Z debug
HEADERS: omitted; set WRANGLER_LOG_SANITIZE=false to include sanitized data
---

--- 2026-02-14T01:10:56.945Z debug
RESPONSE: omitted; set WRANGLER_LOG_SANITIZE=false to include sanitized data
---

--- 2026-02-14T01:10:56.945Z debug
-- END CF API RESPONSE
---

--- 2026-02-14T01:10:56.945Z debug
-- START CF API REQUEST: POST https://api.cloudflare.com/client/v4/pages/assets/check-missing
---

--- 2026-02-14T01:10:56.945Z debug
QUERY STRING: omitted; set WRANGLER_LOG_SANITIZE=false to include sanitized data
---

--- 2026-02-14T01:10:56.945Z debug
HEADERS: omitted; set WRANGLER_LOG_SANITIZE=false to include sanitized data
---

--- 2026-02-14T01:10:56.945Z debug
INIT: omitted; set WRANGLER_LOG_SANITIZE=false to include sanitized data
---

--- 2026-02-14T01:10:56.945Z debug
-- END CF API REQUEST
---

--- 2026-02-14T01:10:57.084Z debug
-- START CF API RESPONSE: OK 200
---

--- 2026-02-14T01:10:57.085Z debug
HEADERS: omitted; set WRANGLER_LOG_SANITIZE=false to include sanitized data
---

--- 2026-02-14T01:10:57.085Z debug
RESPONSE: omitted; set WRANGLER_LOG_SANITIZE=false to include sanitized data
---

--- 2026-02-14T01:10:57.085Z debug
-- END CF API RESPONSE
---

--- 2026-02-14T01:10:57.085Z log
Uploading... (13/13)
---

--- 2026-02-14T01:10:57.086Z log
✨ Success! Uploaded 0 files (13 already uploaded) (0.14 sec)

---

--- 2026-02-14T01:10:57.086Z debug
-- START CF API REQUEST: POST https://api.cloudflare.com/client/v4/pages/assets/upsert-hashes
---

--- 2026-02-14T01:10:57.086Z debug
QUERY STRING: omitted; set WRANGLER_LOG_SANITIZE=false to include sanitized data
---

--- 2026-02-14T01:10:57.086Z debug
HEADERS: omitted; set WRANGLER_LOG_SANITIZE=false to include sanitized data
---

--- 2026-02-14T01:10:57.086Z debug
INIT: omitted; set WRANGLER_LOG_SANITIZE=false to include sanitized data
---

--- 2026-02-14T01:10:57.086Z debug
-- END CF API REQUEST
---

--- 2026-02-14T01:10:57.258Z debug
-- START CF API RESPONSE: OK 200
---

--- 2026-02-14T01:10:57.258Z debug
HEADERS: omitted; set WRANGLER_LOG_SANITIZE=false to include sanitized data
---

--- 2026-02-14T01:10:57.258Z debug
RESPONSE: omitted; set WRANGLER_LOG_SANITIZE=false to include sanitized data
---

--- 2026-02-14T01:10:57.258Z debug
-- END CF API RESPONSE
---

--- 2026-02-14T01:10:57.302Z log
✨ Compiled Worker successfully
---

--- 2026-02-14T01:10:57.306Z log
✨ Uploading Worker bundle
---

--- 2026-02-14T01:10:57.306Z debug
-- START CF API REQUEST: POST https://api.cloudflare.com/client/v4/accounts/f139034ef7924a1d387c88f394b535a2/pages/projects/akgsempire/deployments
---

--- 2026-02-14T01:10:57.306Z debug
QUERY STRING: omitted; set WRANGLER_LOG_SANITIZE=false to include sanitized data
---

--- 2026-02-14T01:10:57.306Z debug
HEADERS: omitted; set WRANGLER_LOG_SANITIZE=false to include sanitized data
---

--- 2026-02-14T01:10:57.306Z debug
INIT: omitted; set WRANGLER_LOG_SANITIZE=false to include sanitized data
---

--- 2026-02-14T01:10:57.307Z debug
BODY: omitted; set WRANGLER_LOG_SANITIZE=false to include sanitized data
---

--- 2026-02-14T01:10:57.307Z debug
-- END CF API REQUEST
---

--- 2026-02-14T01:10:59.038Z debug
-- START CF API RESPONSE: OK 200
---

--- 2026-02-14T01:10:59.038Z debug
HEADERS: omitted; set WRANGLER_LOG_SANITIZE=false to include sanitized data
---

--- 2026-02-14T01:10:59.038Z debug
RESPONSE: omitted; set WRANGLER_LOG_SANITIZE=false to include sanitized data
---

--- 2026-02-14T01:10:59.038Z debug
-- END CF API RESPONSE
---

--- 2026-02-14T01:10:59.039Z debug
Saving to cache: {"account_id":"f139034ef7924a1d387c88f394b535a2","project_name":"akgsempire"}
---

--- 2026-02-14T01:10:59.040Z log
🌎 Deploying...
---

--- 2026-02-14T01:11:00.055Z debug
attempt #1: Attempting to fetch status for deployment with id "88429201-dc6e-4197-83c0-8618f560cae2" ...
---

--- 2026-02-14T01:11:00.055Z debug
-- START CF API REQUEST: GET https://api.cloudflare.com/client/v4/accounts/f139034ef7924a1d387c88f394b535a2/pages/projects/akgsempire/deployments/88429201-dc6e-4197-83c0-8618f560cae2
---

--- 2026-02-14T01:11:00.055Z debug
QUERY STRING: omitted; set WRANGLER_LOG_SANITIZE=false to include sanitized data
---

--- 2026-02-14T01:11:00.055Z debug
HEADERS: omitted; set WRANGLER_LOG_SANITIZE=false to include sanitized data
---

--- 2026-02-14T01:11:00.055Z debug
INIT: omitted; set WRANGLER_LOG_SANITIZE=false to include sanitized data
---

--- 2026-02-14T01:11:00.055Z debug
-- END CF API REQUEST
---

--- 2026-02-14T01:11:00.828Z debug
-- START CF API RESPONSE: OK 200
---

--- 2026-02-14T01:11:00.828Z debug
HEADERS: omitted; set WRANGLER_LOG_SANITIZE=false to include sanitized data
---

--- 2026-02-14T01:11:00.828Z debug
RESPONSE: omitted; set WRANGLER_LOG_SANITIZE=false to include sanitized data
---

--- 2026-02-14T01:11:00.828Z debug
-- END CF API RESPONSE
---

--- 2026-02-14T01:11:02.836Z debug
attempt #2: Attempting to fetch status for deployment with id "88429201-dc6e-4197-83c0-8618f560cae2" ...
---

--- 2026-02-14T01:11:02.837Z debug
-- START CF API REQUEST: GET https://api.cloudflare.com/client/v4/accounts/f139034ef7924a1d387c88f394b535a2/pages/projects/akgsempire/deployments/88429201-dc6e-4197-83c0-8618f560cae2
---

--- 2026-02-14T01:11:02.837Z debug
QUERY STRING: omitted; set WRANGLER_LOG_SANITIZE=false to include sanitized data
---

--- 2026-02-14T01:11:02.837Z debug
HEADERS: omitted; set WRANGLER_LOG_SANITIZE=false to include sanitized data
---

--- 2026-02-14T01:11:02.837Z debug
INIT: omitted; set WRANGLER_LOG_SANITIZE=false to include sanitized data
---

--- 2026-02-14T01:11:02.837Z debug
-- END CF API REQUEST
---

--- 2026-02-14T01:11:03.799Z debug
-- START CF API RESPONSE: OK 200
---

--- 2026-02-14T01:11:03.799Z debug
HEADERS: omitted; set WRANGLER_LOG_SANITIZE=false to include sanitized data
---

--- 2026-02-14T01:11:03.799Z debug
RESPONSE: omitted; set WRANGLER_LOG_SANITIZE=false to include sanitized data
---

--- 2026-02-14T01:11:03.799Z debug
-- END CF API RESPONSE
---

--- 2026-02-14T01:11:03.800Z log
✨ Deployment complete! Take a peek over at https://88429201.akgsempire.pages.dev
---

--- 2026-02-14T01:11:03.802Z debug
Metrics dispatcher: Posting data {"deviceId":"672dd324-7ddc-4102-8d1e-2dabcfd6b5db","event":"create pages deployment","timestamp":1771031463802,"properties":{"amplitude_session_id":1771031463800,"amplitude_event_id":0,"wranglerVersion":"4.65.0","wranglerMajorVersion":4,"wranglerMinorVersion":65,"wranglerPatchVersion":0,"osPlatform":"Windows","osVersion":"Windows 11 Pro","nodeVersion":24,"isFirstUsage":false,"configFileType":"none","isCI":false,"isPagesCI":false,"isWorkersCI":false,"isInteractive":false,"hasAssets":false,"agent":null,"category":"Workers","os":"win32:x64"}}
---

--- 2026-02-14T01:11:03.805Z debug
Metrics dispatcher: Posting data {"deviceId":"672dd324-7ddc-4102-8d1e-2dabcfd6b5db","event":"wrangler command completed","timestamp":1771031463805,"properties":{"amplitude_session_id":1771031453005,"amplitude_event_id":1,"wranglerVersion":"4.65.0","wranglerMajorVersion":4,"wranglerMinorVersion":65,"wranglerPatchVersion":0,"osPlatform":"Windows","osVersion":"Windows 11 Pro","nodeVersion":24,"isFirstUsage":false,"configFileType":"none","isCI":false,"isPagesCI":false,"isWorkersCI":false,"isInteractive":false,"hasAssets":false,"agent":null,"argsUsed":["projectName"],"argsCombination":"projectName","sanitizedCommand":"pages deploy","sanitizedArgs":{},"durationMs":10805}}
---
