
--- 2026-02-13T20:00:27.800Z debug
🪵  Writing logs to "C:\Users\under\OneDrive\Desktop\SITE AKGS\.config\.wrangler\logs\wrangler-2026-02-13_20-00-27_605.log"
---

--- 2026-02-13T20:00:27.800Z debug
.env file not found at "C:\Users\under\OneDrive\Desktop\SITE AKGS\.env.local". Continuing... For more details, refer to https://developers.cloudflare.com/workers/wrangler/system-environment-variables/
---

--- 2026-02-13T20:00:27.809Z log

 ⛅️ wrangler 4.65.0
───────────────────
---

--- 2026-02-13T20:00:27.813Z debug
Metrics dispatcher: Posting data {"deviceId":"672dd324-7ddc-4102-8d1e-2dabcfd6b5db","event":"wrangler command started","timestamp":1771012827813,"properties":{"amplitude_session_id":1771012827810,"amplitude_event_id":0,"wranglerVersion":"4.65.0","wranglerMajorVersion":4,"wranglerMinorVersion":65,"wranglerPatchVersion":0,"osPlatform":"Windows","osVersion":"Windows 11 Pro","nodeVersion":24,"isFirstUsage":false,"configFileType":"none","isCI":false,"isPagesCI":false,"isWorkersCI":false,"isInteractive":false,"hasAssets":false,"agent":null,"argsUsed":["projectName"],"argsCombination":"projectName","sanitizedCommand":"pages deploy","sanitizedArgs":{}}}
---

--- 2026-02-13T20:00:27.857Z debug
-- START CF API REQUEST: GET https://api.cloudflare.com/client/v4/accounts/f139034ef7924a1d387c88f394b535a2/pages/projects/akgsempire
---

--- 2026-02-13T20:00:27.857Z debug
QUERY STRING: omitted; set WRANGLER_LOG_SANITIZE=false to include sanitized data
---

--- 2026-02-13T20:00:27.858Z debug
HEADERS: omitted; set WRANGLER_LOG_SANITIZE=false to include sanitized data
---

--- 2026-02-13T20:00:27.858Z debug
INIT: omitted; set WRANGLER_LOG_SANITIZE=false to include sanitized data
---

--- 2026-02-13T20:00:27.858Z debug
-- END CF API REQUEST
---

--- 2026-02-13T20:00:28.909Z debug
-- START CF API RESPONSE: OK 200
---

--- 2026-02-13T20:00:28.910Z debug
HEADERS: omitted; set WRANGLER_LOG_SANITIZE=false to include sanitized data
---

--- 2026-02-13T20:00:28.910Z debug
RESPONSE: omitted; set WRANGLER_LOG_SANITIZE=false to include sanitized data
---

--- 2026-02-13T20:00:28.910Z debug
-- END CF API RESPONSE
---

--- 2026-02-13T20:00:28.912Z debug
pages deploy: Detecting git repository information...
---

--- 2026-02-13T20:00:29.088Z debug
pages deploy: Git repository detected
---

--- 2026-02-13T20:00:29.365Z debug
pages deploy: Working directory dirty status: true
---

--- 2026-02-13T20:00:29.518Z debug
pages deploy: Detected branch: "main"
---

--- 2026-02-13T20:00:29.627Z debug
pages deploy: Detected commit hash: "3cd71cbd009490be9934aa817580ca278730d4ba"
---

--- 2026-02-13T20:00:29.712Z debug
pages deploy: Detected commit message: "Update_Kick_Client_Secret"
---

--- 2026-02-13T20:00:29.837Z warn
▲ [WARNING] Warning: Your working directory is a git repo and has uncommitted changes

  To silence this warning, pass in --commit-dirty=true


---

--- 2026-02-13T20:00:29.838Z debug
pages deploy: Git information summary - branch: main, commitHash: 3cd71cbd009490be9934aa817580ca278730d4ba, commitDirty: true
---

--- 2026-02-13T20:00:29.840Z debug
-- START CF API REQUEST: GET https://api.cloudflare.com/client/v4/accounts/f139034ef7924a1d387c88f394b535a2/pages/projects/akgsempire
---

--- 2026-02-13T20:00:29.840Z debug
QUERY STRING: omitted; set WRANGLER_LOG_SANITIZE=false to include sanitized data
---

--- 2026-02-13T20:00:29.840Z debug
HEADERS: omitted; set WRANGLER_LOG_SANITIZE=false to include sanitized data
---

--- 2026-02-13T20:00:29.840Z debug
INIT: omitted; set WRANGLER_LOG_SANITIZE=false to include sanitized data
---

--- 2026-02-13T20:00:29.840Z debug
-- END CF API REQUEST
---

--- 2026-02-13T20:00:30.664Z debug
-- START CF API RESPONSE: OK 200
---

--- 2026-02-13T20:00:30.664Z debug
HEADERS: omitted; set WRANGLER_LOG_SANITIZE=false to include sanitized data
---

--- 2026-02-13T20:00:30.664Z debug
RESPONSE: omitted; set WRANGLER_LOG_SANITIZE=false to include sanitized data
---

--- 2026-02-13T20:00:30.664Z debug
-- END CF API RESPONSE
---

--- 2026-02-13T20:00:30.670Z debug
-- START CF API REQUEST: GET https://api.cloudflare.com/client/v4/accounts/f139034ef7924a1d387c88f394b535a2/pages/projects/akgsempire/upload-token
---

--- 2026-02-13T20:00:30.670Z debug
QUERY STRING: omitted; set WRANGLER_LOG_SANITIZE=false to include sanitized data
---

--- 2026-02-13T20:00:30.670Z debug
HEADERS: omitted; set WRANGLER_LOG_SANITIZE=false to include sanitized data
---

--- 2026-02-13T20:00:30.670Z debug
INIT: omitted; set WRANGLER_LOG_SANITIZE=false to include sanitized data
---

--- 2026-02-13T20:00:30.670Z debug
-- END CF API REQUEST
---

--- 2026-02-13T20:00:31.415Z debug
-- START CF API RESPONSE: OK 200
---

--- 2026-02-13T20:00:31.416Z debug
HEADERS: omitted; set WRANGLER_LOG_SANITIZE=false to include sanitized data
---

--- 2026-02-13T20:00:31.416Z debug
RESPONSE: omitted; set WRANGLER_LOG_SANITIZE=false to include sanitized data
---

--- 2026-02-13T20:00:31.416Z debug
-- END CF API RESPONSE
---

--- 2026-02-13T20:00:31.456Z debug
-- START CF API REQUEST: GET https://api.cloudflare.com/client/v4/accounts/f139034ef7924a1d387c88f394b535a2/pages/projects/akgsempire/upload-token
---

--- 2026-02-13T20:00:31.456Z debug
QUERY STRING: omitted; set WRANGLER_LOG_SANITIZE=false to include sanitized data
---

--- 2026-02-13T20:00:31.456Z debug
HEADERS: omitted; set WRANGLER_LOG_SANITIZE=false to include sanitized data
---

--- 2026-02-13T20:00:31.456Z debug
INIT: omitted; set WRANGLER_LOG_SANITIZE=false to include sanitized data
---

--- 2026-02-13T20:00:31.456Z debug
-- END CF API REQUEST
---

--- 2026-02-13T20:00:32.112Z debug
-- START CF API RESPONSE: OK 200
---

--- 2026-02-13T20:00:32.112Z debug
HEADERS: omitted; set WRANGLER_LOG_SANITIZE=false to include sanitized data
---

--- 2026-02-13T20:00:32.112Z debug
RESPONSE: omitted; set WRANGLER_LOG_SANITIZE=false to include sanitized data
---

--- 2026-02-13T20:00:32.112Z debug
-- END CF API RESPONSE
---

--- 2026-02-13T20:00:32.113Z debug
-- START CF API REQUEST: POST https://api.cloudflare.com/client/v4/pages/assets/check-missing
---

--- 2026-02-13T20:00:32.113Z debug
QUERY STRING: omitted; set WRANGLER_LOG_SANITIZE=false to include sanitized data
---

--- 2026-02-13T20:00:32.113Z debug
HEADERS: omitted; set WRANGLER_LOG_SANITIZE=false to include sanitized data
---

--- 2026-02-13T20:00:32.113Z debug
INIT: omitted; set WRANGLER_LOG_SANITIZE=false to include sanitized data
---

--- 2026-02-13T20:00:32.113Z debug
-- END CF API REQUEST
---

--- 2026-02-13T20:00:32.306Z debug
-- START CF API RESPONSE: OK 200
---

--- 2026-02-13T20:00:32.307Z debug
HEADERS: omitted; set WRANGLER_LOG_SANITIZE=false to include sanitized data
---

--- 2026-02-13T20:00:32.307Z debug
RESPONSE: omitted; set WRANGLER_LOG_SANITIZE=false to include sanitized data
---

--- 2026-02-13T20:00:32.307Z debug
-- END CF API RESPONSE
---

--- 2026-02-13T20:00:32.307Z log
Uploading... (13/13)
---

--- 2026-02-13T20:00:32.308Z log
✨ Success! Uploaded 0 files (13 already uploaded) (0.20 sec)

---

--- 2026-02-13T20:00:32.308Z debug
-- START CF API REQUEST: POST https://api.cloudflare.com/client/v4/pages/assets/upsert-hashes
---

--- 2026-02-13T20:00:32.308Z debug
QUERY STRING: omitted; set WRANGLER_LOG_SANITIZE=false to include sanitized data
---

--- 2026-02-13T20:00:32.308Z debug
HEADERS: omitted; set WRANGLER_LOG_SANITIZE=false to include sanitized data
---

--- 2026-02-13T20:00:32.308Z debug
INIT: omitted; set WRANGLER_LOG_SANITIZE=false to include sanitized data
---

--- 2026-02-13T20:00:32.308Z debug
-- END CF API REQUEST
---

--- 2026-02-13T20:00:32.521Z debug
-- START CF API RESPONSE: OK 200
---

--- 2026-02-13T20:00:32.522Z debug
HEADERS: omitted; set WRANGLER_LOG_SANITIZE=false to include sanitized data
---

--- 2026-02-13T20:00:32.522Z debug
RESPONSE: omitted; set WRANGLER_LOG_SANITIZE=false to include sanitized data
---

--- 2026-02-13T20:00:32.522Z debug
-- END CF API RESPONSE
---

--- 2026-02-13T20:00:32.573Z log
✨ Compiled Worker successfully
---

--- 2026-02-13T20:00:32.578Z log
✨ Uploading Worker bundle
---

--- 2026-02-13T20:00:32.578Z debug
-- START CF API REQUEST: POST https://api.cloudflare.com/client/v4/accounts/f139034ef7924a1d387c88f394b535a2/pages/projects/akgsempire/deployments
---

--- 2026-02-13T20:00:32.578Z debug
QUERY STRING: omitted; set WRANGLER_LOG_SANITIZE=false to include sanitized data
---

--- 2026-02-13T20:00:32.578Z debug
HEADERS: omitted; set WRANGLER_LOG_SANITIZE=false to include sanitized data
---

--- 2026-02-13T20:00:32.578Z debug
INIT: omitted; set WRANGLER_LOG_SANITIZE=false to include sanitized data
---

--- 2026-02-13T20:00:32.579Z debug
BODY: omitted; set WRANGLER_LOG_SANITIZE=false to include sanitized data
---

--- 2026-02-13T20:00:32.579Z debug
-- END CF API REQUEST
---

--- 2026-02-13T20:00:34.478Z debug
-- START CF API RESPONSE: OK 200
---

--- 2026-02-13T20:00:34.478Z debug
HEADERS: omitted; set WRANGLER_LOG_SANITIZE=false to include sanitized data
---

--- 2026-02-13T20:00:34.478Z debug
RESPONSE: omitted; set WRANGLER_LOG_SANITIZE=false to include sanitized data
---

--- 2026-02-13T20:00:34.478Z debug
-- END CF API RESPONSE
---

--- 2026-02-13T20:00:34.479Z debug
Saving to cache: {"account_id":"f139034ef7924a1d387c88f394b535a2","project_name":"akgsempire"}
---

--- 2026-02-13T20:00:34.480Z log
🌎 Deploying...
---

--- 2026-02-13T20:00:35.481Z debug
attempt #1: Attempting to fetch status for deployment with id "34e0cf6c-3a14-499d-9fc8-aaa96b2b1d40" ...
---

--- 2026-02-13T20:00:35.481Z debug
-- START CF API REQUEST: GET https://api.cloudflare.com/client/v4/accounts/f139034ef7924a1d387c88f394b535a2/pages/projects/akgsempire/deployments/34e0cf6c-3a14-499d-9fc8-aaa96b2b1d40
---

--- 2026-02-13T20:00:35.481Z debug
QUERY STRING: omitted; set WRANGLER_LOG_SANITIZE=false to include sanitized data
---

--- 2026-02-13T20:00:35.481Z debug
HEADERS: omitted; set WRANGLER_LOG_SANITIZE=false to include sanitized data
---

--- 2026-02-13T20:00:35.481Z debug
INIT: omitted; set WRANGLER_LOG_SANITIZE=false to include sanitized data
---

--- 2026-02-13T20:00:35.481Z debug
-- END CF API REQUEST
---

--- 2026-02-13T20:00:36.327Z debug
-- START CF API RESPONSE: OK 200
---

--- 2026-02-13T20:00:36.328Z debug
HEADERS: omitted; set WRANGLER_LOG_SANITIZE=false to include sanitized data
---

--- 2026-02-13T20:00:36.328Z debug
RESPONSE: omitted; set WRANGLER_LOG_SANITIZE=false to include sanitized data
---

--- 2026-02-13T20:00:36.328Z debug
-- END CF API RESPONSE
---

--- 2026-02-13T20:00:38.344Z debug
attempt #2: Attempting to fetch status for deployment with id "34e0cf6c-3a14-499d-9fc8-aaa96b2b1d40" ...
---

--- 2026-02-13T20:00:38.344Z debug
-- START CF API REQUEST: GET https://api.cloudflare.com/client/v4/accounts/f139034ef7924a1d387c88f394b535a2/pages/projects/akgsempire/deployments/34e0cf6c-3a14-499d-9fc8-aaa96b2b1d40
---

--- 2026-02-13T20:00:38.344Z debug
QUERY STRING: omitted; set WRANGLER_LOG_SANITIZE=false to include sanitized data
---

--- 2026-02-13T20:00:38.345Z debug
HEADERS: omitted; set WRANGLER_LOG_SANITIZE=false to include sanitized data
---

--- 2026-02-13T20:00:38.345Z debug
INIT: omitted; set WRANGLER_LOG_SANITIZE=false to include sanitized data
---

--- 2026-02-13T20:00:38.345Z debug
-- END CF API REQUEST
---

--- 2026-02-13T20:00:39.431Z debug
-- START CF API RESPONSE: OK 200
---

--- 2026-02-13T20:00:39.431Z debug
HEADERS: omitted; set WRANGLER_LOG_SANITIZE=false to include sanitized data
---

--- 2026-02-13T20:00:39.431Z debug
RESPONSE: omitted; set WRANGLER_LOG_SANITIZE=false to include sanitized data
---

--- 2026-02-13T20:00:39.431Z debug
-- END CF API RESPONSE
---

--- 2026-02-13T20:00:39.432Z log
✨ Deployment complete! Take a peek over at https://34e0cf6c.akgsempire.pages.dev
---

--- 2026-02-13T20:00:39.434Z debug
Metrics dispatcher: Posting data {"deviceId":"672dd324-7ddc-4102-8d1e-2dabcfd6b5db","event":"create pages deployment","timestamp":1771012839434,"properties":{"amplitude_session_id":1771012839432,"amplitude_event_id":0,"wranglerVersion":"4.65.0","wranglerMajorVersion":4,"wranglerMinorVersion":65,"wranglerPatchVersion":0,"osPlatform":"Windows","osVersion":"Windows 11 Pro","nodeVersion":24,"isFirstUsage":false,"configFileType":"none","isCI":false,"isPagesCI":false,"isWorkersCI":false,"isInteractive":false,"hasAssets":false,"agent":null,"category":"Workers","os":"win32:x64"}}
---

--- 2026-02-13T20:00:39.437Z debug
Metrics dispatcher: Posting data {"deviceId":"672dd324-7ddc-4102-8d1e-2dabcfd6b5db","event":"wrangler command completed","timestamp":1771012839437,"properties":{"amplitude_session_id":1771012827810,"amplitude_event_id":1,"wranglerVersion":"4.65.0","wranglerMajorVersion":4,"wranglerMinorVersion":65,"wranglerPatchVersion":0,"osPlatform":"Windows","osVersion":"Windows 11 Pro","nodeVersion":24,"isFirstUsage":false,"configFileType":"none","isCI":false,"isPagesCI":false,"isWorkersCI":false,"isInteractive":false,"hasAssets":false,"agent":null,"argsUsed":["projectName"],"argsCombination":"projectName","sanitizedCommand":"pages deploy","sanitizedArgs":{},"durationMs":11633}}
---
