
--- 2026-02-13T13:13:39.174Z debug
🪵  Writing logs to "C:\Users\under\OneDrive\Desktop\SITE AKGS\.config\.wrangler\logs\wrangler-2026-02-13_13-13-39_000.log"
---

--- 2026-02-13T13:13:39.174Z debug
.env file not found at "C:\Users\under\OneDrive\Desktop\SITE AKGS\.env.local". Continuing... For more details, refer to https://developers.cloudflare.com/workers/wrangler/system-environment-variables/
---

--- 2026-02-13T13:13:39.185Z log

 ⛅️ wrangler 4.65.0
───────────────────
---

--- 2026-02-13T13:13:39.190Z debug
Metrics dispatcher: Posting data {"deviceId":"672dd324-7ddc-4102-8d1e-2dabcfd6b5db","event":"wrangler command started","timestamp":1770988419190,"properties":{"amplitude_session_id":1770988419187,"amplitude_event_id":0,"wranglerVersion":"4.65.0","wranglerMajorVersion":4,"wranglerMinorVersion":65,"wranglerPatchVersion":0,"osPlatform":"Windows","osVersion":"Windows 11 Pro","nodeVersion":24,"isFirstUsage":false,"configFileType":"none","isCI":false,"isPagesCI":false,"isWorkersCI":false,"isInteractive":false,"hasAssets":false,"agent":null,"argsUsed":["projectName"],"argsCombination":"projectName","sanitizedCommand":"pages deploy","sanitizedArgs":{}}}
---

--- 2026-02-13T13:13:39.232Z debug
-- START CF API REQUEST: GET https://api.cloudflare.com/client/v4/accounts/f139034ef7924a1d387c88f394b535a2/pages/projects/akgsempire
---

--- 2026-02-13T13:13:39.232Z debug
QUERY STRING: omitted; set WRANGLER_LOG_SANITIZE=false to include sanitized data
---

--- 2026-02-13T13:13:39.232Z debug
HEADERS: omitted; set WRANGLER_LOG_SANITIZE=false to include sanitized data
---

--- 2026-02-13T13:13:39.232Z debug
INIT: omitted; set WRANGLER_LOG_SANITIZE=false to include sanitized data
---

--- 2026-02-13T13:13:39.232Z debug
-- END CF API REQUEST
---

--- 2026-02-13T13:13:41.000Z debug
-- START CF API RESPONSE: OK 200
---

--- 2026-02-13T13:13:41.000Z debug
HEADERS: omitted; set WRANGLER_LOG_SANITIZE=false to include sanitized data
---

--- 2026-02-13T13:13:41.000Z debug
RESPONSE: omitted; set WRANGLER_LOG_SANITIZE=false to include sanitized data
---

--- 2026-02-13T13:13:41.000Z debug
-- END CF API RESPONSE
---

--- 2026-02-13T13:13:41.002Z debug
pages deploy: Detecting git repository information...
---

--- 2026-02-13T13:13:41.109Z debug
pages deploy: Git repository detected
---

--- 2026-02-13T13:13:41.322Z debug
pages deploy: Working directory dirty status: true
---

--- 2026-02-13T13:13:41.454Z debug
pages deploy: Detected branch: "main"
---

--- 2026-02-13T13:13:41.560Z debug
pages deploy: Detected commit hash: "0d46a04ccc67ba01ceae5c1009b40f0216cd5b4c"
---

--- 2026-02-13T13:13:41.683Z debug
pages deploy: Detected commit message: "update"
---

--- 2026-02-13T13:13:41.806Z warn
▲ [WARNING] Warning: Your working directory is a git repo and has uncommitted changes

  To silence this warning, pass in --commit-dirty=true


---

--- 2026-02-13T13:13:41.806Z debug
pages deploy: Git information summary - branch: main, commitHash: 0d46a04ccc67ba01ceae5c1009b40f0216cd5b4c, commitDirty: true
---

--- 2026-02-13T13:13:41.808Z debug
-- START CF API REQUEST: GET https://api.cloudflare.com/client/v4/accounts/f139034ef7924a1d387c88f394b535a2/pages/projects/akgsempire
---

--- 2026-02-13T13:13:41.808Z debug
QUERY STRING: omitted; set WRANGLER_LOG_SANITIZE=false to include sanitized data
---

--- 2026-02-13T13:13:41.808Z debug
HEADERS: omitted; set WRANGLER_LOG_SANITIZE=false to include sanitized data
---

--- 2026-02-13T13:13:41.808Z debug
INIT: omitted; set WRANGLER_LOG_SANITIZE=false to include sanitized data
---

--- 2026-02-13T13:13:41.808Z debug
-- END CF API REQUEST
---

--- 2026-02-13T13:13:42.987Z debug
-- START CF API RESPONSE: OK 200
---

--- 2026-02-13T13:13:42.987Z debug
HEADERS: omitted; set WRANGLER_LOG_SANITIZE=false to include sanitized data
---

--- 2026-02-13T13:13:42.987Z debug
RESPONSE: omitted; set WRANGLER_LOG_SANITIZE=false to include sanitized data
---

--- 2026-02-13T13:13:42.987Z debug
-- END CF API RESPONSE
---

--- 2026-02-13T13:13:43.062Z log
✨ Compiled Worker successfully
---

--- 2026-02-13T13:13:43.069Z debug
-- START CF API REQUEST: GET https://api.cloudflare.com/client/v4/accounts/f139034ef7924a1d387c88f394b535a2/pages/projects/akgsempire/upload-token
---

--- 2026-02-13T13:13:43.069Z debug
QUERY STRING: omitted; set WRANGLER_LOG_SANITIZE=false to include sanitized data
---

--- 2026-02-13T13:13:43.069Z debug
HEADERS: omitted; set WRANGLER_LOG_SANITIZE=false to include sanitized data
---

--- 2026-02-13T13:13:43.069Z debug
INIT: omitted; set WRANGLER_LOG_SANITIZE=false to include sanitized data
---

--- 2026-02-13T13:13:43.069Z debug
-- END CF API REQUEST
---

--- 2026-02-13T13:13:43.870Z debug
-- START CF API RESPONSE: OK 200
---

--- 2026-02-13T13:13:43.870Z debug
HEADERS: omitted; set WRANGLER_LOG_SANITIZE=false to include sanitized data
---

--- 2026-02-13T13:13:43.870Z debug
RESPONSE: omitted; set WRANGLER_LOG_SANITIZE=false to include sanitized data
---

--- 2026-02-13T13:13:43.870Z debug
-- END CF API RESPONSE
---

--- 2026-02-13T13:13:43.889Z debug
-- START CF API REQUEST: GET https://api.cloudflare.com/client/v4/accounts/f139034ef7924a1d387c88f394b535a2/pages/projects/akgsempire/upload-token
---

--- 2026-02-13T13:13:43.889Z debug
QUERY STRING: omitted; set WRANGLER_LOG_SANITIZE=false to include sanitized data
---

--- 2026-02-13T13:13:43.889Z debug
HEADERS: omitted; set WRANGLER_LOG_SANITIZE=false to include sanitized data
---

--- 2026-02-13T13:13:43.889Z debug
INIT: omitted; set WRANGLER_LOG_SANITIZE=false to include sanitized data
---

--- 2026-02-13T13:13:43.889Z debug
-- END CF API REQUEST
---

--- 2026-02-13T13:13:44.829Z debug
-- START CF API RESPONSE: OK 200
---

--- 2026-02-13T13:13:44.829Z debug
HEADERS: omitted; set WRANGLER_LOG_SANITIZE=false to include sanitized data
---

--- 2026-02-13T13:13:44.829Z debug
RESPONSE: omitted; set WRANGLER_LOG_SANITIZE=false to include sanitized data
---

--- 2026-02-13T13:13:44.829Z debug
-- END CF API RESPONSE
---

--- 2026-02-13T13:13:44.830Z debug
-- START CF API REQUEST: POST https://api.cloudflare.com/client/v4/pages/assets/check-missing
---

--- 2026-02-13T13:13:44.830Z debug
QUERY STRING: omitted; set WRANGLER_LOG_SANITIZE=false to include sanitized data
---

--- 2026-02-13T13:13:44.830Z debug
HEADERS: omitted; set WRANGLER_LOG_SANITIZE=false to include sanitized data
---

--- 2026-02-13T13:13:44.830Z debug
INIT: omitted; set WRANGLER_LOG_SANITIZE=false to include sanitized data
---

--- 2026-02-13T13:13:44.830Z debug
-- END CF API REQUEST
---

--- 2026-02-13T13:13:45.056Z debug
-- START CF API RESPONSE: OK 200
---

--- 2026-02-13T13:13:45.056Z debug
HEADERS: omitted; set WRANGLER_LOG_SANITIZE=false to include sanitized data
---

--- 2026-02-13T13:13:45.056Z debug
RESPONSE: omitted; set WRANGLER_LOG_SANITIZE=false to include sanitized data
---

--- 2026-02-13T13:13:45.056Z debug
-- END CF API RESPONSE
---

--- 2026-02-13T13:13:45.057Z log
Uploading... (19/19)
---

--- 2026-02-13T13:13:45.057Z log
✨ Success! Uploaded 0 files (19 already uploaded) (0.23 sec)

---

--- 2026-02-13T13:13:45.058Z debug
-- START CF API REQUEST: POST https://api.cloudflare.com/client/v4/pages/assets/upsert-hashes
---

--- 2026-02-13T13:13:45.058Z debug
QUERY STRING: omitted; set WRANGLER_LOG_SANITIZE=false to include sanitized data
---

--- 2026-02-13T13:13:45.058Z debug
HEADERS: omitted; set WRANGLER_LOG_SANITIZE=false to include sanitized data
---

--- 2026-02-13T13:13:45.058Z debug
INIT: omitted; set WRANGLER_LOG_SANITIZE=false to include sanitized data
---

--- 2026-02-13T13:13:45.058Z debug
-- END CF API REQUEST
---

--- 2026-02-13T13:13:45.237Z debug
-- START CF API RESPONSE: OK 200
---

--- 2026-02-13T13:13:45.237Z debug
HEADERS: omitted; set WRANGLER_LOG_SANITIZE=false to include sanitized data
---

--- 2026-02-13T13:13:45.237Z debug
RESPONSE: omitted; set WRANGLER_LOG_SANITIZE=false to include sanitized data
---

--- 2026-02-13T13:13:45.237Z debug
-- END CF API RESPONSE
---

--- 2026-02-13T13:13:45.243Z log
✨ Uploading Functions bundle
---

--- 2026-02-13T13:13:45.244Z debug
-- START CF API REQUEST: POST https://api.cloudflare.com/client/v4/accounts/f139034ef7924a1d387c88f394b535a2/pages/projects/akgsempire/deployments
---

--- 2026-02-13T13:13:45.244Z debug
QUERY STRING: omitted; set WRANGLER_LOG_SANITIZE=false to include sanitized data
---

--- 2026-02-13T13:13:45.244Z debug
HEADERS: omitted; set WRANGLER_LOG_SANITIZE=false to include sanitized data
---

--- 2026-02-13T13:13:45.244Z debug
INIT: omitted; set WRANGLER_LOG_SANITIZE=false to include sanitized data
---

--- 2026-02-13T13:13:45.245Z debug
BODY: omitted; set WRANGLER_LOG_SANITIZE=false to include sanitized data
---

--- 2026-02-13T13:13:45.245Z debug
-- END CF API REQUEST
---

--- 2026-02-13T13:13:46.955Z debug
-- START CF API RESPONSE: OK 200
---

--- 2026-02-13T13:13:46.955Z debug
HEADERS: omitted; set WRANGLER_LOG_SANITIZE=false to include sanitized data
---

--- 2026-02-13T13:13:46.955Z debug
RESPONSE: omitted; set WRANGLER_LOG_SANITIZE=false to include sanitized data
---

--- 2026-02-13T13:13:46.955Z debug
-- END CF API RESPONSE
---

--- 2026-02-13T13:13:46.956Z debug
Saving to cache: {"account_id":"f139034ef7924a1d387c88f394b535a2","project_name":"akgsempire"}
---

--- 2026-02-13T13:13:46.957Z log
🌎 Deploying...
---

--- 2026-02-13T13:13:47.973Z debug
attempt #1: Attempting to fetch status for deployment with id "11565349-6c9e-4776-8b3c-bf9270f73f0e" ...
---

--- 2026-02-13T13:13:47.973Z debug
-- START CF API REQUEST: GET https://api.cloudflare.com/client/v4/accounts/f139034ef7924a1d387c88f394b535a2/pages/projects/akgsempire/deployments/11565349-6c9e-4776-8b3c-bf9270f73f0e
---

--- 2026-02-13T13:13:47.973Z debug
QUERY STRING: omitted; set WRANGLER_LOG_SANITIZE=false to include sanitized data
---

--- 2026-02-13T13:13:47.973Z debug
HEADERS: omitted; set WRANGLER_LOG_SANITIZE=false to include sanitized data
---

--- 2026-02-13T13:13:47.973Z debug
INIT: omitted; set WRANGLER_LOG_SANITIZE=false to include sanitized data
---

--- 2026-02-13T13:13:47.973Z debug
-- END CF API REQUEST
---

--- 2026-02-13T13:13:48.863Z debug
-- START CF API RESPONSE: OK 200
---

--- 2026-02-13T13:13:48.863Z debug
HEADERS: omitted; set WRANGLER_LOG_SANITIZE=false to include sanitized data
---

--- 2026-02-13T13:13:48.863Z debug
RESPONSE: omitted; set WRANGLER_LOG_SANITIZE=false to include sanitized data
---

--- 2026-02-13T13:13:48.863Z debug
-- END CF API RESPONSE
---

--- 2026-02-13T13:13:50.869Z debug
attempt #2: Attempting to fetch status for deployment with id "11565349-6c9e-4776-8b3c-bf9270f73f0e" ...
---

--- 2026-02-13T13:13:50.869Z debug
-- START CF API REQUEST: GET https://api.cloudflare.com/client/v4/accounts/f139034ef7924a1d387c88f394b535a2/pages/projects/akgsempire/deployments/11565349-6c9e-4776-8b3c-bf9270f73f0e
---

--- 2026-02-13T13:13:50.869Z debug
QUERY STRING: omitted; set WRANGLER_LOG_SANITIZE=false to include sanitized data
---

--- 2026-02-13T13:13:50.869Z debug
HEADERS: omitted; set WRANGLER_LOG_SANITIZE=false to include sanitized data
---

--- 2026-02-13T13:13:50.869Z debug
INIT: omitted; set WRANGLER_LOG_SANITIZE=false to include sanitized data
---

--- 2026-02-13T13:13:50.869Z debug
-- END CF API REQUEST
---

--- 2026-02-13T13:13:51.763Z debug
-- START CF API RESPONSE: OK 200
---

--- 2026-02-13T13:13:51.763Z debug
HEADERS: omitted; set WRANGLER_LOG_SANITIZE=false to include sanitized data
---

--- 2026-02-13T13:13:51.763Z debug
RESPONSE: omitted; set WRANGLER_LOG_SANITIZE=false to include sanitized data
---

--- 2026-02-13T13:13:51.763Z debug
-- END CF API RESPONSE
---

--- 2026-02-13T13:13:51.763Z log
✨ Deployment complete! Take a peek over at https://11565349.akgsempire.pages.dev
---

--- 2026-02-13T13:13:51.765Z debug
Metrics dispatcher: Posting data {"deviceId":"672dd324-7ddc-4102-8d1e-2dabcfd6b5db","event":"create pages deployment","timestamp":1770988431765,"properties":{"amplitude_session_id":1770988431764,"amplitude_event_id":0,"wranglerVersion":"4.65.0","wranglerMajorVersion":4,"wranglerMinorVersion":65,"wranglerPatchVersion":0,"osPlatform":"Windows","osVersion":"Windows 11 Pro","nodeVersion":24,"isFirstUsage":false,"configFileType":"none","isCI":false,"isPagesCI":false,"isWorkersCI":false,"isInteractive":false,"hasAssets":false,"agent":null,"category":"Workers","os":"win32:x64"}}
---

--- 2026-02-13T13:13:51.768Z debug
Metrics dispatcher: Posting data {"deviceId":"672dd324-7ddc-4102-8d1e-2dabcfd6b5db","event":"wrangler command completed","timestamp":1770988431768,"properties":{"amplitude_session_id":1770988419187,"amplitude_event_id":1,"wranglerVersion":"4.65.0","wranglerMajorVersion":4,"wranglerMinorVersion":65,"wranglerPatchVersion":0,"osPlatform":"Windows","osVersion":"Windows 11 Pro","nodeVersion":24,"isFirstUsage":false,"configFileType":"none","isCI":false,"isPagesCI":false,"isWorkersCI":false,"isInteractive":false,"hasAssets":false,"agent":null,"argsUsed":["projectName"],"argsCombination":"projectName","sanitizedCommand":"pages deploy","sanitizedArgs":{},"durationMs":12588}}
---
