
--- 2026-02-13T13:22:30.024Z debug
🪵  Writing logs to "C:\Users\under\OneDrive\Desktop\SITE AKGS\.config\.wrangler\logs\wrangler-2026-02-13_13-22-29_857.log"
---

--- 2026-02-13T13:22:30.024Z debug
.env file not found at "C:\Users\under\OneDrive\Desktop\SITE AKGS\.env.local". Continuing... For more details, refer to https://developers.cloudflare.com/workers/wrangler/system-environment-variables/
---

--- 2026-02-13T13:22:30.035Z log

 ⛅️ wrangler 4.65.0
───────────────────
---

--- 2026-02-13T13:22:30.039Z debug
Metrics dispatcher: Posting data {"deviceId":"672dd324-7ddc-4102-8d1e-2dabcfd6b5db","event":"wrangler command started","timestamp":1770988950039,"properties":{"amplitude_session_id":1770988950036,"amplitude_event_id":0,"wranglerVersion":"4.65.0","wranglerMajorVersion":4,"wranglerMinorVersion":65,"wranglerPatchVersion":0,"osPlatform":"Windows","osVersion":"Windows 11 Pro","nodeVersion":24,"isFirstUsage":false,"configFileType":"none","isCI":false,"isPagesCI":false,"isWorkersCI":false,"isInteractive":false,"hasAssets":false,"agent":null,"argsUsed":["projectName"],"argsCombination":"projectName","sanitizedCommand":"pages deploy","sanitizedArgs":{}}}
---

--- 2026-02-13T13:22:30.074Z debug
-- START CF API REQUEST: GET https://api.cloudflare.com/client/v4/accounts/f139034ef7924a1d387c88f394b535a2/pages/projects/akgsempire
---

--- 2026-02-13T13:22:30.074Z debug
QUERY STRING: omitted; set WRANGLER_LOG_SANITIZE=false to include sanitized data
---

--- 2026-02-13T13:22:30.074Z debug
HEADERS: omitted; set WRANGLER_LOG_SANITIZE=false to include sanitized data
---

--- 2026-02-13T13:22:30.074Z debug
INIT: omitted; set WRANGLER_LOG_SANITIZE=false to include sanitized data
---

--- 2026-02-13T13:22:30.074Z debug
-- END CF API REQUEST
---

--- 2026-02-13T13:22:30.991Z debug
-- START CF API RESPONSE: OK 200
---

--- 2026-02-13T13:22:30.992Z debug
HEADERS: omitted; set WRANGLER_LOG_SANITIZE=false to include sanitized data
---

--- 2026-02-13T13:22:30.992Z debug
RESPONSE: omitted; set WRANGLER_LOG_SANITIZE=false to include sanitized data
---

--- 2026-02-13T13:22:30.992Z debug
-- END CF API RESPONSE
---

--- 2026-02-13T13:22:30.994Z debug
pages deploy: Detecting git repository information...
---

--- 2026-02-13T13:22:31.100Z debug
pages deploy: Git repository detected
---

--- 2026-02-13T13:22:31.331Z debug
pages deploy: Working directory dirty status: true
---

--- 2026-02-13T13:22:31.469Z debug
pages deploy: Detected branch: "main"
---

--- 2026-02-13T13:22:31.593Z debug
pages deploy: Detected commit hash: "0d46a04ccc67ba01ceae5c1009b40f0216cd5b4c"
---

--- 2026-02-13T13:22:31.705Z debug
pages deploy: Detected commit message: "update"
---

--- 2026-02-13T13:22:31.807Z warn
▲ [WARNING] Warning: Your working directory is a git repo and has uncommitted changes

  To silence this warning, pass in --commit-dirty=true


---

--- 2026-02-13T13:22:31.808Z debug
pages deploy: Git information summary - branch: main, commitHash: 0d46a04ccc67ba01ceae5c1009b40f0216cd5b4c, commitDirty: true
---

--- 2026-02-13T13:22:31.809Z debug
-- START CF API REQUEST: GET https://api.cloudflare.com/client/v4/accounts/f139034ef7924a1d387c88f394b535a2/pages/projects/akgsempire
---

--- 2026-02-13T13:22:31.809Z debug
QUERY STRING: omitted; set WRANGLER_LOG_SANITIZE=false to include sanitized data
---

--- 2026-02-13T13:22:31.809Z debug
HEADERS: omitted; set WRANGLER_LOG_SANITIZE=false to include sanitized data
---

--- 2026-02-13T13:22:31.809Z debug
INIT: omitted; set WRANGLER_LOG_SANITIZE=false to include sanitized data
---

--- 2026-02-13T13:22:31.809Z debug
-- END CF API REQUEST
---

--- 2026-02-13T13:22:32.754Z debug
-- START CF API RESPONSE: OK 200
---

--- 2026-02-13T13:22:32.754Z debug
HEADERS: omitted; set WRANGLER_LOG_SANITIZE=false to include sanitized data
---

--- 2026-02-13T13:22:32.754Z debug
RESPONSE: omitted; set WRANGLER_LOG_SANITIZE=false to include sanitized data
---

--- 2026-02-13T13:22:32.754Z debug
-- END CF API RESPONSE
---

--- 2026-02-13T13:22:32.817Z log
✨ Compiled Worker successfully
---

--- 2026-02-13T13:22:32.825Z debug
-- START CF API REQUEST: GET https://api.cloudflare.com/client/v4/accounts/f139034ef7924a1d387c88f394b535a2/pages/projects/akgsempire/upload-token
---

--- 2026-02-13T13:22:32.825Z debug
QUERY STRING: omitted; set WRANGLER_LOG_SANITIZE=false to include sanitized data
---

--- 2026-02-13T13:22:32.825Z debug
HEADERS: omitted; set WRANGLER_LOG_SANITIZE=false to include sanitized data
---

--- 2026-02-13T13:22:32.825Z debug
INIT: omitted; set WRANGLER_LOG_SANITIZE=false to include sanitized data
---

--- 2026-02-13T13:22:32.825Z debug
-- END CF API REQUEST
---

--- 2026-02-13T13:22:33.768Z debug
-- START CF API RESPONSE: OK 200
---

--- 2026-02-13T13:22:33.768Z debug
HEADERS: omitted; set WRANGLER_LOG_SANITIZE=false to include sanitized data
---

--- 2026-02-13T13:22:33.768Z debug
RESPONSE: omitted; set WRANGLER_LOG_SANITIZE=false to include sanitized data
---

--- 2026-02-13T13:22:33.768Z debug
-- END CF API RESPONSE
---

--- 2026-02-13T13:22:33.784Z debug
-- START CF API REQUEST: GET https://api.cloudflare.com/client/v4/accounts/f139034ef7924a1d387c88f394b535a2/pages/projects/akgsempire/upload-token
---

--- 2026-02-13T13:22:33.784Z debug
QUERY STRING: omitted; set WRANGLER_LOG_SANITIZE=false to include sanitized data
---

--- 2026-02-13T13:22:33.784Z debug
HEADERS: omitted; set WRANGLER_LOG_SANITIZE=false to include sanitized data
---

--- 2026-02-13T13:22:33.784Z debug
INIT: omitted; set WRANGLER_LOG_SANITIZE=false to include sanitized data
---

--- 2026-02-13T13:22:33.784Z debug
-- END CF API REQUEST
---

--- 2026-02-13T13:22:34.528Z debug
-- START CF API RESPONSE: OK 200
---

--- 2026-02-13T13:22:34.528Z debug
HEADERS: omitted; set WRANGLER_LOG_SANITIZE=false to include sanitized data
---

--- 2026-02-13T13:22:34.528Z debug
RESPONSE: omitted; set WRANGLER_LOG_SANITIZE=false to include sanitized data
---

--- 2026-02-13T13:22:34.528Z debug
-- END CF API RESPONSE
---

--- 2026-02-13T13:22:34.528Z debug
-- START CF API REQUEST: POST https://api.cloudflare.com/client/v4/pages/assets/check-missing
---

--- 2026-02-13T13:22:34.528Z debug
QUERY STRING: omitted; set WRANGLER_LOG_SANITIZE=false to include sanitized data
---

--- 2026-02-13T13:22:34.528Z debug
HEADERS: omitted; set WRANGLER_LOG_SANITIZE=false to include sanitized data
---

--- 2026-02-13T13:22:34.528Z debug
INIT: omitted; set WRANGLER_LOG_SANITIZE=false to include sanitized data
---

--- 2026-02-13T13:22:34.528Z debug
-- END CF API REQUEST
---

--- 2026-02-13T13:22:34.760Z debug
-- START CF API RESPONSE: OK 200
---

--- 2026-02-13T13:22:34.760Z debug
HEADERS: omitted; set WRANGLER_LOG_SANITIZE=false to include sanitized data
---

--- 2026-02-13T13:22:34.760Z debug
RESPONSE: omitted; set WRANGLER_LOG_SANITIZE=false to include sanitized data
---

--- 2026-02-13T13:22:34.760Z debug
-- END CF API RESPONSE
---

--- 2026-02-13T13:22:34.761Z log
Uploading... (17/17)
---

--- 2026-02-13T13:22:34.761Z log
✨ Success! Uploaded 0 files (17 already uploaded) (0.23 sec)

---

--- 2026-02-13T13:22:34.761Z debug
-- START CF API REQUEST: POST https://api.cloudflare.com/client/v4/pages/assets/upsert-hashes
---

--- 2026-02-13T13:22:34.761Z debug
QUERY STRING: omitted; set WRANGLER_LOG_SANITIZE=false to include sanitized data
---

--- 2026-02-13T13:22:34.761Z debug
HEADERS: omitted; set WRANGLER_LOG_SANITIZE=false to include sanitized data
---

--- 2026-02-13T13:22:34.761Z debug
INIT: omitted; set WRANGLER_LOG_SANITIZE=false to include sanitized data
---

--- 2026-02-13T13:22:34.761Z debug
-- END CF API REQUEST
---

--- 2026-02-13T13:22:34.960Z debug
-- START CF API RESPONSE: OK 200
---

--- 2026-02-13T13:22:34.960Z debug
HEADERS: omitted; set WRANGLER_LOG_SANITIZE=false to include sanitized data
---

--- 2026-02-13T13:22:34.960Z debug
RESPONSE: omitted; set WRANGLER_LOG_SANITIZE=false to include sanitized data
---

--- 2026-02-13T13:22:34.960Z debug
-- END CF API RESPONSE
---

--- 2026-02-13T13:22:34.963Z log
✨ Uploading Functions bundle
---

--- 2026-02-13T13:22:34.964Z debug
-- START CF API REQUEST: POST https://api.cloudflare.com/client/v4/accounts/f139034ef7924a1d387c88f394b535a2/pages/projects/akgsempire/deployments
---

--- 2026-02-13T13:22:34.964Z debug
QUERY STRING: omitted; set WRANGLER_LOG_SANITIZE=false to include sanitized data
---

--- 2026-02-13T13:22:34.964Z debug
HEADERS: omitted; set WRANGLER_LOG_SANITIZE=false to include sanitized data
---

--- 2026-02-13T13:22:34.964Z debug
INIT: omitted; set WRANGLER_LOG_SANITIZE=false to include sanitized data
---

--- 2026-02-13T13:22:34.965Z debug
BODY: omitted; set WRANGLER_LOG_SANITIZE=false to include sanitized data
---

--- 2026-02-13T13:22:34.965Z debug
-- END CF API REQUEST
---

--- 2026-02-13T13:22:36.745Z debug
-- START CF API RESPONSE: OK 200
---

--- 2026-02-13T13:22:36.745Z debug
HEADERS: omitted; set WRANGLER_LOG_SANITIZE=false to include sanitized data
---

--- 2026-02-13T13:22:36.745Z debug
RESPONSE: omitted; set WRANGLER_LOG_SANITIZE=false to include sanitized data
---

--- 2026-02-13T13:22:36.745Z debug
-- END CF API RESPONSE
---

--- 2026-02-13T13:22:36.745Z debug
Saving to cache: {"account_id":"f139034ef7924a1d387c88f394b535a2","project_name":"akgsempire"}
---

--- 2026-02-13T13:22:36.747Z log
🌎 Deploying...
---

--- 2026-02-13T13:22:37.749Z debug
attempt #1: Attempting to fetch status for deployment with id "317e4df7-e90e-48f6-8db6-56f9a5c04115" ...
---

--- 2026-02-13T13:22:37.750Z debug
-- START CF API REQUEST: GET https://api.cloudflare.com/client/v4/accounts/f139034ef7924a1d387c88f394b535a2/pages/projects/akgsempire/deployments/317e4df7-e90e-48f6-8db6-56f9a5c04115
---

--- 2026-02-13T13:22:37.750Z debug
QUERY STRING: omitted; set WRANGLER_LOG_SANITIZE=false to include sanitized data
---

--- 2026-02-13T13:22:37.750Z debug
HEADERS: omitted; set WRANGLER_LOG_SANITIZE=false to include sanitized data
---

--- 2026-02-13T13:22:37.750Z debug
INIT: omitted; set WRANGLER_LOG_SANITIZE=false to include sanitized data
---

--- 2026-02-13T13:22:37.750Z debug
-- END CF API REQUEST
---

--- 2026-02-13T13:22:38.585Z debug
-- START CF API RESPONSE: OK 200
---

--- 2026-02-13T13:22:38.585Z debug
HEADERS: omitted; set WRANGLER_LOG_SANITIZE=false to include sanitized data
---

--- 2026-02-13T13:22:38.585Z debug
RESPONSE: omitted; set WRANGLER_LOG_SANITIZE=false to include sanitized data
---

--- 2026-02-13T13:22:38.585Z debug
-- END CF API RESPONSE
---

--- 2026-02-13T13:22:40.590Z debug
attempt #2: Attempting to fetch status for deployment with id "317e4df7-e90e-48f6-8db6-56f9a5c04115" ...
---

--- 2026-02-13T13:22:40.590Z debug
-- START CF API REQUEST: GET https://api.cloudflare.com/client/v4/accounts/f139034ef7924a1d387c88f394b535a2/pages/projects/akgsempire/deployments/317e4df7-e90e-48f6-8db6-56f9a5c04115
---

--- 2026-02-13T13:22:40.590Z debug
QUERY STRING: omitted; set WRANGLER_LOG_SANITIZE=false to include sanitized data
---

--- 2026-02-13T13:22:40.590Z debug
HEADERS: omitted; set WRANGLER_LOG_SANITIZE=false to include sanitized data
---

--- 2026-02-13T13:22:40.590Z debug
INIT: omitted; set WRANGLER_LOG_SANITIZE=false to include sanitized data
---

--- 2026-02-13T13:22:40.590Z debug
-- END CF API REQUEST
---

--- 2026-02-13T13:22:41.495Z debug
-- START CF API RESPONSE: OK 200
---

--- 2026-02-13T13:22:41.495Z debug
HEADERS: omitted; set WRANGLER_LOG_SANITIZE=false to include sanitized data
---

--- 2026-02-13T13:22:41.495Z debug
RESPONSE: omitted; set WRANGLER_LOG_SANITIZE=false to include sanitized data
---

--- 2026-02-13T13:22:41.495Z debug
-- END CF API RESPONSE
---

--- 2026-02-13T13:22:41.496Z log
✨ Deployment complete! Take a peek over at https://317e4df7.akgsempire.pages.dev
---

--- 2026-02-13T13:22:41.497Z debug
Metrics dispatcher: Posting data {"deviceId":"672dd324-7ddc-4102-8d1e-2dabcfd6b5db","event":"create pages deployment","timestamp":1770988961497,"properties":{"amplitude_session_id":1770988961496,"amplitude_event_id":0,"wranglerVersion":"4.65.0","wranglerMajorVersion":4,"wranglerMinorVersion":65,"wranglerPatchVersion":0,"osPlatform":"Windows","osVersion":"Windows 11 Pro","nodeVersion":24,"isFirstUsage":false,"configFileType":"none","isCI":false,"isPagesCI":false,"isWorkersCI":false,"isInteractive":false,"hasAssets":false,"agent":null,"category":"Workers","os":"win32:x64"}}
---

--- 2026-02-13T13:22:41.499Z debug
Metrics dispatcher: Posting data {"deviceId":"672dd324-7ddc-4102-8d1e-2dabcfd6b5db","event":"wrangler command completed","timestamp":1770988961499,"properties":{"amplitude_session_id":1770988950036,"amplitude_event_id":1,"wranglerVersion":"4.65.0","wranglerMajorVersion":4,"wranglerMinorVersion":65,"wranglerPatchVersion":0,"osPlatform":"Windows","osVersion":"Windows 11 Pro","nodeVersion":24,"isFirstUsage":false,"configFileType":"none","isCI":false,"isPagesCI":false,"isWorkersCI":false,"isInteractive":false,"hasAssets":false,"agent":null,"argsUsed":["projectName"],"argsCombination":"projectName","sanitizedCommand":"pages deploy","sanitizedArgs":{},"durationMs":11469}}
---
