
--- 2026-02-13T20:48:07.494Z debug
🪵  Writing logs to "C:\Users\under\OneDrive\Desktop\SITE AKGS\.config\.wrangler\logs\wrangler-2026-02-13_20-48-07_293.log"
---

--- 2026-02-13T20:48:07.494Z debug
.env file not found at "C:\Users\under\OneDrive\Desktop\SITE AKGS\.env.local". Continuing... For more details, refer to https://developers.cloudflare.com/workers/wrangler/system-environment-variables/
---

--- 2026-02-13T20:48:07.504Z log

 ⛅️ wrangler 4.65.0
───────────────────
---

--- 2026-02-13T20:48:07.510Z debug
Metrics dispatcher: Posting data {"deviceId":"672dd324-7ddc-4102-8d1e-2dabcfd6b5db","event":"wrangler command started","timestamp":1771015687510,"properties":{"amplitude_session_id":1771015687505,"amplitude_event_id":0,"wranglerVersion":"4.65.0","wranglerMajorVersion":4,"wranglerMinorVersion":65,"wranglerPatchVersion":0,"osPlatform":"Windows","osVersion":"Windows 11 Pro","nodeVersion":24,"isFirstUsage":false,"configFileType":"none","isCI":false,"isPagesCI":false,"isWorkersCI":false,"isInteractive":false,"hasAssets":false,"agent":null,"argsUsed":["projectName"],"argsCombination":"projectName","sanitizedCommand":"pages deploy","sanitizedArgs":{}}}
---

--- 2026-02-13T20:48:07.552Z debug
-- START CF API REQUEST: GET https://api.cloudflare.com/client/v4/accounts/f139034ef7924a1d387c88f394b535a2/pages/projects/akgsempire
---

--- 2026-02-13T20:48:07.552Z debug
QUERY STRING: omitted; set WRANGLER_LOG_SANITIZE=false to include sanitized data
---

--- 2026-02-13T20:48:07.552Z debug
HEADERS: omitted; set WRANGLER_LOG_SANITIZE=false to include sanitized data
---

--- 2026-02-13T20:48:07.552Z debug
INIT: omitted; set WRANGLER_LOG_SANITIZE=false to include sanitized data
---

--- 2026-02-13T20:48:07.552Z debug
-- END CF API REQUEST
---

--- 2026-02-13T20:48:08.566Z debug
-- START CF API RESPONSE: OK 200
---

--- 2026-02-13T20:48:08.566Z debug
HEADERS: omitted; set WRANGLER_LOG_SANITIZE=false to include sanitized data
---

--- 2026-02-13T20:48:08.566Z debug
RESPONSE: omitted; set WRANGLER_LOG_SANITIZE=false to include sanitized data
---

--- 2026-02-13T20:48:08.566Z debug
-- END CF API RESPONSE
---

--- 2026-02-13T20:48:08.569Z debug
pages deploy: Detecting git repository information...
---

--- 2026-02-13T20:48:08.710Z debug
pages deploy: Git repository detected
---

--- 2026-02-13T20:48:09.038Z debug
pages deploy: Working directory dirty status: true
---

--- 2026-02-13T20:48:09.205Z debug
pages deploy: Detected branch: "main"
---

--- 2026-02-13T20:48:09.336Z debug
pages deploy: Detected commit hash: "e9f900cfb3e6133201292a28bdbc07d41a0727e3"
---

--- 2026-02-13T20:48:09.433Z debug
pages deploy: Detected commit message: "Update_Kick_OAuth_NextJS_workaround"
---

--- 2026-02-13T20:48:09.574Z warn
▲ [WARNING] Warning: Your working directory is a git repo and has uncommitted changes

  To silence this warning, pass in --commit-dirty=true


---

--- 2026-02-13T20:48:09.575Z debug
pages deploy: Git information summary - branch: main, commitHash: e9f900cfb3e6133201292a28bdbc07d41a0727e3, commitDirty: true
---

--- 2026-02-13T20:48:09.577Z debug
-- START CF API REQUEST: GET https://api.cloudflare.com/client/v4/accounts/f139034ef7924a1d387c88f394b535a2/pages/projects/akgsempire
---

--- 2026-02-13T20:48:09.578Z debug
QUERY STRING: omitted; set WRANGLER_LOG_SANITIZE=false to include sanitized data
---

--- 2026-02-13T20:48:09.578Z debug
HEADERS: omitted; set WRANGLER_LOG_SANITIZE=false to include sanitized data
---

--- 2026-02-13T20:48:09.578Z debug
INIT: omitted; set WRANGLER_LOG_SANITIZE=false to include sanitized data
---

--- 2026-02-13T20:48:09.578Z debug
-- END CF API REQUEST
---

--- 2026-02-13T20:48:10.651Z debug
-- START CF API RESPONSE: OK 200
---

--- 2026-02-13T20:48:10.651Z debug
HEADERS: omitted; set WRANGLER_LOG_SANITIZE=false to include sanitized data
---

--- 2026-02-13T20:48:10.651Z debug
RESPONSE: omitted; set WRANGLER_LOG_SANITIZE=false to include sanitized data
---

--- 2026-02-13T20:48:10.651Z debug
-- END CF API RESPONSE
---

--- 2026-02-13T20:48:10.656Z debug
-- START CF API REQUEST: GET https://api.cloudflare.com/client/v4/accounts/f139034ef7924a1d387c88f394b535a2/pages/projects/akgsempire/upload-token
---

--- 2026-02-13T20:48:10.656Z debug
QUERY STRING: omitted; set WRANGLER_LOG_SANITIZE=false to include sanitized data
---

--- 2026-02-13T20:48:10.656Z debug
HEADERS: omitted; set WRANGLER_LOG_SANITIZE=false to include sanitized data
---

--- 2026-02-13T20:48:10.656Z debug
INIT: omitted; set WRANGLER_LOG_SANITIZE=false to include sanitized data
---

--- 2026-02-13T20:48:10.656Z debug
-- END CF API REQUEST
---

--- 2026-02-13T20:48:11.295Z debug
-- START CF API RESPONSE: OK 200
---

--- 2026-02-13T20:48:11.295Z debug
HEADERS: omitted; set WRANGLER_LOG_SANITIZE=false to include sanitized data
---

--- 2026-02-13T20:48:11.295Z debug
RESPONSE: omitted; set WRANGLER_LOG_SANITIZE=false to include sanitized data
---

--- 2026-02-13T20:48:11.295Z debug
-- END CF API RESPONSE
---

--- 2026-02-13T20:48:11.333Z debug
-- START CF API REQUEST: GET https://api.cloudflare.com/client/v4/accounts/f139034ef7924a1d387c88f394b535a2/pages/projects/akgsempire/upload-token
---

--- 2026-02-13T20:48:11.333Z debug
QUERY STRING: omitted; set WRANGLER_LOG_SANITIZE=false to include sanitized data
---

--- 2026-02-13T20:48:11.333Z debug
HEADERS: omitted; set WRANGLER_LOG_SANITIZE=false to include sanitized data
---

--- 2026-02-13T20:48:11.333Z debug
INIT: omitted; set WRANGLER_LOG_SANITIZE=false to include sanitized data
---

--- 2026-02-13T20:48:11.333Z debug
-- END CF API REQUEST
---

--- 2026-02-13T20:48:12.019Z debug
-- START CF API RESPONSE: OK 200
---

--- 2026-02-13T20:48:12.020Z debug
HEADERS: omitted; set WRANGLER_LOG_SANITIZE=false to include sanitized data
---

--- 2026-02-13T20:48:12.020Z debug
RESPONSE: omitted; set WRANGLER_LOG_SANITIZE=false to include sanitized data
---

--- 2026-02-13T20:48:12.020Z debug
-- END CF API RESPONSE
---

--- 2026-02-13T20:48:12.020Z debug
-- START CF API REQUEST: POST https://api.cloudflare.com/client/v4/pages/assets/check-missing
---

--- 2026-02-13T20:48:12.020Z debug
QUERY STRING: omitted; set WRANGLER_LOG_SANITIZE=false to include sanitized data
---

--- 2026-02-13T20:48:12.020Z debug
HEADERS: omitted; set WRANGLER_LOG_SANITIZE=false to include sanitized data
---

--- 2026-02-13T20:48:12.020Z debug
INIT: omitted; set WRANGLER_LOG_SANITIZE=false to include sanitized data
---

--- 2026-02-13T20:48:12.020Z debug
-- END CF API REQUEST
---

--- 2026-02-13T20:48:12.192Z debug
-- START CF API RESPONSE: OK 200
---

--- 2026-02-13T20:48:12.192Z debug
HEADERS: omitted; set WRANGLER_LOG_SANITIZE=false to include sanitized data
---

--- 2026-02-13T20:48:12.192Z debug
RESPONSE: omitted; set WRANGLER_LOG_SANITIZE=false to include sanitized data
---

--- 2026-02-13T20:48:12.192Z debug
-- END CF API RESPONSE
---

--- 2026-02-13T20:48:12.192Z log
Uploading... (13/13)
---

--- 2026-02-13T20:48:12.193Z log
✨ Success! Uploaded 0 files (13 already uploaded) (0.17 sec)

---

--- 2026-02-13T20:48:12.194Z debug
-- START CF API REQUEST: POST https://api.cloudflare.com/client/v4/pages/assets/upsert-hashes
---

--- 2026-02-13T20:48:12.194Z debug
QUERY STRING: omitted; set WRANGLER_LOG_SANITIZE=false to include sanitized data
---

--- 2026-02-13T20:48:12.194Z debug
HEADERS: omitted; set WRANGLER_LOG_SANITIZE=false to include sanitized data
---

--- 2026-02-13T20:48:12.194Z debug
INIT: omitted; set WRANGLER_LOG_SANITIZE=false to include sanitized data
---

--- 2026-02-13T20:48:12.194Z debug
-- END CF API REQUEST
---

--- 2026-02-13T20:48:12.367Z debug
-- START CF API RESPONSE: OK 200
---

--- 2026-02-13T20:48:12.367Z debug
HEADERS: omitted; set WRANGLER_LOG_SANITIZE=false to include sanitized data
---

--- 2026-02-13T20:48:12.367Z debug
RESPONSE: omitted; set WRANGLER_LOG_SANITIZE=false to include sanitized data
---

--- 2026-02-13T20:48:12.367Z debug
-- END CF API RESPONSE
---

--- 2026-02-13T20:48:12.422Z log
✨ Compiled Worker successfully
---

--- 2026-02-13T20:48:12.427Z log
✨ Uploading Worker bundle
---

--- 2026-02-13T20:48:12.428Z debug
-- START CF API REQUEST: POST https://api.cloudflare.com/client/v4/accounts/f139034ef7924a1d387c88f394b535a2/pages/projects/akgsempire/deployments
---

--- 2026-02-13T20:48:12.428Z debug
QUERY STRING: omitted; set WRANGLER_LOG_SANITIZE=false to include sanitized data
---

--- 2026-02-13T20:48:12.428Z debug
HEADERS: omitted; set WRANGLER_LOG_SANITIZE=false to include sanitized data
---

--- 2026-02-13T20:48:12.428Z debug
INIT: omitted; set WRANGLER_LOG_SANITIZE=false to include sanitized data
---

--- 2026-02-13T20:48:12.429Z debug
BODY: omitted; set WRANGLER_LOG_SANITIZE=false to include sanitized data
---

--- 2026-02-13T20:48:12.429Z debug
-- END CF API REQUEST
---

--- 2026-02-13T20:48:13.966Z debug
-- START CF API RESPONSE: OK 200
---

--- 2026-02-13T20:48:13.966Z debug
HEADERS: omitted; set WRANGLER_LOG_SANITIZE=false to include sanitized data
---

--- 2026-02-13T20:48:13.966Z debug
RESPONSE: omitted; set WRANGLER_LOG_SANITIZE=false to include sanitized data
---

--- 2026-02-13T20:48:13.966Z debug
-- END CF API RESPONSE
---

--- 2026-02-13T20:48:13.967Z debug
Saving to cache: {"account_id":"f139034ef7924a1d387c88f394b535a2","project_name":"akgsempire"}
---

--- 2026-02-13T20:48:13.969Z log
🌎 Deploying...
---

--- 2026-02-13T20:48:14.975Z debug
attempt #1: Attempting to fetch status for deployment with id "5e84940c-a20a-4dbd-bfbc-6697f9cdd29d" ...
---

--- 2026-02-13T20:48:14.975Z debug
-- START CF API REQUEST: GET https://api.cloudflare.com/client/v4/accounts/f139034ef7924a1d387c88f394b535a2/pages/projects/akgsempire/deployments/5e84940c-a20a-4dbd-bfbc-6697f9cdd29d
---

--- 2026-02-13T20:48:14.975Z debug
QUERY STRING: omitted; set WRANGLER_LOG_SANITIZE=false to include sanitized data
---

--- 2026-02-13T20:48:14.975Z debug
HEADERS: omitted; set WRANGLER_LOG_SANITIZE=false to include sanitized data
---

--- 2026-02-13T20:48:14.975Z debug
INIT: omitted; set WRANGLER_LOG_SANITIZE=false to include sanitized data
---

--- 2026-02-13T20:48:14.975Z debug
-- END CF API REQUEST
---

--- 2026-02-13T20:48:15.769Z debug
-- START CF API RESPONSE: OK 200
---

--- 2026-02-13T20:48:15.769Z debug
HEADERS: omitted; set WRANGLER_LOG_SANITIZE=false to include sanitized data
---

--- 2026-02-13T20:48:15.769Z debug
RESPONSE: omitted; set WRANGLER_LOG_SANITIZE=false to include sanitized data
---

--- 2026-02-13T20:48:15.769Z debug
-- END CF API RESPONSE
---

--- 2026-02-13T20:48:17.776Z debug
attempt #2: Attempting to fetch status for deployment with id "5e84940c-a20a-4dbd-bfbc-6697f9cdd29d" ...
---

--- 2026-02-13T20:48:17.777Z debug
-- START CF API REQUEST: GET https://api.cloudflare.com/client/v4/accounts/f139034ef7924a1d387c88f394b535a2/pages/projects/akgsempire/deployments/5e84940c-a20a-4dbd-bfbc-6697f9cdd29d
---

--- 2026-02-13T20:48:17.777Z debug
QUERY STRING: omitted; set WRANGLER_LOG_SANITIZE=false to include sanitized data
---

--- 2026-02-13T20:48:17.777Z debug
HEADERS: omitted; set WRANGLER_LOG_SANITIZE=false to include sanitized data
---

--- 2026-02-13T20:48:17.777Z debug
INIT: omitted; set WRANGLER_LOG_SANITIZE=false to include sanitized data
---

--- 2026-02-13T20:48:17.777Z debug
-- END CF API REQUEST
---

--- 2026-02-13T20:48:18.634Z debug
-- START CF API RESPONSE: OK 200
---

--- 2026-02-13T20:48:18.634Z debug
HEADERS: omitted; set WRANGLER_LOG_SANITIZE=false to include sanitized data
---

--- 2026-02-13T20:48:18.634Z debug
RESPONSE: omitted; set WRANGLER_LOG_SANITIZE=false to include sanitized data
---

--- 2026-02-13T20:48:18.634Z debug
-- END CF API RESPONSE
---

--- 2026-02-13T20:48:18.635Z log
✨ Deployment complete! Take a peek over at https://5e84940c.akgsempire.pages.dev
---

--- 2026-02-13T20:48:18.637Z debug
Metrics dispatcher: Posting data {"deviceId":"672dd324-7ddc-4102-8d1e-2dabcfd6b5db","event":"create pages deployment","timestamp":1771015698637,"properties":{"amplitude_session_id":1771015698635,"amplitude_event_id":0,"wranglerVersion":"4.65.0","wranglerMajorVersion":4,"wranglerMinorVersion":65,"wranglerPatchVersion":0,"osPlatform":"Windows","osVersion":"Windows 11 Pro","nodeVersion":24,"isFirstUsage":false,"configFileType":"none","isCI":false,"isPagesCI":false,"isWorkersCI":false,"isInteractive":false,"hasAssets":false,"agent":null,"category":"Workers","os":"win32:x64"}}
---

--- 2026-02-13T20:48:18.640Z debug
Metrics dispatcher: Posting data {"deviceId":"672dd324-7ddc-4102-8d1e-2dabcfd6b5db","event":"wrangler command completed","timestamp":1771015698640,"properties":{"amplitude_session_id":1771015687505,"amplitude_event_id":1,"wranglerVersion":"4.65.0","wranglerMajorVersion":4,"wranglerMinorVersion":65,"wranglerPatchVersion":0,"osPlatform":"Windows","osVersion":"Windows 11 Pro","nodeVersion":24,"isFirstUsage":false,"configFileType":"none","isCI":false,"isPagesCI":false,"isWorkersCI":false,"isInteractive":false,"hasAssets":false,"agent":null,"argsUsed":["projectName"],"argsCombination":"projectName","sanitizedCommand":"pages deploy","sanitizedArgs":{},"durationMs":11139}}
---
