
--- 2026-02-13T11:13:09.229Z debug
🪵  Writing logs to "C:\Users\under\OneDrive\Desktop\SITE AKGS\.config\.wrangler\logs\wrangler-2026-02-13_11-13-09_062.log"
---

--- 2026-02-13T11:13:09.229Z debug
.env file not found at "C:\Users\under\OneDrive\Desktop\SITE AKGS\.env.local". Continuing... For more details, refer to https://developers.cloudflare.com/workers/wrangler/system-environment-variables/
---

--- 2026-02-13T11:13:09.239Z log

 ⛅️ wrangler 4.65.0
───────────────────
---

--- 2026-02-13T11:13:09.242Z debug
Metrics dispatcher: Posting data {"deviceId":"672dd324-7ddc-4102-8d1e-2dabcfd6b5db","event":"wrangler command started","timestamp":1770981189242,"properties":{"amplitude_session_id":1770981189240,"amplitude_event_id":0,"wranglerVersion":"4.65.0","wranglerMajorVersion":4,"wranglerMinorVersion":65,"wranglerPatchVersion":0,"osPlatform":"Windows","osVersion":"Windows 11 Pro","nodeVersion":24,"isFirstUsage":false,"configFileType":"none","isCI":false,"isPagesCI":false,"isWorkersCI":false,"isInteractive":false,"hasAssets":false,"agent":null,"argsUsed":["projectName"],"argsCombination":"projectName","sanitizedCommand":"pages deploy","sanitizedArgs":{}}}
---

--- 2026-02-13T11:13:09.274Z debug
Saving to cache: {"account":{"id":"f139034ef7924a1d387c88f394b535a2","name":""}}
---

--- 2026-02-13T11:13:09.276Z debug
-- START CF API REQUEST: GET https://api.cloudflare.com/client/v4/accounts/f139034ef7924a1d387c88f394b535a2/pages/projects/akgsempire
---

--- 2026-02-13T11:13:09.276Z debug
QUERY STRING: omitted; set WRANGLER_LOG_SANITIZE=false to include sanitized data
---

--- 2026-02-13T11:13:09.277Z debug
HEADERS: omitted; set WRANGLER_LOG_SANITIZE=false to include sanitized data
---

--- 2026-02-13T11:13:09.277Z debug
INIT: omitted; set WRANGLER_LOG_SANITIZE=false to include sanitized data
---

--- 2026-02-13T11:13:09.277Z debug
-- END CF API REQUEST
---

--- 2026-02-13T11:13:10.101Z debug
-- START CF API RESPONSE: Not Found 404
---

--- 2026-02-13T11:13:10.101Z debug
HEADERS: omitted; set WRANGLER_LOG_SANITIZE=false to include sanitized data
---

--- 2026-02-13T11:13:10.101Z debug
RESPONSE: omitted; set WRANGLER_LOG_SANITIZE=false to include sanitized data
---

--- 2026-02-13T11:13:10.101Z debug
-- END CF API RESPONSE
---

--- 2026-02-13T11:13:10.103Z debug
pages deploy: Detecting git repository information...
---

--- 2026-02-13T11:13:10.215Z debug
pages deploy: Git repository detected
---

--- 2026-02-13T11:13:10.348Z debug
pages deploy: Working directory dirty status: true
---

--- 2026-02-13T11:13:10.458Z debug
pages deploy: Detected branch: "main"
---

--- 2026-02-13T11:13:10.561Z debug
pages deploy: Detected commit hash: "514fce743fa46154235967a4134657a10a44365c"
---

--- 2026-02-13T11:13:10.639Z debug
pages deploy: Detected commit message: "Revert ComingSoon.jsx to simple social links"
---

--- 2026-02-13T11:13:10.737Z warn
▲ [WARNING] Warning: Your working directory is a git repo and has uncommitted changes

  To silence this warning, pass in --commit-dirty=true


---

--- 2026-02-13T11:13:10.738Z debug
pages deploy: Git information summary - branch: main, commitHash: 514fce743fa46154235967a4134657a10a44365c, commitDirty: true
---

--- 2026-02-13T11:13:10.739Z debug
-- START CF API REQUEST: GET https://api.cloudflare.com/client/v4/accounts/f139034ef7924a1d387c88f394b535a2/pages/projects/akgsempire
---

--- 2026-02-13T11:13:10.739Z debug
QUERY STRING: omitted; set WRANGLER_LOG_SANITIZE=false to include sanitized data
---

--- 2026-02-13T11:13:10.739Z debug
HEADERS: omitted; set WRANGLER_LOG_SANITIZE=false to include sanitized data
---

--- 2026-02-13T11:13:10.739Z debug
INIT: omitted; set WRANGLER_LOG_SANITIZE=false to include sanitized data
---

--- 2026-02-13T11:13:10.739Z debug
-- END CF API REQUEST
---

--- 2026-02-13T11:13:11.448Z debug
-- START CF API RESPONSE: Not Found 404
---

--- 2026-02-13T11:13:11.448Z debug
HEADERS: omitted; set WRANGLER_LOG_SANITIZE=false to include sanitized data
---

--- 2026-02-13T11:13:11.448Z debug
RESPONSE: omitted; set WRANGLER_LOG_SANITIZE=false to include sanitized data
---

--- 2026-02-13T11:13:11.448Z debug
-- END CF API RESPONSE
---

--- 2026-02-13T11:13:11.449Z debug
Metrics dispatcher: Posting data {"deviceId":"672dd324-7ddc-4102-8d1e-2dabcfd6b5db","event":"wrangler command errored","timestamp":1770981191449,"properties":{"amplitude_session_id":1770981189240,"amplitude_event_id":1,"wranglerVersion":"4.65.0","wranglerMajorVersion":4,"wranglerMinorVersion":65,"wranglerPatchVersion":0,"osPlatform":"Windows","osVersion":"Windows 11 Pro","nodeVersion":24,"isFirstUsage":false,"configFileType":"none","isCI":false,"isPagesCI":false,"isWorkersCI":false,"isInteractive":false,"hasAssets":false,"agent":null,"argsUsed":["projectName"],"argsCombination":"projectName","sanitizedCommand":"pages deploy","sanitizedArgs":{},"durationMs":2214,"errorType":"APIError"}}
---

--- 2026-02-13T11:13:11.450Z log

---

--- 2026-02-13T11:13:11.451Z error
X [ERROR] A request to the Cloudflare API (/accounts/f139034ef7924a1d387c88f394b535a2/pages/projects/akgsempire) failed.

  Project not found. The specified project name does not match any of your existing projects. [code: 8000007]
  
  If you think this is a bug, please open an issue at: https://github.com/cloudflare/workers-sdk/issues/new/choose


---
