
--- 2026-02-13T18:39:31.279Z debug
🪵  Writing logs to "C:\Users\under\OneDrive\Desktop\SITE AKGS\.config\.wrangler\logs\wrangler-2026-02-13_18-39-31_091.log"
---

--- 2026-02-13T18:39:31.279Z debug
.env file not found at "C:\Users\under\OneDrive\Desktop\SITE AKGS\.env.local". Continuing... For more details, refer to https://developers.cloudflare.com/workers/wrangler/system-environment-variables/
---

--- 2026-02-13T18:39:31.289Z log

 ⛅️ wrangler 4.65.0
───────────────────
---

--- 2026-02-13T18:39:31.292Z debug
Metrics dispatcher: Posting data {"deviceId":"672dd324-7ddc-4102-8d1e-2dabcfd6b5db","event":"wrangler command started","timestamp":1771007971292,"properties":{"amplitude_session_id":1771007971290,"amplitude_event_id":0,"wranglerVersion":"4.65.0","wranglerMajorVersion":4,"wranglerMinorVersion":65,"wranglerPatchVersion":0,"osPlatform":"Windows","osVersion":"Windows 11 Pro","nodeVersion":24,"isFirstUsage":false,"configFileType":"none","isCI":false,"isPagesCI":false,"isWorkersCI":false,"isInteractive":false,"hasAssets":false,"agent":null,"argsUsed":["projectName"],"argsCombination":"projectName","sanitizedCommand":"pages deploy","sanitizedArgs":{}}}
---

--- 2026-02-13T18:39:31.329Z debug
-- START CF API REQUEST: GET https://api.cloudflare.com/client/v4/accounts/f139034ef7924a1d387c88f394b535a2/pages/projects/akgsempire
---

--- 2026-02-13T18:39:31.329Z debug
QUERY STRING: omitted; set WRANGLER_LOG_SANITIZE=false to include sanitized data
---

--- 2026-02-13T18:39:31.329Z debug
HEADERS: omitted; set WRANGLER_LOG_SANITIZE=false to include sanitized data
---

--- 2026-02-13T18:39:31.329Z debug
INIT: omitted; set WRANGLER_LOG_SANITIZE=false to include sanitized data
---

--- 2026-02-13T18:39:31.329Z debug
-- END CF API REQUEST
---

--- 2026-02-13T18:39:32.245Z debug
-- START CF API RESPONSE: OK 200
---

--- 2026-02-13T18:39:32.245Z debug
HEADERS: omitted; set WRANGLER_LOG_SANITIZE=false to include sanitized data
---

--- 2026-02-13T18:39:32.245Z debug
RESPONSE: omitted; set WRANGLER_LOG_SANITIZE=false to include sanitized data
---

--- 2026-02-13T18:39:32.245Z debug
-- END CF API RESPONSE
---

--- 2026-02-13T18:39:32.247Z debug
pages deploy: Detecting git repository information...
---

--- 2026-02-13T18:39:32.369Z debug
pages deploy: Git repository detected
---

--- 2026-02-13T18:39:32.597Z debug
pages deploy: Working directory dirty status: true
---

--- 2026-02-13T18:39:32.716Z debug
pages deploy: Detected branch: "main"
---

--- 2026-02-13T18:39:32.827Z debug
pages deploy: Detected commit hash: "4b658d972917c93faaea70f0a5be286556374102"
---

--- 2026-02-13T18:39:32.908Z debug
pages deploy: Detected commit message: "Add_Kick_Social_API"
---

--- 2026-02-13T18:39:32.987Z warn
▲ [WARNING] Warning: Your working directory is a git repo and has uncommitted changes

  To silence this warning, pass in --commit-dirty=true


---

--- 2026-02-13T18:39:32.987Z debug
pages deploy: Git information summary - branch: main, commitHash: 4b658d972917c93faaea70f0a5be286556374102, commitDirty: true
---

--- 2026-02-13T18:39:32.988Z debug
-- START CF API REQUEST: GET https://api.cloudflare.com/client/v4/accounts/f139034ef7924a1d387c88f394b535a2/pages/projects/akgsempire
---

--- 2026-02-13T18:39:32.988Z debug
QUERY STRING: omitted; set WRANGLER_LOG_SANITIZE=false to include sanitized data
---

--- 2026-02-13T18:39:32.989Z debug
HEADERS: omitted; set WRANGLER_LOG_SANITIZE=false to include sanitized data
---

--- 2026-02-13T18:39:32.989Z debug
INIT: omitted; set WRANGLER_LOG_SANITIZE=false to include sanitized data
---

--- 2026-02-13T18:39:32.989Z debug
-- END CF API REQUEST
---

--- 2026-02-13T18:39:33.999Z debug
-- START CF API RESPONSE: OK 200
---

--- 2026-02-13T18:39:33.999Z debug
HEADERS: omitted; set WRANGLER_LOG_SANITIZE=false to include sanitized data
---

--- 2026-02-13T18:39:33.999Z debug
RESPONSE: omitted; set WRANGLER_LOG_SANITIZE=false to include sanitized data
---

--- 2026-02-13T18:39:33.999Z debug
-- END CF API RESPONSE
---

--- 2026-02-13T18:39:34.003Z debug
-- START CF API REQUEST: GET https://api.cloudflare.com/client/v4/accounts/f139034ef7924a1d387c88f394b535a2/pages/projects/akgsempire/upload-token
---

--- 2026-02-13T18:39:34.003Z debug
QUERY STRING: omitted; set WRANGLER_LOG_SANITIZE=false to include sanitized data
---

--- 2026-02-13T18:39:34.003Z debug
HEADERS: omitted; set WRANGLER_LOG_SANITIZE=false to include sanitized data
---

--- 2026-02-13T18:39:34.003Z debug
INIT: omitted; set WRANGLER_LOG_SANITIZE=false to include sanitized data
---

--- 2026-02-13T18:39:34.003Z debug
-- END CF API REQUEST
---

--- 2026-02-13T18:39:34.665Z debug
-- START CF API RESPONSE: OK 200
---

--- 2026-02-13T18:39:34.665Z debug
HEADERS: omitted; set WRANGLER_LOG_SANITIZE=false to include sanitized data
---

--- 2026-02-13T18:39:34.665Z debug
RESPONSE: omitted; set WRANGLER_LOG_SANITIZE=false to include sanitized data
---

--- 2026-02-13T18:39:34.665Z debug
-- END CF API RESPONSE
---

--- 2026-02-13T18:39:34.706Z debug
-- START CF API REQUEST: GET https://api.cloudflare.com/client/v4/accounts/f139034ef7924a1d387c88f394b535a2/pages/projects/akgsempire/upload-token
---

--- 2026-02-13T18:39:34.706Z debug
QUERY STRING: omitted; set WRANGLER_LOG_SANITIZE=false to include sanitized data
---

--- 2026-02-13T18:39:34.706Z debug
HEADERS: omitted; set WRANGLER_LOG_SANITIZE=false to include sanitized data
---

--- 2026-02-13T18:39:34.706Z debug
INIT: omitted; set WRANGLER_LOG_SANITIZE=false to include sanitized data
---

--- 2026-02-13T18:39:34.706Z debug
-- END CF API REQUEST
---

--- 2026-02-13T18:39:35.380Z debug
-- START CF API RESPONSE: OK 200
---

--- 2026-02-13T18:39:35.380Z debug
HEADERS: omitted; set WRANGLER_LOG_SANITIZE=false to include sanitized data
---

--- 2026-02-13T18:39:35.380Z debug
RESPONSE: omitted; set WRANGLER_LOG_SANITIZE=false to include sanitized data
---

--- 2026-02-13T18:39:35.380Z debug
-- END CF API RESPONSE
---

--- 2026-02-13T18:39:35.380Z debug
-- START CF API REQUEST: POST https://api.cloudflare.com/client/v4/pages/assets/check-missing
---

--- 2026-02-13T18:39:35.380Z debug
QUERY STRING: omitted; set WRANGLER_LOG_SANITIZE=false to include sanitized data
---

--- 2026-02-13T18:39:35.381Z debug
HEADERS: omitted; set WRANGLER_LOG_SANITIZE=false to include sanitized data
---

--- 2026-02-13T18:39:35.381Z debug
INIT: omitted; set WRANGLER_LOG_SANITIZE=false to include sanitized data
---

--- 2026-02-13T18:39:35.381Z debug
-- END CF API REQUEST
---

--- 2026-02-13T18:39:35.564Z debug
-- START CF API RESPONSE: OK 200
---

--- 2026-02-13T18:39:35.564Z debug
HEADERS: omitted; set WRANGLER_LOG_SANITIZE=false to include sanitized data
---

--- 2026-02-13T18:39:35.564Z debug
RESPONSE: omitted; set WRANGLER_LOG_SANITIZE=false to include sanitized data
---

--- 2026-02-13T18:39:35.564Z debug
-- END CF API RESPONSE
---

--- 2026-02-13T18:39:35.565Z log
Uploading... (13/13)
---

--- 2026-02-13T18:39:35.565Z log
✨ Success! Uploaded 0 files (13 already uploaded) (0.18 sec)

---

--- 2026-02-13T18:39:35.566Z debug
-- START CF API REQUEST: POST https://api.cloudflare.com/client/v4/pages/assets/upsert-hashes
---

--- 2026-02-13T18:39:35.566Z debug
QUERY STRING: omitted; set WRANGLER_LOG_SANITIZE=false to include sanitized data
---

--- 2026-02-13T18:39:35.566Z debug
HEADERS: omitted; set WRANGLER_LOG_SANITIZE=false to include sanitized data
---

--- 2026-02-13T18:39:35.566Z debug
INIT: omitted; set WRANGLER_LOG_SANITIZE=false to include sanitized data
---

--- 2026-02-13T18:39:35.566Z debug
-- END CF API REQUEST
---

--- 2026-02-13T18:39:35.797Z debug
-- START CF API RESPONSE: OK 200
---

--- 2026-02-13T18:39:35.798Z debug
HEADERS: omitted; set WRANGLER_LOG_SANITIZE=false to include sanitized data
---

--- 2026-02-13T18:39:35.798Z debug
RESPONSE: omitted; set WRANGLER_LOG_SANITIZE=false to include sanitized data
---

--- 2026-02-13T18:39:35.798Z debug
-- END CF API RESPONSE
---

--- 2026-02-13T18:39:35.849Z log
✨ Compiled Worker successfully
---

--- 2026-02-13T18:39:35.854Z log
✨ Uploading Worker bundle
---

--- 2026-02-13T18:39:35.854Z debug
-- START CF API REQUEST: POST https://api.cloudflare.com/client/v4/accounts/f139034ef7924a1d387c88f394b535a2/pages/projects/akgsempire/deployments
---

--- 2026-02-13T18:39:35.854Z debug
QUERY STRING: omitted; set WRANGLER_LOG_SANITIZE=false to include sanitized data
---

--- 2026-02-13T18:39:35.854Z debug
HEADERS: omitted; set WRANGLER_LOG_SANITIZE=false to include sanitized data
---

--- 2026-02-13T18:39:35.854Z debug
INIT: omitted; set WRANGLER_LOG_SANITIZE=false to include sanitized data
---

--- 2026-02-13T18:39:35.855Z debug
BODY: omitted; set WRANGLER_LOG_SANITIZE=false to include sanitized data
---

--- 2026-02-13T18:39:35.855Z debug
-- END CF API REQUEST
---

--- 2026-02-13T18:39:37.670Z debug
-- START CF API RESPONSE: OK 200
---

--- 2026-02-13T18:39:37.670Z debug
HEADERS: omitted; set WRANGLER_LOG_SANITIZE=false to include sanitized data
---

--- 2026-02-13T18:39:37.670Z debug
RESPONSE: omitted; set WRANGLER_LOG_SANITIZE=false to include sanitized data
---

--- 2026-02-13T18:39:37.670Z debug
-- END CF API RESPONSE
---

--- 2026-02-13T18:39:37.671Z debug
Saving to cache: {"account_id":"f139034ef7924a1d387c88f394b535a2","project_name":"akgsempire"}
---

--- 2026-02-13T18:39:37.672Z log
🌎 Deploying...
---

--- 2026-02-13T18:39:38.688Z debug
attempt #1: Attempting to fetch status for deployment with id "1657db19-629d-4b49-96ef-9d4d252c7faf" ...
---

--- 2026-02-13T18:39:38.688Z debug
-- START CF API REQUEST: GET https://api.cloudflare.com/client/v4/accounts/f139034ef7924a1d387c88f394b535a2/pages/projects/akgsempire/deployments/1657db19-629d-4b49-96ef-9d4d252c7faf
---

--- 2026-02-13T18:39:38.688Z debug
QUERY STRING: omitted; set WRANGLER_LOG_SANITIZE=false to include sanitized data
---

--- 2026-02-13T18:39:38.688Z debug
HEADERS: omitted; set WRANGLER_LOG_SANITIZE=false to include sanitized data
---

--- 2026-02-13T18:39:38.688Z debug
INIT: omitted; set WRANGLER_LOG_SANITIZE=false to include sanitized data
---

--- 2026-02-13T18:39:38.688Z debug
-- END CF API REQUEST
---

--- 2026-02-13T18:39:39.554Z debug
-- START CF API RESPONSE: OK 200
---

--- 2026-02-13T18:39:39.554Z debug
HEADERS: omitted; set WRANGLER_LOG_SANITIZE=false to include sanitized data
---

--- 2026-02-13T18:39:39.554Z debug
RESPONSE: omitted; set WRANGLER_LOG_SANITIZE=false to include sanitized data
---

--- 2026-02-13T18:39:39.554Z debug
-- END CF API RESPONSE
---

--- 2026-02-13T18:39:41.555Z debug
attempt #2: Attempting to fetch status for deployment with id "1657db19-629d-4b49-96ef-9d4d252c7faf" ...
---

--- 2026-02-13T18:39:41.556Z debug
-- START CF API REQUEST: GET https://api.cloudflare.com/client/v4/accounts/f139034ef7924a1d387c88f394b535a2/pages/projects/akgsempire/deployments/1657db19-629d-4b49-96ef-9d4d252c7faf
---

--- 2026-02-13T18:39:41.556Z debug
QUERY STRING: omitted; set WRANGLER_LOG_SANITIZE=false to include sanitized data
---

--- 2026-02-13T18:39:41.556Z debug
HEADERS: omitted; set WRANGLER_LOG_SANITIZE=false to include sanitized data
---

--- 2026-02-13T18:39:41.556Z debug
INIT: omitted; set WRANGLER_LOG_SANITIZE=false to include sanitized data
---

--- 2026-02-13T18:39:41.556Z debug
-- END CF API REQUEST
---

--- 2026-02-13T18:39:42.454Z debug
-- START CF API RESPONSE: OK 200
---

--- 2026-02-13T18:39:42.454Z debug
HEADERS: omitted; set WRANGLER_LOG_SANITIZE=false to include sanitized data
---

--- 2026-02-13T18:39:42.454Z debug
RESPONSE: omitted; set WRANGLER_LOG_SANITIZE=false to include sanitized data
---

--- 2026-02-13T18:39:42.454Z debug
-- END CF API RESPONSE
---

--- 2026-02-13T18:39:42.455Z log
✨ Deployment complete! Take a peek over at https://1657db19.akgsempire.pages.dev
---

--- 2026-02-13T18:39:42.457Z debug
Metrics dispatcher: Posting data {"deviceId":"672dd324-7ddc-4102-8d1e-2dabcfd6b5db","event":"create pages deployment","timestamp":1771007982457,"properties":{"amplitude_session_id":1771007982455,"amplitude_event_id":0,"wranglerVersion":"4.65.0","wranglerMajorVersion":4,"wranglerMinorVersion":65,"wranglerPatchVersion":0,"osPlatform":"Windows","osVersion":"Windows 11 Pro","nodeVersion":24,"isFirstUsage":false,"configFileType":"none","isCI":false,"isPagesCI":false,"isWorkersCI":false,"isInteractive":false,"hasAssets":false,"agent":null,"category":"Workers","os":"win32:x64"}}
---

--- 2026-02-13T18:39:42.459Z debug
Metrics dispatcher: Posting data {"deviceId":"672dd324-7ddc-4102-8d1e-2dabcfd6b5db","event":"wrangler command completed","timestamp":1771007982459,"properties":{"amplitude_session_id":1771007971290,"amplitude_event_id":1,"wranglerVersion":"4.65.0","wranglerMajorVersion":4,"wranglerMinorVersion":65,"wranglerPatchVersion":0,"osPlatform":"Windows","osVersion":"Windows 11 Pro","nodeVersion":24,"isFirstUsage":false,"configFileType":"none","isCI":false,"isPagesCI":false,"isWorkersCI":false,"isInteractive":false,"hasAssets":false,"agent":null,"argsUsed":["projectName"],"argsCombination":"projectName","sanitizedCommand":"pages deploy","sanitizedArgs":{},"durationMs":11174}}
---
