
--- 2026-02-13T12:04:30.524Z debug
🪵  Writing logs to "C:\Users\under\OneDrive\Desktop\SITE AKGS\.config\.wrangler\logs\wrangler-2026-02-13_12-04-30_327.log"
---

--- 2026-02-13T12:04:30.524Z debug
.env file not found at "C:\Users\under\OneDrive\Desktop\SITE AKGS\.env.local". Continuing... For more details, refer to https://developers.cloudflare.com/workers/wrangler/system-environment-variables/
---

--- 2026-02-13T12:04:30.536Z log

 ⛅️ wrangler 4.65.0
───────────────────
---

--- 2026-02-13T12:04:30.541Z debug
Metrics dispatcher: Posting data {"deviceId":"672dd324-7ddc-4102-8d1e-2dabcfd6b5db","event":"wrangler command started","timestamp":1770984270541,"properties":{"amplitude_session_id":1770984270537,"amplitude_event_id":0,"wranglerVersion":"4.65.0","wranglerMajorVersion":4,"wranglerMinorVersion":65,"wranglerPatchVersion":0,"osPlatform":"Windows","osVersion":"Windows 11 Pro","nodeVersion":24,"isFirstUsage":false,"configFileType":"none","isCI":false,"isPagesCI":false,"isWorkersCI":false,"isInteractive":false,"hasAssets":false,"agent":null,"argsUsed":["projectName"],"argsCombination":"projectName","sanitizedCommand":"pages deploy","sanitizedArgs":{}}}
---

--- 2026-02-13T12:04:30.585Z debug
-- START CF API REQUEST: GET https://api.cloudflare.com/client/v4/accounts/f139034ef7924a1d387c88f394b535a2/pages/projects/akgsempire
---

--- 2026-02-13T12:04:30.585Z debug
QUERY STRING: omitted; set WRANGLER_LOG_SANITIZE=false to include sanitized data
---

--- 2026-02-13T12:04:30.585Z debug
HEADERS: omitted; set WRANGLER_LOG_SANITIZE=false to include sanitized data
---

--- 2026-02-13T12:04:30.585Z debug
INIT: omitted; set WRANGLER_LOG_SANITIZE=false to include sanitized data
---

--- 2026-02-13T12:04:30.586Z debug
-- END CF API REQUEST
---

--- 2026-02-13T12:04:32.044Z debug
-- START CF API RESPONSE: OK 200
---

--- 2026-02-13T12:04:32.045Z debug
HEADERS: omitted; set WRANGLER_LOG_SANITIZE=false to include sanitized data
---

--- 2026-02-13T12:04:32.045Z debug
RESPONSE: omitted; set WRANGLER_LOG_SANITIZE=false to include sanitized data
---

--- 2026-02-13T12:04:32.045Z debug
-- END CF API RESPONSE
---

--- 2026-02-13T12:04:32.048Z debug
pages deploy: Detecting git repository information...
---

--- 2026-02-13T12:04:32.218Z debug
pages deploy: Git repository detected
---

--- 2026-02-13T12:04:32.520Z debug
pages deploy: Working directory dirty status: true
---

--- 2026-02-13T12:04:32.661Z debug
pages deploy: Detected branch: "main"
---

--- 2026-02-13T12:04:32.798Z debug
pages deploy: Detected commit hash: "0d46a04ccc67ba01ceae5c1009b40f0216cd5b4c"
---

--- 2026-02-13T12:04:32.943Z debug
pages deploy: Detected commit message: "update"
---

--- 2026-02-13T12:04:33.044Z warn
▲ [WARNING] Warning: Your working directory is a git repo and has uncommitted changes

  To silence this warning, pass in --commit-dirty=true


---

--- 2026-02-13T12:04:33.044Z debug
pages deploy: Git information summary - branch: main, commitHash: 0d46a04ccc67ba01ceae5c1009b40f0216cd5b4c, commitDirty: true
---

--- 2026-02-13T12:04:33.046Z debug
-- START CF API REQUEST: GET https://api.cloudflare.com/client/v4/accounts/f139034ef7924a1d387c88f394b535a2/pages/projects/akgsempire
---

--- 2026-02-13T12:04:33.046Z debug
QUERY STRING: omitted; set WRANGLER_LOG_SANITIZE=false to include sanitized data
---

--- 2026-02-13T12:04:33.046Z debug
HEADERS: omitted; set WRANGLER_LOG_SANITIZE=false to include sanitized data
---

--- 2026-02-13T12:04:33.046Z debug
INIT: omitted; set WRANGLER_LOG_SANITIZE=false to include sanitized data
---

--- 2026-02-13T12:04:33.046Z debug
-- END CF API REQUEST
---

--- 2026-02-13T12:04:34.552Z debug
-- START CF API RESPONSE: OK 200
---

--- 2026-02-13T12:04:34.553Z debug
HEADERS: omitted; set WRANGLER_LOG_SANITIZE=false to include sanitized data
---

--- 2026-02-13T12:04:34.553Z debug
RESPONSE: omitted; set WRANGLER_LOG_SANITIZE=false to include sanitized data
---

--- 2026-02-13T12:04:34.553Z debug
-- END CF API RESPONSE
---

--- 2026-02-13T12:04:34.648Z log
✨ Compiled Worker successfully
---

--- 2026-02-13T12:04:34.661Z debug
-- START CF API REQUEST: GET https://api.cloudflare.com/client/v4/accounts/f139034ef7924a1d387c88f394b535a2/pages/projects/akgsempire/upload-token
---

--- 2026-02-13T12:04:34.661Z debug
QUERY STRING: omitted; set WRANGLER_LOG_SANITIZE=false to include sanitized data
---

--- 2026-02-13T12:04:34.661Z debug
HEADERS: omitted; set WRANGLER_LOG_SANITIZE=false to include sanitized data
---

--- 2026-02-13T12:04:34.661Z debug
INIT: omitted; set WRANGLER_LOG_SANITIZE=false to include sanitized data
---

--- 2026-02-13T12:04:34.661Z debug
-- END CF API REQUEST
---

--- 2026-02-13T12:04:35.431Z debug
-- START CF API RESPONSE: OK 200
---

--- 2026-02-13T12:04:35.431Z debug
HEADERS: omitted; set WRANGLER_LOG_SANITIZE=false to include sanitized data
---

--- 2026-02-13T12:04:35.431Z debug
RESPONSE: omitted; set WRANGLER_LOG_SANITIZE=false to include sanitized data
---

--- 2026-02-13T12:04:35.431Z debug
-- END CF API RESPONSE
---

--- 2026-02-13T12:04:35.451Z debug
-- START CF API REQUEST: GET https://api.cloudflare.com/client/v4/accounts/f139034ef7924a1d387c88f394b535a2/pages/projects/akgsempire/upload-token
---

--- 2026-02-13T12:04:35.451Z debug
QUERY STRING: omitted; set WRANGLER_LOG_SANITIZE=false to include sanitized data
---

--- 2026-02-13T12:04:35.451Z debug
HEADERS: omitted; set WRANGLER_LOG_SANITIZE=false to include sanitized data
---

--- 2026-02-13T12:04:35.451Z debug
INIT: omitted; set WRANGLER_LOG_SANITIZE=false to include sanitized data
---

--- 2026-02-13T12:04:35.451Z debug
-- END CF API REQUEST
---

--- 2026-02-13T12:04:36.128Z debug
-- START CF API RESPONSE: OK 200
---

--- 2026-02-13T12:04:36.128Z debug
HEADERS: omitted; set WRANGLER_LOG_SANITIZE=false to include sanitized data
---

--- 2026-02-13T12:04:36.128Z debug
RESPONSE: omitted; set WRANGLER_LOG_SANITIZE=false to include sanitized data
---

--- 2026-02-13T12:04:36.128Z debug
-- END CF API RESPONSE
---

--- 2026-02-13T12:04:36.129Z debug
-- START CF API REQUEST: POST https://api.cloudflare.com/client/v4/pages/assets/check-missing
---

--- 2026-02-13T12:04:36.129Z debug
QUERY STRING: omitted; set WRANGLER_LOG_SANITIZE=false to include sanitized data
---

--- 2026-02-13T12:04:36.129Z debug
HEADERS: omitted; set WRANGLER_LOG_SANITIZE=false to include sanitized data
---

--- 2026-02-13T12:04:36.129Z debug
INIT: omitted; set WRANGLER_LOG_SANITIZE=false to include sanitized data
---

--- 2026-02-13T12:04:36.129Z debug
-- END CF API REQUEST
---

--- 2026-02-13T12:04:36.342Z debug
-- START CF API RESPONSE: OK 200
---

--- 2026-02-13T12:04:36.343Z debug
HEADERS: omitted; set WRANGLER_LOG_SANITIZE=false to include sanitized data
---

--- 2026-02-13T12:04:36.343Z debug
RESPONSE: omitted; set WRANGLER_LOG_SANITIZE=false to include sanitized data
---

--- 2026-02-13T12:04:36.343Z debug
-- END CF API RESPONSE
---

--- 2026-02-13T12:04:36.343Z log
Uploading... (17/17)
---

--- 2026-02-13T12:04:36.344Z log
✨ Success! Uploaded 0 files (17 already uploaded) (0.22 sec)

---

--- 2026-02-13T12:04:36.344Z debug
-- START CF API REQUEST: POST https://api.cloudflare.com/client/v4/pages/assets/upsert-hashes
---

--- 2026-02-13T12:04:36.344Z debug
QUERY STRING: omitted; set WRANGLER_LOG_SANITIZE=false to include sanitized data
---

--- 2026-02-13T12:04:36.344Z debug
HEADERS: omitted; set WRANGLER_LOG_SANITIZE=false to include sanitized data
---

--- 2026-02-13T12:04:36.344Z debug
INIT: omitted; set WRANGLER_LOG_SANITIZE=false to include sanitized data
---

--- 2026-02-13T12:04:36.344Z debug
-- END CF API REQUEST
---

--- 2026-02-13T12:04:36.565Z debug
-- START CF API RESPONSE: OK 200
---

--- 2026-02-13T12:04:36.565Z debug
HEADERS: omitted; set WRANGLER_LOG_SANITIZE=false to include sanitized data
---

--- 2026-02-13T12:04:36.565Z debug
RESPONSE: omitted; set WRANGLER_LOG_SANITIZE=false to include sanitized data
---

--- 2026-02-13T12:04:36.565Z debug
-- END CF API RESPONSE
---

--- 2026-02-13T12:04:36.569Z log
✨ Uploading Functions bundle
---

--- 2026-02-13T12:04:36.570Z debug
-- START CF API REQUEST: POST https://api.cloudflare.com/client/v4/accounts/f139034ef7924a1d387c88f394b535a2/pages/projects/akgsempire/deployments
---

--- 2026-02-13T12:04:36.570Z debug
QUERY STRING: omitted; set WRANGLER_LOG_SANITIZE=false to include sanitized data
---

--- 2026-02-13T12:04:36.570Z debug
HEADERS: omitted; set WRANGLER_LOG_SANITIZE=false to include sanitized data
---

--- 2026-02-13T12:04:36.570Z debug
INIT: omitted; set WRANGLER_LOG_SANITIZE=false to include sanitized data
---

--- 2026-02-13T12:04:36.571Z debug
BODY: omitted; set WRANGLER_LOG_SANITIZE=false to include sanitized data
---

--- 2026-02-13T12:04:36.571Z debug
-- END CF API REQUEST
---

--- 2026-02-13T12:04:38.392Z debug
-- START CF API RESPONSE: OK 200
---

--- 2026-02-13T12:04:38.392Z debug
HEADERS: omitted; set WRANGLER_LOG_SANITIZE=false to include sanitized data
---

--- 2026-02-13T12:04:38.392Z debug
RESPONSE: omitted; set WRANGLER_LOG_SANITIZE=false to include sanitized data
---

--- 2026-02-13T12:04:38.392Z debug
-- END CF API RESPONSE
---

--- 2026-02-13T12:04:38.393Z debug
Saving to cache: {"account_id":"f139034ef7924a1d387c88f394b535a2","project_name":"akgsempire"}
---

--- 2026-02-13T12:04:38.394Z log
🌎 Deploying...
---

--- 2026-02-13T12:04:39.397Z debug
attempt #1: Attempting to fetch status for deployment with id "50406d39-d5d0-4c6a-93d0-ffb7ba9d4f56" ...
---

--- 2026-02-13T12:04:39.397Z debug
-- START CF API REQUEST: GET https://api.cloudflare.com/client/v4/accounts/f139034ef7924a1d387c88f394b535a2/pages/projects/akgsempire/deployments/50406d39-d5d0-4c6a-93d0-ffb7ba9d4f56
---

--- 2026-02-13T12:04:39.397Z debug
QUERY STRING: omitted; set WRANGLER_LOG_SANITIZE=false to include sanitized data
---

--- 2026-02-13T12:04:39.397Z debug
HEADERS: omitted; set WRANGLER_LOG_SANITIZE=false to include sanitized data
---

--- 2026-02-13T12:04:39.397Z debug
INIT: omitted; set WRANGLER_LOG_SANITIZE=false to include sanitized data
---

--- 2026-02-13T12:04:39.397Z debug
-- END CF API REQUEST
---

--- 2026-02-13T12:04:40.366Z debug
-- START CF API RESPONSE: OK 200
---

--- 2026-02-13T12:04:40.367Z debug
HEADERS: omitted; set WRANGLER_LOG_SANITIZE=false to include sanitized data
---

--- 2026-02-13T12:04:40.367Z debug
RESPONSE: omitted; set WRANGLER_LOG_SANITIZE=false to include sanitized data
---

--- 2026-02-13T12:04:40.367Z debug
-- END CF API RESPONSE
---

--- 2026-02-13T12:04:42.380Z debug
attempt #2: Attempting to fetch status for deployment with id "50406d39-d5d0-4c6a-93d0-ffb7ba9d4f56" ...
---

--- 2026-02-13T12:04:42.381Z debug
-- START CF API REQUEST: GET https://api.cloudflare.com/client/v4/accounts/f139034ef7924a1d387c88f394b535a2/pages/projects/akgsempire/deployments/50406d39-d5d0-4c6a-93d0-ffb7ba9d4f56
---

--- 2026-02-13T12:04:42.381Z debug
QUERY STRING: omitted; set WRANGLER_LOG_SANITIZE=false to include sanitized data
---

--- 2026-02-13T12:04:42.381Z debug
HEADERS: omitted; set WRANGLER_LOG_SANITIZE=false to include sanitized data
---

--- 2026-02-13T12:04:42.381Z debug
INIT: omitted; set WRANGLER_LOG_SANITIZE=false to include sanitized data
---

--- 2026-02-13T12:04:42.381Z debug
-- END CF API REQUEST
---

--- 2026-02-13T12:04:43.474Z debug
-- START CF API RESPONSE: OK 200
---

--- 2026-02-13T12:04:43.474Z debug
HEADERS: omitted; set WRANGLER_LOG_SANITIZE=false to include sanitized data
---

--- 2026-02-13T12:04:43.474Z debug
RESPONSE: omitted; set WRANGLER_LOG_SANITIZE=false to include sanitized data
---

--- 2026-02-13T12:04:43.474Z debug
-- END CF API RESPONSE
---

--- 2026-02-13T12:04:43.475Z log
✨ Deployment complete! Take a peek over at https://50406d39.akgsempire.pages.dev
---

--- 2026-02-13T12:04:43.476Z debug
Metrics dispatcher: Posting data {"deviceId":"672dd324-7ddc-4102-8d1e-2dabcfd6b5db","event":"create pages deployment","timestamp":1770984283476,"properties":{"amplitude_session_id":1770984283475,"amplitude_event_id":0,"wranglerVersion":"4.65.0","wranglerMajorVersion":4,"wranglerMinorVersion":65,"wranglerPatchVersion":0,"osPlatform":"Windows","osVersion":"Windows 11 Pro","nodeVersion":24,"isFirstUsage":false,"configFileType":"none","isCI":false,"isPagesCI":false,"isWorkersCI":false,"isInteractive":false,"hasAssets":false,"agent":null,"category":"Workers","os":"win32:x64"}}
---

--- 2026-02-13T12:04:43.479Z debug
Metrics dispatcher: Posting data {"deviceId":"672dd324-7ddc-4102-8d1e-2dabcfd6b5db","event":"wrangler command completed","timestamp":1770984283479,"properties":{"amplitude_session_id":1770984270537,"amplitude_event_id":1,"wranglerVersion":"4.65.0","wranglerMajorVersion":4,"wranglerMinorVersion":65,"wranglerPatchVersion":0,"osPlatform":"Windows","osVersion":"Windows 11 Pro","nodeVersion":24,"isFirstUsage":false,"configFileType":"none","isCI":false,"isPagesCI":false,"isWorkersCI":false,"isInteractive":false,"hasAssets":false,"agent":null,"argsUsed":["projectName"],"argsCombination":"projectName","sanitizedCommand":"pages deploy","sanitizedArgs":{},"durationMs":12947}}
---
